#
# There is insufficient memory for the Java Runtime Environment to continue.
# Native memory allocation (mmap) failed to map 248512512 bytes for Failed to commit area from 0x000000008de00000 to 0x000000009cb00000 of length 248512512.
# Possible reasons:
#   The system is out of physical RAM or swap space
#   The process is running with CompressedOops enabled, and the Java Heap may be blocking the growth of the native heap
# Possible solutions:
#   Reduce memory load on the system
#   Increase physical memory or swap space
#   Check if swap backing store is full
#   Decrease Java heap size (-Xmx/-Xms)
#   Decrease number of Java threads
#   Decrease Java thread stack sizes (-Xss)
#   Set larger code cache with -XX:ReservedCodeCacheSize=
#   JVM is running with Unscaled Compressed Oops mode in which the Java heap is
#     placed in the first 4GB address space. The Java Heap base address is the
#     maximum limit for the native heap growth. Please use -XX:HeapBaseMinAddress
#     to set the Java Heap base and to place the Java Heap above 4GB virtual address.
# This output file may be truncated or incomplete.
#
#  Out of Memory Error (./src/hotspot/os/windows/os_windows.cpp:3301), pid=6688, tid=14064
#
# JRE version: OpenJDK Runtime Environment (11.0.10) (build 11.0.10+0-b96-7249189)
# Java VM: OpenJDK 64-Bit Server VM (11.0.10+0-b96-7249189, mixed mode, tiered, compressed oops, g1 gc, windows-amd64)
# No core dump will be written. Minidumps are not enabled by default on client versions of Windows
#

---------------  S U M M A R Y ------------

Command Line: --add-opens=java.base/java.util=ALL-UNNAMED --add-opens=java.base/java.lang=ALL-UNNAMED --add-opens=java.base/java.lang.invoke=ALL-UNNAMED --add-opens=java.base/java.util=ALL-UNNAMED --add-opens=java.prefs/java.util.prefs=ALL-UNNAMED --add-opens=java.prefs/java.util.prefs=ALL-UNNAMED --add-opens=java.base/java.nio.charset=ALL-UNNAMED --add-opens=java.base/java.net=ALL-UNNAMED --add-opens=java.base/java.util.concurrent.atomic=ALL-UNNAMED -Xmx2048m -Dfile.encoding=UTF-8 -Duser.country=IN -Duser.language=en -Duser.variant org.gradle.launcher.daemon.bootstrap.GradleDaemon 7.0

Host: Intel(R) Core(TM) i5-8250U CPU @ 1.60GHz, 8 cores, 7G,  Windows 10 , 64 bit Build 19041 (10.0.19041.207)
Time: Sat May 29 21:18:29 2021 India Standard Time elapsed time: 94.026925 seconds (0d 0h 1m 34s)

---------------  T H R E A D  ---------------

Current thread (0x000001bac6860000):  VMThread "VM Thread" [stack: 0x000000ad45800000,0x000000ad45900000] [id=14064]

Stack: [0x000000ad45800000,0x000000ad45900000]
[error occurred during error reporting (printing stack bounds), id 0xc0000005, EXCEPTION_ACCESS_VIOLATION (0xc0000005) at pc=0x000001baaf710f2d]

Native frames: (J=compiled Java code, j=interpreted, Vv=VM code, C=native code)
V  [jvm.dll+0x5ecfaa]
V  [jvm.dll+0x722bd5]
V  [jvm.dll+0x72412d]
V  [jvm.dll+0x724745]
V  [jvm.dll+0x7246fb]
V  [jvm.dll+0x5ec348]
V  [jvm.dll+0x5ecad8]
C  [ntdll.dll+0xa00ef]
C  [ntdll.dll+0x4b474]
C  [ntdll.dll+0x9ec1e]
C  0x000001baaf710f2d

VM_Operation (0x000000ad48cf8d90): G1CollectForAllocation, mode: safepoint, requested by thread 0x000001bacc6a3000


---------------  P R O C E S S  ---------------

Threads class SMR info:
_java_thread_list=0x000001bacdd4a930, length=61, elements={
0x000001baaa48a000, 0x000001bac6864000, 0x000001bac686d000, 0x000001bac7222800,
0x000001bac687d800, 0x000001bac687f800, 0x000001bac6886800, 0x000001bac688f800,
0x000001bac6894000, 0x000001bac7376800, 0x000001bac96c1000, 0x000001bac8429000,
0x000001bac7479000, 0x000001bac873f000, 0x000001bac9b86800, 0x000001bac952b000,
0x000001bac952f000, 0x000001bac952b800, 0x000001bac9529800, 0x000001bac952c800,
0x000001bac952e000, 0x000001bac9530000, 0x000001bacac3e000, 0x000001bacac3f800,
0x000001bacac3f000, 0x000001bacac3a000, 0x000001bacac40800, 0x000001bacac3b000,
0x000001bacac42000, 0x000001bacac3d800, 0x000001bacc69c000, 0x000001bacc69f800,
0x000001bacc69d000, 0x000001bacc69e000, 0x000001bacc69b800, 0x000001bacc69e800,
0x000001bacc69a000, 0x000001bacc6a1000, 0x000001bacc6a6000, 0x000001bacc6a5000,
0x000001bacc6a7800, 0x000001bacc6a7000, 0x000001bacc6a2000, 0x000001bacc6a8800,
0x000001bacc6a3000, 0x000001bacc6a3800, 0x000001bacac41800, 0x000001bacac3b800,
0x000001bacac3c800, 0x000001bacac44000, 0x000001bacac45800, 0x000001bacac46800,
0x000001bacac48000, 0x000001bacac48800, 0x000001bac952d800, 0x000001bac952a000,
0x000001bad0686000, 0x000001bad0686800, 0x000001bad0689000, 0x000001bad0688800,
0x000001bad0683800
}

Java Threads: ( => current thread )
  0x000001baaa48a000 JavaThread "main" [_thread_blocked, id=13864, stack(0x000000ad45200000,0x000000ad45300000)]
  0x000001bac6864000 JavaThread "Reference Handler" daemon [_thread_blocked, id=12724, stack(0x000000ad45900000,0x000000ad45a00000)]
  0x000001bac686d000 JavaThread "Finalizer" daemon [_thread_blocked, id=4076, stack(0x000000ad45a00000,0x000000ad45b00000)]
  0x000001bac7222800 JavaThread "Signal Dispatcher" daemon [_thread_blocked, id=13460, stack(0x000000ad45b00000,0x000000ad45c00000)]
  0x000001bac687d800 JavaThread "Attach Listener" daemon [_thread_blocked, id=192, stack(0x000000ad45c00000,0x000000ad45d00000)]
  0x000001bac687f800 JavaThread "Service Thread" daemon [_thread_blocked, id=6760, stack(0x000000ad45d00000,0x000000ad45e00000)]
  0x000001bac6886800 JavaThread "C2 CompilerThread0" daemon [_thread_blocked, id=13224, stack(0x000000ad45e00000,0x000000ad45f00000)]
  0x000001bac688f800 JavaThread "C1 CompilerThread0" daemon [_thread_blocked, id=10440, stack(0x000000ad45f00000,0x000000ad46000000)]
  0x000001bac6894000 JavaThread "Sweeper thread" daemon [_thread_blocked, id=2884, stack(0x000000ad46000000,0x000000ad46100000)]
  0x000001bac7376800 JavaThread "Common-Cleaner" daemon [_thread_blocked, id=2596, stack(0x000000ad46100000,0x000000ad46200000)]
  0x000001bac96c1000 JavaThread "Daemon health stats" [_thread_blocked, id=13356, stack(0x000000ad46700000,0x000000ad46800000)]
  0x000001bac8429000 JavaThread "Incoming local TCP Connector on port 58787" [_thread_in_native, id=1768, stack(0x000000ad46300000,0x000000ad46400000)]
  0x000001bac7479000 JavaThread "Daemon periodic checks" [_thread_blocked, id=1096, stack(0x000000ad46600000,0x000000ad46700000)]
  0x000001bac873f000 JavaThread "Daemon" [_thread_blocked, id=1020, stack(0x000000ad46a00000,0x000000ad46b00000)]
  0x000001bac9b86800 JavaThread "Daemon worker" [_thread_blocked, id=10932, stack(0x000000ad46e00000,0x000000ad46f00000)]
  0x000001bac952b000 JavaThread "Cache worker for file hash cache (C:\Users\Administrator\.gradle\caches\7.0\fileHashes)" [_thread_blocked, id=1696, stack(0x000000ad47200000,0x000000ad47300000)]
  0x000001bac952f000 JavaThread "File lock request listener" [_thread_in_native, id=7672, stack(0x000000ad47300000,0x000000ad47400000)]
  0x000001bac952b800 JavaThread "Cache worker for journal cache (C:\Users\Administrator\.gradle\caches\journal-1)" [_thread_blocked, id=8384, stack(0x000000ad47900000,0x000000ad47a00000)]
  0x000001bac9529800 JavaThread "File watcher server" daemon [_thread_blocked, id=12388, stack(0x000000ad47b00000,0x000000ad47c00000)]
  0x000001bac952c800 JavaThread "File watcher consumer" daemon [_thread_blocked, id=6548, stack(0x000000ad47c00000,0x000000ad47d00000)]
  0x000001bac952e000 JavaThread "jar transforms" [_thread_blocked, id=13412, stack(0x000000ad47d00000,0x000000ad47e00000)]
  0x000001bac9530000 JavaThread "jar transforms Thread 2" [_thread_blocked, id=9424, stack(0x000000ad47e00000,0x000000ad47f00000)]
  0x000001bacac3e000 JavaThread "jar transforms Thread 3" [_thread_blocked, id=13924, stack(0x000000ad47f00000,0x000000ad48000000)]
  0x000001bacac3f800 JavaThread "jar transforms Thread 4" [_thread_blocked, id=6860, stack(0x000000ad48000000,0x000000ad48100000)]
  0x000001bacac3f000 JavaThread "jar transforms Thread 5" [_thread_blocked, id=13384, stack(0x000000ad48100000,0x000000ad48200000)]
  0x000001bacac3a000 JavaThread "jar transforms Thread 6" [_thread_blocked, id=8436, stack(0x000000ad48200000,0x000000ad48300000)]
  0x000001bacac40800 JavaThread "jar transforms Thread 7" [_thread_blocked, id=8376, stack(0x000000ad48300000,0x000000ad48400000)]
  0x000001bacac3b000 JavaThread "jar transforms Thread 8" [_thread_blocked, id=13720, stack(0x000000ad48500000,0x000000ad48600000)]
  0x000001bacac42000 JavaThread "Cache worker for execution history cache (C:\Users\Administrator\.gradle\caches\7.0\executionHistory)" [_thread_blocked, id=12340, stack(0x000000ad48800000,0x000000ad48900000)]
  0x000001bacac3d800 JavaThread "Cache worker for file content cache (C:\Users\Administrator\.gradle\caches\7.0\fileContent)" [_thread_blocked, id=5180, stack(0x000000ad48a00000,0x000000ad48b00000)]
  0x000001bacc69c000 JavaThread "Memory manager" [_thread_blocked, id=13452, stack(0x000000ad49500000,0x000000ad49600000)]
  0x000001bacc69f800 JavaThread "Handler for socket connection from /127.0.0.1:58787 to /127.0.0.1:58806" [_thread_in_native, id=7296, stack(0x000000ad44f00000,0x000000ad45000000)]
  0x000001bacc69d000 JavaThread "Cancel handler" [_thread_blocked, id=2744, stack(0x000000ad45000000,0x000000ad45100000)]
  0x000001bacc69e000 JavaThread "Asynchronous log dispatcher for DefaultDaemonConnection: socket connection from /127.0.0.1:58787 to /127.0.0.1:58806" [_thread_blocked, id=14180, stack(0x000000ad46b00000,0x000000ad46c00000)]
  0x000001bacc69b800 JavaThread "Stdin handler" [_thread_blocked, id=6280, stack(0x000000ad46c00000,0x000000ad46d00000)]
  0x000001bacc69e800 JavaThread "Daemon client event forwarder" [_thread_blocked, id=11488, stack(0x000000ad46d00000,0x000000ad46e00000)]
  0x000001bacc69a000 JavaThread "Cache worker for file hash cache (E:\Focusly\.gradle\7.0\fileHashes)" [_thread_blocked, id=10384, stack(0x000000ad46f00000,0x000000ad47000000)]
  0x000001bacc6a1000 JavaThread "Cache worker for checksums cache (E:\Focusly\.gradle\checksums)" [_thread_blocked, id=12520, stack(0x000000ad47000000,0x000000ad47100000)]
  0x000001bacc6a6000 JavaThread "Cache worker for cache directory md-supplier (C:\Users\Administrator\.gradle\caches\7.0\md-supplier)" [_thread_blocked, id=788, stack(0x000000ad47a00000,0x000000ad47b00000)]
  0x000001bacc6a5000 JavaThread "Cache worker for cache directory md-rule (C:\Users\Administrator\.gradle\caches\7.0\md-rule)" [_thread_blocked, id=12024, stack(0x000000ad48400000,0x000000ad48500000)]
  0x000001bacc6a7800 JavaThread "Cache worker for dependencies-accessors (E:\Focusly\.gradle\7.0\dependencies-accessors)" [_thread_blocked, id=12820, stack(0x000000ad48600000,0x000000ad48700000)]
  0x000001bacc6a7000 JavaThread "Cache worker for Build Output Cleanup Cache (E:\Focusly\.gradle\buildOutputCleanup)" [_thread_blocked, id=13176, stack(0x000000ad48700000,0x000000ad48800000)]
  0x000001bacc6a2000 JavaThread "Build operations" [_thread_blocked, id=9064, stack(0x000000ad48900000,0x000000ad48a00000)]
  0x000001bacc6a8800 JavaThread "Build operations Thread 2" [_thread_blocked, id=13188, stack(0x000000ad48b00000,0x000000ad48c00000)]
  0x000001bacc6a3000 JavaThread "Build operations Thread 3" [_thread_blocked, id=13288, stack(0x000000ad48c00000,0x000000ad48d00000)]
  0x000001bacc6a3800 JavaThread "Build operations Thread 4" [_thread_blocked, id=7900, stack(0x000000ad48d00000,0x000000ad48e00000)]
  0x000001bacac41800 JavaThread "Build operations Thread 5" [_thread_blocked, id=14276, stack(0x000000ad48e00000,0x000000ad48f00000)]
  0x000001bacac3b800 JavaThread "Build operations Thread 6" [_thread_blocked, id=6372, stack(0x000000ad48f00000,0x000000ad49000000)]
  0x000001bacac3c800 JavaThread "Build operations Thread 7" [_thread_blocked, id=12300, stack(0x000000ad49000000,0x000000ad49100000)]
  0x000001bacac44000 JavaThread "Build operations Thread 8" [_thread_blocked, id=13772, stack(0x000000ad49100000,0x000000ad49200000)]
  0x000001bacac45800 JavaThread "build event listener" [_thread_blocked, id=10396, stack(0x000000ad49600000,0x000000ad49700000)]
  0x000001bacac46800 JavaThread "Execution worker for ':'" [_thread_blocked, id=3844, stack(0x000000ad49700000,0x000000ad49800000)]
  0x000001bacac48000 JavaThread "Execution worker for ':' Thread 2" [_thread_blocked, id=12596, stack(0x000000ad49800000,0x000000ad49900000)]
  0x000001bacac48800 JavaThread "Execution worker for ':' Thread 3" [_thread_blocked, id=10884, stack(0x000000ad49900000,0x000000ad49a00000)]
  0x000001bac952d800 JavaThread "Execution worker for ':' Thread 4" [_thread_blocked, id=11140, stack(0x000000ad49a00000,0x000000ad49b00000)]
  0x000001bac952a000 JavaThread "Execution worker for ':' Thread 5" [_thread_blocked, id=8640, stack(0x000000ad49b00000,0x000000ad49c00000)]
  0x000001bad0686000 JavaThread "Execution worker for ':' Thread 6" [_thread_blocked, id=10460, stack(0x000000ad49c00000,0x000000ad49d00000)]
  0x000001bad0686800 JavaThread "Execution worker for ':' Thread 7" [_thread_blocked, id=14004, stack(0x000000ad49d00000,0x000000ad49e00000)]
  0x000001bad0689000 JavaThread "Cache worker for execution history cache (E:\Focusly\.gradle\7.0\executionHistory)" [_thread_blocked, id=6872, stack(0x000000ad49e00000,0x000000ad49f00000)]
  0x000001bad0688800 JavaThread "C2 CompilerThread1" daemon [_thread_blocked, id=10628, stack(0x000000ad47100000,0x000000ad47200000)]
  0x000001bad0683800 JavaThread "C2 CompilerThread2" daemon [_thread_blocked, id=4948, stack(0x000000ad49200000,0x000000ad49300000)]

Other Threads:
=>0x000001bac6860000 VMThread "VM Thread" [stack: 0x000000ad45800000,0x000000ad45900000] [id=14064]
  0x000001bac7399800 WatcherThread [stack: 0x000000ad46200000,0x000000ad46300000] [id=1120]
  0x000001baaa4a3000 GCTaskThread "GC Thread#0" [stack: 0x000000ad45300000,0x000000ad45400000] [id=13996]
  0x000001bac8505800 GCTaskThread "GC Thread#1" [stack: 0x000000ad46400000,0x000000ad46500000] [id=7380]
  0x000001bac7a0e800 GCTaskThread "GC Thread#2" [stack: 0x000000ad46500000,0x000000ad46600000] [id=13456]
  0x000001bac9377800 GCTaskThread "GC Thread#3" [stack: 0x000000ad46800000,0x000000ad46900000] [id=10152]
  0x000001bac8bf1800 GCTaskThread "GC Thread#4" [stack: 0x000000ad47400000,0x000000ad47500000] [id=13064]
  0x000001bac8300000 GCTaskThread "GC Thread#5" [stack: 0x000000ad47500000,0x000000ad47600000] [id=7980]
  0x000001baca608800 GCTaskThread "GC Thread#6" [stack: 0x000000ad47600000,0x000000ad47700000] [id=11092]
  0x000001bac954e000 GCTaskThread "GC Thread#7" [stack: 0x000000ad47700000,0x000000ad47800000] [id=7068]
  0x000001baaa4da800 ConcurrentGCThread "G1 Main Marker" [stack: 0x000000ad45400000,0x000000ad45500000] [id=1328]
  0x000001baaa4dc000 ConcurrentGCThread "G1 Conc#0" [stack: 0x000000ad45500000,0x000000ad45600000] [id=14252]
  0x000001bac9732800 ConcurrentGCThread "G1 Conc#1" [stack: 0x000000ad47800000,0x000000ad47900000] [id=1572]
  0x000001bac66b0800 ConcurrentGCThread "G1 Refine#0" [stack: 0x000000ad45600000,0x000000ad45700000] [id=5272]
  0x000001bac888c800 ConcurrentGCThread "G1 Refine#1" [stack: 0x000000ad46900000,0x000000ad46a00000] [id=6584]
  0x000001bac66b1000 ConcurrentGCThread "G1 Young RemSet Sampling" [stack: 0x000000ad45700000,0x000000ad45800000] [id=10476]

Threads with active compile tasks:
C2 CompilerThread0  94049 14544       4       com.android.tools.r8.internal.A8::a (148 bytes)
C1 CompilerThread0  94049 14548       3       com.android.tools.r8.internal.Gb::e (297 bytes)
C2 CompilerThread1  94049 14509       4       com.android.tools.r8.internal.bO::a (98 bytes)
C2 CompilerThread2  94049 14563       4       java.util.Collections$UnmodifiableCollection::<init> (22 bytes)

VM state:at safepoint (normal execution)

VM Mutex/Monitor currently owned by a thread:  ([mutex/lock_event])
[0x000001baaa486920] Threads_lock - owner thread: 0x000001bac6860000
[0x000001baaa486530] Heap_lock - owner thread: 0x000001bacc6a3000

Heap address: 0x0000000080000000, size: 2048 MB, Compressed Oops mode: 32-bit
Narrow klass base: 0x0000000000000000, Narrow klass shift: 3
Compressed class space size: 1073741824 Address: 0x0000000100000000

Heap:
 garbage-first heap   total 470016K, used 173056K [0x0000000080000000, 0x0000000100000000)
  region size 1024K, 3 young (3072K), 3 survivors (3072K)
 Metaspace       used 115324K, capacity 118566K, committed 118732K, reserved 1153024K
  class space    used 14849K, capacity 16016K, committed 16128K, reserved 1048576K
Heap Regions: E=young(eden), S=young(survivor), O=old, HS=humongous(starts), HC=humongous(continues), CS=collection set, F=free, A=archive, TAMS=top-at-mark-start (previous, next)
|   0|0x0000000080000000, 0x0000000080100000, 0x0000000080100000|100%| O|  |TAMS 0x0000000080100000, 0x0000000080100000| Untracked 
|   1|0x0000000080100000, 0x0000000080200000, 0x0000000080200000|100%| O|  |TAMS 0x0000000080200000, 0x0000000080200000| Untracked 
|   2|0x0000000080200000, 0x0000000080300000, 0x0000000080300000|100%| O|  |TAMS 0x0000000080300000, 0x0000000080300000| Untracked 
|   3|0x0000000080300000, 0x0000000080400000, 0x0000000080400000|100%|HS|  |TAMS 0x0000000080400000, 0x0000000080400000| Complete 
|   4|0x0000000080400000, 0x0000000080500000, 0x0000000080500000|100%|HC|  |TAMS 0x0000000080500000, 0x0000000080500000| Complete 
|   5|0x0000000080500000, 0x0000000080600000, 0x0000000080600000|100%|HC|  |TAMS 0x0000000080600000, 0x0000000080600000| Complete 
|   6|0x0000000080600000, 0x0000000080700000, 0x0000000080700000|100%| O|  |TAMS 0x0000000080700000, 0x0000000080700000| Untracked 
|   7|0x0000000080700000, 0x0000000080800000, 0x0000000080800000|100%| O|  |TAMS 0x0000000080800000, 0x0000000080800000| Untracked 
|   8|0x0000000080800000, 0x0000000080900000, 0x0000000080900000|100%| O|  |TAMS 0x0000000080900000, 0x0000000080900000| Untracked 
|   9|0x0000000080900000, 0x0000000080a00000, 0x0000000080a00000|100%| O|  |TAMS 0x0000000080a00000, 0x0000000080a00000| Untracked 
|  10|0x0000000080a00000, 0x0000000080b00000, 0x0000000080b00000|100%| O|  |TAMS 0x0000000080b00000, 0x0000000080b00000| Untracked 
|  11|0x0000000080b00000, 0x0000000080c00000, 0x0000000080c00000|100%| O|  |TAMS 0x0000000080c00000, 0x0000000080c00000| Untracked 
|  12|0x0000000080c00000, 0x0000000080d00000, 0x0000000080d00000|100%| O|  |TAMS 0x0000000080d00000, 0x0000000080d00000| Untracked 
|  13|0x0000000080d00000, 0x0000000080e00000, 0x0000000080e00000|100%| O|  |TAMS 0x0000000080e00000, 0x0000000080e00000| Untracked 
|  14|0x0000000080e00000, 0x0000000080f00000, 0x0000000080f00000|100%| O|  |TAMS 0x0000000080f00000, 0x0000000080f00000| Untracked 
|  15|0x0000000080f00000, 0x0000000081000000, 0x0000000081000000|100%|HS|  |TAMS 0x0000000081000000, 0x0000000081000000| Complete 
|  16|0x0000000081000000, 0x0000000081100000, 0x0000000081100000|100%|HC|  |TAMS 0x0000000081100000, 0x0000000081100000| Complete 
|  17|0x0000000081100000, 0x0000000081200000, 0x0000000081200000|100%|HS|  |TAMS 0x0000000081200000, 0x0000000081200000| Complete 
|  18|0x0000000081200000, 0x0000000081300000, 0x0000000081300000|100%|HC|  |TAMS 0x0000000081300000, 0x0000000081300000| Complete 
|  19|0x0000000081300000, 0x0000000081400000, 0x0000000081400000|100%|HC|  |TAMS 0x0000000081400000, 0x0000000081400000| Complete 
|  20|0x0000000081400000, 0x0000000081500000, 0x0000000081500000|100%|HS|  |TAMS 0x0000000081500000, 0x0000000081500000| Complete 
|  21|0x0000000081500000, 0x0000000081600000, 0x0000000081600000|100%|HC|  |TAMS 0x0000000081600000, 0x0000000081600000| Complete 
|  22|0x0000000081600000, 0x0000000081700000, 0x0000000081700000|100%|HC|  |TAMS 0x0000000081700000, 0x0000000081700000| Complete 
|  23|0x0000000081700000, 0x0000000081800000, 0x0000000081800000|100%|HC|  |TAMS 0x0000000081800000, 0x0000000081800000| Complete 
|  24|0x0000000081800000, 0x0000000081900000, 0x0000000081900000|100%| O|  |TAMS 0x0000000081900000, 0x0000000081900000| Untracked 
|  25|0x0000000081900000, 0x0000000081a00000, 0x0000000081a00000|100%| O|  |TAMS 0x0000000081a00000, 0x0000000081a00000| Untracked 
|  26|0x0000000081a00000, 0x0000000081b00000, 0x0000000081b00000|100%| O|  |TAMS 0x0000000081b00000, 0x0000000081b00000| Untracked 
|  27|0x0000000081b00000, 0x0000000081c00000, 0x0000000081c00000|100%| O|  |TAMS 0x0000000081c00000, 0x0000000081c00000| Untracked 
|  28|0x0000000081c00000, 0x0000000081d00000, 0x0000000081d00000|100%| O|  |TAMS 0x0000000081d00000, 0x0000000081d00000| Untracked 
|  29|0x0000000081d00000, 0x0000000081e00000, 0x0000000081e00000|100%| O|  |TAMS 0x0000000081e00000, 0x0000000081e00000| Untracked 
|  30|0x0000000081e00000, 0x0000000081f00000, 0x0000000081f00000|100%|HS|  |TAMS 0x0000000081f00000, 0x0000000081f00000| Complete 
|  31|0x0000000081f00000, 0x0000000082000000, 0x0000000082000000|100%|HC|  |TAMS 0x0000000082000000, 0x0000000082000000| Complete 
|  32|0x0000000082000000, 0x0000000082100000, 0x0000000082100000|100%|HC|  |TAMS 0x0000000082100000, 0x0000000082100000| Complete 
|  33|0x0000000082100000, 0x0000000082200000, 0x0000000082200000|100%| O|  |TAMS 0x0000000082200000, 0x0000000082200000| Untracked 
|  34|0x0000000082200000, 0x0000000082300000, 0x0000000082300000|100%| O|  |TAMS 0x0000000082300000, 0x0000000082300000| Untracked 
|  35|0x0000000082300000, 0x0000000082400000, 0x0000000082400000|100%| O|  |TAMS 0x0000000082400000, 0x0000000082400000| Untracked 
|  36|0x0000000082400000, 0x0000000082500000, 0x0000000082500000|100%|HS|  |TAMS 0x0000000082500000, 0x0000000082500000| Complete 
|  37|0x0000000082500000, 0x0000000082600000, 0x0000000082600000|100%|HC|  |TAMS 0x0000000082600000, 0x0000000082600000| Complete 
|  38|0x0000000082600000, 0x0000000082700000, 0x0000000082700000|100%|HC|  |TAMS 0x0000000082700000, 0x0000000082700000| Complete 
|  39|0x0000000082700000, 0x0000000082800000, 0x0000000082800000|100%|HC|  |TAMS 0x0000000082800000, 0x0000000082800000| Complete 
|  40|0x0000000082800000, 0x0000000082900000, 0x0000000082900000|100%| O|  |TAMS 0x0000000082900000, 0x0000000082900000| Untracked 
|  41|0x0000000082900000, 0x0000000082a00000, 0x0000000082a00000|100%| O|  |TAMS 0x0000000082a00000, 0x0000000082a00000| Untracked 
|  42|0x0000000082a00000, 0x0000000082b00000, 0x0000000082b00000|100%| O|  |TAMS 0x0000000082b00000, 0x0000000082b00000| Untracked 
|  43|0x0000000082b00000, 0x0000000082c00000, 0x0000000082c00000|100%| O|  |TAMS 0x0000000082c00000, 0x0000000082c00000| Untracked 
|  44|0x0000000082c00000, 0x0000000082d00000, 0x0000000082d00000|100%| O|  |TAMS 0x0000000082d00000, 0x0000000082d00000| Untracked 
|  45|0x0000000082d00000, 0x0000000082e00000, 0x0000000082e00000|100%| O|  |TAMS 0x0000000082e00000, 0x0000000082e00000| Untracked 
|  46|0x0000000082e00000, 0x0000000082f00000, 0x0000000082f00000|100%| O|  |TAMS 0x0000000082f00000, 0x0000000082f00000| Untracked 
|  47|0x0000000082f00000, 0x0000000083000000, 0x0000000083000000|100%| O|  |TAMS 0x0000000083000000, 0x0000000083000000| Untracked 
|  48|0x0000000083000000, 0x0000000083100000, 0x0000000083100000|100%| O|  |TAMS 0x0000000083100000, 0x0000000083100000| Untracked 
|  49|0x0000000083100000, 0x0000000083200000, 0x0000000083200000|100%| O|  |TAMS 0x0000000083200000, 0x0000000083200000| Untracked 
|  50|0x0000000083200000, 0x0000000083300000, 0x0000000083300000|100%| O|  |TAMS 0x0000000083300000, 0x0000000083300000| Untracked 
|  51|0x0000000083300000, 0x0000000083400000, 0x0000000083400000|100%| O|  |TAMS 0x0000000083400000, 0x0000000083400000| Untracked 
|  52|0x0000000083400000, 0x0000000083500000, 0x0000000083500000|100%|HS|  |TAMS 0x0000000083500000, 0x0000000083500000| Complete 
|  53|0x0000000083500000, 0x0000000083600000, 0x0000000083600000|100%|HS|  |TAMS 0x0000000083600000, 0x0000000083600000| Complete 
|  54|0x0000000083600000, 0x0000000083700000, 0x0000000083700000|100%|HS|  |TAMS 0x0000000083700000, 0x0000000083700000| Complete 
|  55|0x0000000083700000, 0x0000000083800000, 0x0000000083800000|100%|HC|  |TAMS 0x0000000083800000, 0x0000000083800000| Complete 
|  56|0x0000000083800000, 0x0000000083900000, 0x0000000083900000|100%|HC|  |TAMS 0x0000000083900000, 0x0000000083900000| Complete 
|  57|0x0000000083900000, 0x0000000083a00000, 0x0000000083a00000|100%| O|  |TAMS 0x0000000083a00000, 0x0000000083a00000| Untracked 
|  58|0x0000000083a00000, 0x0000000083b00000, 0x0000000083b00000|100%| O|  |TAMS 0x0000000083b00000, 0x0000000083b00000| Untracked 
|  59|0x0000000083b00000, 0x0000000083c00000, 0x0000000083c00000|100%| O|  |TAMS 0x0000000083c00000, 0x0000000083c00000| Untracked 
|  60|0x0000000083c00000, 0x0000000083d00000, 0x0000000083d00000|100%| O|  |TAMS 0x0000000083d00000, 0x0000000083d00000| Untracked 
|  61|0x0000000083d00000, 0x0000000083e00000, 0x0000000083e00000|100%| O|  |TAMS 0x0000000083e00000, 0x0000000083e00000| Untracked 
|  62|0x0000000083e00000, 0x0000000083f00000, 0x0000000083f00000|100%| O|  |TAMS 0x0000000083f00000, 0x0000000083f00000| Untracked 
|  63|0x0000000083f00000, 0x0000000084000000, 0x0000000084000000|100%| O|  |TAMS 0x0000000084000000, 0x0000000084000000| Untracked 
|  64|0x0000000084000000, 0x0000000084100000, 0x0000000084100000|100%| O|  |TAMS 0x0000000084100000, 0x0000000084100000| Untracked 
|  65|0x0000000084100000, 0x0000000084200000, 0x0000000084200000|100%| O|  |TAMS 0x0000000084200000, 0x0000000084200000| Untracked 
|  66|0x0000000084200000, 0x0000000084300000, 0x0000000084300000|100%| O|  |TAMS 0x0000000084300000, 0x0000000084300000| Untracked 
|  67|0x0000000084300000, 0x0000000084400000, 0x0000000084400000|100%| O|  |TAMS 0x0000000084400000, 0x0000000084400000| Untracked 
|  68|0x0000000084400000, 0x0000000084500000, 0x0000000084500000|100%|HS|  |TAMS 0x0000000084500000, 0x0000000084500000| Complete 
|  69|0x0000000084500000, 0x0000000084600000, 0x0000000084600000|100%|HC|  |TAMS 0x0000000084600000, 0x0000000084600000| Complete 
|  70|0x0000000084600000, 0x0000000084700000, 0x0000000084700000|100%| O|  |TAMS 0x0000000084700000, 0x0000000084700000| Untracked 
|  71|0x0000000084700000, 0x0000000084800000, 0x0000000084800000|100%| O|  |TAMS 0x0000000084800000, 0x0000000084800000| Untracked 
|  72|0x0000000084800000, 0x0000000084900000, 0x0000000084900000|100%| O|  |TAMS 0x0000000084900000, 0x0000000084900000| Untracked 
|  73|0x0000000084900000, 0x0000000084a00000, 0x0000000084a00000|100%| O|  |TAMS 0x0000000084a00000, 0x0000000084a00000| Untracked 
|  74|0x0000000084a00000, 0x0000000084b00000, 0x0000000084b00000|100%| O|  |TAMS 0x0000000084b00000, 0x0000000084b00000| Untracked 
|  75|0x0000000084b00000, 0x0000000084c00000, 0x0000000084c00000|100%| O|  |TAMS 0x0000000084c00000, 0x0000000084c00000| Untracked 
|  76|0x0000000084c00000, 0x0000000084d00000, 0x0000000084d00000|100%| O|  |TAMS 0x0000000084d00000, 0x0000000084d00000| Untracked 
|  77|0x0000000084d00000, 0x0000000084e00000, 0x0000000084e00000|100%| O|  |TAMS 0x0000000084e00000, 0x0000000084e00000| Untracked 
|  78|0x0000000084e00000, 0x0000000084f00000, 0x0000000084f00000|100%| O|  |TAMS 0x0000000084f00000, 0x0000000084f00000| Untracked 
|  79|0x0000000084f00000, 0x0000000085000000, 0x0000000085000000|100%| O|  |TAMS 0x0000000085000000, 0x0000000085000000| Untracked 
|  80|0x0000000085000000, 0x0000000085100000, 0x0000000085100000|100%| O|  |TAMS 0x0000000085100000, 0x0000000085100000| Untracked 
|  81|0x0000000085100000, 0x0000000085200000, 0x0000000085200000|100%| O|  |TAMS 0x0000000085200000, 0x0000000085200000| Untracked 
|  82|0x0000000085200000, 0x0000000085300000, 0x0000000085300000|100%| O|  |TAMS 0x0000000085300000, 0x0000000085300000| Untracked 
|  83|0x0000000085300000, 0x0000000085400000, 0x0000000085400000|100%| O|  |TAMS 0x0000000085400000, 0x0000000085400000| Untracked 
|  84|0x0000000085400000, 0x0000000085500000, 0x0000000085500000|100%| O|  |TAMS 0x0000000085500000, 0x0000000085500000| Untracked 
|  85|0x0000000085500000, 0x0000000085600000, 0x0000000085600000|100%| O|  |TAMS 0x0000000085600000, 0x0000000085600000| Untracked 
|  86|0x0000000085600000, 0x0000000085700000, 0x0000000085700000|100%| O|  |TAMS 0x0000000085700000, 0x0000000085700000| Untracked 
|  87|0x0000000085700000, 0x0000000085800000, 0x0000000085800000|100%| O|  |TAMS 0x0000000085800000, 0x0000000085800000| Untracked 
|  88|0x0000000085800000, 0x0000000085900000, 0x0000000085900000|100%| O|  |TAMS 0x0000000085900000, 0x0000000085900000| Untracked 
|  89|0x0000000085900000, 0x0000000085a00000, 0x0000000085a00000|100%| O|  |TAMS 0x0000000085a00000, 0x0000000085a00000| Untracked 
|  90|0x0000000085a00000, 0x0000000085b00000, 0x0000000085b00000|100%| O|  |TAMS 0x0000000085b00000, 0x0000000085b00000| Untracked 
|  91|0x0000000085b00000, 0x0000000085c00000, 0x0000000085c00000|100%| O|  |TAMS 0x0000000085c00000, 0x0000000085c00000| Untracked 
|  92|0x0000000085c00000, 0x0000000085d00000, 0x0000000085d00000|100%| O|  |TAMS 0x0000000085d00000, 0x0000000085d00000| Untracked 
|  93|0x0000000085d00000, 0x0000000085e00000, 0x0000000085e00000|100%| O|  |TAMS 0x0000000085e00000, 0x0000000085e00000| Untracked 
|  94|0x0000000085e00000, 0x0000000085f00000, 0x0000000085f00000|100%| O|  |TAMS 0x0000000085f00000, 0x0000000085f00000| Untracked 
|  95|0x0000000085f00000, 0x0000000086000000, 0x0000000086000000|100%| O|  |TAMS 0x0000000086000000, 0x0000000086000000| Untracked 
|  96|0x0000000086000000, 0x0000000086100000, 0x0000000086100000|100%| O|  |TAMS 0x0000000086100000, 0x0000000086100000| Untracked 
|  97|0x0000000086100000, 0x0000000086200000, 0x0000000086200000|100%| O|  |TAMS 0x0000000086200000, 0x0000000086200000| Untracked 
|  98|0x0000000086200000, 0x0000000086300000, 0x0000000086300000|100%| O|  |TAMS 0x0000000086300000, 0x0000000086300000| Untracked 
|  99|0x0000000086300000, 0x0000000086400000, 0x0000000086400000|100%| O|  |TAMS 0x0000000086400000, 0x0000000086400000| Untracked 
| 100|0x0000000086400000, 0x0000000086500000, 0x0000000086500000|100%| O|  |TAMS 0x0000000086500000, 0x0000000086500000| Untracked 
| 101|0x0000000086500000, 0x0000000086600000, 0x0000000086600000|100%| O|  |TAMS 0x000000008651ae00, 0x0000000086600000| Untracked 
| 102|0x0000000086600000, 0x0000000086700000, 0x0000000086700000|100%| O|  |TAMS 0x0000000086700000, 0x0000000086700000| Untracked 
| 103|0x0000000086700000, 0x0000000086800000, 0x0000000086800000|100%| O|  |TAMS 0x0000000086700000, 0x0000000086800000| Untracked 
| 104|0x0000000086800000, 0x0000000086900000, 0x0000000086900000|100%| O|  |TAMS 0x0000000086900000, 0x0000000086900000| Untracked 
| 105|0x0000000086900000, 0x0000000086a00000, 0x0000000086a00000|100%| O|  |TAMS 0x0000000086a00000, 0x0000000086a00000| Untracked 
| 106|0x0000000086a00000, 0x0000000086b00000, 0x0000000086b00000|100%| O|  |TAMS 0x0000000086a00000, 0x0000000086b00000| Untracked 
| 107|0x0000000086b00000, 0x0000000086c00000, 0x0000000086c00000|100%| O|  |TAMS 0x0000000086b00000, 0x0000000086c00000| Untracked 
| 108|0x0000000086c00000, 0x0000000086d00000, 0x0000000086d00000|100%| O|  |TAMS 0x0000000086d00000, 0x0000000086d00000| Untracked 
| 109|0x0000000086d00000, 0x0000000086e00000, 0x0000000086e00000|100%| O|  |TAMS 0x0000000086d00000, 0x0000000086e00000| Untracked 
| 110|0x0000000086e00000, 0x0000000086f00000, 0x0000000086f00000|100%| O|  |TAMS 0x0000000086f00000, 0x0000000086f00000| Untracked 
| 111|0x0000000086f00000, 0x0000000087000000, 0x0000000087000000|100%| O|  |TAMS 0x0000000086f00000, 0x0000000087000000| Untracked 
| 112|0x0000000087000000, 0x0000000087100000, 0x0000000087100000|100%| O|  |TAMS 0x0000000087000000, 0x0000000087100000| Untracked 
| 113|0x0000000087100000, 0x0000000087200000, 0x0000000087200000|100%| O|  |TAMS 0x0000000087200000, 0x0000000087200000| Untracked 
| 114|0x0000000087200000, 0x0000000087300000, 0x0000000087300000|100%| O|  |TAMS 0x0000000087300000, 0x0000000087300000| Untracked 
| 115|0x0000000087300000, 0x0000000087400000, 0x0000000087400000|100%| O|  |TAMS 0x0000000087400000, 0x0000000087400000| Untracked 
| 116|0x0000000087400000, 0x0000000087500000, 0x0000000087500000|100%| O|  |TAMS 0x0000000087500000, 0x0000000087500000| Untracked 
| 117|0x0000000087500000, 0x0000000087600000, 0x0000000087600000|100%| O|  |TAMS 0x0000000087500000, 0x0000000087600000| Untracked 
| 118|0x0000000087600000, 0x0000000087700000, 0x0000000087700000|100%| O|  |TAMS 0x0000000087600000, 0x0000000087700000| Untracked 
| 119|0x0000000087700000, 0x0000000087800000, 0x0000000087800000|100%| O|  |TAMS 0x0000000087700000, 0x0000000087800000| Untracked 
| 120|0x0000000087800000, 0x0000000087900000, 0x0000000087900000|100%| O|  |TAMS 0x0000000087900000, 0x0000000087900000| Untracked 
| 121|0x0000000087900000, 0x0000000087a00000, 0x0000000087a00000|100%| O|  |TAMS 0x0000000087a00000, 0x0000000087a00000| Untracked 
| 122|0x0000000087a00000, 0x0000000087b00000, 0x0000000087b00000|100%| O|  |TAMS 0x0000000087b00000, 0x0000000087b00000| Untracked 
| 123|0x0000000087b00000, 0x0000000087c00000, 0x0000000087c00000|100%| O|  |TAMS 0x0000000087c00000, 0x0000000087c00000| Untracked 
| 124|0x0000000087c00000, 0x0000000087d00000, 0x0000000087d00000|100%| O|  |TAMS 0x0000000087d00000, 0x0000000087d00000| Untracked 
| 125|0x0000000087d00000, 0x0000000087e00000, 0x0000000087e00000|100%| O|  |TAMS 0x0000000087e00000, 0x0000000087e00000| Untracked 
| 126|0x0000000087e00000, 0x0000000087f00000, 0x0000000087f00000|100%| O|  |TAMS 0x0000000087f00000, 0x0000000087f00000| Untracked 
| 127|0x0000000087f00000, 0x0000000088000000, 0x0000000088000000|100%| O|  |TAMS 0x0000000088000000, 0x0000000088000000| Untracked 
| 128|0x0000000088000000, 0x0000000088100000, 0x0000000088100000|100%| O|  |TAMS 0x0000000088100000, 0x0000000088100000| Untracked 
| 129|0x0000000088100000, 0x0000000088200000, 0x0000000088200000|100%| O|  |TAMS 0x0000000088200000, 0x0000000088200000| Untracked 
| 130|0x0000000088200000, 0x0000000088300000, 0x0000000088300000|100%| O|  |TAMS 0x0000000088300000, 0x0000000088300000| Untracked 
| 131|0x0000000088300000, 0x0000000088400000, 0x0000000088400000|100%| O|  |TAMS 0x0000000088400000, 0x0000000088400000| Untracked 
| 132|0x0000000088400000, 0x0000000088500000, 0x0000000088500000|100%| O|  |TAMS 0x0000000088500000, 0x0000000088500000| Untracked 
| 133|0x0000000088500000, 0x0000000088600000, 0x0000000088600000|100%| O|  |TAMS 0x0000000088600000, 0x0000000088600000| Untracked 
| 134|0x0000000088600000, 0x0000000088700000, 0x0000000088700000|100%| O|  |TAMS 0x0000000088700000, 0x0000000088700000| Untracked 
| 135|0x0000000088700000, 0x0000000088800000, 0x0000000088800000|100%| O|  |TAMS 0x0000000088800000, 0x0000000088800000| Untracked 
| 136|0x0000000088800000, 0x0000000088900000, 0x0000000088900000|100%| O|  |TAMS 0x0000000088900000, 0x0000000088900000| Untracked 
| 137|0x0000000088900000, 0x0000000088a00000, 0x0000000088a00000|100%| O|  |TAMS 0x0000000088a00000, 0x0000000088a00000| Untracked 
| 138|0x0000000088a00000, 0x0000000088b00000, 0x0000000088b00000|100%| O|  |TAMS 0x0000000088a00000, 0x0000000088b00000| Untracked 
| 139|0x0000000088b00000, 0x0000000088c00000, 0x0000000088c00000|100%| O|  |TAMS 0x0000000088b00000, 0x0000000088c00000| Untracked 
| 140|0x0000000088c00000, 0x0000000088d00000, 0x0000000088d00000|100%| O|  |TAMS 0x0000000088c00000, 0x0000000088d00000| Untracked 
| 141|0x0000000088d00000, 0x0000000088e00000, 0x0000000088e00000|100%| O|  |TAMS 0x0000000088d00000, 0x0000000088e00000| Untracked 
| 142|0x0000000088e00000, 0x0000000088f00000, 0x0000000088f00000|100%| O|  |TAMS 0x0000000088e00000, 0x0000000088f00000| Untracked 
| 143|0x0000000088f00000, 0x0000000089000000, 0x0000000089000000|100%| O|  |TAMS 0x0000000088f00000, 0x0000000089000000| Untracked 
| 144|0x0000000089000000, 0x0000000089100000, 0x0000000089100000|100%| O|  |TAMS 0x0000000089000000, 0x0000000089100000| Untracked 
| 145|0x0000000089100000, 0x0000000089200000, 0x0000000089200000|100%| O|  |TAMS 0x0000000089100000, 0x0000000089200000| Untracked 
| 146|0x0000000089200000, 0x0000000089300000, 0x0000000089300000|100%| O|  |TAMS 0x0000000089200000, 0x0000000089300000| Untracked 
| 147|0x0000000089300000, 0x0000000089400000, 0x0000000089400000|100%| O|  |TAMS 0x0000000089300000, 0x0000000089400000| Untracked 
| 148|0x0000000089400000, 0x0000000089500000, 0x0000000089500000|100%| O|  |TAMS 0x0000000089400000, 0x0000000089500000| Untracked 
| 149|0x0000000089500000, 0x0000000089600000, 0x0000000089600000|100%| O|  |TAMS 0x0000000089500000, 0x0000000089600000| Untracked 
| 150|0x0000000089600000, 0x0000000089700000, 0x0000000089700000|100%| O|  |TAMS 0x0000000089600000, 0x0000000089700000| Untracked 
| 151|0x0000000089700000, 0x0000000089800000, 0x0000000089800000|100%| O|  |TAMS 0x0000000089700000, 0x0000000089800000| Untracked 
| 152|0x0000000089800000, 0x0000000089900000, 0x0000000089900000|100%| O|  |TAMS 0x0000000089800000, 0x0000000089900000| Untracked 
| 153|0x0000000089900000, 0x0000000089a00000, 0x0000000089a00000|100%| O|  |TAMS 0x0000000089900000, 0x0000000089a00000| Untracked 
| 154|0x0000000089a00000, 0x0000000089b00000, 0x0000000089b00000|100%| O|  |TAMS 0x0000000089a00000, 0x0000000089b00000| Untracked 
| 155|0x0000000089b00000, 0x0000000089c00000, 0x0000000089c00000|100%| O|  |TAMS 0x0000000089b00000, 0x0000000089c00000| Untracked 
| 156|0x0000000089c00000, 0x0000000089d00000, 0x0000000089d00000|100%| O|  |TAMS 0x0000000089c00000, 0x0000000089c88400| Untracked 
| 157|0x0000000089d00000, 0x0000000089e00000, 0x0000000089e00000|100%| O|  |TAMS 0x0000000089d00000, 0x0000000089d00000| Untracked 
| 158|0x0000000089e00000, 0x0000000089f00000, 0x0000000089f00000|100%| O|  |TAMS 0x0000000089e00000, 0x0000000089e00000| Untracked 
| 159|0x0000000089f00000, 0x000000008a000000, 0x000000008a000000|100%| O|  |TAMS 0x0000000089f00000, 0x0000000089f00000| Untracked 
| 160|0x000000008a000000, 0x000000008a100000, 0x000000008a100000|100%| O|  |TAMS 0x000000008a000000, 0x000000008a000000| Untracked 
| 161|0x000000008a100000, 0x000000008a200000, 0x000000008a200000|100%| O|  |TAMS 0x000000008a100000, 0x000000008a100000| Untracked 
| 162|0x000000008a200000, 0x000000008a300000, 0x000000008a300000|100%| O|  |TAMS 0x000000008a200000, 0x000000008a200000| Untracked 
| 163|0x000000008a300000, 0x000000008a400000, 0x000000008a400000|100%| O|  |TAMS 0x000000008a300000, 0x000000008a300000| Untracked 
| 164|0x000000008a400000, 0x000000008a500000, 0x000000008a500000|100%| O|  |TAMS 0x000000008a400000, 0x000000008a400000| Untracked 
| 165|0x000000008a500000, 0x000000008a600000, 0x000000008a600000|100%| O|  |TAMS 0x000000008a500000, 0x000000008a500000| Untracked 
| 166|0x000000008a600000, 0x000000008a600000, 0x000000008a700000|  0%| F|  |TAMS 0x000000008a600000, 0x000000008a600000| Untracked 
| 167|0x000000008a700000, 0x000000008a700000, 0x000000008a800000|  0%| F|  |TAMS 0x000000008a700000, 0x000000008a700000| Untracked 
| 168|0x000000008a800000, 0x000000008a800000, 0x000000008a900000|  0%| F|  |TAMS 0x000000008a800000, 0x000000008a800000| Untracked 
| 169|0x000000008a900000, 0x000000008a900000, 0x000000008aa00000|  0%| F|  |TAMS 0x000000008a900000, 0x000000008a900000| Untracked 
| 170|0x000000008aa00000, 0x000000008aa00000, 0x000000008ab00000|  0%| F|  |TAMS 0x000000008aa00000, 0x000000008aa00000| Untracked 
| 171|0x000000008ab00000, 0x000000008ab00000, 0x000000008ac00000|  0%| F|  |TAMS 0x000000008ab00000, 0x000000008ab00000| Untracked 
| 172|0x000000008ac00000, 0x000000008ac00000, 0x000000008ad00000|  0%| F|  |TAMS 0x000000008ac00000, 0x000000008ac00000| Untracked 
| 173|0x000000008ad00000, 0x000000008ad00000, 0x000000008ae00000|  0%| F|  |TAMS 0x000000008ad00000, 0x000000008ad00000| Untracked 
| 174|0x000000008ae00000, 0x000000008ae00000, 0x000000008af00000|  0%| F|  |TAMS 0x000000008ae00000, 0x000000008ae00000| Untracked 
| 175|0x000000008af00000, 0x000000008af00000, 0x000000008b000000|  0%| F|  |TAMS 0x000000008af00000, 0x000000008af00000| Untracked 
| 176|0x000000008b000000, 0x000000008b000000, 0x000000008b100000|  0%| F|  |TAMS 0x000000008b000000, 0x000000008b000000| Untracked 
| 177|0x000000008b100000, 0x000000008b100000, 0x000000008b200000|  0%| F|  |TAMS 0x000000008b100000, 0x000000008b100000| Untracked 
| 178|0x000000008b200000, 0x000000008b200000, 0x000000008b300000|  0%| F|  |TAMS 0x000000008b200000, 0x000000008b200000| Untracked 
| 179|0x000000008b300000, 0x000000008b300000, 0x000000008b400000|  0%| F|  |TAMS 0x000000008b300000, 0x000000008b300000| Untracked 
| 180|0x000000008b400000, 0x000000008b400000, 0x000000008b500000|  0%| F|  |TAMS 0x000000008b400000, 0x000000008b400000| Untracked 
| 181|0x000000008b500000, 0x000000008b500000, 0x000000008b600000|  0%| F|  |TAMS 0x000000008b500000, 0x000000008b500000| Untracked 
| 182|0x000000008b600000, 0x000000008b600000, 0x000000008b700000|  0%| F|  |TAMS 0x000000008b600000, 0x000000008b600000| Untracked 
| 183|0x000000008b700000, 0x000000008b700000, 0x000000008b800000|  0%| F|  |TAMS 0x000000008b700000, 0x000000008b700000| Untracked 
| 184|0x000000008b800000, 0x000000008b800000, 0x000000008b900000|  0%| F|  |TAMS 0x000000008b800000, 0x000000008b800000| Untracked 
| 185|0x000000008b900000, 0x000000008b900000, 0x000000008ba00000|  0%| F|  |TAMS 0x000000008b900000, 0x000000008b900000| Untracked 
| 186|0x000000008ba00000, 0x000000008ba00000, 0x000000008bb00000|  0%| F|  |TAMS 0x000000008ba00000, 0x000000008ba00000| Untracked 
| 187|0x000000008bb00000, 0x000000008bb00000, 0x000000008bc00000|  0%| F|  |TAMS 0x000000008bb00000, 0x000000008bb00000| Untracked 
| 188|0x000000008bc00000, 0x000000008bc00000, 0x000000008bd00000|  0%| F|  |TAMS 0x000000008bc00000, 0x000000008bc00000| Untracked 
| 189|0x000000008bd00000, 0x000000008bd00000, 0x000000008be00000|  0%| F|  |TAMS 0x000000008bd00000, 0x000000008bd00000| Untracked 
| 190|0x000000008be00000, 0x000000008be00000, 0x000000008bf00000|  0%| F|  |TAMS 0x000000008be00000, 0x000000008be00000| Untracked 
| 191|0x000000008bf00000, 0x000000008bf00000, 0x000000008c000000|  0%| F|  |TAMS 0x000000008bf00000, 0x000000008bf00000| Untracked 
| 192|0x000000008c000000, 0x000000008c000000, 0x000000008c100000|  0%| F|  |TAMS 0x000000008c000000, 0x000000008c000000| Untracked 
| 193|0x000000008c100000, 0x000000008c100000, 0x000000008c200000|  0%| F|  |TAMS 0x000000008c100000, 0x000000008c100000| Untracked 
| 194|0x000000008c200000, 0x000000008c200000, 0x000000008c300000|  0%| F|  |TAMS 0x000000008c200000, 0x000000008c200000| Untracked 
| 195|0x000000008c300000, 0x000000008c400000, 0x000000008c400000|100%| S|CS|TAMS 0x000000008c300000, 0x000000008c300000| Complete 
| 196|0x000000008c400000, 0x000000008c400000, 0x000000008c500000|  0%| F|  |TAMS 0x000000008c400000, 0x000000008c400000| Untracked 
| 197|0x000000008c500000, 0x000000008c500000, 0x000000008c600000|  0%| F|  |TAMS 0x000000008c500000, 0x000000008c500000| Untracked 
| 198|0x000000008c600000, 0x000000008c600000, 0x000000008c700000|  0%| F|  |TAMS 0x000000008c600000, 0x000000008c600000| Untracked 
| 199|0x000000008c700000, 0x000000008c700000, 0x000000008c800000|  0%| F|  |TAMS 0x000000008c700000, 0x000000008c700000| Untracked 
| 200|0x000000008c800000, 0x000000008c900000, 0x000000008c900000|100%| S|CS|TAMS 0x000000008c800000, 0x000000008c800000| Complete 
| 201|0x000000008c900000, 0x000000008ca00000, 0x000000008ca00000|100%| S|CS|TAMS 0x000000008c900000, 0x000000008c900000| Complete 
| 202|0x000000008ca00000, 0x000000008ca00000, 0x000000008cb00000|  0%| F|  |TAMS 0x000000008ca00000, 0x000000008ca00000| Untracked 
| 203|0x000000008cb00000, 0x000000008cb00000, 0x000000008cc00000|  0%| F|  |TAMS 0x000000008cb00000, 0x000000008cb00000| Untracked 
| 204|0x000000008cc00000, 0x000000008cc00000, 0x000000008cd00000|  0%| F|  |TAMS 0x000000008cc00000, 0x000000008cc00000| Untracked 
| 205|0x000000008cd00000, 0x000000008cd00000, 0x000000008ce00000|  0%| F|  |TAMS 0x000000008cd00000, 0x000000008cd00000| Untracked 
| 206|0x000000008ce00000, 0x000000008ce00000, 0x000000008cf00000|  0%| F|  |TAMS 0x000000008ce00000, 0x000000008ce00000| Untracked 
| 207|0x000000008cf00000, 0x000000008cf00000, 0x000000008d000000|  0%| F|  |TAMS 0x000000008cf00000, 0x000000008cf00000| Untracked 
| 208|0x000000008d000000, 0x000000008d000000, 0x000000008d100000|  0%| F|  |TAMS 0x000000008d000000, 0x000000008d000000| Untracked 
| 209|0x000000008d100000, 0x000000008d100000, 0x000000008d200000|  0%| F|  |TAMS 0x000000008d100000, 0x000000008d100000| Untracked 
| 210|0x000000008d200000, 0x000000008d200000, 0x000000008d300000|  0%| F|  |TAMS 0x000000008d200000, 0x000000008d200000| Untracked 
| 211|0x000000008d300000, 0x000000008d300000, 0x000000008d400000|  0%| F|  |TAMS 0x000000008d300000, 0x000000008d300000| Untracked 
| 212|0x000000008d400000, 0x000000008d400000, 0x000000008d500000|  0%| F|  |TAMS 0x000000008d400000, 0x000000008d400000| Untracked 
| 213|0x000000008d500000, 0x000000008d500000, 0x000000008d600000|  0%| F|  |TAMS 0x000000008d500000, 0x000000008d500000| Untracked 
| 214|0x000000008d600000, 0x000000008d600000, 0x000000008d700000|  0%| F|  |TAMS 0x000000008d600000, 0x000000008d600000| Untracked 
| 215|0x000000008d700000, 0x000000008d700000, 0x000000008d800000|  0%| F|  |TAMS 0x000000008d700000, 0x000000008d700000| Untracked 
| 216|0x000000008d800000, 0x000000008d800000, 0x000000008d900000|  0%| F|  |TAMS 0x000000008d800000, 0x000000008d800000| Untracked 
| 217|0x000000008d900000, 0x000000008d900000, 0x000000008da00000|  0%| F|  |TAMS 0x000000008d900000, 0x000000008d900000| Untracked 
| 218|0x000000008da00000, 0x000000008da00000, 0x000000008db00000|  0%| F|  |TAMS 0x000000008da00000, 0x000000008da00000| Untracked 
| 219|0x000000008db00000, 0x000000008db00000, 0x000000008dc00000|  0%| F|  |TAMS 0x000000008db00000, 0x000000008db00000| Untracked 
| 220|0x000000008dc00000, 0x000000008dc00000, 0x000000008dd00000|  0%| F|  |TAMS 0x000000008dc00000, 0x000000008dc00000| Untracked 
| 221|0x000000008dd00000, 0x000000008dd00000, 0x000000008de00000|  0%| F|  |TAMS 0x000000008dd00000, 0x000000008dd00000| Untracked 

Card table byte_map: [0x000001babf590000,0x000001babf990000] _byte_map_base: 0x000001babf190000

Marking Bits (Prev, Next): (CMBitMap*) 0x000001baaa4cfa70, (CMBitMap*) 0x000001baaa4cfa38
 Prev Bits: [0x000001bac1d90000, 0x000001bac3d90000)
 Next Bits: [0x000001babfd90000, 0x000001bac1d90000)

Polling page: 0x000001baaa210000

Metaspace:

Usage:
  Non-class:    100.15 MB capacity,    98.12 MB ( 98%) used,     1.69 MB (  2%) free+waste,   343.00 KB ( <1%) overhead. 
      Class:     15.64 MB capacity,    14.50 MB ( 93%) used,  1011.10 KB (  6%) free+waste,   155.69 KB ( <1%) overhead. 
       Both:    115.79 MB capacity,   112.62 MB ( 97%) used,     2.68 MB (  2%) free+waste,   498.69 KB ( <1%) overhead. 

Virtual space:
  Non-class space:      102.00 MB reserved,     100.20 MB ( 98%) committed 
      Class space:        1.00 GB reserved,      15.75 MB (  2%) committed 
             Both:        1.10 GB reserved,     115.95 MB ( 10%) committed 

Chunk freelists:
   Non-Class:  54.00 KB
       Class:  16.00 KB
        Both:  70.00 KB

MaxMetaspaceSize: 17179869184.00 GB
CompressedClassSpaceSize: 1.00 GB

CodeHeap 'non-profiled nmethods': size=120000Kb used=9601Kb max_used=9601Kb free=110398Kb
 bounds [0x000001bab71e0000, 0x000001bab7b50000, 0x000001babe710000]
CodeHeap 'profiled nmethods': size=120000Kb used=32633Kb max_used=32633Kb free=87366Kb
 bounds [0x000001baafcb0000, 0x000001bab1c90000, 0x000001bab71e0000]
CodeHeap 'non-nmethods': size=5760Kb used=2383Kb max_used=2422Kb free=3376Kb
 bounds [0x000001baaf710000, 0x000001baaf980000, 0x000001baafcb0000]
 total_blobs=15429 nmethods=14439 adapters=898
 compilation: enabled
              stopped_count=0, restarted_count=0
 full_count=0

Compilation events (20 events):
Event: 93.879 Thread 0x000001bac688f800 nmethod 14532 0x000001bab1c86c10 code [0x000001bab1c86dc0, 0x000001bab1c87038]
Event: 93.879 Thread 0x000001bac688f800 14533       2       com.android.tools.r8.dex.a$$Lambda$1615/0x0000000100f50440::accept (14 bytes)
Event: 93.880 Thread 0x000001bac688f800 nmethod 14533 0x000001bab1c87110 code [0x000001bab1c872c0, 0x000001bab1c87408]
Event: 93.880 Thread 0x000001bac688f800 14534       2       com.android.tools.r8.dex.a$$Lambda$1616/0x0000000100f57840::get$Lambda (10 bytes)
Event: 93.880 Thread 0x000001bac688f800 nmethod 14534 0x000001bab1c87510 code [0x000001bab1c876c0, 0x000001bab1c878b8]
Event: 93.880 Thread 0x000001bac688f800 14530       2       com.android.tools.r8.graph.s2::b (246 bytes)
Event: 93.882 Thread 0x000001bac688f800 nmethod 14530 0x000001bab1c87990 code [0x000001bab1c87c40, 0x000001bab1c88688]
Event: 93.882 Thread 0x000001bac688f800 14535       2       com.android.tools.r8.internal.Sw::a (18 bytes)
Event: 93.882 Thread 0x000001bac688f800 nmethod 14535 0x000001bab1c88c10 code [0x000001bab1c88dc0, 0x000001bab1c88f08]
Event: 93.882 Thread 0x000001bac688f800 14538       2       com.android.tools.r8.internal.I7::a (873 bytes)
Event: 93.893 Thread 0x000001bac688f800 nmethod 14538 0x000001bab1c88f90 code [0x000001bab1c89680, 0x000001bab1c8cf88]
Event: 93.893 Thread 0x000001bac6886800 nmethod 14512 0x000001bab7b38b90 code [0x000001bab7b38d60, 0x000001bab7b39818]
Event: 93.893 Thread 0x000001bac6886800 14529       4       com.android.tools.r8.graph.a1::a (89 bytes)
Event: 93.951 Thread 0x000001bac6886800 nmethod 14529 0x000001bab7b3a010 code [0x000001bab7b3a1c0, 0x000001bab7b3adf8]
Event: 93.951 Thread 0x000001bac6886800 14544       4       com.android.tools.r8.internal.A8::a (148 bytes)
Event: 93.980 Thread 0x000001bad0683800 nmethod 14430 0x000001bab7b3b110 code [0x000001bab7b3b4a0, 0x000001bab7b3e6c8]
Event: 93.980 Thread 0x000001bad0683800 14515       4       com.android.tools.r8.graph.a1::a (129 bytes)
Event: 93.984 Thread 0x000001bad0683800 nmethod 14515 0x000001bab7b40190 code [0x000001bab7b40320, 0x000001bab7b404f8]
Event: 93.984 Thread 0x000001bad0683800 14563       4       java.util.Collections$UnmodifiableCollection::<init> (22 bytes)
Event: 93.984 Thread 0x000001bac688f800 14548       3       com.android.tools.r8.internal.Gb::e (297 bytes)

GC Heap History (20 events):
Event: 93.148 GC heap after
{Heap after GC invocations=64 (full 0):
 garbage-first heap   total 189440K, used 141061K [0x0000000080000000, 0x0000000100000000)
  region size 1024K, 4 young (4096K), 4 survivors (4096K)
 Metaspace       used 113053K, capacity 116248K, committed 116300K, reserved 1150976K
  class space    used 14564K, capacity 15717K, committed 15744K, reserved 1048576K
}
Event: 93.210 GC heap before
{Heap before GC invocations=64 (full 0):
 garbage-first heap   total 189440K, used 158469K [0x0000000080000000, 0x0000000100000000)
  region size 1024K, 22 young (22528K), 4 survivors (4096K)
 Metaspace       used 113276K, capacity 116501K, committed 116684K, reserved 1150976K
  class space    used 14602K, capacity 15760K, committed 15872K, reserved 1048576K
}
Event: 93.214 GC heap after
{Heap after GC invocations=65 (full 0):
 garbage-first heap   total 189440K, used 146007K [0x0000000080000000, 0x0000000100000000)
  region size 1024K, 3 young (3072K), 3 survivors (3072K)
 Metaspace       used 113276K, capacity 116501K, committed 116684K, reserved 1150976K
  class space    used 14602K, capacity 15760K, committed 15872K, reserved 1048576K
}
Event: 93.252 GC heap before
{Heap before GC invocations=65 (full 0):
 garbage-first heap   total 189440K, used 159319K [0x0000000080000000, 0x0000000100000000)
  region size 1024K, 17 young (17408K), 3 survivors (3072K)
 Metaspace       used 113558K, capacity 116737K, committed 116940K, reserved 1150976K
  class space    used 14643K, capacity 15796K, committed 15872K, reserved 1048576K
}
Event: 93.255 GC heap after
{Heap after GC invocations=66 (full 0):
 garbage-first heap   total 189440K, used 149504K [0x0000000080000000, 0x0000000100000000)
  region size 1024K, 3 young (3072K), 3 survivors (3072K)
 Metaspace       used 113558K, capacity 116737K, committed 116940K, reserved 1150976K
  class space    used 14643K, capacity 15796K, committed 15872K, reserved 1048576K
}
Event: 93.310 GC heap before
{Heap before GC invocations=66 (full 0):
 garbage-first heap   total 189440K, used 160768K [0x0000000080000000, 0x0000000100000000)
  region size 1024K, 15 young (15360K), 3 survivors (3072K)
 Metaspace       used 113804K, capacity 117041K, committed 117196K, reserved 1150976K
  class space    used 14672K, capacity 15834K, committed 15872K, reserved 1048576K
}
Event: 93.314 GC heap after
{Heap after GC invocations=67 (full 0):
 garbage-first heap   total 189440K, used 152137K [0x0000000080000000, 0x0000000100000000)
  region size 1024K, 2 young (2048K), 2 survivors (2048K)
 Metaspace       used 113804K, capacity 117041K, committed 117196K, reserved 1150976K
  class space    used 14672K, capacity 15834K, committed 15872K, reserved 1048576K
}
Event: 93.382 GC heap before
{Heap before GC invocations=67 (full 0):
 garbage-first heap   total 189440K, used 161353K [0x0000000080000000, 0x0000000100000000)
  region size 1024K, 12 young (12288K), 2 survivors (2048K)
 Metaspace       used 113920K, capacity 117122K, committed 117196K, reserved 1150976K
  class space    used 14690K, capacity 15839K, committed 15872K, reserved 1048576K
}
Event: 93.386 GC heap after
{Heap after GC invocations=68 (full 0):
 garbage-first heap   total 189440K, used 155122K [0x0000000080000000, 0x0000000100000000)
  region size 1024K, 2 young (2048K), 2 survivors (2048K)
 Metaspace       used 113920K, capacity 117122K, committed 117196K, reserved 1150976K
  class space    used 14690K, capacity 15839K, committed 15872K, reserved 1048576K
}
Event: 93.441 GC heap before
{Heap before GC invocations=68 (full 0):
 garbage-first heap   total 189440K, used 163314K [0x0000000080000000, 0x0000000100000000)
  region size 1024K, 10 young (10240K), 2 survivors (2048K)
 Metaspace       used 113970K, capacity 117186K, committed 117452K, reserved 1150976K
  class space    used 14690K, capacity 15839K, committed 15872K, reserved 1048576K
}
Event: 93.448 GC heap after
{Heap after GC invocations=69 (full 0):
 garbage-first heap   total 189440K, used 156630K [0x0000000080000000, 0x0000000100000000)
  region size 1024K, 2 young (2048K), 2 survivors (2048K)
 Metaspace       used 113970K, capacity 117186K, committed 117452K, reserved 1150976K
  class space    used 14690K, capacity 15839K, committed 15872K, reserved 1048576K
}
Event: 93.507 GC heap before
{Heap before GC invocations=70 (full 0):
 garbage-first heap   total 189440K, used 163798K [0x0000000080000000, 0x0000000100000000)
  region size 1024K, 9 young (9216K), 2 survivors (2048K)
 Metaspace       used 114057K, capacity 117295K, committed 117580K, reserved 1150976K
  class space    used 14698K, capacity 15874K, committed 16000K, reserved 1048576K
}
Event: 93.515 GC heap after
{Heap after GC invocations=71 (full 0):
 garbage-first heap   total 227328K, used 157778K [0x0000000080000000, 0x0000000100000000)
  region size 1024K, 2 young (2048K), 2 survivors (2048K)
 Metaspace       used 114057K, capacity 117295K, committed 117580K, reserved 1150976K
  class space    used 14698K, capacity 15874K, committed 16000K, reserved 1048576K
}
Event: 93.552 GC heap before
{Heap before GC invocations=71 (full 0):
 garbage-first heap   total 227328K, used 166994K [0x0000000080000000, 0x0000000100000000)
  region size 1024K, 11 young (11264K), 2 survivors (2048K)
 Metaspace       used 114327K, capacity 117530K, committed 117836K, reserved 1150976K
  class space    used 14728K, capacity 15886K, committed 16000K, reserved 1048576K
}
Event: 93.560 GC heap after
{Heap after GC invocations=72 (full 0):
 garbage-first heap   total 227328K, used 159693K [0x0000000080000000, 0x0000000100000000)
  region size 1024K, 2 young (2048K), 2 survivors (2048K)
 Metaspace       used 114327K, capacity 117530K, committed 117836K, reserved 1150976K
  class space    used 14728K, capacity 15886K, committed 16000K, reserved 1048576K
}
Event: 93.682 GC heap before
{Heap before GC invocations=72 (full 0):
 garbage-first heap   total 227328K, used 184269K [0x0000000080000000, 0x0000000100000000)
  region size 1024K, 26 young (26624K), 2 survivors (2048K)
 Metaspace       used 114741K, capacity 117986K, committed 118092K, reserved 1150976K
  class space    used 14774K, capacity 15952K, committed 16000K, reserved 1048576K
}
Event: 93.698 GC heap after
{Heap after GC invocations=73 (full 0):
 garbage-first heap   total 227328K, used 164385K [0x0000000080000000, 0x0000000100000000)
  region size 1024K, 4 young (4096K), 4 survivors (4096K)
 Metaspace       used 114741K, capacity 117986K, committed 118092K, reserved 1150976K
  class space    used 14774K, capacity 15952K, committed 16000K, reserved 1048576K
}
Event: 93.823 GC heap before
{Heap before GC invocations=73 (full 0):
 garbage-first heap   total 227328K, used 185889K [0x0000000080000000, 0x0000000100000000)
  region size 1024K, 26 young (26624K), 4 survivors (4096K)
 Metaspace       used 115198K, capacity 118406K, committed 118604K, reserved 1153024K
  class space    used 14824K, capacity 15984K, committed 16000K, reserved 1048576K
}
Event: 93.839 GC heap after
{Heap after GC invocations=74 (full 0):
 garbage-first heap   total 227328K, used 168960K [0x0000000080000000, 0x0000000100000000)
  region size 1024K, 4 young (4096K), 4 survivors (4096K)
 Metaspace       used 115198K, capacity 118406K, committed 118604K, reserved 1153024K
  class space    used 14824K, capacity 15984K, committed 16000K, reserved 1048576K
}
Event: 93.985 GC heap before
{Heap before GC invocations=74 (full 0):
 garbage-first heap   total 227328K, used 189440K [0x0000000080000000, 0x0000000100000000)
  region size 1024K, 24 young (24576K), 4 survivors (4096K)
 Metaspace       used 115324K, capacity 118566K, committed 118732K, reserved 1153024K
  class space    used 14849K, capacity 16016K, committed 16128K, reserved 1048576K
}

Deoptimization events (20 events):
Event: 93.842 Thread 0x000001bacc6a2000 DEOPT PACKING pc=0x000001bab7affca0 sp=0x000000ad489f9390
Event: 93.842 Thread 0x000001bacc6a2000 DEOPT UNPACKING pc=0x000001baaf7378af sp=0x000000ad489f92c0 mode 2
Event: 93.842 Thread 0x000001bacc6a2000 Uncommon trap: trap_request=0xffffff4d fr.pc=0x000001bab7afada0 relative=0x0000000000000100
Event: 93.842 Thread 0x000001bacc6a2000 Uncommon trap: reason=unstable_if action=reinterpret pc=0x000001bab7afada0 method=com.android.tools.r8.graph.a1.a(C[BI)I @ 27 c2
Event: 93.842 Thread 0x000001bacc6a2000 DEOPT PACKING pc=0x000001bab7afada0 sp=0x000000ad489f9300
Event: 93.842 Thread 0x000001bacc6a2000 DEOPT UNPACKING pc=0x000001baaf7378af sp=0x000000ad489f92a8 mode 2
Event: 93.871 Thread 0x000001bacc6a3800 DEOPT PACKING pc=0x000001bab1c740c0 sp=0x000000ad48df9a60
Event: 93.871 Thread 0x000001bacc6a3800 DEOPT UNPACKING pc=0x000001baaf7376ce sp=0x000000ad48df8f68 mode 0
Event: 93.898 Thread 0x000001bacc6a3800 DEOPT PACKING pc=0x000001bab1c75677 sp=0x000000ad48df9770
Event: 93.898 Thread 0x000001bacc6a3800 DEOPT UNPACKING pc=0x000001baaf7376ce sp=0x000000ad48df8ce8 mode 0
Event: 93.933 Thread 0x000001bacc6a3800 DEOPT PACKING pc=0x000001bab1c75677 sp=0x000000ad48df9770
Event: 93.933 Thread 0x000001bacc6a3800 DEOPT UNPACKING pc=0x000001baaf7376ce sp=0x000000ad48df8ce8 mode 0
Event: 93.951 Thread 0x000001bacc6a3800 DEOPT PACKING pc=0x000001bab1c75677 sp=0x000000ad48df9770
Event: 93.951 Thread 0x000001bacc6a3800 DEOPT UNPACKING pc=0x000001baaf7376ce sp=0x000000ad48df8ce8 mode 0
Event: 93.961 Thread 0x000001bacac3c800 DEOPT PACKING pc=0x000001bab1c75677 sp=0x000000ad490f9960
Event: 93.961 Thread 0x000001bacac3c800 DEOPT UNPACKING pc=0x000001baaf7376ce sp=0x000000ad490f8ed8 mode 0
Event: 93.969 Thread 0x000001bacc6a3800 DEOPT PACKING pc=0x000001bab1c75677 sp=0x000000ad48df9880
Event: 93.969 Thread 0x000001bacc6a3800 DEOPT UNPACKING pc=0x000001baaf7376ce sp=0x000000ad48df8df8 mode 0
Event: 93.978 Thread 0x000001bacc6a3800 DEOPT PACKING pc=0x000001bab1c75677 sp=0x000000ad48df9880
Event: 93.978 Thread 0x000001bacc6a3800 DEOPT UNPACKING pc=0x000001baaf7376ce sp=0x000000ad48df8df8 mode 0

Classes redefined (0 events):
No events

Internal exceptions (20 events):
Event: 91.483 Thread 0x000001bacc69e800 Exception <a 'java/lang/NoSuchMethodError'{0x000000008a4229b8}: <clinit>> (0x000000008a4229b8) thrown at [./src/hotspot/share/prims/jni.cpp, line 1362]
Event: 92.228 Thread 0x000001bacac46800 Exception <a 'java/lang/NoSuchMethodError'{0x0000000089ed5cc0}: <clinit>> (0x0000000089ed5cc0) thrown at [./src/hotspot/share/prims/jni.cpp, line 1362]
Event: 92.228 Thread 0x000001bacac46800 Exception <a 'java/lang/NoSuchMethodError'{0x0000000089ed6ff8}: <clinit>> (0x0000000089ed6ff8) thrown at [./src/hotspot/share/prims/jni.cpp, line 1362]
Event: 92.228 Thread 0x000001bacac46800 Exception <a 'java/lang/NoSuchMethodError'{0x0000000089ed9a20}: <clinit>> (0x0000000089ed9a20) thrown at [./src/hotspot/share/prims/jni.cpp, line 1362]
Event: 92.230 Thread 0x000001bacac46800 Exception <a 'java/lang/NoSuchMethodError'{0x0000000089ef2090}: <clinit>> (0x0000000089ef2090) thrown at [./src/hotspot/share/prims/jni.cpp, line 1362]
Event: 92.230 Thread 0x000001bacac46800 Exception <a 'java/lang/NoSuchMethodError'{0x0000000089ef3570}: <clinit>> (0x0000000089ef3570) thrown at [./src/hotspot/share/prims/jni.cpp, line 1362]
Event: 92.287 Thread 0x000001bacac46800 Implicit null exception at 0x000001bab73fc0ac to 0x000001bab73fc0eb
Event: 92.324 Thread 0x000001bacac46800 Exception <a 'java/lang/NoSuchMethodError'{0x00000000899f0d80}: 'int java.lang.invoke.DirectMethodHandle$Holder.invokeSpecial(java.lang.Object, java.lang.Object, java.lang.Object, java.lang.Object, java.lang.Object)'> (0x00000000899f0d80) thrown at [./src/hotspot/share/interpreter/linkResolver.cpp, line 773]
Event: 93.069 Thread 0x000001bacac44000 Exception <a 'sun/nio/fs/WindowsException'{0x000000008b4298c0}> (0x000000008b4298c0) thrown at [./src/hotspot/share/prims/jni.cpp, line 615]
Event: 93.103 Thread 0x000001bacc6a8800 Exception <a 'sun/nio/fs/WindowsException'{0x000000008a9a9250}> (0x000000008a9a9250) thrown at [./src/hotspot/share/prims/jni.cpp, line 615]
Event: 93.113 Thread 0x000001bacc6a3000 Exception <a 'sun/nio/fs/WindowsException'{0x000000008a8931d8}> (0x000000008a8931d8) thrown at [./src/hotspot/share/prims/jni.cpp, line 615]
Event: 93.176 Thread 0x000001bacac41800 Exception <a 'sun/nio/fs/WindowsException'{0x000000008b026378}> (0x000000008b026378) thrown at [./src/hotspot/share/prims/jni.cpp, line 615]
Event: 93.188 Thread 0x000001bacc6a8800 Exception <a 'java/lang/IncompatibleClassChangeError'{0x000000008adc2480}: Found class java.lang.Object, but interface was expected> (0x000000008adc2480) thrown at [./src/hotspot/share/interpreter/linkResolver.cpp, line 839]
Event: 93.193 Thread 0x000001bacc6a2000 Exception <a 'sun/nio/fs/WindowsException'{0x000000008aa53990}> (0x000000008aa53990) thrown at [./src/hotspot/share/prims/jni.cpp, line 615]
Event: 93.250 Thread 0x000001bacc6a3800 Exception <a 'sun/nio/fs/WindowsException'{0x000000008ab3ac30}> (0x000000008ab3ac30) thrown at [./src/hotspot/share/prims/jni.cpp, line 615]
Event: 93.266 Thread 0x000001bacc6a3000 Exception <a 'java/lang/NoSuchMethodError'{0x000000008b6454e0}: 'java.lang.Object java.lang.invoke.DirectMethodHandle$Holder.invokeStatic(java.lang.Object, long)'> (0x000000008b6454e0) thrown at [./src/hotspot/share/interpreter/linkResolver.cpp, line 773]
Event: 93.326 Thread 0x000001bacac3b800 Exception <a 'sun/nio/fs/WindowsException'{0x000000008b7ba5f0}> (0x000000008b7ba5f0) thrown at [./src/hotspot/share/prims/jni.cpp, line 615]
Event: 93.409 Thread 0x000001bacac3c800 Exception <a 'sun/nio/fs/WindowsException'{0x000000008b35b308}> (0x000000008b35b308) thrown at [./src/hotspot/share/prims/jni.cpp, line 615]
Event: 93.524 Thread 0x000001bacc6a8800 Exception <a 'java/lang/NoSuchMethodError'{0x000000008dcbf908}: 'void java.lang.invoke.DirectMethodHandle$Holder.invokeStatic(java.lang.Object, java.lang.Object, java.lang.Object, int)'> (0x000000008dcbf908) thrown at [./src/hotspot/share/interpreter/linkResolver.cpp, line 773]
Event: 93.530 Thread 0x000001bacac44000 Exception <a 'java/lang/IncompatibleClassChangeError'{0x000000008da19700}: Found class java.lang.Object, but interface was expected> (0x000000008da19700) thrown at [./src/hotspot/share/interpreter/linkResolver.cpp, line 839]

Events (20 events):
Event: 93.851 loading class com/android/tools/r8/internal/s2 done
Event: 93.852 loading class com/android/tools/r8/internal/P
Event: 93.852 loading class com/android/tools/r8/internal/P done
Event: 93.853 loading class com/android/tools/r8/internal/av
Event: 93.853 loading class com/android/tools/r8/internal/av done
Event: 93.854 loading class com/android/tools/r8/internal/s7
Event: 93.854 loading class com/android/tools/r8/internal/s7 done
Event: 93.855 loading class com/android/tools/r8/internal/t9
Event: 93.855 loading class com/android/tools/r8/internal/t9 done
Event: 93.881 loading class com/android/tools/r8/graph/x1
Event: 93.881 loading class com/android/tools/r8/graph/x1 done
Event: 93.906 loading class com/android/tools/r8/internal/w9
Event: 93.906 loading class com/android/tools/r8/internal/w9 done
Event: 93.907 loading class com/android/tools/r8/internal/r9
Event: 93.907 loading class com/android/tools/r8/internal/r9 done
Event: 93.908 loading class com/android/tools/r8/internal/ib
Event: 93.908 loading class com/android/tools/r8/internal/ib done
Event: 93.908 loading class com/android/tools/r8/internal/tx
Event: 93.908 loading class com/android/tools/r8/internal/tx done
Event: 93.984 Executing VM operation: G1CollectForAllocation


Dynamic libraries:
0x00007ff6df1b0000 - 0x00007ff6df1ba000 	C:\Users\Administrator\Desktop\ThisPC\android-studio-2021.1.1.1-windows\android-studio\jre\bin\java.exe
0x00007ffab9230000 - 0x00007ffab9424000 	C:\Windows\SYSTEM32\ntdll.dll
0x00007ffab7a00000 - 0x00007ffab7abd000 	C:\Windows\System32\KERNEL32.DLL
0x00007ffab6b40000 - 0x00007ffab6e07000 	C:\Windows\System32\KERNELBASE.dll
0x00007ffab6e10000 - 0x00007ffab6f10000 	C:\Windows\System32\ucrtbase.dll
0x00007ffa8dfb0000 - 0x00007ffa8dfc7000 	C:\Users\Administrator\Desktop\ThisPC\android-studio-2021.1.1.1-windows\android-studio\jre\bin\VCRUNTIME140.dll
0x00007ffa9cf50000 - 0x00007ffa9cf69000 	C:\Users\Administrator\Desktop\ThisPC\android-studio-2021.1.1.1-windows\android-studio\jre\bin\jli.dll
0x00007ffab8b00000 - 0x00007ffab8ca0000 	C:\Windows\System32\USER32.dll
0x00007ffaa59a0000 - 0x00007ffaa5c3a000 	C:\Windows\WinSxS\amd64_microsoft.windows.common-controls_6595b64144ccf1df_6.0.19041.1_none_b555e41d4684ddec\COMCTL32.dll
0x00007ffab7030000 - 0x00007ffab7052000 	C:\Windows\System32\win32u.dll
0x00007ffab88c0000 - 0x00007ffab895e000 	C:\Windows\System32\msvcrt.dll
0x00007ffab7970000 - 0x00007ffab799a000 	C:\Windows\System32\GDI32.dll
0x00007ffab69e0000 - 0x00007ffab6ae9000 	C:\Windows\System32\gdi32full.dll
0x00007ffab6f10000 - 0x00007ffab6fad000 	C:\Windows\System32\msvcp_win.dll
0x00007ffab7ad0000 - 0x00007ffab7b00000 	C:\Windows\System32\IMM32.DLL
0x00007ffa8b810000 - 0x00007ffa8b8ad000 	C:\Users\Administrator\Desktop\ThisPC\android-studio-2021.1.1.1-windows\android-studio\jre\bin\msvcp140.dll
0x00007ffa7e400000 - 0x00007ffa7eecf000 	C:\Users\Administrator\Desktop\ThisPC\android-studio-2021.1.1.1-windows\android-studio\jre\bin\server\jvm.dll
0x00007ffab8ca0000 - 0x00007ffab8d4a000 	C:\Windows\System32\ADVAPI32.dll
0x00007ffab7850000 - 0x00007ffab78eb000 	C:\Windows\System32\sechost.dll
0x00007ffab72b0000 - 0x00007ffab73d3000 	C:\Windows\System32\RPCRT4.dll
0x00007ffab8d50000 - 0x00007ffab8d58000 	C:\Windows\System32\PSAPI.DLL
0x00007ffaadeb0000 - 0x00007ffaadeb9000 	C:\Windows\SYSTEM32\WSOCK32.dll
0x00007ffaa9b40000 - 0x00007ffaa9b67000 	C:\Windows\SYSTEM32\WINMM.dll
0x00007ffaabbb0000 - 0x00007ffaabbba000 	C:\Windows\SYSTEM32\VERSION.dll
0x00007ffab8a90000 - 0x00007ffab8afb000 	C:\Windows\System32\WS2_32.dll
0x00007ffab4af0000 - 0x00007ffab4b03000 	C:\Windows\SYSTEM32\kernel.appcore.dll
0x00007ffab0130000 - 0x00007ffab0141000 	C:\Users\Administrator\Desktop\ThisPC\android-studio-2021.1.1.1-windows\android-studio\jre\bin\verify.dll
0x00007ffab16f0000 - 0x00007ffab18d4000 	C:\Windows\SYSTEM32\DBGHELP.DLL
0x00007ffaa6ba0000 - 0x00007ffaa6bcc000 	C:\Windows\SYSTEM32\dbgcore.DLL
0x00007ffab6fb0000 - 0x00007ffab702f000 	C:\Windows\System32\bcryptPrimitives.dll
0x00007ffaa06d0000 - 0x00007ffaa06f9000 	C:\Users\Administrator\Desktop\ThisPC\android-studio-2021.1.1.1-windows\android-studio\jre\bin\java.dll
0x00007ffab02e0000 - 0x00007ffab02eb000 	C:\Users\Administrator\Desktop\ThisPC\android-studio-2021.1.1.1-windows\android-studio\jre\bin\jimage.dll
0x00007ffab0110000 - 0x00007ffab0128000 	C:\Users\Administrator\Desktop\ThisPC\android-studio-2021.1.1.1-windows\android-studio\jre\bin\zip.dll
0x00007ffab7e60000 - 0x00007ffab8591000 	C:\Windows\System32\SHELL32.dll
0x00007ffab4b10000 - 0x00007ffab529a000 	C:\Windows\SYSTEM32\windows.storage.dll
0x00007ffab7b00000 - 0x00007ffab7e54000 	C:\Windows\System32\combase.dll
0x00007ffab6330000 - 0x00007ffab635b000 	C:\Windows\SYSTEM32\Wldp.dll
0x00007ffab75c0000 - 0x00007ffab766e000 	C:\Windows\System32\SHCORE.dll
0x00007ffab79a0000 - 0x00007ffab79f5000 	C:\Windows\System32\shlwapi.dll
0x00007ffab68c0000 - 0x00007ffab68df000 	C:\Windows\SYSTEM32\profapi.dll
0x00007ffaa8690000 - 0x00007ffaa86aa000 	C:\Users\Administrator\Desktop\ThisPC\android-studio-2021.1.1.1-windows\android-studio\jre\bin\net.dll
0x00007ffaae3d0000 - 0x00007ffaae4d0000 	C:\Windows\SYSTEM32\WINHTTP.dll
0x00007ffab60b0000 - 0x00007ffab611a000 	C:\Windows\system32\mswsock.dll
0x00007ffaa5370000 - 0x00007ffaa5384000 	C:\Users\Administrator\Desktop\ThisPC\android-studio-2021.1.1.1-windows\android-studio\jre\bin\nio.dll
0x00007ffa8c570000 - 0x00007ffa8c597000 	C:\Users\Administrator\.gradle\native\49d0259a56938c7f99b2704e745ce422c4f750a7a20b539a32ccef96729676b1\windows-amd64\native-platform.dll
0x00007ffa85200000 - 0x00007ffa85396000 	C:\Users\Administrator\.gradle\native\12488b8bf47d2d4c9fbf2f6322a914ad602e24e48041cd04a747c6da556b65c4\windows-amd64\native-platform-file-events.dll
0x00007ffaadc80000 - 0x00007ffaadc8a000 	C:\Users\Administrator\Desktop\ThisPC\android-studio-2021.1.1.1-windows\android-studio\jre\bin\management.dll
0x00007ffaacb60000 - 0x00007ffaacb6c000 	C:\Users\Administrator\Desktop\ThisPC\android-studio-2021.1.1.1-windows\android-studio\jre\bin\management_ext.dll
0x00007ffab6280000 - 0x00007ffab6298000 	C:\Windows\SYSTEM32\CRYPTSP.dll
0x00007ffab5a40000 - 0x00007ffab5a74000 	C:\Windows\system32\rsaenh.dll
0x00007ffab7060000 - 0x00007ffab7087000 	C:\Windows\System32\bcrypt.dll
0x00007ffab6840000 - 0x00007ffab686e000 	C:\Windows\SYSTEM32\USERENV.dll
0x00007ffab62a0000 - 0x00007ffab62ac000 	C:\Windows\SYSTEM32\CRYPTBASE.dll
0x00007ffab5da0000 - 0x00007ffab5ddb000 	C:\Windows\SYSTEM32\IPHLPAPI.DLL
0x00007ffab72a0000 - 0x00007ffab72a9000 	C:\Windows\System32\NSI.dll
0x00007ffaac330000 - 0x00007ffaac347000 	C:\Windows\SYSTEM32\dhcpcsvc6.DLL
0x00007ffaac2f0000 - 0x00007ffaac30d000 	C:\Windows\SYSTEM32\dhcpcsvc.DLL
0x00007ffab5e30000 - 0x00007ffab5efa000 	C:\Windows\SYSTEM32\DNSAPI.dll
0x00007ffaa05e0000 - 0x00007ffaa0607000 	C:\Users\Administrator\Desktop\ThisPC\android-studio-2021.1.1.1-windows\android-studio\jre\bin\sunec.dll
0x0000000051fb0000 - 0x0000000051fd6000 	C:\Program Files\Bonjour\mdnsNSP.dll
0x00007ffaa9700000 - 0x00007ffaa970a000 	C:\Windows\System32\rasadhlp.dll
0x00007ffaa9d20000 - 0x00007ffaa9d9f000 	C:\Windows\System32\fwpuclnt.dll

dbghelp: loaded successfully - version: 4.0.5 - missing functions: none
symbol engine: initialized successfully - sym options: 0x614 - pdb path: .;C:\Users\Administrator\Desktop\ThisPC\android-studio-2021.1.1.1-windows\android-studio\jre\bin;C:\Windows\SYSTEM32;C:\Windows\WinSxS\amd64_microsoft.windows.common-controls_6595b64144ccf1df_6.0.19041.1_none_b555e41d4684ddec;C:\Users\Administrator\Desktop\ThisPC\android-studio-2021.1.1.1-windows\android-studio\jre\bin\server;C:\Users\Administrator\.gradle\native\49d0259a56938c7f99b2704e745ce422c4f750a7a20b539a32ccef96729676b1\windows-amd64;C:\Users\Administrator\.gradle\native\12488b8bf47d2d4c9fbf2f6322a914ad602e24e48041cd04a747c6da556b65c4\windows-amd64;C:\Program Files\Bonjour

VM Arguments:
jvm_args: --add-opens=java.base/java.util=ALL-UNNAMED --add-opens=java.base/java.lang=ALL-UNNAMED --add-opens=java.base/java.lang.invoke=ALL-UNNAMED --add-opens=java.base/java.util=ALL-UNNAMED --add-opens=java.prefs/java.util.prefs=ALL-UNNAMED --add-opens=java.prefs/java.util.prefs=ALL-UNNAMED --add-opens=java.base/java.nio.charset=ALL-UNNAMED --add-opens=java.base/java.net=ALL-UNNAMED --add-opens=java.base/java.util.concurrent.atomic=ALL-UNNAMED -Xmx2048m -Dfile.encoding=UTF-8 -Duser.country=IN -Duser.language=en -Duser.variant 
java_command: org.gradle.launcher.daemon.bootstrap.GradleDaemon 7.0
java_class_path (initial): C:\Users\Administrator\.gradle\wrapper\dists\gradle-7.0-bin\2p9ebqfz6ilrfozi676ogco7n\gradle-7.0\lib\gradle-launcher-7.0.jar
Launcher Type: SUN_STANDARD

[Global flags]
     intx CICompilerCount                          = 4                                         {product} {ergonomic}
     uint ConcGCThreads                            = 2                                         {product} {ergonomic}
     uint G1ConcRefinementThreads                  = 8                                         {product} {ergonomic}
   size_t G1HeapRegionSize                         = 1048576                                   {product} {ergonomic}
    uintx GCDrainStackTargetSize                   = 64                                        {product} {ergonomic}
   size_t InitialHeapSize                          = 134217728                                 {product} {ergonomic}
   size_t MarkStackSize                            = 4194304                                   {product} {ergonomic}
   size_t MaxHeapSize                              = 2147483648                                {product} {command line}
   size_t MaxNewSize                               = 1287651328                                {product} {ergonomic}
   size_t MinHeapDeltaBytes                        = 1048576                                   {product} {ergonomic}
    uintx NonNMethodCodeHeapSize                   = 5836300                                {pd product} {ergonomic}
    uintx NonProfiledCodeHeapSize                  = 122910970                              {pd product} {ergonomic}
    uintx ProfiledCodeHeapSize                     = 122910970                              {pd product} {ergonomic}
    uintx ReservedCodeCacheSize                    = 251658240                              {pd product} {ergonomic}
     bool SegmentedCodeCache                       = true                                      {product} {ergonomic}
     bool UseCompressedClassPointers               = true                                 {lp64_product} {ergonomic}
     bool UseCompressedOops                        = true                                 {lp64_product} {ergonomic}
     bool UseG1GC                                  = true                                      {product} {ergonomic}
     bool UseLargePagesIndividualAllocation        = false                                  {pd product} {ergonomic}

Logging:
Log output configuration:
 #0: stdout all=warning uptime,level,tags
 #1: stderr all=off uptime,level,tags

Environment Variables:
JAVA_HOME=C:\Program Files\Android\Android Studio\jre
PATH=C:\Program Files\Common Files\Oracle\Java\javapath;C:\MinGW\mingw64\bin;C:\Windows\system32;C:\Windows;C:\Windows\System32\Wbem;C:\Windows\System32\WindowsPowerShell\v1.0\;C:\Windows\System32\OpenSSH\;E:\Flutter\bin;C:\Program Files\nodejs\;C:\Program Files\Git\cmd;C:\Program Files\Amazon\AWSCLIV2\;C:\Program Files (x86)\Yarn\bin\;C:\Program Files\PostgreSQL\12\bin;C:\Program Files\dotnet\;C:\Users\Administrator\Downloads\cmder_mini\bin;C:\Users\Administrator\Downloads\cmder_mini\Cmder.exe;C:\Program Files\Sublime Text 3;C:\Program Files\MongoDB\Server\4.0\bin;C:\Program Files\MySQL\MySQL Server 8.0\bin;C:\Program Files\MySQL\MySQL Shell 8.0\bin;C:\Program Files\Git\usr\bin;C:\Users\Administrator\Downloads\chromedriver_win32;C:\Users\Administrator\Downloads\chromedriver_win32\chromedriver.exe;C:\Users\Administrator\Downloads\geckodriver-v0.29.1-win64;C:\Users\Administrator\Downloads\ffmpeg-N-102462-gf8d910e90f-win64-gpl-shared\bin;C:\Users\Administrator\AppData\Local\Programs\Python\Python39\Scripts\;C:\Users\Administrator\AppData\Local\Programs\Python\Python39\;C:\Users\Administrator\AppData\Local\Microsoft\WindowsApps;C:\Users\Administrator\AppData\Local\Programs\Microsoft VS Code\bin;C:\Program Files\heroku\bin;C:\Users\Administrator\Downloads\ffmpeg-N-102462-gf8d910e90f-win64-gpl-shared\binC:\Users\Administrator\Downloads\ffmpeg-N-102462-gf8d910e90f-win64-gpl-shared\bin
USERNAME=Administrator
OS=Windows_NT
PROCESSOR_IDENTIFIER=Intel64 Family 6 Model 142 Stepping 10, GenuineIntel



---------------  S Y S T E M  ---------------

OS: Windows 10 , 64 bit Build 19041 (10.0.19041.207)
OS uptime: 0 days 23:16 hours

CPU:total 8 (initial active 8) (4 cores per cpu, 2 threads per core) family 6 model 142 stepping 10 microcode 0xb4, cmov, cx8, fxsr, mmx, sse, sse2, sse3, ssse3, sse4.1, sse4.2, popcnt, avx, avx2, aes, clmul, erms, 3dnowpref, lzcnt, ht, tsc, tscinvbit, bmi1, bmi2, adx, fma

Memory: 4k page, system-wide physical 8067M (1269M free)
TotalPageFile size 8067M (AvailPageFile size 210M)
current process WorkingSet (physical memory assigned to process): 593M, peak: 593M
current process commit charge ("private bytes"): 664M, peak: 901M

vm_info: OpenJDK 64-Bit Server VM (11.0.10+0-b96-7249189) for windows-amd64 JRE (11.0.10+0-b96-7249189), built on Mar 31 2021 21:44:00 by "builder" with MS VC++ 14.0 (VS2015)

END.
