#
# There is insufficient memory for the Java Runtime Environment to continue.
# Native memory allocation (mmap) failed to map 71303168 bytes for Failed to commit area from 0x0000000095400000 to 0x0000000099800000 of length 71303168.
# Possible reasons:
#   The system is out of physical RAM or swap space
#   The process is running with CompressedOops enabled, and the Java Heap may be blocking the growth of the native heap
# Possible solutions:
#   Reduce memory load on the system
#   Increase physical memory or swap space
#   Check if swap backing store is full
#   Decrease Java heap size (-Xmx/-Xms)
#   Decrease number of Java threads
#   Decrease Java thread stack sizes (-Xss)
#   Set larger code cache with -XX:ReservedCodeCacheSize=
#   JVM is running with Unscaled Compressed Oops mode in which the Java heap is
#     placed in the first 4GB address space. The Java Heap base address is the
#     maximum limit for the native heap growth. Please use -XX:HeapBaseMinAddress
#     to set the Java Heap base and to place the Java Heap above 4GB virtual address.
# This output file may be truncated or incomplete.
#
#  Out of Memory Error (./src/hotspot/os/windows/os_windows.cpp:3301), pid=8740, tid=564
#
# JRE version: OpenJDK Runtime Environment (11.0.10) (build 11.0.10+0-b96-7249189)
# Java VM: OpenJDK 64-Bit Server VM (11.0.10+0-b96-7249189, mixed mode, tiered, compressed oops, g1 gc, windows-amd64)
# No core dump will be written. Minidumps are not enabled by default on client versions of Windows
#

---------------  S U M M A R Y ------------

Command Line: --add-opens=java.base/java.util=ALL-UNNAMED --add-opens=java.base/java.lang=ALL-UNNAMED --add-opens=java.base/java.lang.invoke=ALL-UNNAMED --add-opens=java.base/java.util=ALL-UNNAMED --add-opens=java.prefs/java.util.prefs=ALL-UNNAMED --add-opens=java.prefs/java.util.prefs=ALL-UNNAMED --add-opens=java.base/java.nio.charset=ALL-UNNAMED --add-opens=java.base/java.net=ALL-UNNAMED --add-opens=java.base/java.util.concurrent.atomic=ALL-UNNAMED -Xmx2048m -Dfile.encoding=UTF-8 -Duser.country=IN -Duser.language=en -Duser.variant org.gradle.launcher.daemon.bootstrap.GradleDaemon 7.0

Host: Intel(R) Core(TM) i5-8250U CPU @ 1.60GHz, 8 cores, 7G,  Windows 10 , 64 bit Build 19041 (10.0.19041.207)
Time: Sat May 29 21:21:07 2021 India Standard Time elapsed time: 14.951950 seconds (0d 0h 0m 14s)

---------------  T H R E A D  ---------------

Current thread (0x000001e1a1041800):  VMThread "VM Thread" [stack: 0x0000008389400000,0x0000008389500000] [id=564]

Stack: [0x0000008389400000,0x0000008389500000]
[error occurred during error reporting (printing stack bounds), id 0xc0000005, EXCEPTION_ACCESS_VIOLATION (0xc0000005) at pc=0x000001e189fa0f2d]

Native frames: (J=compiled Java code, j=interpreted, Vv=VM code, C=native code)
V  [jvm.dll+0x5ecfaa]
V  [jvm.dll+0x722bd5]
V  [jvm.dll+0x72412d]
V  [jvm.dll+0x724745]
V  [jvm.dll+0x7246fb]
V  [jvm.dll+0x5ec348]
V  [jvm.dll+0x5ecad8]
C  [ntdll.dll+0xa00ef]
C  [ntdll.dll+0x4b474]
C  [ntdll.dll+0x9ec1e]
C  0x000001e189fa0f2d

VM_Operation (0x000000838c7f8860): G1CollectForAllocation, mode: safepoint, requested by thread 0x000001e1a7305000


---------------  P R O C E S S  ---------------

Threads class SMR info:
_java_thread_list=0x000001e1aa294c60, length=61, elements={
0x000001e1864da800, 0x000001e1a1044800, 0x000001e1a1048000, 0x000001e1a105c000,
0x000001e1a105d800, 0x000001e1a1060800, 0x000001e1a1068000, 0x000001e1a106c000,
0x000001e1a106d000, 0x000001e1a1b54000, 0x000001e1a3f40800, 0x000001e1a3f3e800,
0x000001e1a3f42000, 0x000001e1a3f41000, 0x000001e1a3f42800, 0x000001e1a21a5000,
0x000001e1a3f43800, 0x000001e1a3f3f800, 0x000001e1a3f3e000, 0x000001e1a3f44800,
0x000001e1a3eb1800, 0x000001e1a3eb4000, 0x000001e1a3eb7800, 0x000001e1a3eb6800,
0x000001e1a3eb8800, 0x000001e1a3eb5000, 0x000001e1a3eb2800, 0x000001e1a3eb6000,
0x000001e1a3eb3800, 0x000001e1a4e45000, 0x000001e1a72fd000, 0x000001e1a72fa000,
0x000001e1a72fe800, 0x000001e1a72ff800, 0x000001e1a7300800, 0x000001e1a7302000,
0x000001e1a7308800, 0x000001e1a7304800, 0x000001e1a7307800, 0x000001e1a7303800,
0x000001e1a7306000, 0x000001e1a7303000, 0x000001e1a7305000, 0x000001e1a7307000,
0x000001e1a6d2c000, 0x000001e1a6d2d800, 0x000001e1a6d27800, 0x000001e1a6d2a000,
0x000001e1a6d2e000, 0x000001e1a6d28800, 0x000001e1a6d29800, 0x000001e1a6d2f000,
0x000001e1a6d30800, 0x000001e1a6d2b000, 0x000001e1a6d33000, 0x000001e1a6d35000,
0x000001e1a6d32800, 0x000001e1a6d31800, 0x000001e1a6d35800, 0x000001e1a6d36800,
0x000001e1a6d34000
}

Java Threads: ( => current thread )
  0x000001e1864da800 JavaThread "main" [_thread_blocked, id=12880, stack(0x0000008388e00000,0x0000008388f00000)]
  0x000001e1a1044800 JavaThread "Reference Handler" daemon [_thread_blocked, id=11152, stack(0x0000008389500000,0x0000008389600000)]
  0x000001e1a1048000 JavaThread "Finalizer" daemon [_thread_blocked, id=9804, stack(0x0000008389600000,0x0000008389700000)]
  0x000001e1a105c000 JavaThread "Signal Dispatcher" daemon [_thread_blocked, id=12568, stack(0x0000008389700000,0x0000008389800000)]
  0x000001e1a105d800 JavaThread "Attach Listener" daemon [_thread_blocked, id=7148, stack(0x0000008389800000,0x0000008389900000)]
  0x000001e1a1060800 JavaThread "Service Thread" daemon [_thread_blocked, id=10352, stack(0x0000008389900000,0x0000008389a00000)]
  0x000001e1a1068000 JavaThread "C2 CompilerThread0" daemon [_thread_in_native, id=3032, stack(0x0000008389a00000,0x0000008389b00000)]
  0x000001e1a106c000 JavaThread "C1 CompilerThread0" daemon [_thread_blocked, id=10496, stack(0x0000008389b00000,0x0000008389c00000)]
  0x000001e1a106d000 JavaThread "Sweeper thread" daemon [_thread_blocked, id=13544, stack(0x0000008389c00000,0x0000008389d00000)]
  0x000001e1a1b54000 JavaThread "Common-Cleaner" daemon [_thread_blocked, id=10404, stack(0x0000008389d00000,0x0000008389e00000)]
  0x000001e1a3f40800 JavaThread "Daemon health stats" [_thread_blocked, id=12360, stack(0x000000838a300000,0x000000838a400000)]
  0x000001e1a3f3e800 JavaThread "Incoming local TCP Connector on port 51850" [_thread_in_native, id=12384, stack(0x0000008389f00000,0x000000838a000000)]
  0x000001e1a3f42000 JavaThread "Daemon periodic checks" [_thread_blocked, id=6404, stack(0x000000838a000000,0x000000838a100000)]
  0x000001e1a3f41000 JavaThread "Daemon" [_thread_blocked, id=4936, stack(0x000000838a400000,0x000000838a500000)]
  0x000001e1a3f42800 JavaThread "Handler for socket connection from /127.0.0.1:51850 to /127.0.0.1:51851" [_thread_in_native, id=2256, stack(0x000000838a500000,0x000000838a600000)]
  0x000001e1a21a5000 JavaThread "C2 CompilerThread1" daemon [_thread_in_native, id=6920, stack(0x000000838a600000,0x000000838a700000)]
  0x000001e1a3f43800 JavaThread "Cancel handler" [_thread_blocked, id=11112, stack(0x000000838a700000,0x000000838a800000)]
  0x000001e1a3f3f800 JavaThread "Daemon worker" [_thread_blocked, id=14212, stack(0x000000838a800000,0x000000838a900000)]
  0x000001e1a3f3e000 JavaThread "Asynchronous log dispatcher for DefaultDaemonConnection: socket connection from /127.0.0.1:51850 to /127.0.0.1:51851" [_thread_blocked, id=7100, stack(0x000000838a900000,0x000000838aa00000)]
  0x000001e1a3f44800 JavaThread "Stdin handler" [_thread_blocked, id=13400, stack(0x000000838aa00000,0x000000838ab00000)]
  0x000001e1a3eb1800 JavaThread "Daemon client event forwarder" [_thread_blocked, id=1064, stack(0x000000838ab00000,0x000000838ac00000)]
  0x000001e1a3eb4000 JavaThread "Cache worker for file hash cache (C:\Users\Administrator\.gradle\caches\7.0\fileHashes)" [_thread_blocked, id=13344, stack(0x000000838b100000,0x000000838b200000)]
  0x000001e1a3eb7800 JavaThread "File lock request listener" [_thread_in_native, id=10952, stack(0x000000838b200000,0x000000838b300000)]
  0x000001e1a3eb6800 JavaThread "Cache worker for journal cache (C:\Users\Administrator\.gradle\caches\journal-1)" [_thread_blocked, id=10760, stack(0x000000838b400000,0x000000838b500000)]
  0x000001e1a3eb8800 JavaThread "Cache worker for file hash cache (E:\Focusly\.gradle\7.0\fileHashes)" [_thread_blocked, id=8852, stack(0x000000838b500000,0x000000838b600000)]
  0x000001e1a3eb5000 JavaThread "File watcher server" daemon [_thread_blocked, id=11068, stack(0x000000838b600000,0x000000838b700000)]
  0x000001e1a3eb2800 JavaThread "File watcher consumer" daemon [_thread_blocked, id=12540, stack(0x000000838b700000,0x000000838b800000)]
  0x000001e1a3eb6000 JavaThread "Cache worker for checksums cache (E:\Focusly\.gradle\checksums)" [_thread_blocked, id=5124, stack(0x000000838b800000,0x000000838b900000)]
  0x000001e1a3eb3800 JavaThread "Cache worker for cache directory md-supplier (C:\Users\Administrator\.gradle\caches\7.0\md-supplier)" [_thread_blocked, id=13584, stack(0x000000838b900000,0x000000838ba00000)]
  0x000001e1a4e45000 JavaThread "C2 CompilerThread2" daemon [_thread_in_native, id=7544, stack(0x000000838ba00000,0x000000838bb00000)]
  0x000001e1a72fd000 JavaThread "Cache worker for cache directory md-rule (C:\Users\Administrator\.gradle\caches\7.0\md-rule)" [_thread_blocked, id=10968, stack(0x000000838bb00000,0x000000838bc00000)]
  0x000001e1a72fa000 JavaThread "Cache worker for execution history cache (C:\Users\Administrator\.gradle\caches\7.0\executionHistory)" [_thread_blocked, id=9948, stack(0x000000838bc00000,0x000000838bd00000)]
  0x000001e1a72fe800 JavaThread "jar transforms" [_thread_blocked, id=12232, stack(0x000000838bd00000,0x000000838be00000)]
  0x000001e1a72ff800 JavaThread "jar transforms Thread 2" [_thread_blocked, id=3400, stack(0x000000838be00000,0x000000838bf00000)]
  0x000001e1a7300800 JavaThread "Cache worker for file content cache (C:\Users\Administrator\.gradle\caches\7.0\fileContent)" [_thread_blocked, id=13660, stack(0x000000838bf00000,0x000000838c000000)]
  0x000001e1a7302000 JavaThread "Cache worker for dependencies-accessors (E:\Focusly\.gradle\7.0\dependencies-accessors)" [_thread_blocked, id=12276, stack(0x000000838c000000,0x000000838c100000)]
  0x000001e1a7308800 JavaThread "jar transforms Thread 3" [_thread_blocked, id=10092, stack(0x000000838c100000,0x000000838c200000)]
  0x000001e1a7304800 JavaThread "Cache worker for Build Output Cleanup Cache (E:\Focusly\.gradle\buildOutputCleanup)" [_thread_blocked, id=12824, stack(0x000000838c200000,0x000000838c300000)]
  0x000001e1a7307800 JavaThread "Build operations" [_thread_blocked, id=9832, stack(0x000000838c300000,0x000000838c400000)]
  0x000001e1a7303800 JavaThread "Build operations Thread 2" [_thread_blocked, id=5232, stack(0x000000838c400000,0x000000838c500000)]
  0x000001e1a7306000 JavaThread "Build operations Thread 3" [_thread_blocked, id=12792, stack(0x000000838c500000,0x000000838c600000)]
  0x000001e1a7303000 JavaThread "Build operations Thread 4" [_thread_blocked, id=11432, stack(0x000000838c600000,0x000000838c700000)]
  0x000001e1a7305000 JavaThread "Build operations Thread 5" [_thread_blocked, id=660, stack(0x000000838c700000,0x000000838c800000)]
  0x000001e1a7307000 JavaThread "Build operations Thread 6" [_thread_blocked, id=752, stack(0x000000838c800000,0x000000838c900000)]
  0x000001e1a6d2c000 JavaThread "Build operations Thread 7" [_thread_blocked, id=11872, stack(0x000000838c900000,0x000000838ca00000)]
  0x000001e1a6d2d800 JavaThread "Build operations Thread 8" [_thread_blocked, id=7856, stack(0x000000838ca00000,0x000000838cb00000)]
  0x000001e1a6d27800 JavaThread "jar transforms Thread 4" [_thread_blocked, id=10164, stack(0x000000838cb00000,0x000000838cc00000)]
  0x000001e1a6d2a000 JavaThread "jar transforms Thread 5" [_thread_blocked, id=10876, stack(0x000000838cc00000,0x000000838cd00000)]
  0x000001e1a6d2e000 JavaThread "jar transforms Thread 6" [_thread_blocked, id=6112, stack(0x000000838cd00000,0x000000838ce00000)]
  0x000001e1a6d28800 JavaThread "jar transforms Thread 7" [_thread_blocked, id=8460, stack(0x000000838ce00000,0x000000838cf00000)]
  0x000001e1a6d29800 JavaThread "jar transforms Thread 8" [_thread_blocked, id=1596, stack(0x000000838cf00000,0x000000838d000000)]
  0x000001e1a6d2f000 JavaThread "Memory manager" [_thread_blocked, id=9884, stack(0x000000838d000000,0x000000838d100000)]
  0x000001e1a6d30800 JavaThread "build event listener" [_thread_blocked, id=11268, stack(0x000000838d100000,0x000000838d200000)]
  0x000001e1a6d2b000 JavaThread "Execution worker for ':'" [_thread_blocked, id=11580, stack(0x000000838d200000,0x000000838d300000)]
  0x000001e1a6d33000 JavaThread "Execution worker for ':' Thread 2" [_thread_blocked, id=11248, stack(0x000000838d300000,0x000000838d400000)]
  0x000001e1a6d35000 JavaThread "Execution worker for ':' Thread 3" [_thread_blocked, id=6900, stack(0x000000838d400000,0x000000838d500000)]
  0x000001e1a6d32800 JavaThread "Execution worker for ':' Thread 4" [_thread_blocked, id=11572, stack(0x000000838d500000,0x000000838d600000)]
  0x000001e1a6d31800 JavaThread "Execution worker for ':' Thread 5" [_thread_blocked, id=12840, stack(0x000000838d600000,0x000000838d700000)]
  0x000001e1a6d35800 JavaThread "Execution worker for ':' Thread 6" [_thread_blocked, id=8128, stack(0x000000838d700000,0x000000838d800000)]
  0x000001e1a6d36800 JavaThread "Execution worker for ':' Thread 7" [_thread_blocked, id=9120, stack(0x000000838d800000,0x000000838d900000)]
  0x000001e1a6d34000 JavaThread "Cache worker for execution history cache (E:\Focusly\.gradle\7.0\executionHistory)" [_thread_blocked, id=4360, stack(0x000000838d900000,0x000000838da00000)]

Other Threads:
=>0x000001e1a1041800 VMThread "VM Thread" [stack: 0x0000008389400000,0x0000008389500000] [id=564]
  0x000001e1a1b63800 WatcherThread [stack: 0x0000008389e00000,0x0000008389f00000] [id=2668]
  0x000001e1864f3800 GCTaskThread "GC Thread#0" [stack: 0x0000008388f00000,0x0000008389000000] [id=13472]
  0x000001e1a27d6800 GCTaskThread "GC Thread#1" [stack: 0x000000838a100000,0x000000838a200000] [id=12304]
  0x000001e1a2744800 GCTaskThread "GC Thread#2" [stack: 0x000000838a200000,0x000000838a300000] [id=13644]
  0x000001e1a4284800 GCTaskThread "GC Thread#3" [stack: 0x000000838ac00000,0x000000838ad00000] [id=10280]
  0x000001e1a2e65000 GCTaskThread "GC Thread#4" [stack: 0x000000838ad00000,0x000000838ae00000] [id=10344]
  0x000001e1a34a8800 GCTaskThread "GC Thread#5" [stack: 0x000000838ae00000,0x000000838af00000] [id=13468]
  0x000001e1a29df000 GCTaskThread "GC Thread#6" [stack: 0x000000838af00000,0x000000838b000000] [id=12396]
  0x000001e1a475e800 GCTaskThread "GC Thread#7" [stack: 0x000000838b000000,0x000000838b100000] [id=4984]
  0x000001e186529000 ConcurrentGCThread "G1 Main Marker" [stack: 0x0000008389000000,0x0000008389100000] [id=3980]
  0x000001e18652a800 ConcurrentGCThread "G1 Conc#0" [stack: 0x0000008389100000,0x0000008389200000] [id=13484]
  0x000001e1a2a28000 ConcurrentGCThread "G1 Conc#1" [stack: 0x000000838b300000,0x000000838b400000] [id=4308]
  0x000001e1a0e90800 ConcurrentGCThread "G1 Refine#0" [stack: 0x0000008389200000,0x0000008389300000] [id=12920]
  0x000001e1a4dc2800 ConcurrentGCThread "G1 Refine#1" [stack: 0x000000838da00000,0x000000838db00000] [id=8692]
  0x000001e1a4dc4000 ConcurrentGCThread "G1 Refine#2" [stack: 0x000000838db00000,0x000000838dc00000] [id=11908]
  0x000001e1a4dc3000 ConcurrentGCThread "G1 Refine#3" [stack: 0x000000838dc00000,0x000000838dd00000] [id=13368]
  0x000001e1a4dc4800 ConcurrentGCThread "G1 Refine#4" [stack: 0x000000838dd00000,0x000000838de00000] [id=5228]
  0x000001e1a0e91800 ConcurrentGCThread "G1 Young RemSet Sampling" [stack: 0x0000008389300000,0x0000008389400000] [id=6232]

Threads with active compile tasks:
C2 CompilerThread0  14961 13200 %     4       com.android.tools.r8.ir.regalloc.c::a @ 2204 (3985 bytes)
C1 CompilerThread0  14961 14276       2       com.android.tools.r8.internal.x9::a (776 bytes)
C2 CompilerThread1  14961 13524       4       com.android.tools.r8.internal.u6::a (268 bytes)
C2 CompilerThread2  14961 13556       4       com.android.tools.r8.ir.regalloc.c::a (261 bytes)

VM state:at safepoint (normal execution)

VM Mutex/Monitor currently owned by a thread:  ([mutex/lock_event])
[0x000001e1864d7320] Threads_lock - owner thread: 0x000001e1a1041800
[0x000001e1864d7a70] Heap_lock - owner thread: 0x000001e1a7305000

Heap address: 0x0000000080000000, size: 2048 MB, Compressed Oops mode: 32-bit
Narrow klass base: 0x0000000000000000, Narrow klass shift: 3
Compressed class space size: 1073741824 Address: 0x0000000100000000

Heap:
 garbage-first heap   total 417792K, used 162956K [0x0000000080000000, 0x0000000100000000)
  region size 1024K, 9 young (9216K), 9 survivors (9216K)
 Metaspace       used 100183K, capacity 102956K, committed 103116K, reserved 1138688K
  class space    used 13170K, capacity 14269K, committed 14284K, reserved 1048576K
Heap Regions: E=young(eden), S=young(survivor), O=old, HS=humongous(starts), HC=humongous(continues), CS=collection set, F=free, A=archive, TAMS=top-at-mark-start (previous, next)
|   0|0x0000000080000000, 0x0000000080100000, 0x0000000080100000|100%| O|  |TAMS 0x0000000080100000, 0x0000000080000000| Untracked 
|   1|0x0000000080100000, 0x0000000080200000, 0x0000000080200000|100%| O|  |TAMS 0x0000000080200000, 0x0000000080100000| Untracked 
|   2|0x0000000080200000, 0x0000000080300000, 0x0000000080300000|100%| O|  |TAMS 0x0000000080300000, 0x0000000080200000| Untracked 
|   3|0x0000000080300000, 0x0000000080400000, 0x0000000080400000|100%|HS|  |TAMS 0x0000000080400000, 0x0000000080300000| Complete 
|   4|0x0000000080400000, 0x0000000080500000, 0x0000000080500000|100%|HC|  |TAMS 0x0000000080500000, 0x0000000080400000| Complete 
|   5|0x0000000080500000, 0x0000000080600000, 0x0000000080600000|100%|HC|  |TAMS 0x0000000080600000, 0x0000000080500000| Complete 
|   6|0x0000000080600000, 0x0000000080700000, 0x0000000080700000|100%| O|  |TAMS 0x0000000080700000, 0x0000000080600000| Untracked 
|   7|0x0000000080700000, 0x0000000080800000, 0x0000000080800000|100%| O|  |TAMS 0x0000000080800000, 0x0000000080700000| Untracked 
|   8|0x0000000080800000, 0x0000000080900000, 0x0000000080900000|100%| O|  |TAMS 0x0000000080900000, 0x0000000080800000| Untracked 
|   9|0x0000000080900000, 0x0000000080a00000, 0x0000000080a00000|100%| O|  |TAMS 0x0000000080a00000, 0x0000000080900000| Untracked 
|  10|0x0000000080a00000, 0x0000000080b00000, 0x0000000080b00000|100%| O|  |TAMS 0x0000000080b00000, 0x0000000080a00000| Untracked 
|  11|0x0000000080b00000, 0x0000000080c00000, 0x0000000080c00000|100%| O|  |TAMS 0x0000000080c00000, 0x0000000080b00000| Untracked 
|  12|0x0000000080c00000, 0x0000000080d00000, 0x0000000080d00000|100%| O|  |TAMS 0x0000000080d00000, 0x0000000080c00000| Untracked 
|  13|0x0000000080d00000, 0x0000000080e00000, 0x0000000080e00000|100%| O|  |TAMS 0x0000000080e00000, 0x0000000080d00000| Untracked 
|  14|0x0000000080e00000, 0x0000000080f00000, 0x0000000080f00000|100%| O|  |TAMS 0x0000000080f00000, 0x0000000080e00000| Untracked 
|  15|0x0000000080f00000, 0x0000000081000000, 0x0000000081000000|100%| O|  |TAMS 0x0000000081000000, 0x0000000080f00000| Untracked 
|  16|0x0000000081000000, 0x0000000081100000, 0x0000000081100000|100%|HS|  |TAMS 0x0000000081100000, 0x0000000081000000| Complete 
|  17|0x0000000081100000, 0x0000000081200000, 0x0000000081200000|100%| O|  |TAMS 0x0000000081200000, 0x0000000081100000| Untracked 
|  18|0x0000000081200000, 0x0000000081300000, 0x0000000081300000|100%| O|  |TAMS 0x0000000081300000, 0x0000000081200000| Untracked 
|  19|0x0000000081300000, 0x0000000081400000, 0x0000000081400000|100%| O|  |TAMS 0x0000000081400000, 0x0000000081300000| Untracked 
|  20|0x0000000081400000, 0x0000000081500000, 0x0000000081500000|100%| O|  |TAMS 0x0000000081500000, 0x0000000081400000| Untracked 
|  21|0x0000000081500000, 0x0000000081600000, 0x0000000081600000|100%| O|  |TAMS 0x0000000081600000, 0x0000000081500000| Untracked 
|  22|0x0000000081600000, 0x0000000081700000, 0x0000000081700000|100%| O|  |TAMS 0x0000000081700000, 0x0000000081600000| Untracked 
|  23|0x0000000081700000, 0x0000000081800000, 0x0000000081800000|100%| O|  |TAMS 0x0000000081800000, 0x0000000081700000| Untracked 
|  24|0x0000000081800000, 0x0000000081900000, 0x0000000081900000|100%| O|  |TAMS 0x0000000081900000, 0x0000000081800000| Untracked 
|  25|0x0000000081900000, 0x0000000081a00000, 0x0000000081a00000|100%| O|  |TAMS 0x0000000081a00000, 0x0000000081900000| Untracked 
|  26|0x0000000081a00000, 0x0000000081b00000, 0x0000000081b00000|100%| O|  |TAMS 0x0000000081b00000, 0x0000000081a00000| Untracked 
|  27|0x0000000081b00000, 0x0000000081c00000, 0x0000000081c00000|100%|HS|  |TAMS 0x0000000081c00000, 0x0000000081b00000| Complete 
|  28|0x0000000081c00000, 0x0000000081d00000, 0x0000000081d00000|100%|HS|  |TAMS 0x0000000081d00000, 0x0000000081c00000| Complete 
|  29|0x0000000081d00000, 0x0000000081e00000, 0x0000000081e00000|100%|HC|  |TAMS 0x0000000081e00000, 0x0000000081d00000| Complete 
|  30|0x0000000081e00000, 0x0000000081f00000, 0x0000000081f00000|100%|HC|  |TAMS 0x0000000081f00000, 0x0000000081e00000| Complete 
|  31|0x0000000081f00000, 0x0000000082000000, 0x0000000082000000|100%|HS|  |TAMS 0x0000000082000000, 0x0000000081f00000| Complete 
|  32|0x0000000082000000, 0x0000000082100000, 0x0000000082100000|100%|HC|  |TAMS 0x0000000082100000, 0x0000000082000000| Complete 
|  33|0x0000000082100000, 0x0000000082200000, 0x0000000082200000|100%| O|  |TAMS 0x0000000082200000, 0x0000000082100000| Untracked 
|  34|0x0000000082200000, 0x0000000082300000, 0x0000000082300000|100%| O|  |TAMS 0x0000000082300000, 0x0000000082200000| Untracked 
|  35|0x0000000082300000, 0x0000000082400000, 0x0000000082400000|100%| O|  |TAMS 0x0000000082400000, 0x0000000082300000| Untracked 
|  36|0x0000000082400000, 0x0000000082500000, 0x0000000082500000|100%| O|  |TAMS 0x0000000082500000, 0x0000000082400000| Untracked 
|  37|0x0000000082500000, 0x0000000082600000, 0x0000000082600000|100%| O|  |TAMS 0x0000000082600000, 0x0000000082500000| Untracked 
|  38|0x0000000082600000, 0x0000000082700000, 0x0000000082700000|100%| O|  |TAMS 0x0000000082700000, 0x0000000082600000| Untracked 
|  39|0x0000000082700000, 0x0000000082800000, 0x0000000082800000|100%| O|  |TAMS 0x0000000082800000, 0x0000000082700000| Untracked 
|  40|0x0000000082800000, 0x0000000082900000, 0x0000000082900000|100%| O|  |TAMS 0x0000000082900000, 0x0000000082800000| Untracked 
|  41|0x0000000082900000, 0x0000000082a00000, 0x0000000082a00000|100%| O|  |TAMS 0x0000000082a00000, 0x0000000082900000| Untracked 
|  42|0x0000000082a00000, 0x0000000082b00000, 0x0000000082b00000|100%| O|  |TAMS 0x0000000082b00000, 0x0000000082a00000| Untracked 
|  43|0x0000000082b00000, 0x0000000082c00000, 0x0000000082c00000|100%| O|  |TAMS 0x0000000082c00000, 0x0000000082b00000| Untracked 
|  44|0x0000000082c00000, 0x0000000082d00000, 0x0000000082d00000|100%| O|  |TAMS 0x0000000082d00000, 0x0000000082c00000| Untracked 
|  45|0x0000000082d00000, 0x0000000082e00000, 0x0000000082e00000|100%| O|  |TAMS 0x0000000082e00000, 0x0000000082d00000| Untracked 
|  46|0x0000000082e00000, 0x0000000082f00000, 0x0000000082f00000|100%| O|  |TAMS 0x0000000082f00000, 0x0000000082e00000| Untracked 
|  47|0x0000000082f00000, 0x0000000083000000, 0x0000000083000000|100%| O|  |TAMS 0x0000000083000000, 0x0000000082f00000| Untracked 
|  48|0x0000000083000000, 0x0000000083100000, 0x0000000083100000|100%| O|  |TAMS 0x0000000083100000, 0x0000000083000000| Untracked 
|  49|0x0000000083100000, 0x0000000083200000, 0x0000000083200000|100%| O|  |TAMS 0x0000000083200000, 0x0000000083100000| Untracked 
|  50|0x0000000083200000, 0x0000000083300000, 0x0000000083300000|100%| O|  |TAMS 0x0000000083300000, 0x0000000083200000| Untracked 
|  51|0x0000000083300000, 0x0000000083400000, 0x0000000083400000|100%| O|  |TAMS 0x0000000083400000, 0x0000000083300000| Untracked 
|  52|0x0000000083400000, 0x0000000083500000, 0x0000000083500000|100%| O|  |TAMS 0x0000000083500000, 0x0000000083400000| Untracked 
|  53|0x0000000083500000, 0x0000000083600000, 0x0000000083600000|100%| O|  |TAMS 0x0000000083600000, 0x0000000083500000| Untracked 
|  54|0x0000000083600000, 0x0000000083700000, 0x0000000083700000|100%| O|  |TAMS 0x0000000083700000, 0x0000000083600000| Untracked 
|  55|0x0000000083700000, 0x0000000083800000, 0x0000000083800000|100%| O|  |TAMS 0x0000000083800000, 0x0000000083700000| Untracked 
|  56|0x0000000083800000, 0x0000000083900000, 0x0000000083900000|100%| O|  |TAMS 0x0000000083900000, 0x0000000083800000| Untracked 
|  57|0x0000000083900000, 0x0000000083a00000, 0x0000000083a00000|100%| O|  |TAMS 0x0000000083a00000, 0x0000000083900000| Untracked 
|  58|0x0000000083a00000, 0x0000000083b00000, 0x0000000083b00000|100%| O|  |TAMS 0x0000000083b00000, 0x0000000083a00000| Untracked 
|  59|0x0000000083b00000, 0x0000000083c00000, 0x0000000083c00000|100%| O|  |TAMS 0x0000000083c00000, 0x0000000083b00000| Untracked 
|  60|0x0000000083c00000, 0x0000000083d00000, 0x0000000083d00000|100%| O|  |TAMS 0x0000000083d00000, 0x0000000083c00000| Untracked 
|  61|0x0000000083d00000, 0x0000000083e00000, 0x0000000083e00000|100%| O|  |TAMS 0x0000000083e00000, 0x0000000083d00000| Untracked 
|  62|0x0000000083e00000, 0x0000000083f00000, 0x0000000083f00000|100%| O|  |TAMS 0x0000000083f00000, 0x0000000083e00000| Untracked 
|  63|0x0000000083f00000, 0x0000000084000000, 0x0000000084000000|100%| O|  |TAMS 0x0000000084000000, 0x0000000083f00000| Untracked 
|  64|0x0000000084000000, 0x0000000084100000, 0x0000000084100000|100%| O|  |TAMS 0x0000000084100000, 0x0000000084000000| Untracked 
|  65|0x0000000084100000, 0x0000000084200000, 0x0000000084200000|100%| O|  |TAMS 0x0000000084200000, 0x0000000084100000| Untracked 
|  66|0x0000000084200000, 0x0000000084300000, 0x0000000084300000|100%| O|  |TAMS 0x0000000084300000, 0x0000000084200000| Untracked 
|  67|0x0000000084300000, 0x0000000084400000, 0x0000000084400000|100%| O|  |TAMS 0x0000000084400000, 0x0000000084300000| Untracked 
|  68|0x0000000084400000, 0x0000000084500000, 0x0000000084500000|100%| O|  |TAMS 0x0000000084500000, 0x0000000084400000| Untracked 
|  69|0x0000000084500000, 0x0000000084600000, 0x0000000084600000|100%| O|  |TAMS 0x0000000084600000, 0x0000000084500000| Untracked 
|  70|0x0000000084600000, 0x0000000084700000, 0x0000000084700000|100%| O|  |TAMS 0x0000000084700000, 0x0000000084600000| Untracked 
|  71|0x0000000084700000, 0x0000000084800000, 0x0000000084800000|100%| O|  |TAMS 0x0000000084800000, 0x0000000084700000| Untracked 
|  72|0x0000000084800000, 0x0000000084900000, 0x0000000084900000|100%| O|  |TAMS 0x0000000084900000, 0x0000000084800000| Untracked 
|  73|0x0000000084900000, 0x0000000084a00000, 0x0000000084a00000|100%| O|  |TAMS 0x0000000084a00000, 0x0000000084900000| Untracked 
|  74|0x0000000084a00000, 0x0000000084b00000, 0x0000000084b00000|100%| O|  |TAMS 0x0000000084b00000, 0x0000000084a00000| Untracked 
|  75|0x0000000084b00000, 0x0000000084c00000, 0x0000000084c00000|100%| O|  |TAMS 0x0000000084c00000, 0x0000000084b00000| Untracked 
|  76|0x0000000084c00000, 0x0000000084d00000, 0x0000000084d00000|100%| O|  |TAMS 0x0000000084d00000, 0x0000000084c00000| Untracked 
|  77|0x0000000084d00000, 0x0000000084e00000, 0x0000000084e00000|100%| O|  |TAMS 0x0000000084e00000, 0x0000000084d00000| Untracked 
|  78|0x0000000084e00000, 0x0000000084f00000, 0x0000000084f00000|100%| O|  |TAMS 0x0000000084f00000, 0x0000000084e00000| Untracked 
|  79|0x0000000084f00000, 0x0000000085000000, 0x0000000085000000|100%| O|  |TAMS 0x0000000085000000, 0x0000000084f00000| Untracked 
|  80|0x0000000085000000, 0x0000000085100000, 0x0000000085100000|100%| O|  |TAMS 0x0000000085100000, 0x0000000085000000| Untracked 
|  81|0x0000000085100000, 0x0000000085200000, 0x0000000085200000|100%| O|  |TAMS 0x0000000085200000, 0x0000000085100000| Untracked 
|  82|0x0000000085200000, 0x0000000085300000, 0x0000000085300000|100%| O|  |TAMS 0x0000000085300000, 0x0000000085200000| Untracked 
|  83|0x0000000085300000, 0x0000000085400000, 0x0000000085400000|100%| O|  |TAMS 0x0000000085400000, 0x0000000085300000| Untracked 
|  84|0x0000000085400000, 0x0000000085500000, 0x0000000085500000|100%| O|  |TAMS 0x0000000085500000, 0x0000000085400000| Untracked 
|  85|0x0000000085500000, 0x0000000085600000, 0x0000000085600000|100%| O|  |TAMS 0x0000000085600000, 0x0000000085500000| Untracked 
|  86|0x0000000085600000, 0x0000000085700000, 0x0000000085700000|100%| O|  |TAMS 0x0000000085700000, 0x0000000085600000| Untracked 
|  87|0x0000000085700000, 0x0000000085800000, 0x0000000085800000|100%| O|  |TAMS 0x0000000085800000, 0x0000000085700000| Untracked 
|  88|0x0000000085800000, 0x0000000085900000, 0x0000000085900000|100%| O|  |TAMS 0x0000000085900000, 0x0000000085800000| Untracked 
|  89|0x0000000085900000, 0x0000000085a00000, 0x0000000085a00000|100%| O|  |TAMS 0x0000000085a00000, 0x0000000085900000| Untracked 
|  90|0x0000000085a00000, 0x0000000085b00000, 0x0000000085b00000|100%| O|  |TAMS 0x0000000085b00000, 0x0000000085a00000| Untracked 
|  91|0x0000000085b00000, 0x0000000085c00000, 0x0000000085c00000|100%| O|  |TAMS 0x0000000085c00000, 0x0000000085b00000| Untracked 
|  92|0x0000000085c00000, 0x0000000085d00000, 0x0000000085d00000|100%| O|  |TAMS 0x0000000085d00000, 0x0000000085c00000| Untracked 
|  93|0x0000000085d00000, 0x0000000085e00000, 0x0000000085e00000|100%| O|  |TAMS 0x0000000085e00000, 0x0000000085d00000| Untracked 
|  94|0x0000000085e00000, 0x0000000085f00000, 0x0000000085f00000|100%| O|  |TAMS 0x0000000085f00000, 0x0000000085e00000| Untracked 
|  95|0x0000000085f00000, 0x0000000086000000, 0x0000000086000000|100%| O|  |TAMS 0x0000000086000000, 0x0000000085f00000| Untracked 
|  96|0x0000000086000000, 0x0000000086100000, 0x0000000086100000|100%| O|  |TAMS 0x0000000086100000, 0x0000000086000000| Untracked 
|  97|0x0000000086100000, 0x0000000086200000, 0x0000000086200000|100%| O|  |TAMS 0x0000000086200000, 0x0000000086100000| Untracked 
|  98|0x0000000086200000, 0x0000000086300000, 0x0000000086300000|100%| O|  |TAMS 0x0000000086300000, 0x0000000086200000| Untracked 
|  99|0x0000000086300000, 0x0000000086400000, 0x0000000086400000|100%| O|  |TAMS 0x0000000086400000, 0x0000000086300000| Untracked 
| 100|0x0000000086400000, 0x0000000086500000, 0x0000000086500000|100%| O|  |TAMS 0x0000000086500000, 0x0000000086400000| Untracked 
| 101|0x0000000086500000, 0x0000000086600000, 0x0000000086600000|100%| O|  |TAMS 0x0000000086600000, 0x0000000086500000| Untracked 
| 102|0x0000000086600000, 0x0000000086700000, 0x0000000086700000|100%| O|  |TAMS 0x0000000086700000, 0x0000000086600000| Untracked 
| 103|0x0000000086700000, 0x0000000086800000, 0x0000000086800000|100%| O|  |TAMS 0x0000000086800000, 0x0000000086700000| Untracked 
| 104|0x0000000086800000, 0x0000000086900000, 0x0000000086900000|100%| O|  |TAMS 0x0000000086900000, 0x0000000086800000| Untracked 
| 105|0x0000000086900000, 0x0000000086a00000, 0x0000000086a00000|100%| O|  |TAMS 0x0000000086a00000, 0x0000000086900000| Untracked 
| 106|0x0000000086a00000, 0x0000000086b00000, 0x0000000086b00000|100%| O|  |TAMS 0x0000000086b00000, 0x0000000086a00000| Untracked 
| 107|0x0000000086b00000, 0x0000000086c00000, 0x0000000086c00000|100%| O|  |TAMS 0x0000000086c00000, 0x0000000086b00000| Untracked 
| 108|0x0000000086c00000, 0x0000000086d00000, 0x0000000086d00000|100%| O|  |TAMS 0x0000000086d00000, 0x0000000086c00000| Untracked 
| 109|0x0000000086d00000, 0x0000000086e00000, 0x0000000086e00000|100%| O|  |TAMS 0x0000000086e00000, 0x0000000086d00000| Untracked 
| 110|0x0000000086e00000, 0x0000000086f00000, 0x0000000086f00000|100%| O|  |TAMS 0x0000000086f00000, 0x0000000086e00000| Untracked 
| 111|0x0000000086f00000, 0x0000000087000000, 0x0000000087000000|100%| O|  |TAMS 0x0000000087000000, 0x0000000086f00000| Untracked 
| 112|0x0000000087000000, 0x0000000087100000, 0x0000000087100000|100%| O|  |TAMS 0x0000000087100000, 0x0000000087000000| Untracked 
| 113|0x0000000087100000, 0x0000000087200000, 0x0000000087200000|100%| O|  |TAMS 0x00000000871ff600, 0x0000000087100000| Untracked 
| 114|0x0000000087200000, 0x0000000087300000, 0x0000000087300000|100%| O|  |TAMS 0x0000000087200000, 0x0000000087200000| Untracked 
| 115|0x0000000087300000, 0x0000000087400000, 0x0000000087400000|100%| O|  |TAMS 0x0000000087300000, 0x0000000087300000| Untracked 
| 116|0x0000000087400000, 0x0000000087500000, 0x0000000087500000|100%| O|  |TAMS 0x0000000087400000, 0x0000000087400000| Untracked 
| 117|0x0000000087500000, 0x0000000087600000, 0x0000000087600000|100%| O|  |TAMS 0x0000000087500000, 0x0000000087500000| Untracked 
| 118|0x0000000087600000, 0x0000000087700000, 0x0000000087700000|100%| O|  |TAMS 0x0000000087600000, 0x0000000087600000| Untracked 
| 119|0x0000000087700000, 0x0000000087800000, 0x0000000087800000|100%| O|  |TAMS 0x0000000087700000, 0x0000000087700000| Untracked 
| 120|0x0000000087800000, 0x0000000087900000, 0x0000000087900000|100%| O|  |TAMS 0x0000000087800000, 0x0000000087800000| Untracked 
| 121|0x0000000087900000, 0x0000000087a00000, 0x0000000087a00000|100%| O|  |TAMS 0x0000000087900000, 0x0000000087900000| Untracked 
| 122|0x0000000087a00000, 0x0000000087b00000, 0x0000000087b00000|100%| O|  |TAMS 0x0000000087a00000, 0x0000000087a00000| Untracked 
| 123|0x0000000087b00000, 0x0000000087c00000, 0x0000000087c00000|100%| O|  |TAMS 0x0000000087b00000, 0x0000000087b00000| Untracked 
| 124|0x0000000087c00000, 0x0000000087d00000, 0x0000000087d00000|100%| O|  |TAMS 0x0000000087c00000, 0x0000000087c00000| Untracked 
| 125|0x0000000087d00000, 0x0000000087e00000, 0x0000000087e00000|100%| O|  |TAMS 0x0000000087d00000, 0x0000000087d00000| Untracked 
| 126|0x0000000087e00000, 0x0000000087f00000, 0x0000000087f00000|100%| O|  |TAMS 0x0000000087e00000, 0x0000000087e00000| Untracked 
| 127|0x0000000087f00000, 0x0000000088000000, 0x0000000088000000|100%| O|  |TAMS 0x0000000087f00000, 0x0000000087f00000| Untracked 
| 128|0x0000000088000000, 0x0000000088100000, 0x0000000088100000|100%| O|  |TAMS 0x0000000088000000, 0x0000000088000000| Untracked 
| 129|0x0000000088100000, 0x0000000088200000, 0x0000000088200000|100%| O|  |TAMS 0x0000000088100000, 0x0000000088100000| Untracked 
| 130|0x0000000088200000, 0x0000000088300000, 0x0000000088300000|100%| O|  |TAMS 0x0000000088200000, 0x0000000088200000| Untracked 
| 131|0x0000000088300000, 0x0000000088400000, 0x0000000088400000|100%| O|  |TAMS 0x0000000088300000, 0x0000000088300000| Untracked 
| 132|0x0000000088400000, 0x0000000088500000, 0x0000000088500000|100%| O|  |TAMS 0x0000000088400000, 0x0000000088400000| Untracked 
| 133|0x0000000088500000, 0x0000000088600000, 0x0000000088600000|100%| O|  |TAMS 0x0000000088500000, 0x0000000088500000| Untracked 
| 134|0x0000000088600000, 0x0000000088700000, 0x0000000088700000|100%| O|  |TAMS 0x0000000088600000, 0x0000000088600000| Untracked 
| 135|0x0000000088700000, 0x0000000088800000, 0x0000000088800000|100%| O|  |TAMS 0x0000000088700000, 0x0000000088700000| Untracked 
| 136|0x0000000088800000, 0x0000000088900000, 0x0000000088900000|100%| O|  |TAMS 0x0000000088800000, 0x0000000088800000| Untracked 
| 137|0x0000000088900000, 0x0000000088a00000, 0x0000000088a00000|100%| O|  |TAMS 0x0000000088900000, 0x0000000088900000| Untracked 
| 138|0x0000000088a00000, 0x0000000088b00000, 0x0000000088b00000|100%| O|  |TAMS 0x0000000088a00000, 0x0000000088a00000| Untracked 
| 139|0x0000000088b00000, 0x0000000088c00000, 0x0000000088c00000|100%| O|  |TAMS 0x0000000088b00000, 0x0000000088b00000| Untracked 
| 140|0x0000000088c00000, 0x0000000088d00000, 0x0000000088d00000|100%| O|  |TAMS 0x0000000088c00000, 0x0000000088c00000| Untracked 
| 141|0x0000000088d00000, 0x0000000088e00000, 0x0000000088e00000|100%| O|  |TAMS 0x0000000088d00000, 0x0000000088d00000| Untracked 
| 142|0x0000000088e00000, 0x0000000088f00000, 0x0000000088f00000|100%| O|  |TAMS 0x0000000088e00000, 0x0000000088e00000| Untracked 
| 143|0x0000000088f00000, 0x0000000089000000, 0x0000000089000000|100%| O|  |TAMS 0x0000000088f00000, 0x0000000088f00000| Untracked 
| 144|0x0000000089000000, 0x0000000089100000, 0x0000000089100000|100%| O|  |TAMS 0x0000000089000000, 0x0000000089000000| Untracked 
| 145|0x0000000089100000, 0x0000000089200000, 0x0000000089200000|100%| O|  |TAMS 0x0000000089100000, 0x0000000089100000| Untracked 
| 146|0x0000000089200000, 0x0000000089300000, 0x0000000089300000|100%| O|  |TAMS 0x0000000089200000, 0x0000000089200000| Untracked 
| 147|0x0000000089300000, 0x0000000089400000, 0x0000000089400000|100%| O|  |TAMS 0x0000000089300000, 0x0000000089300000| Untracked 
| 148|0x0000000089400000, 0x0000000089500000, 0x0000000089500000|100%| O|  |TAMS 0x0000000089400000, 0x0000000089400000| Untracked 
| 149|0x0000000089500000, 0x0000000089600000, 0x0000000089600000|100%| O|  |TAMS 0x0000000089500000, 0x0000000089500000| Untracked 
| 150|0x0000000089600000, 0x000000008962fa00, 0x0000000089700000| 18%| O|  |TAMS 0x0000000089600000, 0x0000000089600000| Untracked 
| 151|0x0000000089700000, 0x0000000089700000, 0x0000000089800000|  0%| F|  |TAMS 0x0000000089700000, 0x0000000089700000| Untracked 
| 152|0x0000000089800000, 0x0000000089800000, 0x0000000089900000|  0%| F|  |TAMS 0x0000000089800000, 0x0000000089800000| Untracked 
| 153|0x0000000089900000, 0x0000000089900000, 0x0000000089a00000|  0%| F|  |TAMS 0x0000000089900000, 0x0000000089900000| Untracked 
| 154|0x0000000089a00000, 0x0000000089a00000, 0x0000000089b00000|  0%| F|  |TAMS 0x0000000089a00000, 0x0000000089a00000| Untracked 
| 155|0x0000000089b00000, 0x0000000089b00000, 0x0000000089c00000|  0%| F|  |TAMS 0x0000000089b00000, 0x0000000089b00000| Untracked 
| 156|0x0000000089c00000, 0x0000000089c00000, 0x0000000089d00000|  0%| F|  |TAMS 0x0000000089c00000, 0x0000000089c00000| Untracked 
| 157|0x0000000089d00000, 0x0000000089d00000, 0x0000000089e00000|  0%| F|  |TAMS 0x0000000089d00000, 0x0000000089d00000| Untracked 
| 158|0x0000000089e00000, 0x0000000089e00000, 0x0000000089f00000|  0%| F|  |TAMS 0x0000000089e00000, 0x0000000089e00000| Untracked 
| 159|0x0000000089f00000, 0x0000000089f00000, 0x000000008a000000|  0%| F|  |TAMS 0x0000000089f00000, 0x0000000089f00000| Untracked 
| 160|0x000000008a000000, 0x000000008a000000, 0x000000008a100000|  0%| F|  |TAMS 0x000000008a000000, 0x000000008a000000| Untracked 
| 161|0x000000008a100000, 0x000000008a100000, 0x000000008a200000|  0%| F|  |TAMS 0x000000008a100000, 0x000000008a100000| Untracked 
| 162|0x000000008a200000, 0x000000008a200000, 0x000000008a300000|  0%| F|  |TAMS 0x000000008a200000, 0x000000008a200000| Untracked 
| 163|0x000000008a300000, 0x000000008a300000, 0x000000008a400000|  0%| F|  |TAMS 0x000000008a300000, 0x000000008a300000| Untracked 
| 164|0x000000008a400000, 0x000000008a400000, 0x000000008a500000|  0%| F|  |TAMS 0x000000008a400000, 0x000000008a400000| Untracked 
| 165|0x000000008a500000, 0x000000008a500000, 0x000000008a600000|  0%| F|  |TAMS 0x000000008a500000, 0x000000008a500000| Untracked 
| 166|0x000000008a600000, 0x000000008a600000, 0x000000008a700000|  0%| F|  |TAMS 0x000000008a600000, 0x000000008a600000| Untracked 
| 167|0x000000008a700000, 0x000000008a700000, 0x000000008a800000|  0%| F|  |TAMS 0x000000008a700000, 0x000000008a700000| Untracked 
| 168|0x000000008a800000, 0x000000008a800000, 0x000000008a900000|  0%| F|  |TAMS 0x000000008a800000, 0x000000008a800000| Untracked 
| 169|0x000000008a900000, 0x000000008a900000, 0x000000008aa00000|  0%| F|  |TAMS 0x000000008a900000, 0x000000008a900000| Untracked 
| 170|0x000000008aa00000, 0x000000008aa00000, 0x000000008ab00000|  0%| F|  |TAMS 0x000000008aa00000, 0x000000008aa00000| Untracked 
| 171|0x000000008ab00000, 0x000000008ab00000, 0x000000008ac00000|  0%| F|  |TAMS 0x000000008ab00000, 0x000000008ab00000| Untracked 
| 172|0x000000008ac00000, 0x000000008ac00000, 0x000000008ad00000|  0%| F|  |TAMS 0x000000008ac00000, 0x000000008ac00000| Untracked 
| 173|0x000000008ad00000, 0x000000008ad00000, 0x000000008ae00000|  0%| F|  |TAMS 0x000000008ad00000, 0x000000008ad00000| Untracked 
| 174|0x000000008ae00000, 0x000000008ae00000, 0x000000008af00000|  0%| F|  |TAMS 0x000000008ae00000, 0x000000008ae00000| Untracked 
| 175|0x000000008af00000, 0x000000008af00000, 0x000000008b000000|  0%| F|  |TAMS 0x000000008af00000, 0x000000008af00000| Untracked 
| 176|0x000000008b000000, 0x000000008b000000, 0x000000008b100000|  0%| F|  |TAMS 0x000000008b000000, 0x000000008b000000| Untracked 
| 177|0x000000008b100000, 0x000000008b100000, 0x000000008b200000|  0%| F|  |TAMS 0x000000008b100000, 0x000000008b100000| Untracked 
| 178|0x000000008b200000, 0x000000008b200000, 0x000000008b300000|  0%| F|  |TAMS 0x000000008b200000, 0x000000008b200000| Untracked 
| 179|0x000000008b300000, 0x000000008b300000, 0x000000008b400000|  0%| F|  |TAMS 0x000000008b300000, 0x000000008b300000| Untracked 
| 180|0x000000008b400000, 0x000000008b400000, 0x000000008b500000|  0%| F|  |TAMS 0x000000008b400000, 0x000000008b400000| Untracked 
| 181|0x000000008b500000, 0x000000008b500000, 0x000000008b600000|  0%| F|  |TAMS 0x000000008b500000, 0x000000008b500000| Untracked 
| 182|0x000000008b600000, 0x000000008b600000, 0x000000008b700000|  0%| F|  |TAMS 0x000000008b600000, 0x000000008b600000| Untracked 
| 183|0x000000008b700000, 0x000000008b700000, 0x000000008b800000|  0%| F|  |TAMS 0x000000008b700000, 0x000000008b700000| Untracked 
| 184|0x000000008b800000, 0x000000008b800000, 0x000000008b900000|  0%| F|  |TAMS 0x000000008b800000, 0x000000008b800000| Untracked 
| 185|0x000000008b900000, 0x000000008b900000, 0x000000008ba00000|  0%| F|  |TAMS 0x000000008b900000, 0x000000008b900000| Untracked 
| 186|0x000000008ba00000, 0x000000008ba00000, 0x000000008bb00000|  0%| F|  |TAMS 0x000000008ba00000, 0x000000008ba00000| Untracked 
| 187|0x000000008bb00000, 0x000000008bb00000, 0x000000008bc00000|  0%| F|  |TAMS 0x000000008bb00000, 0x000000008bb00000| Untracked 
| 188|0x000000008bc00000, 0x000000008bc00000, 0x000000008bd00000|  0%| F|  |TAMS 0x000000008bc00000, 0x000000008bc00000| Untracked 
| 189|0x000000008bd00000, 0x000000008bd00000, 0x000000008be00000|  0%| F|  |TAMS 0x000000008bd00000, 0x000000008bd00000| Untracked 
| 190|0x000000008be00000, 0x000000008be00000, 0x000000008bf00000|  0%| F|  |TAMS 0x000000008be00000, 0x000000008be00000| Untracked 
| 191|0x000000008bf00000, 0x000000008bf00000, 0x000000008c000000|  0%| F|  |TAMS 0x000000008bf00000, 0x000000008bf00000| Untracked 
| 192|0x000000008c000000, 0x000000008c000000, 0x000000008c100000|  0%| F|  |TAMS 0x000000008c000000, 0x000000008c000000| Untracked 
| 193|0x000000008c100000, 0x000000008c100000, 0x000000008c200000|  0%| F|  |TAMS 0x000000008c100000, 0x000000008c100000| Untracked 
| 194|0x000000008c200000, 0x000000008c200000, 0x000000008c300000|  0%| F|  |TAMS 0x000000008c200000, 0x000000008c200000| Untracked 
| 195|0x000000008c300000, 0x000000008c300000, 0x000000008c400000|  0%| F|  |TAMS 0x000000008c300000, 0x000000008c300000| Untracked 
| 196|0x000000008c400000, 0x000000008c400000, 0x000000008c500000|  0%| F|  |TAMS 0x000000008c400000, 0x000000008c400000| Untracked 
| 197|0x000000008c500000, 0x000000008c500000, 0x000000008c600000|  0%| F|  |TAMS 0x000000008c500000, 0x000000008c500000| Untracked 
| 198|0x000000008c600000, 0x000000008c600000, 0x000000008c700000|  0%| F|  |TAMS 0x000000008c600000, 0x000000008c600000| Untracked 
| 199|0x000000008c700000, 0x000000008c700000, 0x000000008c800000|  0%| F|  |TAMS 0x000000008c700000, 0x000000008c700000| Untracked 
| 200|0x000000008c800000, 0x000000008c800000, 0x000000008c900000|  0%| F|  |TAMS 0x000000008c800000, 0x000000008c800000| Untracked 
| 201|0x000000008c900000, 0x000000008c900000, 0x000000008ca00000|  0%| F|  |TAMS 0x000000008c900000, 0x000000008c900000| Untracked 
| 202|0x000000008ca00000, 0x000000008ca00000, 0x000000008cb00000|  0%| F|  |TAMS 0x000000008ca00000, 0x000000008ca00000| Untracked 
| 203|0x000000008cb00000, 0x000000008cbf3750, 0x000000008cc00000| 95%| S|CS|TAMS 0x000000008cb00000, 0x000000008cb00000| Complete 
| 204|0x000000008cc00000, 0x000000008cd00000, 0x000000008cd00000|100%| S|CS|TAMS 0x000000008cc00000, 0x000000008cc00000| Complete 
| 205|0x000000008cd00000, 0x000000008ce00000, 0x000000008ce00000|100%| S|CS|TAMS 0x000000008cd00000, 0x000000008cd00000| Complete 
| 206|0x000000008ce00000, 0x000000008cf00000, 0x000000008cf00000|100%| S|CS|TAMS 0x000000008ce00000, 0x000000008ce00000| Complete 
| 207|0x000000008cf00000, 0x000000008d000000, 0x000000008d000000|100%| S|CS|TAMS 0x000000008cf00000, 0x000000008cf00000| Complete 
| 208|0x000000008d000000, 0x000000008d100000, 0x000000008d100000|100%| S|CS|TAMS 0x000000008d000000, 0x000000008d000000| Complete 
| 209|0x000000008d100000, 0x000000008d200000, 0x000000008d200000|100%| S|CS|TAMS 0x000000008d100000, 0x000000008d100000| Complete 
| 210|0x000000008d200000, 0x000000008d200000, 0x000000008d300000|  0%| F|  |TAMS 0x000000008d200000, 0x000000008d200000| Untracked 
| 211|0x000000008d300000, 0x000000008d300000, 0x000000008d400000|  0%| F|  |TAMS 0x000000008d300000, 0x000000008d300000| Untracked 
| 212|0x000000008d400000, 0x000000008d400000, 0x000000008d500000|  0%| F|  |TAMS 0x000000008d400000, 0x000000008d400000| Untracked 
| 213|0x000000008d500000, 0x000000008d500000, 0x000000008d600000|  0%| F|  |TAMS 0x000000008d500000, 0x000000008d500000| Untracked 
| 214|0x000000008d600000, 0x000000008d700000, 0x000000008d700000|100%| S|CS|TAMS 0x000000008d600000, 0x000000008d600000| Complete 
| 215|0x000000008d700000, 0x000000008d800000, 0x000000008d800000|100%| S|CS|TAMS 0x000000008d700000, 0x000000008d700000| Complete 
| 216|0x000000008d800000, 0x000000008d800000, 0x000000008d900000|  0%| F|  |TAMS 0x000000008d800000, 0x000000008d800000| Untracked 
| 217|0x000000008d900000, 0x000000008d900000, 0x000000008da00000|  0%| F|  |TAMS 0x000000008d900000, 0x000000008d900000| Untracked 
| 218|0x000000008da00000, 0x000000008da00000, 0x000000008db00000|  0%| F|  |TAMS 0x000000008da00000, 0x000000008da00000| Untracked 
| 219|0x000000008db00000, 0x000000008db00000, 0x000000008dc00000|  0%| F|  |TAMS 0x000000008db00000, 0x000000008db00000| Untracked 
| 220|0x000000008dc00000, 0x000000008dc00000, 0x000000008dd00000|  0%| F|  |TAMS 0x000000008dc00000, 0x000000008dc00000| Untracked 
| 221|0x000000008dd00000, 0x000000008dd00000, 0x000000008de00000|  0%| F|  |TAMS 0x000000008dd00000, 0x000000008dd00000| Untracked 
| 222|0x000000008de00000, 0x000000008de00000, 0x000000008df00000|  0%| F|  |TAMS 0x000000008de00000, 0x000000008de00000| Untracked 
| 223|0x000000008df00000, 0x000000008df00000, 0x000000008e000000|  0%| F|  |TAMS 0x000000008df00000, 0x000000008df00000| Untracked 
| 224|0x000000008e000000, 0x000000008e000000, 0x000000008e100000|  0%| F|  |TAMS 0x000000008e000000, 0x000000008e000000| Untracked 
| 225|0x000000008e100000, 0x000000008e100000, 0x000000008e200000|  0%| F|  |TAMS 0x000000008e100000, 0x000000008e100000| Untracked 
| 226|0x000000008e200000, 0x000000008e200000, 0x000000008e300000|  0%| F|  |TAMS 0x000000008e200000, 0x000000008e200000| Untracked 
| 227|0x000000008e300000, 0x000000008e300000, 0x000000008e400000|  0%| F|  |TAMS 0x000000008e300000, 0x000000008e300000| Untracked 
| 228|0x000000008e400000, 0x000000008e400000, 0x000000008e500000|  0%| F|  |TAMS 0x000000008e400000, 0x000000008e400000| Untracked 
| 229|0x000000008e500000, 0x000000008e500000, 0x000000008e600000|  0%| F|  |TAMS 0x000000008e500000, 0x000000008e500000| Untracked 
| 230|0x000000008e600000, 0x000000008e600000, 0x000000008e700000|  0%| F|  |TAMS 0x000000008e600000, 0x000000008e600000| Untracked 
| 231|0x000000008e700000, 0x000000008e700000, 0x000000008e800000|  0%| F|  |TAMS 0x000000008e700000, 0x000000008e700000| Untracked 
| 232|0x000000008e800000, 0x000000008e800000, 0x000000008e900000|  0%| F|  |TAMS 0x000000008e800000, 0x000000008e800000| Untracked 
| 233|0x000000008e900000, 0x000000008e900000, 0x000000008ea00000|  0%| F|  |TAMS 0x000000008e900000, 0x000000008e900000| Untracked 
| 234|0x000000008ea00000, 0x000000008ea00000, 0x000000008eb00000|  0%| F|  |TAMS 0x000000008ea00000, 0x000000008ea00000| Untracked 
| 235|0x000000008eb00000, 0x000000008eb00000, 0x000000008ec00000|  0%| F|  |TAMS 0x000000008eb00000, 0x000000008eb00000| Untracked 
| 236|0x000000008ec00000, 0x000000008ec00000, 0x000000008ed00000|  0%| F|  |TAMS 0x000000008ec00000, 0x000000008ec00000| Untracked 
| 237|0x000000008ed00000, 0x000000008ed00000, 0x000000008ee00000|  0%| F|  |TAMS 0x000000008ed00000, 0x000000008ed00000| Untracked 
| 238|0x000000008ee00000, 0x000000008ee00000, 0x000000008ef00000|  0%| F|  |TAMS 0x000000008ee00000, 0x000000008ee00000| Untracked 
| 239|0x000000008ef00000, 0x000000008ef00000, 0x000000008f000000|  0%| F|  |TAMS 0x000000008ef00000, 0x000000008ef00000| Untracked 
| 240|0x000000008f000000, 0x000000008f000000, 0x000000008f100000|  0%| F|  |TAMS 0x000000008f000000, 0x000000008f000000| Untracked 
| 241|0x000000008f100000, 0x000000008f100000, 0x000000008f200000|  0%| F|  |TAMS 0x000000008f100000, 0x000000008f100000| Untracked 
| 242|0x000000008f200000, 0x000000008f200000, 0x000000008f300000|  0%| F|  |TAMS 0x000000008f200000, 0x000000008f200000| Untracked 
| 243|0x000000008f300000, 0x000000008f300000, 0x000000008f400000|  0%| F|  |TAMS 0x000000008f300000, 0x000000008f300000| Untracked 
| 244|0x000000008f400000, 0x000000008f400000, 0x000000008f500000|  0%| F|  |TAMS 0x000000008f400000, 0x000000008f400000| Untracked 
| 245|0x000000008f500000, 0x000000008f500000, 0x000000008f600000|  0%| F|  |TAMS 0x000000008f500000, 0x000000008f500000| Untracked 
| 246|0x000000008f600000, 0x000000008f600000, 0x000000008f700000|  0%| F|  |TAMS 0x000000008f600000, 0x000000008f600000| Untracked 
| 247|0x000000008f700000, 0x000000008f700000, 0x000000008f800000|  0%| F|  |TAMS 0x000000008f700000, 0x000000008f700000| Untracked 
| 248|0x000000008f800000, 0x000000008f800000, 0x000000008f900000|  0%| F|  |TAMS 0x000000008f800000, 0x000000008f800000| Untracked 
| 249|0x000000008f900000, 0x000000008f900000, 0x000000008fa00000|  0%| F|  |TAMS 0x000000008f900000, 0x000000008f900000| Untracked 
| 250|0x000000008fa00000, 0x000000008fa00000, 0x000000008fb00000|  0%| F|  |TAMS 0x000000008fa00000, 0x000000008fa00000| Untracked 
| 251|0x000000008fb00000, 0x000000008fb00000, 0x000000008fc00000|  0%| F|  |TAMS 0x000000008fb00000, 0x000000008fb00000| Untracked 
| 252|0x000000008fc00000, 0x000000008fc00000, 0x000000008fd00000|  0%| F|  |TAMS 0x000000008fc00000, 0x000000008fc00000| Untracked 
| 253|0x000000008fd00000, 0x000000008fd00000, 0x000000008fe00000|  0%| F|  |TAMS 0x000000008fd00000, 0x000000008fd00000| Untracked 
| 254|0x000000008fe00000, 0x000000008fe00000, 0x000000008ff00000|  0%| F|  |TAMS 0x000000008fe00000, 0x000000008fe00000| Untracked 
| 255|0x000000008ff00000, 0x000000008ff00000, 0x0000000090000000|  0%| F|  |TAMS 0x000000008ff00000, 0x000000008ff00000| Untracked 
| 256|0x0000000090000000, 0x0000000090000000, 0x0000000090100000|  0%| F|  |TAMS 0x0000000090000000, 0x0000000090000000| Untracked 
| 257|0x0000000090100000, 0x0000000090100000, 0x0000000090200000|  0%| F|  |TAMS 0x0000000090100000, 0x0000000090100000| Untracked 
| 258|0x0000000090200000, 0x0000000090200000, 0x0000000090300000|  0%| F|  |TAMS 0x0000000090200000, 0x0000000090200000| Untracked 
| 259|0x0000000090300000, 0x0000000090300000, 0x0000000090400000|  0%| F|  |TAMS 0x0000000090300000, 0x0000000090300000| Untracked 
| 260|0x0000000090400000, 0x0000000090400000, 0x0000000090500000|  0%| F|  |TAMS 0x0000000090400000, 0x0000000090400000| Untracked 
| 261|0x0000000090500000, 0x0000000090500000, 0x0000000090600000|  0%| F|  |TAMS 0x0000000090500000, 0x0000000090500000| Untracked 
| 262|0x0000000090600000, 0x0000000090600000, 0x0000000090700000|  0%| F|  |TAMS 0x0000000090600000, 0x0000000090600000| Untracked 
| 263|0x0000000090700000, 0x0000000090700000, 0x0000000090800000|  0%| F|  |TAMS 0x0000000090700000, 0x0000000090700000| Untracked 
| 264|0x0000000090800000, 0x0000000090800000, 0x0000000090900000|  0%| F|  |TAMS 0x0000000090800000, 0x0000000090800000| Untracked 
| 265|0x0000000090900000, 0x0000000090900000, 0x0000000090a00000|  0%| F|  |TAMS 0x0000000090900000, 0x0000000090900000| Untracked 
| 266|0x0000000090a00000, 0x0000000090a00000, 0x0000000090b00000|  0%| F|  |TAMS 0x0000000090a00000, 0x0000000090a00000| Untracked 
| 267|0x0000000090b00000, 0x0000000090b00000, 0x0000000090c00000|  0%| F|  |TAMS 0x0000000090b00000, 0x0000000090b00000| Untracked 
| 268|0x0000000090c00000, 0x0000000090c00000, 0x0000000090d00000|  0%| F|  |TAMS 0x0000000090c00000, 0x0000000090c00000| Untracked 
| 269|0x0000000090d00000, 0x0000000090d00000, 0x0000000090e00000|  0%| F|  |TAMS 0x0000000090d00000, 0x0000000090d00000| Untracked 
| 270|0x0000000090e00000, 0x0000000090e00000, 0x0000000090f00000|  0%| F|  |TAMS 0x0000000090e00000, 0x0000000090e00000| Untracked 
| 271|0x0000000090f00000, 0x0000000090f00000, 0x0000000091000000|  0%| F|  |TAMS 0x0000000090f00000, 0x0000000090f00000| Untracked 
| 272|0x0000000091000000, 0x0000000091000000, 0x0000000091100000|  0%| F|  |TAMS 0x0000000091000000, 0x0000000091000000| Untracked 
| 273|0x0000000091100000, 0x0000000091100000, 0x0000000091200000|  0%| F|  |TAMS 0x0000000091100000, 0x0000000091100000| Untracked 
| 274|0x0000000091200000, 0x0000000091200000, 0x0000000091300000|  0%| F|  |TAMS 0x0000000091200000, 0x0000000091200000| Untracked 
| 275|0x0000000091300000, 0x0000000091300000, 0x0000000091400000|  0%| F|  |TAMS 0x0000000091300000, 0x0000000091300000| Untracked 
| 276|0x0000000091400000, 0x0000000091400000, 0x0000000091500000|  0%| F|  |TAMS 0x0000000091400000, 0x0000000091400000| Untracked 
| 277|0x0000000091500000, 0x0000000091500000, 0x0000000091600000|  0%| F|  |TAMS 0x0000000091500000, 0x0000000091500000| Untracked 
| 278|0x0000000091600000, 0x0000000091600000, 0x0000000091700000|  0%| F|  |TAMS 0x0000000091600000, 0x0000000091600000| Untracked 
| 279|0x0000000091700000, 0x0000000091700000, 0x0000000091800000|  0%| F|  |TAMS 0x0000000091700000, 0x0000000091700000| Untracked 
| 280|0x0000000091800000, 0x0000000091800000, 0x0000000091900000|  0%| F|  |TAMS 0x0000000091800000, 0x0000000091800000| Untracked 
| 281|0x0000000091900000, 0x0000000091900000, 0x0000000091a00000|  0%| F|  |TAMS 0x0000000091900000, 0x0000000091900000| Untracked 
| 282|0x0000000091a00000, 0x0000000091a00000, 0x0000000091b00000|  0%| F|  |TAMS 0x0000000091a00000, 0x0000000091a00000| Untracked 
| 283|0x0000000091b00000, 0x0000000091b00000, 0x0000000091c00000|  0%| F|  |TAMS 0x0000000091b00000, 0x0000000091b00000| Untracked 
| 284|0x0000000091c00000, 0x0000000091c00000, 0x0000000091d00000|  0%| F|  |TAMS 0x0000000091c00000, 0x0000000091c00000| Untracked 
| 285|0x0000000091d00000, 0x0000000091d00000, 0x0000000091e00000|  0%| F|  |TAMS 0x0000000091d00000, 0x0000000091d00000| Untracked 
| 286|0x0000000091e00000, 0x0000000091e00000, 0x0000000091f00000|  0%| F|  |TAMS 0x0000000091e00000, 0x0000000091e00000| Untracked 
| 287|0x0000000091f00000, 0x0000000091f00000, 0x0000000092000000|  0%| F|  |TAMS 0x0000000091f00000, 0x0000000091f00000| Untracked 
| 288|0x0000000092000000, 0x0000000092000000, 0x0000000092100000|  0%| F|  |TAMS 0x0000000092000000, 0x0000000092000000| Untracked 
| 289|0x0000000092100000, 0x0000000092100000, 0x0000000092200000|  0%| F|  |TAMS 0x0000000092100000, 0x0000000092100000| Untracked 
| 290|0x0000000092200000, 0x0000000092200000, 0x0000000092300000|  0%| F|  |TAMS 0x0000000092200000, 0x0000000092200000| Untracked 
| 291|0x0000000092300000, 0x0000000092300000, 0x0000000092400000|  0%| F|  |TAMS 0x0000000092300000, 0x0000000092300000| Untracked 
| 292|0x0000000092400000, 0x0000000092400000, 0x0000000092500000|  0%| F|  |TAMS 0x0000000092400000, 0x0000000092400000| Untracked 
| 293|0x0000000092500000, 0x0000000092500000, 0x0000000092600000|  0%| F|  |TAMS 0x0000000092500000, 0x0000000092500000| Untracked 
| 294|0x0000000092600000, 0x0000000092600000, 0x0000000092700000|  0%| F|  |TAMS 0x0000000092600000, 0x0000000092600000| Untracked 
| 295|0x0000000092700000, 0x0000000092700000, 0x0000000092800000|  0%| F|  |TAMS 0x0000000092700000, 0x0000000092700000| Untracked 
| 296|0x0000000092800000, 0x0000000092800000, 0x0000000092900000|  0%| F|  |TAMS 0x0000000092800000, 0x0000000092800000| Untracked 
| 297|0x0000000092900000, 0x0000000092900000, 0x0000000092a00000|  0%| F|  |TAMS 0x0000000092900000, 0x0000000092900000| Untracked 
| 298|0x0000000092a00000, 0x0000000092a00000, 0x0000000092b00000|  0%| F|  |TAMS 0x0000000092a00000, 0x0000000092a00000| Untracked 
| 299|0x0000000092b00000, 0x0000000092b00000, 0x0000000092c00000|  0%| F|  |TAMS 0x0000000092b00000, 0x0000000092b00000| Untracked 
| 300|0x0000000092c00000, 0x0000000092c00000, 0x0000000092d00000|  0%| F|  |TAMS 0x0000000092c00000, 0x0000000092c00000| Untracked 
| 301|0x0000000092d00000, 0x0000000092d00000, 0x0000000092e00000|  0%| F|  |TAMS 0x0000000092d00000, 0x0000000092d00000| Untracked 
| 302|0x0000000092e00000, 0x0000000092e00000, 0x0000000092f00000|  0%| F|  |TAMS 0x0000000092e00000, 0x0000000092e00000| Untracked 
| 303|0x0000000092f00000, 0x0000000092f00000, 0x0000000093000000|  0%| F|  |TAMS 0x0000000092f00000, 0x0000000092f00000| Untracked 
| 304|0x0000000093000000, 0x0000000093000000, 0x0000000093100000|  0%| F|  |TAMS 0x0000000093000000, 0x0000000093000000| Untracked 
| 305|0x0000000093100000, 0x0000000093100000, 0x0000000093200000|  0%| F|  |TAMS 0x0000000093100000, 0x0000000093100000| Untracked 
| 306|0x0000000093200000, 0x0000000093200000, 0x0000000093300000|  0%| F|  |TAMS 0x0000000093200000, 0x0000000093200000| Untracked 
| 307|0x0000000093300000, 0x0000000093300000, 0x0000000093400000|  0%| F|  |TAMS 0x0000000093300000, 0x0000000093300000| Untracked 
| 308|0x0000000093400000, 0x0000000093400000, 0x0000000093500000|  0%| F|  |TAMS 0x0000000093400000, 0x0000000093400000| Untracked 
| 309|0x0000000093500000, 0x0000000093500000, 0x0000000093600000|  0%| F|  |TAMS 0x0000000093500000, 0x0000000093500000| Untracked 
| 310|0x0000000093600000, 0x0000000093600000, 0x0000000093700000|  0%| F|  |TAMS 0x0000000093600000, 0x0000000093600000| Untracked 
| 311|0x0000000093700000, 0x0000000093700000, 0x0000000093800000|  0%| F|  |TAMS 0x0000000093700000, 0x0000000093700000| Untracked 
| 312|0x0000000093800000, 0x0000000093800000, 0x0000000093900000|  0%| F|  |TAMS 0x0000000093800000, 0x0000000093800000| Untracked 
| 313|0x0000000093900000, 0x0000000093900000, 0x0000000093a00000|  0%| F|  |TAMS 0x0000000093900000, 0x0000000093900000| Untracked 
| 314|0x0000000093a00000, 0x0000000093a00000, 0x0000000093b00000|  0%| F|  |TAMS 0x0000000093a00000, 0x0000000093a00000| Untracked 
| 315|0x0000000093b00000, 0x0000000093b00000, 0x0000000093c00000|  0%| F|  |TAMS 0x0000000093b00000, 0x0000000093b00000| Untracked 
| 316|0x0000000093c00000, 0x0000000093c00000, 0x0000000093d00000|  0%| F|  |TAMS 0x0000000093c00000, 0x0000000093c00000| Untracked 
| 317|0x0000000093d00000, 0x0000000093d00000, 0x0000000093e00000|  0%| F|  |TAMS 0x0000000093d00000, 0x0000000093d00000| Untracked 
| 318|0x0000000093e00000, 0x0000000093e00000, 0x0000000093f00000|  0%| F|  |TAMS 0x0000000093e00000, 0x0000000093e00000| Untracked 
| 319|0x0000000093f00000, 0x0000000093f00000, 0x0000000094000000|  0%| F|  |TAMS 0x0000000093f00000, 0x0000000093f00000| Untracked 
| 320|0x0000000094000000, 0x0000000094000000, 0x0000000094100000|  0%| F|  |TAMS 0x0000000094000000, 0x0000000094000000| Untracked 
| 321|0x0000000094100000, 0x0000000094100000, 0x0000000094200000|  0%| F|  |TAMS 0x0000000094100000, 0x0000000094100000| Untracked 
| 322|0x0000000094200000, 0x0000000094200000, 0x0000000094300000|  0%| F|  |TAMS 0x0000000094200000, 0x0000000094200000| Untracked 
| 323|0x0000000094300000, 0x0000000094300000, 0x0000000094400000|  0%| F|  |TAMS 0x0000000094300000, 0x0000000094300000| Untracked 
| 324|0x0000000094400000, 0x0000000094400000, 0x0000000094500000|  0%| F|  |TAMS 0x0000000094400000, 0x0000000094400000| Untracked 
| 325|0x0000000094500000, 0x0000000094500000, 0x0000000094600000|  0%| F|  |TAMS 0x0000000094500000, 0x0000000094500000| Untracked 
| 326|0x0000000094600000, 0x0000000094600000, 0x0000000094700000|  0%| F|  |TAMS 0x0000000094600000, 0x0000000094600000| Untracked 
| 327|0x0000000094700000, 0x0000000094700000, 0x0000000094800000|  0%| F|  |TAMS 0x0000000094700000, 0x0000000094700000| Untracked 
| 328|0x0000000094800000, 0x0000000094800000, 0x0000000094900000|  0%| F|  |TAMS 0x0000000094800000, 0x0000000094800000| Untracked 
| 329|0x0000000094900000, 0x0000000094900000, 0x0000000094a00000|  0%| F|  |TAMS 0x0000000094900000, 0x0000000094900000| Untracked 
| 330|0x0000000094a00000, 0x0000000094a00000, 0x0000000094b00000|  0%| F|  |TAMS 0x0000000094a00000, 0x0000000094a00000| Untracked 
| 331|0x0000000094b00000, 0x0000000094b00000, 0x0000000094c00000|  0%| F|  |TAMS 0x0000000094b00000, 0x0000000094b00000| Untracked 
| 332|0x0000000094c00000, 0x0000000094c00000, 0x0000000094d00000|  0%| F|  |TAMS 0x0000000094c00000, 0x0000000094c00000| Untracked 
| 333|0x0000000094d00000, 0x0000000094d00000, 0x0000000094e00000|  0%| F|  |TAMS 0x0000000094d00000, 0x0000000094d00000| Untracked 
| 334|0x0000000094e00000, 0x0000000094e00000, 0x0000000094f00000|  0%| F|  |TAMS 0x0000000094e00000, 0x0000000094e00000| Untracked 
| 335|0x0000000094f00000, 0x0000000094f00000, 0x0000000095000000|  0%| F|  |TAMS 0x0000000094f00000, 0x0000000094f00000| Untracked 
| 336|0x0000000095000000, 0x0000000095000000, 0x0000000095100000|  0%| F|  |TAMS 0x0000000095000000, 0x0000000095000000| Untracked 
| 337|0x0000000095100000, 0x0000000095100000, 0x0000000095200000|  0%| F|  |TAMS 0x0000000095100000, 0x0000000095100000| Untracked 
| 338|0x0000000095200000, 0x0000000095200000, 0x0000000095300000|  0%| F|  |TAMS 0x0000000095200000, 0x0000000095200000| Untracked 
| 339|0x0000000095300000, 0x0000000095300000, 0x0000000095400000|  0%| F|  |TAMS 0x0000000095300000, 0x0000000095300000| Untracked 

Card table byte_map: [0x000001e199e00000,0x000001e19a200000] _byte_map_base: 0x000001e199a00000

Marking Bits (Prev, Next): (CMBitMap*) 0x000001e18651f510, (CMBitMap*) 0x000001e18651f4d8
 Prev Bits: [0x000001e19c600000, 0x000001e19e600000)
 Next Bits: [0x000001e19a600000, 0x000001e19c600000)

Polling page: 0x000001e184c50000

Metaspace:

Usage:
  Non-class:     86.61 MB capacity,    84.97 MB ( 98%) used,     1.31 MB (  2%) free+waste,   328.56 KB ( <1%) overhead. 
      Class:     13.93 MB capacity,    12.86 MB ( 92%) used,   944.98 KB (  7%) free+waste,   153.88 KB (  1%) overhead. 
       Both:    100.54 MB capacity,    97.84 MB ( 97%) used,     2.24 MB (  2%) free+waste,   482.44 KB ( <1%) overhead. 

Virtual space:
  Non-class space:       88.00 MB reserved,      86.75 MB ( 99%) committed 
      Class space:        1.00 GB reserved,      13.95 MB (  1%) committed 
             Both:        1.09 GB reserved,     100.70 MB (  9%) committed 

Chunk freelists:
   Non-Class:  17.00 KB
       Class:  3.00 KB
        Both:  20.00 KB

MaxMetaspaceSize: 17179869184.00 GB
CompressedClassSpaceSize: 1.00 GB

CodeHeap 'non-profiled nmethods': size=120000Kb used=8018Kb max_used=8018Kb free=111981Kb
 bounds [0x000001e191a70000, 0x000001e192250000, 0x000001e198fa0000]
CodeHeap 'profiled nmethods': size=120000Kb used=33964Kb max_used=33964Kb free=86035Kb
 bounds [0x000001e18a540000, 0x000001e18c670000, 0x000001e191a70000]
CodeHeap 'non-nmethods': size=5760Kb used=2309Kb max_used=2364Kb free=3450Kb
 bounds [0x000001e189fa0000, 0x000001e18a210000, 0x000001e18a540000]
 total_blobs=14737 nmethods=13819 adapters=828
 compilation: enabled
              stopped_count=0, restarted_count=0
 full_count=0

Compilation events (20 events):
Event: 14.858 Thread 0x000001e1a106c000 nmethod 14269 0x000001e18c668010 code [0x000001e18c6681e0, 0x000001e18c668498]
Event: 14.858 Thread 0x000001e1a106c000 14304       2       com.android.tools.r8.internal.oy::c2 (14 bytes)
Event: 14.858 Thread 0x000001e1a106c000 nmethod 14304 0x000001e18a540010 code [0x000001e18a5401c0, 0x000001e18a540328]
Event: 14.859 Thread 0x000001e1a106c000 14281       2       com.android.tools.r8.internal.E::iterator (6 bytes)
Event: 14.859 Thread 0x000001e1a106c000 nmethod 14281 0x000001e18a541190 code [0x000001e18a541340, 0x000001e18a541468]
Event: 14.859 Thread 0x000001e1a106c000 14294       2       com.android.tools.r8.ir.regalloc.c$$Lambda$1717/0x0000000100db4440::compare (16 bytes)
Event: 14.859 Thread 0x000001e1a106c000 nmethod 14294 0x000001e18c668690 code [0x000001e18c668840, 0x000001e18c6689c8]
Event: 14.859 Thread 0x000001e1a106c000 14295       2       com.android.tools.r8.ir.regalloc.c::a (66 bytes)
Event: 14.859 Thread 0x000001e1a106c000 nmethod 14295 0x000001e18c668b10 code [0x000001e18c668cc0, 0x000001e18c668e58]
Event: 14.859 Thread 0x000001e1a106c000 14268       2       com.android.tools.r8.internal.A::a (38 bytes)
Event: 14.859 Thread 0x000001e1a106c000 nmethod 14268 0x000001e18c668f10 code [0x000001e18c669100, 0x000001e18c669398]
Event: 14.859 Thread 0x000001e1a106c000 14285       2       com.android.tools.r8.internal.Pu::a (417 bytes)
Event: 14.862 Thread 0x000001e1a106c000 nmethod 14285 0x000001e18c669510 code [0x000001e18c669900, 0x000001e18c66a7f8]
Event: 14.862 Thread 0x000001e1a106c000 14276       2       com.android.tools.r8.internal.x9::a (776 bytes)
Event: 14.886 Thread 0x000001e1a4e45000 nmethod 13545 0x000001e192237d90 code [0x000001e192238700, 0x000001e192240e38]
Event: 14.886 Thread 0x000001e1a4e45000 14226       4       com.android.tools.r8.ir.regalloc.d::g (190 bytes)
Event: 14.901 Thread 0x000001e1a4e45000 nmethod 14226 0x000001e191af4090 code [0x000001e191af4280, 0x000001e191af49f8]
Event: 14.901 Thread 0x000001e1a4e45000 14329       4       java.util.ArrayDeque::contains (80 bytes)
Event: 14.903 Thread 0x000001e1a4e45000 nmethod 14329 0x000001e191af3b90 code [0x000001e191af3d40, 0x000001e191af3eb8]
Event: 14.903 Thread 0x000001e1a4e45000 13556       4       com.android.tools.r8.ir.regalloc.c::a (261 bytes)

GC Heap History (20 events):
Event: 11.328 GC heap after
{Heap after GC invocations=25 (full 0):
 garbage-first heap   total 227328K, used 125949K [0x0000000080000000, 0x0000000100000000)
  region size 1024K, 9 young (9216K), 9 survivors (9216K)
 Metaspace       used 93011K, capacity 95482K, committed 95564K, reserved 1132544K
  class space    used 12164K, capacity 13120K, committed 13132K, reserved 1048576K
}
Event: 11.685 GC heap before
{Heap before GC invocations=25 (full 0):
 garbage-first heap   total 227328K, used 178173K [0x0000000080000000, 0x0000000100000000)
  region size 1024K, 61 young (62464K), 9 survivors (9216K)
 Metaspace       used 93434K, capacity 95668K, committed 96204K, reserved 1132544K
  class space    used 12171K, capacity 13044K, committed 13260K, reserved 1048576K
}
Event: 11.724 GC heap after
{Heap after GC invocations=26 (full 0):
 garbage-first heap   total 227328K, used 136928K [0x0000000080000000, 0x0000000100000000)
  region size 1024K, 8 young (8192K), 8 survivors (8192K)
 Metaspace       used 93434K, capacity 95668K, committed 96204K, reserved 1132544K
  class space    used 12171K, capacity 13044K, committed 13260K, reserved 1048576K
}
Event: 11.866 GC heap before
{Heap before GC invocations=27 (full 0):
 garbage-first heap   total 227328K, used 183008K [0x0000000080000000, 0x0000000100000000)
  region size 1024K, 53 young (54272K), 8 survivors (8192K)
 Metaspace       used 94100K, capacity 96427K, committed 96716K, reserved 1132544K
  class space    used 12269K, capacity 13188K, committed 13260K, reserved 1048576K
}
Event: 11.897 GC heap after
{Heap after GC invocations=28 (full 0):
 garbage-first heap   total 348160K, used 146203K [0x0000000080000000, 0x0000000100000000)
  region size 1024K, 7 young (7168K), 7 survivors (7168K)
 Metaspace       used 94100K, capacity 96427K, committed 96716K, reserved 1132544K
  class space    used 12269K, capacity 13188K, committed 13260K, reserved 1048576K
}
Event: 12.710 GC heap before
{Heap before GC invocations=28 (full 0):
 garbage-first heap   total 348160K, used 232219K [0x0000000080000000, 0x0000000100000000)
  region size 1024K, 92 young (94208K), 7 survivors (7168K)
 Metaspace       used 98441K, capacity 101189K, committed 101324K, reserved 1136640K
  class space    used 13075K, capacity 14168K, committed 14284K, reserved 1048576K
}
Event: 12.734 GC heap after
{Heap after GC invocations=29 (full 0):
 garbage-first heap   total 348160K, used 154681K [0x0000000080000000, 0x0000000100000000)
  region size 1024K, 8 young (8192K), 8 survivors (8192K)
 Metaspace       used 98441K, capacity 101189K, committed 101324K, reserved 1136640K
  class space    used 13075K, capacity 14168K, committed 14284K, reserved 1048576K
}
Event: 13.268 GC heap before
{Heap before GC invocations=29 (full 0):
 garbage-first heap   total 348160K, used 242745K [0x0000000080000000, 0x0000000100000000)
  region size 1024K, 95 young (97280K), 8 survivors (8192K)
 Metaspace       used 99015K, capacity 101750K, committed 101836K, reserved 1136640K
  class space    used 13127K, capacity 14203K, committed 14284K, reserved 1048576K
}
Event: 13.281 GC heap after
{Heap after GC invocations=30 (full 0):
 garbage-first heap   total 348160K, used 155838K [0x0000000080000000, 0x0000000100000000)
  region size 1024K, 2 young (2048K), 2 survivors (2048K)
 Metaspace       used 99015K, capacity 101750K, committed 101836K, reserved 1136640K
  class space    used 13127K, capacity 14203K, committed 14284K, reserved 1048576K
}
Event: 13.525 GC heap before
{Heap before GC invocations=30 (full 0):
 garbage-first heap   total 348160K, used 249022K [0x0000000080000000, 0x0000000100000000)
  region size 1024K, 94 young (96256K), 2 survivors (2048K)
 Metaspace       used 99208K, capacity 101960K, committed 102092K, reserved 1136640K
  class space    used 13142K, capacity 14226K, committed 14284K, reserved 1048576K
}
Event: 13.528 GC heap after
{Heap after GC invocations=31 (full 0):
 garbage-first heap   total 348160K, used 156862K [0x0000000080000000, 0x0000000100000000)
  region size 1024K, 3 young (3072K), 3 survivors (3072K)
 Metaspace       used 99208K, capacity 101960K, committed 102092K, reserved 1136640K
  class space    used 13142K, capacity 14226K, committed 14284K, reserved 1048576K
}
Event: 13.758 GC heap before
{Heap before GC invocations=31 (full 0):
 garbage-first heap   total 348160K, used 255166K [0x0000000080000000, 0x0000000100000000)
  region size 1024K, 99 young (101376K), 3 survivors (3072K)
 Metaspace       used 99292K, capacity 102025K, committed 102092K, reserved 1136640K
  class space    used 13148K, capacity 14226K, committed 14284K, reserved 1048576K
}
Event: 13.763 GC heap after
{Heap after GC invocations=32 (full 0):
 garbage-first heap   total 348160K, used 157408K [0x0000000080000000, 0x0000000100000000)
  region size 1024K, 4 young (4096K), 4 survivors (4096K)
 Metaspace       used 99292K, capacity 102025K, committed 102092K, reserved 1136640K
  class space    used 13148K, capacity 14226K, committed 14284K, reserved 1048576K
}
Event: 14.010 GC heap before
{Heap before GC invocations=32 (full 0):
 garbage-first heap   total 348160K, used 261856K [0x0000000080000000, 0x0000000100000000)
  region size 1024K, 106 young (108544K), 4 survivors (4096K)
 Metaspace       used 99435K, capacity 102185K, committed 102348K, reserved 1136640K
  class space    used 13163K, capacity 14258K, committed 14284K, reserved 1048576K
}
Event: 14.016 GC heap after
{Heap after GC invocations=33 (full 0):
 garbage-first heap   total 348160K, used 158855K [0x0000000080000000, 0x0000000100000000)
  region size 1024K, 5 young (5120K), 5 survivors (5120K)
 Metaspace       used 99435K, capacity 102185K, committed 102348K, reserved 1136640K
  class space    used 13163K, capacity 14258K, committed 14284K, reserved 1048576K
}
Event: 14.268 GC heap before
{Heap before GC invocations=33 (full 0):
 garbage-first heap   total 348160K, used 275591K [0x0000000080000000, 0x0000000100000000)
  region size 1024K, 120 young (122880K), 5 survivors (5120K)
 Metaspace       used 99554K, capacity 102318K, committed 102348K, reserved 1136640K
  class space    used 13163K, capacity 14259K, committed 14284K, reserved 1048576K
}
Event: 14.276 GC heap after
{Heap after GC invocations=34 (full 0):
 garbage-first heap   total 348160K, used 159781K [0x0000000080000000, 0x0000000100000000)
  region size 1024K, 6 young (6144K), 6 survivors (6144K)
 Metaspace       used 99554K, capacity 102318K, committed 102348K, reserved 1136640K
  class space    used 13163K, capacity 14259K, committed 14284K, reserved 1048576K
}
Event: 14.646 GC heap before
{Heap before GC invocations=34 (full 0):
 garbage-first heap   total 348160K, used 279589K [0x0000000080000000, 0x0000000100000000)
  region size 1024K, 123 young (125952K), 6 survivors (6144K)
 Metaspace       used 100003K, capacity 102737K, committed 102860K, reserved 1138688K
  class space    used 13167K, capacity 14265K, committed 14284K, reserved 1048576K
}
Event: 14.656 GC heap after
{Heap after GC invocations=35 (full 0):
 garbage-first heap   total 348160K, used 160884K [0x0000000080000000, 0x0000000100000000)
  region size 1024K, 7 young (7168K), 7 survivors (7168K)
 Metaspace       used 100003K, capacity 102737K, committed 102860K, reserved 1138688K
  class space    used 13167K, capacity 14265K, committed 14284K, reserved 1048576K
}
Event: 14.941 GC heap before
{Heap before GC invocations=35 (full 0):
 garbage-first heap   total 348160K, used 283764K [0x0000000080000000, 0x0000000100000000)
  region size 1024K, 128 young (131072K), 7 survivors (7168K)
 Metaspace       used 100183K, capacity 102956K, committed 103116K, reserved 1138688K
  class space    used 13170K, capacity 14269K, committed 14284K, reserved 1048576K
}

Deoptimization events (20 events):
Event: 14.723 Thread 0x000001e1a6d35000 DEOPT PACKING pc=0x000001e18c1d3201 sp=0x000000838d4f6450
Event: 14.723 Thread 0x000001e1a6d35000 DEOPT UNPACKING pc=0x000001e189fc76ce sp=0x000000838d4f5988 mode 0
Event: 14.772 Thread 0x000001e1a6d35000 Uncommon trap: trap_request=0xffffff4d fr.pc=0x000001e19222e7d0 relative=0x00000000000002f0
Event: 14.772 Thread 0x000001e1a6d35000 Uncommon trap: reason=unstable_if action=reinterpret pc=0x000001e19222e7d0 method=com.android.tools.r8.internal.wl.contains(Ljava/lang/Object;)Z @ 144 c2
Event: 14.772 Thread 0x000001e1a6d35000 DEOPT PACKING pc=0x000001e19222e7d0 sp=0x000000838d4f6150
Event: 14.772 Thread 0x000001e1a6d35000 DEOPT UNPACKING pc=0x000001e189fc78af sp=0x000000838d4f60c0 mode 2
Event: 14.776 Thread 0x000001e1a6d2c000 Uncommon trap: trap_request=0xffffff4d fr.pc=0x000001e1921a8be0 relative=0x00000000000003a0
Event: 14.776 Thread 0x000001e1a6d2c000 Uncommon trap: reason=unstable_if action=reinterpret pc=0x000001e1921a8be0 method=com.android.tools.r8.internal.Gb.a(C)Z @ 45 c2
Event: 14.776 Thread 0x000001e1a6d2c000 DEOPT PACKING pc=0x000001e1921a8be0 sp=0x000000838c9f92d0
Event: 14.778 Thread 0x000001e1a6d2c000 DEOPT UNPACKING pc=0x000001e189fc78af sp=0x000000838c9f9170 mode 2
Event: 14.785 Thread 0x000001e1a6d35000 DEOPT PACKING pc=0x000001e18c407717 sp=0x000000838d4f6870
Event: 14.785 Thread 0x000001e1a6d35000 DEOPT UNPACKING pc=0x000001e189fc76ce sp=0x000000838d4f5e68 mode 0
Event: 14.791 Thread 0x000001e1a7307800 DEOPT PACKING pc=0x000001e18c2fd974 sp=0x000000838c3f9790
Event: 14.791 Thread 0x000001e1a7307800 DEOPT UNPACKING pc=0x000001e189fc76ce sp=0x000000838c3f8d68 mode 0
Event: 14.846 Thread 0x000001e1a6d35000 DEOPT PACKING pc=0x000001e18c447657 sp=0x000000838d4f61e0
Event: 14.846 Thread 0x000001e1a6d35000 DEOPT UNPACKING pc=0x000001e189fc76ce sp=0x000000838d4f5748 mode 0
Event: 14.882 Thread 0x000001e1a7303000 DEOPT PACKING pc=0x000001e18c3e6f31 sp=0x000000838c6f9390
Event: 14.882 Thread 0x000001e1a7303000 DEOPT UNPACKING pc=0x000001e189fc76ce sp=0x000000838c6f88a0 mode 0
Event: 14.929 Thread 0x000001e1a6d2c000 DEOPT PACKING pc=0x000001e18c45cdcd sp=0x000000838c9f95c0
Event: 14.929 Thread 0x000001e1a6d2c000 DEOPT UNPACKING pc=0x000001e189fc76ce sp=0x000000838c9f8ac8 mode 0

Classes redefined (0 events):
No events

Internal exceptions (20 events):
Event: 11.949 Thread 0x000001e1a7305000 Exception <a 'java/lang/NoSuchMethodError'{0x0000000094876ed0}: 'java.lang.Object java.lang.invoke.Invokers$Holder.linkToTargetMethod(java.lang.Object, java.lang.Object, java.lang.Object, java.lang.Object, java.lang.Object, java.lang.Object, java.lang.Object)'> (0x0000000094876ed0) thrown at [./src/hotspot/share/interpreter/linkResolver.cpp, line 773]
Event: 11.949 Thread 0x000001e1a6d35000 Exception <a 'java/lang/NoSuchMethodError'{0x00000000945f2ef8}: 'java.lang.Object java.lang.invoke.Invokers$Holder.linkToTargetMethod(java.lang.Object, java.lang.Object, java.lang.Object, java.lang.Object, java.lang.Object, java.lang.Object, java.lang.Object)'> (0x00000000945f2ef8) thrown at [./src/hotspot/share/interpreter/linkResolver.cpp, line 773]
Event: 11.949 Thread 0x000001e1a6d2d800 Exception <a 'java/lang/NoSuchMethodError'{0x00000000943697e0}: 'java.lang.Object java.lang.invoke.Invokers$Holder.linkToTargetMethod(java.lang.Object, java.lang.Object, java.lang.Object, java.lang.Object, java.lang.Object, java.lang.Object, java.lang.Object)'> (0x00000000943697e0) thrown at [./src/hotspot/share/interpreter/linkResolver.cpp, line 773]
Event: 12.044 Thread 0x000001e1a6d35000 Exception <a 'java/lang/NoSuchMethodError'{0x0000000093752c30}: 'java.lang.Object java.lang.invoke.DirectMethodHandle$Holder.invokeVirtual(java.lang.Object, java.lang.Object, int, java.lang.Object)'> (0x0000000093752c30) thrown at [./src/hotspot/share/interpreter/linkResolver.cpp, line 773]
Event: 12.044 Thread 0x000001e1a7307800 Exception <a 'java/lang/NoSuchMethodError'{0x0000000093569be8}: 'java.lang.Object java.lang.invoke.DirectMethodHandle$Holder.invokeVirtual(java.lang.Object, java.lang.Object, int, java.lang.Object)'> (0x0000000093569be8) thrown at [./src/hotspot/share/interpreter/linkResolver.cpp, line 773]
Event: 12.044 Thread 0x000001e1a7305000 Exception <a 'java/lang/NoSuchMethodError'{0x0000000093517160}: 'java.lang.Object java.lang.invoke.DirectMethodHandle$Holder.invokeVirtual(java.lang.Object, java.lang.Object, int, java.lang.Object)'> (0x0000000093517160) thrown at [./src/hotspot/share/interpreter/linkResolver.cpp, line 773]
Event: 12.044 Thread 0x000001e1a6d2c000 Exception <a 'java/lang/NoSuchMethodError'{0x0000000093535890}: 'java.lang.Object java.lang.invoke.DirectMethodHandle$Holder.invokeVirtual(java.lang.Object, java.lang.Object, int, java.lang.Object)'> (0x0000000093535890) thrown at [./src/hotspot/share/interpreter/linkResolver.cpp, line 773]
Event: 12.044 Thread 0x000001e1a7303000 Exception <a 'java/lang/NoSuchMethodError'{0x00000000937c1ae0}: 'java.lang.Object java.lang.invoke.DirectMethodHandle$Holder.invokeVirtual(java.lang.Object, java.lang.Object, int, java.lang.Object)'> (0x00000000937c1ae0) thrown at [./src/hotspot/share/interpreter/linkResolver.cpp, line 773]
Event: 12.045 Thread 0x000001e1a6d2d800 Exception <a 'java/lang/NoSuchMethodError'{0x000000009370a2b8}: 'java.lang.Object java.lang.invoke.DirectMethodHandle$Holder.invokeVirtual(java.lang.Object, java.lang.Object, int, java.lang.Object)'> (0x000000009370a2b8) thrown at [./src/hotspot/share/interpreter/linkResolver.cpp, line 773]
Event: 12.069 Thread 0x000001e1a6d35000 Exception <a 'java/lang/NoSuchMethodError'{0x0000000093432698}: 'void java.lang.invoke.DirectMethodHandle$Holder.invokeVirtual(java.lang.Object, java.lang.Object, int, java.lang.Object)'> (0x0000000093432698) thrown at [./src/hotspot/share/interpreter/linkResolver.cpp, line 773]
Event: 12.080 Thread 0x000001e1a6d2d800 Exception <a 'java/lang/IncompatibleClassChangeError'{0x000000009372b680}: Found class java.lang.Object, but interface was expected> (0x000000009372b680) thrown at [./src/hotspot/share/interpreter/linkResolver.cpp, line 839]
Event: 12.080 Thread 0x000001e1a6d35000 Exception <a 'java/lang/IncompatibleClassChangeError'{0x000000009321afe0}: Found class java.lang.Object, but interface was expected> (0x000000009321afe0) thrown at [./src/hotspot/share/interpreter/linkResolver.cpp, line 839]
Event: 12.082 Thread 0x000001e1a6d2d800 Exception <a 'java/lang/IncompatibleClassChangeError'{0x0000000093736090}: Found class java.lang.Object, but interface was expected> (0x0000000093736090) thrown at [./src/hotspot/share/interpreter/linkResolver.cpp, line 839]
Event: 12.082 Thread 0x000001e1a7305000 Exception <a 'java/lang/IncompatibleClassChangeError'{0x00000000932e3890}: Found class java.lang.Object, but interface was expected> (0x00000000932e3890) thrown at [./src/hotspot/share/interpreter/linkResolver.cpp, line 839]
Event: 12.156 Thread 0x000001e1a6d2c000 Exception <a 'java/lang/NoSuchMethodError'{0x0000000092e14f48}: 'int java.lang.invoke.DirectMethodHandle$Holder.invokeSpecial(java.lang.Object, java.lang.Object, java.lang.Object, int, java.lang.Object)'> (0x0000000092e14f48) thrown at [./src/hotspot/share/interpreter/linkResolver.cpp, line 773]
Event: 12.156 Thread 0x000001e1a7303000 Exception <a 'java/lang/NoSuchMethodError'{0x0000000092f47420}: 'int java.lang.invoke.DirectMethodHandle$Holder.invokeSpecial(java.lang.Object, java.lang.Object, java.lang.Object, int, java.lang.Object)'> (0x0000000092f47420) thrown at [./src/hotspot/share/interpreter/linkResolver.cpp, line 773]
Event: 12.172 Thread 0x000001e1a6d2d800 Exception <a 'java/lang/NoSuchMethodError'{0x0000000092eb1210}: 'java.lang.Object java.lang.invoke.DirectMethodHandle$Holder.newInvokeSpecial(java.lang.Object, int)'> (0x0000000092eb1210) thrown at [./src/hotspot/share/interpreter/linkResolver.cpp, line 773]
Event: 12.173 Thread 0x000001e1a7305000 Exception <a 'java/lang/NoSuchMethodError'{0x0000000092e279a8}: 'java.lang.Object java.lang.invoke.DirectMethodHandle$Holder.newInvokeSpecial(java.lang.Object, int)'> (0x0000000092e279a8) thrown at [./src/hotspot/share/interpreter/linkResolver.cpp, line 773]
Event: 12.380 Thread 0x000001e1a6d2c000 Exception <a 'java/lang/NoSuchMethodError'{0x000000009217d7d8}: 'java.lang.Object java.lang.invoke.DirectMethodHandle$Holder.invokeInterface(java.lang.Object, java.lang.Object, int)'> (0x000000009217d7d8) thrown at [./src/hotspot/share/interpreter/linkResolver.cpp, line 773]
Event: 12.444 Thread 0x000001e1a7305000 Exception <a 'java/lang/NoSuchMethodError'{0x0000000091bd99b0}: 'int java.lang.invoke.DirectMethodHandle$Holder.invokeInterface(java.lang.Object, java.lang.Object, int)'> (0x0000000091bd99b0) thrown at [./src/hotspot/share/interpreter/linkResolver.cpp, line 773]

Events (20 events):
Event: 14.735 loading class com/android/tools/r8/internal/GM
Event: 14.735 loading class com/android/tools/r8/internal/GM done
Event: 14.735 loading class com/android/tools/r8/internal/GM
Event: 14.735 loading class com/android/tools/r8/internal/GM done
Event: 14.735 loading class com/android/tools/r8/internal/FM
Event: 14.735 loading class com/android/tools/r8/internal/FM done
Event: 14.735 loading class com/android/tools/r8/code/O0
Event: 14.735 loading class com/android/tools/r8/code/O0 done
Event: 14.735 loading class com/android/tools/r8/code/O0
Event: 14.735 loading class com/android/tools/r8/code/O0 done
Event: 14.736 loading class com/android/tools/r8/code/O0
Event: 14.736 loading class com/android/tools/r8/code/O0 done
Event: 14.736 loading class com/android/tools/r8/code/O0
Event: 14.736 loading class com/android/tools/r8/code/O0 done
Event: 14.849 Thread 0x000001e1a106d000 flushing nmethod 0x000001e191af1e10
Event: 14.852 Thread 0x000001e1a106d000 flushing nmethod 0x000001e18a540010
Event: 14.852 Thread 0x000001e1a106d000 flushing nmethod 0x000001e18a541190
Event: 14.865 Executing VM operation: ICBufferFull
Event: 14.867 Executing VM operation: ICBufferFull done
Event: 14.939 Executing VM operation: G1CollectForAllocation


Dynamic libraries:
0x00007ff6df1b0000 - 0x00007ff6df1ba000 	C:\Users\Administrator\Desktop\ThisPC\android-studio-2021.1.1.1-windows\android-studio\jre\bin\java.exe
0x00007ffab9230000 - 0x00007ffab9424000 	C:\Windows\SYSTEM32\ntdll.dll
0x00007ffab7a00000 - 0x00007ffab7abd000 	C:\Windows\System32\KERNEL32.DLL
0x00007ffab6b40000 - 0x00007ffab6e07000 	C:\Windows\System32\KERNELBASE.dll
0x00007ffab6e10000 - 0x00007ffab6f10000 	C:\Windows\System32\ucrtbase.dll
0x00007ffa8dfb0000 - 0x00007ffa8dfc7000 	C:\Users\Administrator\Desktop\ThisPC\android-studio-2021.1.1.1-windows\android-studio\jre\bin\VCRUNTIME140.dll
0x00007ffa9cf50000 - 0x00007ffa9cf69000 	C:\Users\Administrator\Desktop\ThisPC\android-studio-2021.1.1.1-windows\android-studio\jre\bin\jli.dll
0x00007ffab8b00000 - 0x00007ffab8ca0000 	C:\Windows\System32\USER32.dll
0x00007ffab7030000 - 0x00007ffab7052000 	C:\Windows\System32\win32u.dll
0x00007ffab7970000 - 0x00007ffab799a000 	C:\Windows\System32\GDI32.dll
0x00007ffaa59a0000 - 0x00007ffaa5c3a000 	C:\Windows\WinSxS\amd64_microsoft.windows.common-controls_6595b64144ccf1df_6.0.19041.1_none_b555e41d4684ddec\COMCTL32.dll
0x00007ffab69e0000 - 0x00007ffab6ae9000 	C:\Windows\System32\gdi32full.dll
0x00007ffab88c0000 - 0x00007ffab895e000 	C:\Windows\System32\msvcrt.dll
0x00007ffab6f10000 - 0x00007ffab6fad000 	C:\Windows\System32\msvcp_win.dll
0x00007ffab7ad0000 - 0x00007ffab7b00000 	C:\Windows\System32\IMM32.DLL
0x00007ffa8b810000 - 0x00007ffa8b8ad000 	C:\Users\Administrator\Desktop\ThisPC\android-studio-2021.1.1.1-windows\android-studio\jre\bin\msvcp140.dll
0x00007ffa7e400000 - 0x00007ffa7eecf000 	C:\Users\Administrator\Desktop\ThisPC\android-studio-2021.1.1.1-windows\android-studio\jre\bin\server\jvm.dll
0x00007ffab8ca0000 - 0x00007ffab8d4a000 	C:\Windows\System32\ADVAPI32.dll
0x00007ffab7850000 - 0x00007ffab78eb000 	C:\Windows\System32\sechost.dll
0x00007ffab72b0000 - 0x00007ffab73d3000 	C:\Windows\System32\RPCRT4.dll
0x00007ffab8d50000 - 0x00007ffab8d58000 	C:\Windows\System32\PSAPI.DLL
0x00007ffaadeb0000 - 0x00007ffaadeb9000 	C:\Windows\SYSTEM32\WSOCK32.dll
0x00007ffab8a90000 - 0x00007ffab8afb000 	C:\Windows\System32\WS2_32.dll
0x00007ffaa9b40000 - 0x00007ffaa9b67000 	C:\Windows\SYSTEM32\WINMM.dll
0x00007ffaabbb0000 - 0x00007ffaabbba000 	C:\Windows\SYSTEM32\VERSION.dll
0x00007ffab4af0000 - 0x00007ffab4b03000 	C:\Windows\SYSTEM32\kernel.appcore.dll
0x00007ffab0130000 - 0x00007ffab0141000 	C:\Users\Administrator\Desktop\ThisPC\android-studio-2021.1.1.1-windows\android-studio\jre\bin\verify.dll
0x00007ffab16f0000 - 0x00007ffab18d4000 	C:\Windows\SYSTEM32\DBGHELP.DLL
0x00007ffaa6ba0000 - 0x00007ffaa6bcc000 	C:\Windows\SYSTEM32\dbgcore.DLL
0x00007ffab6fb0000 - 0x00007ffab702f000 	C:\Windows\System32\bcryptPrimitives.dll
0x00007ffaa06d0000 - 0x00007ffaa06f9000 	C:\Users\Administrator\Desktop\ThisPC\android-studio-2021.1.1.1-windows\android-studio\jre\bin\java.dll
0x00007ffab02e0000 - 0x00007ffab02eb000 	C:\Users\Administrator\Desktop\ThisPC\android-studio-2021.1.1.1-windows\android-studio\jre\bin\jimage.dll
0x00007ffab0110000 - 0x00007ffab0128000 	C:\Users\Administrator\Desktop\ThisPC\android-studio-2021.1.1.1-windows\android-studio\jre\bin\zip.dll
0x00007ffab7e60000 - 0x00007ffab8591000 	C:\Windows\System32\SHELL32.dll
0x00007ffab4b10000 - 0x00007ffab529a000 	C:\Windows\SYSTEM32\windows.storage.dll
0x00007ffab7b00000 - 0x00007ffab7e54000 	C:\Windows\System32\combase.dll
0x00007ffab6330000 - 0x00007ffab635b000 	C:\Windows\SYSTEM32\Wldp.dll
0x00007ffab75c0000 - 0x00007ffab766e000 	C:\Windows\System32\SHCORE.dll
0x00007ffab79a0000 - 0x00007ffab79f5000 	C:\Windows\System32\shlwapi.dll
0x00007ffab68c0000 - 0x00007ffab68df000 	C:\Windows\SYSTEM32\profapi.dll
0x00007ffaa8690000 - 0x00007ffaa86aa000 	C:\Users\Administrator\Desktop\ThisPC\android-studio-2021.1.1.1-windows\android-studio\jre\bin\net.dll
0x00007ffaae3d0000 - 0x00007ffaae4d0000 	C:\Windows\SYSTEM32\WINHTTP.dll
0x00007ffab60b0000 - 0x00007ffab611a000 	C:\Windows\system32\mswsock.dll
0x00007ffaa5370000 - 0x00007ffaa5384000 	C:\Users\Administrator\Desktop\ThisPC\android-studio-2021.1.1.1-windows\android-studio\jre\bin\nio.dll
0x00007ffa8c570000 - 0x00007ffa8c597000 	C:\Users\Administrator\.gradle\native\49d0259a56938c7f99b2704e745ce422c4f750a7a20b539a32ccef96729676b1\windows-amd64\native-platform.dll
0x00007ffa85200000 - 0x00007ffa85396000 	C:\Users\Administrator\.gradle\native\12488b8bf47d2d4c9fbf2f6322a914ad602e24e48041cd04a747c6da556b65c4\windows-amd64\native-platform-file-events.dll
0x00007ffaadc80000 - 0x00007ffaadc8a000 	C:\Users\Administrator\Desktop\ThisPC\android-studio-2021.1.1.1-windows\android-studio\jre\bin\management.dll
0x00007ffaacb60000 - 0x00007ffaacb6c000 	C:\Users\Administrator\Desktop\ThisPC\android-studio-2021.1.1.1-windows\android-studio\jre\bin\management_ext.dll
0x00007ffab6280000 - 0x00007ffab6298000 	C:\Windows\SYSTEM32\CRYPTSP.dll
0x00007ffab5a40000 - 0x00007ffab5a74000 	C:\Windows\system32\rsaenh.dll
0x00007ffab7060000 - 0x00007ffab7087000 	C:\Windows\System32\bcrypt.dll
0x00007ffab6840000 - 0x00007ffab686e000 	C:\Windows\SYSTEM32\USERENV.dll
0x00007ffab62a0000 - 0x00007ffab62ac000 	C:\Windows\SYSTEM32\CRYPTBASE.dll
0x00007ffab5da0000 - 0x00007ffab5ddb000 	C:\Windows\SYSTEM32\IPHLPAPI.DLL
0x00007ffab72a0000 - 0x00007ffab72a9000 	C:\Windows\System32\NSI.dll
0x00007ffaac330000 - 0x00007ffaac347000 	C:\Windows\SYSTEM32\dhcpcsvc6.DLL
0x00007ffaac2f0000 - 0x00007ffaac30d000 	C:\Windows\SYSTEM32\dhcpcsvc.DLL
0x00007ffab5e30000 - 0x00007ffab5efa000 	C:\Windows\SYSTEM32\DNSAPI.dll

dbghelp: loaded successfully - version: 4.0.5 - missing functions: none
symbol engine: initialized successfully - sym options: 0x614 - pdb path: .;C:\Users\Administrator\Desktop\ThisPC\android-studio-2021.1.1.1-windows\android-studio\jre\bin;C:\Windows\SYSTEM32;C:\Windows\WinSxS\amd64_microsoft.windows.common-controls_6595b64144ccf1df_6.0.19041.1_none_b555e41d4684ddec;C:\Users\Administrator\Desktop\ThisPC\android-studio-2021.1.1.1-windows\android-studio\jre\bin\server;C:\Users\Administrator\.gradle\native\49d0259a56938c7f99b2704e745ce422c4f750a7a20b539a32ccef96729676b1\windows-amd64;C:\Users\Administrator\.gradle\native\12488b8bf47d2d4c9fbf2f6322a914ad602e24e48041cd04a747c6da556b65c4\windows-amd64

VM Arguments:
jvm_args: --add-opens=java.base/java.util=ALL-UNNAMED --add-opens=java.base/java.lang=ALL-UNNAMED --add-opens=java.base/java.lang.invoke=ALL-UNNAMED --add-opens=java.base/java.util=ALL-UNNAMED --add-opens=java.prefs/java.util.prefs=ALL-UNNAMED --add-opens=java.prefs/java.util.prefs=ALL-UNNAMED --add-opens=java.base/java.nio.charset=ALL-UNNAMED --add-opens=java.base/java.net=ALL-UNNAMED --add-opens=java.base/java.util.concurrent.atomic=ALL-UNNAMED -Xmx2048m -Dfile.encoding=UTF-8 -Duser.country=IN -Duser.language=en -Duser.variant 
java_command: org.gradle.launcher.daemon.bootstrap.GradleDaemon 7.0
java_class_path (initial): C:\Users\Administrator\.gradle\wrapper\dists\gradle-7.0-bin\2p9ebqfz6ilrfozi676ogco7n\gradle-7.0\lib\gradle-launcher-7.0.jar
Launcher Type: SUN_STANDARD

[Global flags]
     intx CICompilerCount                          = 4                                         {product} {ergonomic}
     uint ConcGCThreads                            = 2                                         {product} {ergonomic}
     uint G1ConcRefinementThreads                  = 8                                         {product} {ergonomic}
   size_t G1HeapRegionSize                         = 1048576                                   {product} {ergonomic}
    uintx GCDrainStackTargetSize                   = 64                                        {product} {ergonomic}
   size_t InitialHeapSize                          = 134217728                                 {product} {ergonomic}
   size_t MarkStackSize                            = 4194304                                   {product} {ergonomic}
   size_t MaxHeapSize                              = 2147483648                                {product} {command line}
   size_t MaxNewSize                               = 1287651328                                {product} {ergonomic}
   size_t MinHeapDeltaBytes                        = 1048576                                   {product} {ergonomic}
    uintx NonNMethodCodeHeapSize                   = 5836300                                {pd product} {ergonomic}
    uintx NonProfiledCodeHeapSize                  = 122910970                              {pd product} {ergonomic}
    uintx ProfiledCodeHeapSize                     = 122910970                              {pd product} {ergonomic}
    uintx ReservedCodeCacheSize                    = 251658240                              {pd product} {ergonomic}
     bool SegmentedCodeCache                       = true                                      {product} {ergonomic}
     bool UseCompressedClassPointers               = true                                 {lp64_product} {ergonomic}
     bool UseCompressedOops                        = true                                 {lp64_product} {ergonomic}
     bool UseG1GC                                  = true                                      {product} {ergonomic}
     bool UseLargePagesIndividualAllocation        = false                                  {pd product} {ergonomic}

Logging:
Log output configuration:
 #0: stdout all=warning uptime,level,tags
 #1: stderr all=off uptime,level,tags

Environment Variables:
JAVA_HOME=C:\Program Files\Android\Android Studio\jre
PATH=C:\Program Files\Common Files\Oracle\Java\javapath;C:\MinGW\mingw64\bin;C:\Windows\system32;C:\Windows;C:\Windows\System32\Wbem;C:\Windows\System32\WindowsPowerShell\v1.0\;C:\Windows\System32\OpenSSH\;E:\Flutter\bin;C:\Program Files\nodejs\;C:\Program Files\Git\cmd;C:\Program Files\Amazon\AWSCLIV2\;C:\Program Files (x86)\Yarn\bin\;C:\Program Files\PostgreSQL\12\bin;C:\Program Files\dotnet\;C:\Users\Administrator\Downloads\cmder_mini\bin;C:\Users\Administrator\Downloads\cmder_mini\Cmder.exe;C:\Program Files\Sublime Text 3;C:\Program Files\MongoDB\Server\4.0\bin;C:\Program Files\MySQL\MySQL Server 8.0\bin;C:\Program Files\MySQL\MySQL Shell 8.0\bin;C:\Program Files\Git\usr\bin;C:\Users\Administrator\Downloads\chromedriver_win32;C:\Users\Administrator\Downloads\chromedriver_win32\chromedriver.exe;C:\Users\Administrator\Downloads\geckodriver-v0.29.1-win64;C:\Users\Administrator\Downloads\ffmpeg-N-102462-gf8d910e90f-win64-gpl-shared\bin;C:\Users\Administrator\AppData\Local\Programs\Python\Python39\Scripts\;C:\Users\Administrator\AppData\Local\Programs\Python\Python39\;C:\Users\Administrator\AppData\Local\Microsoft\WindowsApps;C:\Users\Administrator\AppData\Local\Programs\Microsoft VS Code\bin;C:\Program Files\heroku\bin;C:\Users\Administrator\Downloads\ffmpeg-N-102462-gf8d910e90f-win64-gpl-shared\binC:\Users\Administrator\Downloads\ffmpeg-N-102462-gf8d910e90f-win64-gpl-shared\bin
USERNAME=Administrator
OS=Windows_NT
PROCESSOR_IDENTIFIER=Intel64 Family 6 Model 142 Stepping 10, GenuineIntel



---------------  S Y S T E M  ---------------

OS: Windows 10 , 64 bit Build 19041 (10.0.19041.207)
OS uptime: 0 days 23:19 hours

CPU:total 8 (initial active 8) (4 cores per cpu, 2 threads per core) family 6 model 142 stepping 10 microcode 0xb4, cmov, cx8, fxsr, mmx, sse, sse2, sse3, ssse3, sse4.1, sse4.2, popcnt, avx, avx2, aes, clmul, erms, 3dnowpref, lzcnt, ht, tsc, tscinvbit, bmi1, bmi2, adx, fma

Memory: 4k page, system-wide physical 8067M (1189M free)
TotalPageFile size 8067M (AvailPageFile size 40M)
current process WorkingSet (physical memory assigned to process): 708M, peak: 712M
current process commit charge ("private bytes"): 801M, peak: 873M

vm_info: OpenJDK 64-Bit Server VM (11.0.10+0-b96-7249189) for windows-amd64 JRE (11.0.10+0-b96-7249189), built on Mar 31 2021 21:44:00 by "builder" with MS VC++ 14.0 (VS2015)

END.
