#
# There is insufficient memory for the Java Runtime Environment to continue.
# Native memory allocation (malloc) failed to allocate 419856 bytes for Chunk::new
# Possible reasons:
#   The system is out of physical RAM or swap space
#   The process is running with CompressedOops enabled, and the Java Heap may be blocking the growth of the native heap
# Possible solutions:
#   Reduce memory load on the system
#   Increase physical memory or swap space
#   Check if swap backing store is full
#   Decrease Java heap size (-Xmx/-Xms)
#   Decrease number of Java threads
#   Decrease Java thread stack sizes (-Xss)
#   Set larger code cache with -XX:ReservedCodeCacheSize=
#   JVM is running with Unscaled Compressed Oops mode in which the Java heap is
#     placed in the first 4GB address space. The Java Heap base address is the
#     maximum limit for the native heap growth. Please use -XX:HeapBaseMinAddress
#     to set the Java Heap base and to place the Java Heap above 4GB virtual address.
# This output file may be truncated or incomplete.
#
#  Out of Memory Error (./src/hotspot/share/memory/arena.cpp:197), pid=9768, tid=848
#
# JRE version: OpenJDK Runtime Environment (11.0.10) (build 11.0.10+0-b96-7249189)
# Java VM: OpenJDK 64-Bit Server VM (11.0.10+0-b96-7249189, mixed mode, tiered, compressed oops, g1 gc, windows-amd64)
# No core dump will be written. Minidumps are not enabled by default on client versions of Windows
#

---------------  S U M M A R Y ------------

Command Line: --add-opens=java.base/java.util=ALL-UNNAMED --add-opens=java.base/java.lang=ALL-UNNAMED --add-opens=java.base/java.lang.invoke=ALL-UNNAMED --add-opens=java.base/java.util=ALL-UNNAMED --add-opens=java.prefs/java.util.prefs=ALL-UNNAMED --add-opens=java.prefs/java.util.prefs=ALL-UNNAMED --add-opens=java.base/java.nio.charset=ALL-UNNAMED --add-opens=java.base/java.net=ALL-UNNAMED --add-opens=java.base/java.util.concurrent.atomic=ALL-UNNAMED -Xmx2048m -Dfile.encoding=UTF-8 -Duser.country=IN -Duser.language=en -Duser.variant org.gradle.launcher.daemon.bootstrap.GradleDaemon 7.0

Host: Intel(R) Core(TM) i5-8250U CPU @ 1.60GHz, 8 cores, 7G,  Windows 10 , 64 bit Build 19041 (10.0.19041.207)
Time: Sat May 29 21:23:11 2021 India Standard Time elapsed time: 17.043438 seconds (0d 0h 0m 17s)

---------------  T H R E A D  ---------------

Current thread (0x000001b786b54000):  JavaThread "C2 CompilerThread2" daemon [_thread_in_native, id=848, stack(0x0000009bcdf00000,0x0000009bce000000)]


Current CompileTask:
C2:  17043 14235 %     4       com.android.tools.r8.ir.regalloc.c::a @ 1542 (1824 bytes)

Stack: [0x0000009bcdf00000,0x0000009bce000000]
Native frames: (J=compiled Java code, j=interpreted, Vv=VM code, C=native code)
V  [jvm.dll+0x5ecfaa]
V  [jvm.dll+0x722bd5]
V  [jvm.dll+0x72412d]
V  [jvm.dll+0x7247e3]
V  [jvm.dll+0x242928]
V  [jvm.dll+0xbc4fc]
V  [jvm.dll+0xbca0c]
V  [jvm.dll+0x4ea18d]
V  [jvm.dll+0x320b02]
V  [jvm.dll+0x31ffca]
V  [jvm.dll+0x1fb602]
V  [jvm.dll+0x1fa7f4]
V  [jvm.dll+0x18354c]
V  [jvm.dll+0x208ee7]
V  [jvm.dll+0x207731]
V  [jvm.dll+0x6eb1cf]
V  [jvm.dll+0x6e3d45]
V  [jvm.dll+0x5ebe96]
C  [ucrtbase.dll+0x21542]
C  [KERNEL32.DLL+0x16fd4]
C  [ntdll.dll+0x4cec1]


---------------  P R O C E S S  ---------------

Threads class SMR info:
_java_thread_list=0x000001b7855437b0, length=61, elements={
0x000001b7e10f9800, 0x000001b7fd4e0000, 0x000001b7fd4e1000, 0x000001b7fdea4800,
0x000001b7fdea8000, 0x000001b7fdead000, 0x000001b7fdeb1800, 0x000001b7fdeb3000,
0x000001b7fd4fd000, 0x000001b7fdfe6800, 0x000001b7ffa1a000, 0x000001b78065e800,
0x000001b780609000, 0x000001b7ff7ff800, 0x000001b7ff6d1800, 0x000001b7ff020000,
0x000001b7ff83e000, 0x000001b780393800, 0x000001b7fe990800, 0x000001b7fec4b800,
0x000001b7800ad800, 0x000001b7800ac800, 0x000001b7800ae800, 0x000001b7800af000,
0x000001b7800ab000, 0x000001b7800b0000, 0x000001b7800aa800, 0x000001b7800b1000,
0x000001b7800ac000, 0x000001b781261000, 0x000001b781264800, 0x000001b781262000,
0x000001b781260800, 0x000001b781266000, 0x000001b781267000, 0x000001b781267800,
0x000001b781262800, 0x000001b78126e000, 0x000001b781268800, 0x000001b78126c800,
0x000001b78126f000, 0x000001b78126a000, 0x000001b78126b800, 0x000001b78126d800,
0x000001b781269800, 0x000001b78126b000, 0x000001b7851c7000, 0x000001b7851c8800,
0x000001b7851c4800, 0x000001b7851ca000, 0x000001b7851c5000, 0x000001b7851c9800,
0x000001b7851cc000, 0x000001b7851c6000, 0x000001b7851cf000, 0x000001b7851d2800,
0x000001b7851cd800, 0x000001b7851d1800, 0x000001b7851ce000, 0x000001b7851cc800,
0x000001b786b54000
}

Java Threads: ( => current thread )
  0x000001b7e10f9800 JavaThread "main" [_thread_blocked, id=10340, stack(0x0000009bcb100000,0x0000009bcb200000)]
  0x000001b7fd4e0000 JavaThread "Reference Handler" daemon [_thread_blocked, id=13576, stack(0x0000009bcb800000,0x0000009bcb900000)]
  0x000001b7fd4e1000 JavaThread "Finalizer" daemon [_thread_blocked, id=7908, stack(0x0000009bcb900000,0x0000009bcba00000)]
  0x000001b7fdea4800 JavaThread "Signal Dispatcher" daemon [_thread_blocked, id=13764, stack(0x0000009bcba00000,0x0000009bcbb00000)]
  0x000001b7fdea8000 JavaThread "Attach Listener" daemon [_thread_blocked, id=11932, stack(0x0000009bcbb00000,0x0000009bcbc00000)]
  0x000001b7fdead000 JavaThread "Service Thread" daemon [_thread_blocked, id=7504, stack(0x0000009bcbc00000,0x0000009bcbd00000)]
  0x000001b7fdeb1800 JavaThread "C2 CompilerThread0" daemon [_thread_in_native, id=11136, stack(0x0000009bcbd00000,0x0000009bcbe00000)]
  0x000001b7fdeb3000 JavaThread "C1 CompilerThread0" daemon [_thread_in_native, id=8552, stack(0x0000009bcbe00000,0x0000009bcbf00000)]
  0x000001b7fd4fd000 JavaThread "Sweeper thread" daemon [_thread_blocked, id=5192, stack(0x0000009bcbf00000,0x0000009bcc000000)]
  0x000001b7fdfe6800 JavaThread "Common-Cleaner" daemon [_thread_blocked, id=7804, stack(0x0000009bcc000000,0x0000009bcc100000)]
  0x000001b7ffa1a000 JavaThread "Daemon health stats" [_thread_blocked, id=12676, stack(0x0000009bcc600000,0x0000009bcc700000)]
  0x000001b78065e800 JavaThread "Incoming local TCP Connector on port 54807" [_thread_in_native, id=6756, stack(0x0000009bcc200000,0x0000009bcc300000)]
  0x000001b780609000 JavaThread "C2 CompilerThread1" daemon [_thread_in_native, id=2080, stack(0x0000009bcc500000,0x0000009bcc600000)]
  0x000001b7ff7ff800 JavaThread "Daemon periodic checks" [_thread_blocked, id=11648, stack(0x0000009bcc700000,0x0000009bcc800000)]
  0x000001b7ff6d1800 JavaThread "Daemon" [_thread_blocked, id=260, stack(0x0000009bcc800000,0x0000009bcc900000)]
  0x000001b7ff020000 JavaThread "Handler for socket connection from /127.0.0.1:54807 to /127.0.0.1:54808" [_thread_in_native, id=13704, stack(0x0000009bcc900000,0x0000009bcca00000)]
  0x000001b7ff83e000 JavaThread "Cancel handler" [_thread_blocked, id=8056, stack(0x0000009bcca00000,0x0000009bccb00000)]
  0x000001b780393800 JavaThread "Daemon worker" [_thread_blocked, id=3588, stack(0x0000009bccb00000,0x0000009bccc00000)]
  0x000001b7fe990800 JavaThread "Asynchronous log dispatcher for DefaultDaemonConnection: socket connection from /127.0.0.1:54807 to /127.0.0.1:54808" [_thread_blocked, id=12656, stack(0x0000009bccc00000,0x0000009bccd00000)]
  0x000001b7fec4b800 JavaThread "Stdin handler" [_thread_blocked, id=9268, stack(0x0000009bccd00000,0x0000009bcce00000)]
  0x000001b7800ad800 JavaThread "Daemon client event forwarder" [_thread_blocked, id=11036, stack(0x0000009bcce00000,0x0000009bccf00000)]
  0x000001b7800ac800 JavaThread "Cache worker for file hash cache (C:\Users\Administrator\.gradle\caches\7.0\fileHashes)" [_thread_blocked, id=5596, stack(0x0000009bcd400000,0x0000009bcd500000)]
  0x000001b7800ae800 JavaThread "File lock request listener" [_thread_in_native, id=1428, stack(0x0000009bcd500000,0x0000009bcd600000)]
  0x000001b7800af000 JavaThread "Cache worker for journal cache (C:\Users\Administrator\.gradle\caches\journal-1)" [_thread_blocked, id=3948, stack(0x0000009bcd700000,0x0000009bcd800000)]
  0x000001b7800ab000 JavaThread "Cache worker for file hash cache (E:\Focusly\.gradle\7.0\fileHashes)" [_thread_blocked, id=14132, stack(0x0000009bcd800000,0x0000009bcd900000)]
  0x000001b7800b0000 JavaThread "File watcher server" daemon [_thread_in_vm, id=9732, stack(0x0000009bcd900000,0x0000009bcda00000)]
  0x000001b7800aa800 JavaThread "File watcher consumer" daemon [_thread_blocked, id=11916, stack(0x0000009bcda00000,0x0000009bcdb00000)]
  0x000001b7800b1000 JavaThread "Cache worker for checksums cache (E:\Focusly\.gradle\checksums)" [_thread_blocked, id=8984, stack(0x0000009bcdb00000,0x0000009bcdc00000)]
  0x000001b7800ac000 JavaThread "Cache worker for cache directory md-supplier (C:\Users\Administrator\.gradle\caches\7.0\md-supplier)" [_thread_blocked, id=4384, stack(0x0000009bcdc00000,0x0000009bcdd00000)]
  0x000001b781261000 JavaThread "Cache worker for cache directory md-rule (C:\Users\Administrator\.gradle\caches\7.0\md-rule)" [_thread_blocked, id=13812, stack(0x0000009bcdd00000,0x0000009bcde00000)]
  0x000001b781264800 JavaThread "Cache worker for execution history cache (C:\Users\Administrator\.gradle\caches\7.0\executionHistory)" [_thread_blocked, id=10320, stack(0x0000009bcde00000,0x0000009bcdf00000)]
  0x000001b781262000 JavaThread "jar transforms" [_thread_blocked, id=5896, stack(0x0000009bce000000,0x0000009bce100000)]
  0x000001b781260800 JavaThread "jar transforms Thread 2" [_thread_blocked, id=12292, stack(0x0000009bce100000,0x0000009bce200000)]
  0x000001b781266000 JavaThread "Cache worker for file content cache (C:\Users\Administrator\.gradle\caches\7.0\fileContent)" [_thread_blocked, id=8768, stack(0x0000009bce200000,0x0000009bce300000)]
  0x000001b781267000 JavaThread "Cache worker for dependencies-accessors (E:\Focusly\.gradle\7.0\dependencies-accessors)" [_thread_blocked, id=11284, stack(0x0000009bce300000,0x0000009bce400000)]
  0x000001b781267800 JavaThread "jar transforms Thread 3" [_thread_blocked, id=12832, stack(0x0000009bce400000,0x0000009bce500000)]
  0x000001b781262800 JavaThread "Cache worker for Build Output Cleanup Cache (E:\Focusly\.gradle\buildOutputCleanup)" [_thread_blocked, id=7884, stack(0x0000009bce500000,0x0000009bce600000)]
  0x000001b78126e000 JavaThread "Build operations" [_thread_blocked, id=7476, stack(0x0000009bce600000,0x0000009bce700000)]
  0x000001b781268800 JavaThread "Build operations Thread 2" [_thread_in_Java, id=3836, stack(0x0000009bce700000,0x0000009bce800000)]
  0x000001b78126c800 JavaThread "Build operations Thread 3" [_thread_blocked, id=3576, stack(0x0000009bce800000,0x0000009bce900000)]
  0x000001b78126f000 JavaThread "Build operations Thread 4" [_thread_in_Java, id=1840, stack(0x0000009bce900000,0x0000009bcea00000)]
  0x000001b78126a000 JavaThread "Build operations Thread 5" [_thread_in_vm, id=7764, stack(0x0000009bcea00000,0x0000009bceb00000)]
  0x000001b78126b800 JavaThread "Build operations Thread 6" [_thread_in_Java, id=12752, stack(0x0000009bceb00000,0x0000009bcec00000)]
  0x000001b78126d800 JavaThread "Build operations Thread 7" [_thread_in_Java, id=12560, stack(0x0000009bcec00000,0x0000009bced00000)]
  0x000001b781269800 JavaThread "Build operations Thread 8" [_thread_in_Java, id=13208, stack(0x0000009bced00000,0x0000009bcee00000)]
  0x000001b78126b000 JavaThread "jar transforms Thread 4" [_thread_blocked, id=11404, stack(0x0000009bcee00000,0x0000009bcef00000)]
  0x000001b7851c7000 JavaThread "jar transforms Thread 5" [_thread_blocked, id=12984, stack(0x0000009bcef00000,0x0000009bcf000000)]
  0x000001b7851c8800 JavaThread "jar transforms Thread 6" [_thread_blocked, id=1876, stack(0x0000009bcf000000,0x0000009bcf100000)]
  0x000001b7851c4800 JavaThread "jar transforms Thread 7" [_thread_blocked, id=8608, stack(0x0000009bcf100000,0x0000009bcf200000)]
  0x000001b7851ca000 JavaThread "jar transforms Thread 8" [_thread_blocked, id=3292, stack(0x0000009bcf200000,0x0000009bcf300000)]
  0x000001b7851c5000 JavaThread "Memory manager" [_thread_blocked, id=4884, stack(0x0000009bcf300000,0x0000009bcf400000)]
  0x000001b7851c9800 JavaThread "build event listener" [_thread_blocked, id=1384, stack(0x0000009bcf400000,0x0000009bcf500000)]
  0x000001b7851cc000 JavaThread "Execution worker for ':'" [_thread_blocked, id=14024, stack(0x0000009bcf500000,0x0000009bcf600000)]
  0x000001b7851c6000 JavaThread "Execution worker for ':' Thread 2" [_thread_blocked, id=10840, stack(0x0000009bcf600000,0x0000009bcf700000)]
  0x000001b7851cf000 JavaThread "Execution worker for ':' Thread 3" [_thread_blocked, id=11424, stack(0x0000009bcf700000,0x0000009bcf800000)]
  0x000001b7851d2800 JavaThread "Execution worker for ':' Thread 4" [_thread_blocked, id=9116, stack(0x0000009bcf800000,0x0000009bcf900000)]
  0x000001b7851cd800 JavaThread "Execution worker for ':' Thread 5" [_thread_blocked, id=2204, stack(0x0000009bcf900000,0x0000009bcfa00000)]
  0x000001b7851d1800 JavaThread "Execution worker for ':' Thread 6" [_thread_blocked, id=10992, stack(0x0000009bcfa00000,0x0000009bcfb00000)]
  0x000001b7851ce000 JavaThread "Execution worker for ':' Thread 7" [_thread_blocked, id=9512, stack(0x0000009bcfb00000,0x0000009bcfc00000)]
  0x000001b7851cc800 JavaThread "Cache worker for execution history cache (E:\Focusly\.gradle\7.0\executionHistory)" [_thread_blocked, id=3696, stack(0x0000009bcfc00000,0x0000009bcfd00000)]
=>0x000001b786b54000 JavaThread "C2 CompilerThread2" daemon [_thread_in_native, id=848, stack(0x0000009bcdf00000,0x0000009bce000000)]

Other Threads:
  0x000001b7fd4da800 VMThread "VM Thread" [stack: 0x0000009bcb700000,0x0000009bcb800000] [id=9484]
  0x000001b7fdfea000 WatcherThread [stack: 0x0000009bcc100000,0x0000009bcc200000] [id=868]
  0x000001b7e1112000 GCTaskThread "GC Thread#0" [stack: 0x0000009bcb200000,0x0000009bcb300000] [id=3240]
  0x000001b7fe466800 GCTaskThread "GC Thread#1" [stack: 0x0000009bcc300000,0x0000009bcc400000] [id=11200]
  0x000001b7fee9c800 GCTaskThread "GC Thread#2" [stack: 0x0000009bcc400000,0x0000009bcc500000] [id=8736]
  0x000001b780bbb000 GCTaskThread "GC Thread#3" [stack: 0x0000009bccf00000,0x0000009bcd000000] [id=8172]
  0x000001b780a49800 GCTaskThread "GC Thread#4" [stack: 0x0000009bcd000000,0x0000009bcd100000] [id=352]
  0x000001b7fed5f800 GCTaskThread "GC Thread#5" [stack: 0x0000009bcd100000,0x0000009bcd200000] [id=3044]
  0x000001b7ff0fa800 GCTaskThread "GC Thread#6" [stack: 0x0000009bcd200000,0x0000009bcd300000] [id=7732]
  0x000001b7feb3a000 GCTaskThread "GC Thread#7" [stack: 0x0000009bcd300000,0x0000009bcd400000] [id=5924]
  0x000001b7e1148800 ConcurrentGCThread "G1 Main Marker" [stack: 0x0000009bcb300000,0x0000009bcb400000] [id=2392]
  0x000001b7e114a000 ConcurrentGCThread "G1 Conc#0" [stack: 0x0000009bcb400000,0x0000009bcb500000] [id=5656]
  0x000001b7fef58000 ConcurrentGCThread "G1 Conc#1" [stack: 0x0000009bcd600000,0x0000009bcd700000] [id=9816]
  0x000001b7e11d9000 ConcurrentGCThread "G1 Refine#0" [stack: 0x0000009bcb500000,0x0000009bcb600000] [id=3332]
  0x000001b7813d8800 ConcurrentGCThread "G1 Refine#1" [stack: 0x0000009bcfd00000,0x0000009bcfe00000] [id=10984]
  0x000001b7813d5000 ConcurrentGCThread "G1 Refine#2" [stack: 0x0000009bcfe00000,0x0000009bcff00000] [id=10472]
  0x000001b7813d9800 ConcurrentGCThread "G1 Refine#3" [stack: 0x0000009bcff00000,0x0000009bd0000000] [id=12556]
  0x000001b7fd330800 ConcurrentGCThread "G1 Young RemSet Sampling" [stack: 0x0000009bcb600000,0x0000009bcb700000] [id=3284]

Threads with active compile tasks:
C2 CompilerThread0  17097 13835       4       com.android.tools.r8.internal.u6::a (1161 bytes)
C1 CompilerThread0  17097 14688       2       com.android.tools.r8.internal.c2::a (258 bytes)
C2 CompilerThread1  17097 14398       4       com.android.tools.r8.internal.kC::a (455 bytes)
C2 CompilerThread2  17097 14235 %     4       com.android.tools.r8.ir.regalloc.c::a @ 1542 (1824 bytes)

VM state:not at safepoint (normal execution)

VM Mutex/Monitor currently owned by a thread: None

Heap address: 0x0000000080000000, size: 2048 MB, Compressed Oops mode: 32-bit
Narrow klass base: 0x0000000000000000, Narrow klass shift: 3
Compressed class space size: 1073741824 Address: 0x0000000100000000

Heap:
 garbage-first heap   total 387072K, used 256710K [0x0000000080000000, 0x0000000100000000)
  region size 1024K, 100 young (102400K), 11 survivors (11264K)
 Metaspace       used 99655K, capacity 102086K, committed 102476K, reserved 1138688K
  class space    used 13000K, capacity 13956K, committed 14156K, reserved 1048576K
Heap Regions: E=young(eden), S=young(survivor), O=old, HS=humongous(starts), HC=humongous(continues), CS=collection set, F=free, A=archive, TAMS=top-at-mark-start (previous, next)
|   0|0x0000000080000000, 0x0000000080100000, 0x0000000080100000|100%| O|  |TAMS 0x0000000080100000, 0x0000000080000000| Untracked 
|   1|0x0000000080100000, 0x0000000080200000, 0x0000000080200000|100%| O|  |TAMS 0x0000000080200000, 0x0000000080100000| Untracked 
|   2|0x0000000080200000, 0x0000000080300000, 0x0000000080300000|100%| O|  |TAMS 0x0000000080300000, 0x0000000080200000| Untracked 
|   3|0x0000000080300000, 0x0000000080400000, 0x0000000080400000|100%|HS|  |TAMS 0x0000000080400000, 0x0000000080300000| Complete 
|   4|0x0000000080400000, 0x0000000080500000, 0x0000000080500000|100%|HC|  |TAMS 0x0000000080500000, 0x0000000080400000| Complete 
|   5|0x0000000080500000, 0x0000000080600000, 0x0000000080600000|100%|HC|  |TAMS 0x0000000080600000, 0x0000000080500000| Complete 
|   6|0x0000000080600000, 0x0000000080700000, 0x0000000080700000|100%| O|  |TAMS 0x0000000080700000, 0x0000000080600000| Untracked 
|   7|0x0000000080700000, 0x0000000080800000, 0x0000000080800000|100%| O|  |TAMS 0x0000000080800000, 0x0000000080700000| Untracked 
|   8|0x0000000080800000, 0x0000000080900000, 0x0000000080900000|100%| O|  |TAMS 0x0000000080900000, 0x0000000080800000| Untracked 
|   9|0x0000000080900000, 0x0000000080a00000, 0x0000000080a00000|100%| O|  |TAMS 0x0000000080a00000, 0x0000000080900000| Untracked 
|  10|0x0000000080a00000, 0x0000000080b00000, 0x0000000080b00000|100%| O|  |TAMS 0x0000000080b00000, 0x0000000080a00000| Untracked 
|  11|0x0000000080b00000, 0x0000000080c00000, 0x0000000080c00000|100%| O|  |TAMS 0x0000000080c00000, 0x0000000080b00000| Untracked 
|  12|0x0000000080c00000, 0x0000000080d00000, 0x0000000080d00000|100%| O|  |TAMS 0x0000000080d00000, 0x0000000080c00000| Untracked 
|  13|0x0000000080d00000, 0x0000000080e00000, 0x0000000080e00000|100%| O|  |TAMS 0x0000000080e00000, 0x0000000080d00000| Untracked 
|  14|0x0000000080e00000, 0x0000000080f00000, 0x0000000080f00000|100%| O|  |TAMS 0x0000000080f00000, 0x0000000080e00000| Untracked 
|  15|0x0000000080f00000, 0x0000000081000000, 0x0000000081000000|100%| O|  |TAMS 0x0000000081000000, 0x0000000080f00000| Untracked 
|  16|0x0000000081000000, 0x0000000081100000, 0x0000000081100000|100%|HS|  |TAMS 0x0000000081100000, 0x0000000081000000| Complete 
|  17|0x0000000081100000, 0x0000000081200000, 0x0000000081200000|100%| O|  |TAMS 0x0000000081200000, 0x0000000081100000| Untracked 
|  18|0x0000000081200000, 0x0000000081300000, 0x0000000081300000|100%| O|  |TAMS 0x0000000081300000, 0x0000000081200000| Untracked 
|  19|0x0000000081300000, 0x0000000081400000, 0x0000000081400000|100%| O|  |TAMS 0x0000000081400000, 0x0000000081300000| Untracked 
|  20|0x0000000081400000, 0x0000000081500000, 0x0000000081500000|100%| O|  |TAMS 0x0000000081500000, 0x0000000081400000| Untracked 
|  21|0x0000000081500000, 0x0000000081600000, 0x0000000081600000|100%| O|  |TAMS 0x0000000081600000, 0x0000000081500000| Untracked 
|  22|0x0000000081600000, 0x0000000081700000, 0x0000000081700000|100%| O|  |TAMS 0x0000000081700000, 0x0000000081600000| Untracked 
|  23|0x0000000081700000, 0x0000000081800000, 0x0000000081800000|100%| O|  |TAMS 0x0000000081800000, 0x0000000081700000| Untracked 
|  24|0x0000000081800000, 0x0000000081900000, 0x0000000081900000|100%| O|  |TAMS 0x0000000081900000, 0x0000000081800000| Untracked 
|  25|0x0000000081900000, 0x0000000081a00000, 0x0000000081a00000|100%| O|  |TAMS 0x0000000081a00000, 0x0000000081900000| Untracked 
|  26|0x0000000081a00000, 0x0000000081b00000, 0x0000000081b00000|100%| O|  |TAMS 0x0000000081b00000, 0x0000000081a00000| Untracked 
|  27|0x0000000081b00000, 0x0000000081c00000, 0x0000000081c00000|100%|HS|  |TAMS 0x0000000081c00000, 0x0000000081b00000| Complete 
|  28|0x0000000081c00000, 0x0000000081d00000, 0x0000000081d00000|100%|HS|  |TAMS 0x0000000081d00000, 0x0000000081c00000| Complete 
|  29|0x0000000081d00000, 0x0000000081e00000, 0x0000000081e00000|100%|HC|  |TAMS 0x0000000081e00000, 0x0000000081d00000| Complete 
|  30|0x0000000081e00000, 0x0000000081f00000, 0x0000000081f00000|100%|HC|  |TAMS 0x0000000081f00000, 0x0000000081e00000| Complete 
|  31|0x0000000081f00000, 0x0000000082000000, 0x0000000082000000|100%|HS|  |TAMS 0x0000000082000000, 0x0000000081f00000| Complete 
|  32|0x0000000082000000, 0x0000000082100000, 0x0000000082100000|100%|HC|  |TAMS 0x0000000082100000, 0x0000000082000000| Complete 
|  33|0x0000000082100000, 0x0000000082200000, 0x0000000082200000|100%| O|  |TAMS 0x0000000082200000, 0x0000000082100000| Untracked 
|  34|0x0000000082200000, 0x0000000082300000, 0x0000000082300000|100%| O|  |TAMS 0x0000000082300000, 0x0000000082200000| Untracked 
|  35|0x0000000082300000, 0x0000000082400000, 0x0000000082400000|100%| O|  |TAMS 0x0000000082400000, 0x0000000082300000| Untracked 
|  36|0x0000000082400000, 0x0000000082500000, 0x0000000082500000|100%| O|  |TAMS 0x0000000082500000, 0x0000000082400000| Untracked 
|  37|0x0000000082500000, 0x0000000082600000, 0x0000000082600000|100%| O|  |TAMS 0x0000000082600000, 0x0000000082500000| Untracked 
|  38|0x0000000082600000, 0x0000000082700000, 0x0000000082700000|100%| O|  |TAMS 0x0000000082700000, 0x0000000082600000| Untracked 
|  39|0x0000000082700000, 0x0000000082800000, 0x0000000082800000|100%| O|  |TAMS 0x0000000082800000, 0x0000000082700000| Untracked 
|  40|0x0000000082800000, 0x0000000082900000, 0x0000000082900000|100%| O|  |TAMS 0x0000000082900000, 0x0000000082800000| Untracked 
|  41|0x0000000082900000, 0x0000000082a00000, 0x0000000082a00000|100%| O|  |TAMS 0x0000000082a00000, 0x0000000082900000| Untracked 
|  42|0x0000000082a00000, 0x0000000082b00000, 0x0000000082b00000|100%| O|  |TAMS 0x0000000082b00000, 0x0000000082a00000| Untracked 
|  43|0x0000000082b00000, 0x0000000082c00000, 0x0000000082c00000|100%| O|  |TAMS 0x0000000082c00000, 0x0000000082b00000| Untracked 
|  44|0x0000000082c00000, 0x0000000082d00000, 0x0000000082d00000|100%| O|  |TAMS 0x0000000082d00000, 0x0000000082c00000| Untracked 
|  45|0x0000000082d00000, 0x0000000082e00000, 0x0000000082e00000|100%| O|  |TAMS 0x0000000082e00000, 0x0000000082d00000| Untracked 
|  46|0x0000000082e00000, 0x0000000082f00000, 0x0000000082f00000|100%| O|  |TAMS 0x0000000082f00000, 0x0000000082e00000| Untracked 
|  47|0x0000000082f00000, 0x0000000083000000, 0x0000000083000000|100%| O|  |TAMS 0x0000000083000000, 0x0000000082f00000| Untracked 
|  48|0x0000000083000000, 0x0000000083100000, 0x0000000083100000|100%| O|  |TAMS 0x0000000083100000, 0x0000000083000000| Untracked 
|  49|0x0000000083100000, 0x0000000083200000, 0x0000000083200000|100%| O|  |TAMS 0x0000000083200000, 0x0000000083100000| Untracked 
|  50|0x0000000083200000, 0x0000000083300000, 0x0000000083300000|100%| O|  |TAMS 0x0000000083300000, 0x0000000083200000| Untracked 
|  51|0x0000000083300000, 0x0000000083400000, 0x0000000083400000|100%| O|  |TAMS 0x0000000083400000, 0x0000000083300000| Untracked 
|  52|0x0000000083400000, 0x0000000083500000, 0x0000000083500000|100%| O|  |TAMS 0x0000000083500000, 0x0000000083400000| Untracked 
|  53|0x0000000083500000, 0x0000000083600000, 0x0000000083600000|100%| O|  |TAMS 0x0000000083600000, 0x0000000083500000| Untracked 
|  54|0x0000000083600000, 0x0000000083700000, 0x0000000083700000|100%| O|  |TAMS 0x0000000083700000, 0x0000000083600000| Untracked 
|  55|0x0000000083700000, 0x0000000083800000, 0x0000000083800000|100%| O|  |TAMS 0x0000000083800000, 0x0000000083700000| Untracked 
|  56|0x0000000083800000, 0x0000000083900000, 0x0000000083900000|100%| O|  |TAMS 0x0000000083900000, 0x0000000083800000| Untracked 
|  57|0x0000000083900000, 0x0000000083a00000, 0x0000000083a00000|100%| O|  |TAMS 0x0000000083a00000, 0x0000000083900000| Untracked 
|  58|0x0000000083a00000, 0x0000000083b00000, 0x0000000083b00000|100%| O|  |TAMS 0x0000000083b00000, 0x0000000083a00000| Untracked 
|  59|0x0000000083b00000, 0x0000000083c00000, 0x0000000083c00000|100%| O|  |TAMS 0x0000000083c00000, 0x0000000083b00000| Untracked 
|  60|0x0000000083c00000, 0x0000000083d00000, 0x0000000083d00000|100%| O|  |TAMS 0x0000000083d00000, 0x0000000083c00000| Untracked 
|  61|0x0000000083d00000, 0x0000000083e00000, 0x0000000083e00000|100%| O|  |TAMS 0x0000000083e00000, 0x0000000083d00000| Untracked 
|  62|0x0000000083e00000, 0x0000000083f00000, 0x0000000083f00000|100%| O|  |TAMS 0x0000000083f00000, 0x0000000083e00000| Untracked 
|  63|0x0000000083f00000, 0x0000000083f00000, 0x0000000084000000|  0%| F|  |TAMS 0x0000000083f00000, 0x0000000083f00000| Untracked 
|  64|0x0000000084000000, 0x0000000084100000, 0x0000000084100000|100%| O|  |TAMS 0x0000000084100000, 0x0000000084000000| Untracked 
|  65|0x0000000084100000, 0x0000000084200000, 0x0000000084200000|100%| O|  |TAMS 0x0000000084200000, 0x0000000084100000| Untracked 
|  66|0x0000000084200000, 0x0000000084300000, 0x0000000084300000|100%| O|  |TAMS 0x0000000084300000, 0x0000000084200000| Untracked 
|  67|0x0000000084300000, 0x0000000084400000, 0x0000000084400000|100%| O|  |TAMS 0x0000000084400000, 0x0000000084300000| Untracked 
|  68|0x0000000084400000, 0x0000000084500000, 0x0000000084500000|100%| O|  |TAMS 0x0000000084500000, 0x0000000084400000| Untracked 
|  69|0x0000000084500000, 0x0000000084600000, 0x0000000084600000|100%| O|  |TAMS 0x0000000084600000, 0x0000000084500000| Untracked 
|  70|0x0000000084600000, 0x0000000084700000, 0x0000000084700000|100%| O|  |TAMS 0x0000000084700000, 0x0000000084600000| Untracked 
|  71|0x0000000084700000, 0x0000000084800000, 0x0000000084800000|100%| O|  |TAMS 0x0000000084800000, 0x0000000084700000| Untracked 
|  72|0x0000000084800000, 0x0000000084900000, 0x0000000084900000|100%| O|  |TAMS 0x0000000084900000, 0x0000000084800000| Untracked 
|  73|0x0000000084900000, 0x0000000084a00000, 0x0000000084a00000|100%| O|  |TAMS 0x0000000084a00000, 0x0000000084900000| Untracked 
|  74|0x0000000084a00000, 0x0000000084b00000, 0x0000000084b00000|100%| O|  |TAMS 0x0000000084b00000, 0x0000000084a00000| Untracked 
|  75|0x0000000084b00000, 0x0000000084c00000, 0x0000000084c00000|100%| O|  |TAMS 0x0000000084c00000, 0x0000000084b00000| Untracked 
|  76|0x0000000084c00000, 0x0000000084d00000, 0x0000000084d00000|100%| O|  |TAMS 0x0000000084d00000, 0x0000000084c00000| Untracked 
|  77|0x0000000084d00000, 0x0000000084e00000, 0x0000000084e00000|100%| O|  |TAMS 0x0000000084e00000, 0x0000000084d00000| Untracked 
|  78|0x0000000084e00000, 0x0000000084f00000, 0x0000000084f00000|100%| O|  |TAMS 0x0000000084f00000, 0x0000000084e00000| Untracked 
|  79|0x0000000084f00000, 0x0000000085000000, 0x0000000085000000|100%| O|  |TAMS 0x0000000085000000, 0x0000000084f00000| Untracked 
|  80|0x0000000085000000, 0x0000000085100000, 0x0000000085100000|100%| O|  |TAMS 0x0000000085100000, 0x0000000085000000| Untracked 
|  81|0x0000000085100000, 0x0000000085200000, 0x0000000085200000|100%| O|  |TAMS 0x0000000085200000, 0x0000000085100000| Untracked 
|  82|0x0000000085200000, 0x0000000085300000, 0x0000000085300000|100%| O|  |TAMS 0x0000000085300000, 0x0000000085200000| Untracked 
|  83|0x0000000085300000, 0x0000000085400000, 0x0000000085400000|100%| O|  |TAMS 0x0000000085400000, 0x0000000085300000| Untracked 
|  84|0x0000000085400000, 0x0000000085500000, 0x0000000085500000|100%| O|  |TAMS 0x0000000085500000, 0x0000000085400000| Untracked 
|  85|0x0000000085500000, 0x0000000085600000, 0x0000000085600000|100%| O|  |TAMS 0x0000000085600000, 0x0000000085500000| Untracked 
|  86|0x0000000085600000, 0x0000000085700000, 0x0000000085700000|100%| O|  |TAMS 0x0000000085700000, 0x0000000085600000| Untracked 
|  87|0x0000000085700000, 0x0000000085800000, 0x0000000085800000|100%| O|  |TAMS 0x0000000085800000, 0x0000000085700000| Untracked 
|  88|0x0000000085800000, 0x0000000085900000, 0x0000000085900000|100%| O|  |TAMS 0x0000000085900000, 0x0000000085800000| Untracked 
|  89|0x0000000085900000, 0x0000000085a00000, 0x0000000085a00000|100%| O|  |TAMS 0x0000000085a00000, 0x0000000085900000| Untracked 
|  90|0x0000000085a00000, 0x0000000085a00000, 0x0000000085b00000|  0%| F|  |TAMS 0x0000000085a00000, 0x0000000085a00000| Untracked 
|  91|0x0000000085b00000, 0x0000000085c00000, 0x0000000085c00000|100%| O|  |TAMS 0x0000000085c00000, 0x0000000085b00000| Untracked 
|  92|0x0000000085c00000, 0x0000000085d00000, 0x0000000085d00000|100%| O|  |TAMS 0x0000000085d00000, 0x0000000085c00000| Untracked 
|  93|0x0000000085d00000, 0x0000000085d00000, 0x0000000085e00000|  0%| F|  |TAMS 0x0000000085d00000, 0x0000000085d00000| Untracked 
|  94|0x0000000085e00000, 0x0000000085e00000, 0x0000000085f00000|  0%| F|  |TAMS 0x0000000085e00000, 0x0000000085e00000| Untracked 
|  95|0x0000000085f00000, 0x0000000085f00000, 0x0000000086000000|  0%| F|  |TAMS 0x0000000085f00000, 0x0000000085f00000| Untracked 
|  96|0x0000000086000000, 0x0000000086100000, 0x0000000086100000|100%| O|  |TAMS 0x0000000086100000, 0x0000000086000000| Untracked 
|  97|0x0000000086100000, 0x0000000086200000, 0x0000000086200000|100%| O|  |TAMS 0x0000000086200000, 0x0000000086100000| Untracked 
|  98|0x0000000086200000, 0x0000000086300000, 0x0000000086300000|100%| O|  |TAMS 0x0000000086300000, 0x0000000086200000| Untracked 
|  99|0x0000000086300000, 0x0000000086400000, 0x0000000086400000|100%| O|  |TAMS 0x0000000086400000, 0x0000000086300000| Untracked 
| 100|0x0000000086400000, 0x0000000086500000, 0x0000000086500000|100%| O|  |TAMS 0x0000000086500000, 0x0000000086400000| Untracked 
| 101|0x0000000086500000, 0x0000000086600000, 0x0000000086600000|100%| O|  |TAMS 0x0000000086600000, 0x0000000086500000| Untracked 
| 102|0x0000000086600000, 0x0000000086700000, 0x0000000086700000|100%| O|  |TAMS 0x0000000086700000, 0x0000000086600000| Untracked 
| 103|0x0000000086700000, 0x0000000086800000, 0x0000000086800000|100%| O|  |TAMS 0x0000000086800000, 0x0000000086700000| Untracked 
| 104|0x0000000086800000, 0x0000000086900000, 0x0000000086900000|100%| O|  |TAMS 0x0000000086900000, 0x0000000086800000| Untracked 
| 105|0x0000000086900000, 0x0000000086a00000, 0x0000000086a00000|100%| O|  |TAMS 0x0000000086a00000, 0x0000000086900000| Untracked 
| 106|0x0000000086a00000, 0x0000000086b00000, 0x0000000086b00000|100%| O|  |TAMS 0x0000000086b00000, 0x0000000086a00000| Untracked 
| 107|0x0000000086b00000, 0x0000000086c00000, 0x0000000086c00000|100%| O|  |TAMS 0x0000000086c00000, 0x0000000086b00000| Untracked 
| 108|0x0000000086c00000, 0x0000000086d00000, 0x0000000086d00000|100%| O|  |TAMS 0x0000000086d00000, 0x0000000086c00000| Untracked 
| 109|0x0000000086d00000, 0x0000000086e00000, 0x0000000086e00000|100%| O|  |TAMS 0x0000000086e00000, 0x0000000086d00000| Untracked 
| 110|0x0000000086e00000, 0x0000000086f00000, 0x0000000086f00000|100%| O|  |TAMS 0x0000000086f00000, 0x0000000086e00000| Untracked 
| 111|0x0000000086f00000, 0x0000000087000000, 0x0000000087000000|100%| O|  |TAMS 0x0000000087000000, 0x0000000086f00000| Untracked 
| 112|0x0000000087000000, 0x0000000087100000, 0x0000000087100000|100%| O|  |TAMS 0x0000000087100000, 0x0000000087000000| Untracked 
| 113|0x0000000087100000, 0x0000000087200000, 0x0000000087200000|100%| O|  |TAMS 0x0000000087200000, 0x0000000087100000| Untracked 
| 114|0x0000000087200000, 0x0000000087300000, 0x0000000087300000|100%| O|  |TAMS 0x0000000087300000, 0x0000000087200000| Untracked 
| 115|0x0000000087300000, 0x0000000087400000, 0x0000000087400000|100%| O|  |TAMS 0x0000000087400000, 0x0000000087300000| Untracked 
| 116|0x0000000087400000, 0x0000000087500000, 0x0000000087500000|100%| O|  |TAMS 0x0000000087500000, 0x0000000087400000| Untracked 
| 117|0x0000000087500000, 0x0000000087600000, 0x0000000087600000|100%| O|  |TAMS 0x0000000087600000, 0x0000000087500000| Untracked 
| 118|0x0000000087600000, 0x0000000087700000, 0x0000000087700000|100%| O|  |TAMS 0x0000000087700000, 0x0000000087600000| Untracked 
| 119|0x0000000087700000, 0x0000000087800000, 0x0000000087800000|100%| O|  |TAMS 0x0000000087800000, 0x0000000087700000| Untracked 
| 120|0x0000000087800000, 0x0000000087900000, 0x0000000087900000|100%| O|  |TAMS 0x0000000087900000, 0x0000000087800000| Untracked 
| 121|0x0000000087900000, 0x0000000087a00000, 0x0000000087a00000|100%| O|  |TAMS 0x0000000087a00000, 0x0000000087900000| Untracked 
| 122|0x0000000087a00000, 0x0000000087b00000, 0x0000000087b00000|100%| O|  |TAMS 0x0000000087b00000, 0x0000000087a00000| Untracked 
| 123|0x0000000087b00000, 0x0000000087b00000, 0x0000000087c00000|  0%| F|  |TAMS 0x0000000087b00000, 0x0000000087b00000| Untracked 
| 124|0x0000000087c00000, 0x0000000087d00000, 0x0000000087d00000|100%| O|  |TAMS 0x0000000087d00000, 0x0000000087c00000| Untracked 
| 125|0x0000000087d00000, 0x0000000087e00000, 0x0000000087e00000|100%| O|  |TAMS 0x0000000087e00000, 0x0000000087d00000| Untracked 
| 126|0x0000000087e00000, 0x0000000087f00000, 0x0000000087f00000|100%| O|  |TAMS 0x0000000087f00000, 0x0000000087e00000| Untracked 
| 127|0x0000000087f00000, 0x0000000088000000, 0x0000000088000000|100%| O|  |TAMS 0x0000000088000000, 0x0000000087f00000| Untracked 
| 128|0x0000000088000000, 0x0000000088100000, 0x0000000088100000|100%| O|  |TAMS 0x0000000088100000, 0x0000000088000000| Untracked 
| 129|0x0000000088100000, 0x0000000088200000, 0x0000000088200000|100%| O|  |TAMS 0x0000000088200000, 0x0000000088100000| Untracked 
| 130|0x0000000088200000, 0x0000000088300000, 0x0000000088300000|100%| O|  |TAMS 0x0000000088300000, 0x0000000088200000| Untracked 
| 131|0x0000000088300000, 0x0000000088400000, 0x0000000088400000|100%| O|  |TAMS 0x0000000088400000, 0x0000000088300000| Untracked 
| 132|0x0000000088400000, 0x0000000088500000, 0x0000000088500000|100%| O|  |TAMS 0x0000000088500000, 0x0000000088400000| Untracked 
| 133|0x0000000088500000, 0x0000000088600000, 0x0000000088600000|100%| O|  |TAMS 0x0000000088600000, 0x0000000088500000| Untracked 
| 134|0x0000000088600000, 0x0000000088700000, 0x0000000088700000|100%| O|  |TAMS 0x0000000088700000, 0x0000000088600000| Untracked 
| 135|0x0000000088700000, 0x0000000088800000, 0x0000000088800000|100%| O|  |TAMS 0x0000000088800000, 0x0000000088700000| Untracked 
| 136|0x0000000088800000, 0x0000000088900000, 0x0000000088900000|100%| O|  |TAMS 0x0000000088900000, 0x0000000088800000| Untracked 
| 137|0x0000000088900000, 0x0000000088a00000, 0x0000000088a00000|100%| O|  |TAMS 0x0000000088a00000, 0x0000000088900000| Untracked 
| 138|0x0000000088a00000, 0x0000000088b00000, 0x0000000088b00000|100%| O|  |TAMS 0x0000000088b00000, 0x0000000088a00000| Untracked 
| 139|0x0000000088b00000, 0x0000000088c00000, 0x0000000088c00000|100%| O|  |TAMS 0x0000000088c00000, 0x0000000088b00000| Untracked 
| 140|0x0000000088c00000, 0x0000000088d00000, 0x0000000088d00000|100%| O|  |TAMS 0x0000000088d00000, 0x0000000088c00000| Untracked 
| 141|0x0000000088d00000, 0x0000000088e00000, 0x0000000088e00000|100%| O|  |TAMS 0x0000000088e00000, 0x0000000088d00000| Untracked 
| 142|0x0000000088e00000, 0x0000000088e00000, 0x0000000088f00000|  0%| F|  |TAMS 0x0000000088e00000, 0x0000000088e00000| Untracked 
| 143|0x0000000088f00000, 0x0000000089000000, 0x0000000089000000|100%| O|  |TAMS 0x0000000089000000, 0x0000000088f00000| Untracked 
| 144|0x0000000089000000, 0x0000000089100000, 0x0000000089100000|100%| O|  |TAMS 0x00000000890c9800, 0x0000000089000000| Untracked 
| 145|0x0000000089100000, 0x0000000089200000, 0x0000000089200000|100%| O|  |TAMS 0x0000000089100000, 0x0000000089100000| Untracked 
| 146|0x0000000089200000, 0x0000000089300000, 0x0000000089300000|100%| O|  |TAMS 0x0000000089200000, 0x0000000089200000| Untracked 
| 147|0x0000000089300000, 0x0000000089400000, 0x0000000089400000|100%| O|  |TAMS 0x0000000089300000, 0x0000000089300000| Untracked 
| 148|0x0000000089400000, 0x0000000089500000, 0x0000000089500000|100%| O|  |TAMS 0x0000000089400000, 0x0000000089400000| Untracked 
| 149|0x0000000089500000, 0x0000000089600000, 0x0000000089600000|100%| O|  |TAMS 0x0000000089500000, 0x0000000089500000| Untracked 
| 150|0x0000000089600000, 0x0000000089700000, 0x0000000089700000|100%| O|  |TAMS 0x0000000089600000, 0x0000000089600000| Untracked 
| 151|0x0000000089700000, 0x0000000089800000, 0x0000000089800000|100%| O|  |TAMS 0x0000000089700000, 0x0000000089700000| Untracked 
| 152|0x0000000089800000, 0x0000000089900000, 0x0000000089900000|100%| O|  |TAMS 0x0000000089800000, 0x0000000089800000| Untracked 
| 153|0x0000000089900000, 0x0000000089a00000, 0x0000000089a00000|100%| O|  |TAMS 0x0000000089900000, 0x0000000089900000| Untracked 
| 154|0x0000000089a00000, 0x0000000089b00000, 0x0000000089b00000|100%| O|  |TAMS 0x0000000089a00000, 0x0000000089a00000| Untracked 
| 155|0x0000000089b00000, 0x0000000089c00000, 0x0000000089c00000|100%| O|  |TAMS 0x0000000089b00000, 0x0000000089b00000| Untracked 
| 156|0x0000000089c00000, 0x0000000089d00000, 0x0000000089d00000|100%| O|  |TAMS 0x0000000089c00000, 0x0000000089c00000| Untracked 
| 157|0x0000000089d00000, 0x0000000089e00000, 0x0000000089e00000|100%| O|  |TAMS 0x0000000089d00000, 0x0000000089d00000| Untracked 
| 158|0x0000000089e00000, 0x0000000089f00000, 0x0000000089f00000|100%| O|  |TAMS 0x0000000089e00000, 0x0000000089e00000| Untracked 
| 159|0x0000000089f00000, 0x0000000089f2ca00, 0x000000008a000000| 17%| O|  |TAMS 0x0000000089f00000, 0x0000000089f00000| Untracked 
| 160|0x000000008a000000, 0x000000008a000000, 0x000000008a100000|  0%| F|  |TAMS 0x000000008a000000, 0x000000008a000000| Untracked 
| 161|0x000000008a100000, 0x000000008a100000, 0x000000008a200000|  0%| F|  |TAMS 0x000000008a100000, 0x000000008a100000| Untracked 
| 162|0x000000008a200000, 0x000000008a200000, 0x000000008a300000|  0%| F|  |TAMS 0x000000008a200000, 0x000000008a200000| Untracked 
| 163|0x000000008a300000, 0x000000008a300000, 0x000000008a400000|  0%| F|  |TAMS 0x000000008a300000, 0x000000008a300000| Untracked 
| 164|0x000000008a400000, 0x000000008a400000, 0x000000008a500000|  0%| F|  |TAMS 0x000000008a400000, 0x000000008a400000| Untracked 
| 165|0x000000008a500000, 0x000000008a500000, 0x000000008a600000|  0%| F|  |TAMS 0x000000008a500000, 0x000000008a500000| Untracked 
| 166|0x000000008a600000, 0x000000008a600000, 0x000000008a700000|  0%| F|  |TAMS 0x000000008a600000, 0x000000008a600000| Untracked 
| 167|0x000000008a700000, 0x000000008a700000, 0x000000008a800000|  0%| F|  |TAMS 0x000000008a700000, 0x000000008a700000| Untracked 
| 168|0x000000008a800000, 0x000000008a800000, 0x000000008a900000|  0%| F|  |TAMS 0x000000008a800000, 0x000000008a800000| Untracked 
| 169|0x000000008a900000, 0x000000008a900000, 0x000000008aa00000|  0%| F|  |TAMS 0x000000008a900000, 0x000000008a900000| Untracked 
| 170|0x000000008aa00000, 0x000000008aa00000, 0x000000008ab00000|  0%| F|  |TAMS 0x000000008aa00000, 0x000000008aa00000| Untracked 
| 171|0x000000008ab00000, 0x000000008ab00000, 0x000000008ac00000|  0%| F|  |TAMS 0x000000008ab00000, 0x000000008ab00000| Untracked 
| 172|0x000000008ac00000, 0x000000008ac00000, 0x000000008ad00000|  0%| F|  |TAMS 0x000000008ac00000, 0x000000008ac00000| Untracked 
| 173|0x000000008ad00000, 0x000000008ad00000, 0x000000008ae00000|  0%| F|  |TAMS 0x000000008ad00000, 0x000000008ad00000| Untracked 
| 174|0x000000008ae00000, 0x000000008ae00000, 0x000000008af00000|  0%| F|  |TAMS 0x000000008ae00000, 0x000000008ae00000| Untracked 
| 175|0x000000008af00000, 0x000000008af00000, 0x000000008b000000|  0%| F|  |TAMS 0x000000008af00000, 0x000000008af00000| Untracked 
| 176|0x000000008b000000, 0x000000008b000000, 0x000000008b100000|  0%| F|  |TAMS 0x000000008b000000, 0x000000008b000000| Untracked 
| 177|0x000000008b100000, 0x000000008b100000, 0x000000008b200000|  0%| F|  |TAMS 0x000000008b100000, 0x000000008b100000| Untracked 
| 178|0x000000008b200000, 0x000000008b200000, 0x000000008b300000|  0%| F|  |TAMS 0x000000008b200000, 0x000000008b200000| Untracked 
| 179|0x000000008b300000, 0x000000008b300000, 0x000000008b400000|  0%| F|  |TAMS 0x000000008b300000, 0x000000008b300000| Untracked 
| 180|0x000000008b400000, 0x000000008b400000, 0x000000008b500000|  0%| F|  |TAMS 0x000000008b400000, 0x000000008b400000| Untracked 
| 181|0x000000008b500000, 0x000000008b500000, 0x000000008b600000|  0%| F|  |TAMS 0x000000008b500000, 0x000000008b500000| Untracked 
| 182|0x000000008b600000, 0x000000008b600000, 0x000000008b700000|  0%| F|  |TAMS 0x000000008b600000, 0x000000008b600000| Untracked 
| 183|0x000000008b700000, 0x000000008b700000, 0x000000008b800000|  0%| F|  |TAMS 0x000000008b700000, 0x000000008b700000| Untracked 
| 184|0x000000008b800000, 0x000000008b800000, 0x000000008b900000|  0%| F|  |TAMS 0x000000008b800000, 0x000000008b800000| Untracked 
| 185|0x000000008b900000, 0x000000008b900000, 0x000000008ba00000|  0%| F|  |TAMS 0x000000008b900000, 0x000000008b900000| Untracked 
| 186|0x000000008ba00000, 0x000000008ba00000, 0x000000008bb00000|  0%| F|  |TAMS 0x000000008ba00000, 0x000000008ba00000| Untracked 
| 187|0x000000008bb00000, 0x000000008bb00000, 0x000000008bc00000|  0%| F|  |TAMS 0x000000008bb00000, 0x000000008bb00000| Untracked 
| 188|0x000000008bc00000, 0x000000008bc00000, 0x000000008bd00000|  0%| F|  |TAMS 0x000000008bc00000, 0x000000008bc00000| Untracked 
| 189|0x000000008bd00000, 0x000000008bd00000, 0x000000008be00000|  0%| F|  |TAMS 0x000000008bd00000, 0x000000008bd00000| Untracked 
| 190|0x000000008be00000, 0x000000008be00000, 0x000000008bf00000|  0%| F|  |TAMS 0x000000008be00000, 0x000000008be00000| Untracked 
| 191|0x000000008bf00000, 0x000000008bf00000, 0x000000008c000000|  0%| F|  |TAMS 0x000000008bf00000, 0x000000008bf00000| Untracked 
| 192|0x000000008c000000, 0x000000008c000000, 0x000000008c100000|  0%| F|  |TAMS 0x000000008c000000, 0x000000008c000000| Untracked 
| 193|0x000000008c100000, 0x000000008c100000, 0x000000008c200000|  0%| F|  |TAMS 0x000000008c100000, 0x000000008c100000| Untracked 
| 194|0x000000008c200000, 0x000000008c200000, 0x000000008c300000|  0%| F|  |TAMS 0x000000008c200000, 0x000000008c200000| Untracked 
| 195|0x000000008c300000, 0x000000008c300000, 0x000000008c400000|  0%| F|  |TAMS 0x000000008c300000, 0x000000008c300000| Untracked 
| 196|0x000000008c400000, 0x000000008c400000, 0x000000008c500000|  0%| F|  |TAMS 0x000000008c400000, 0x000000008c400000| Untracked 
| 197|0x000000008c500000, 0x000000008c500000, 0x000000008c600000|  0%| F|  |TAMS 0x000000008c500000, 0x000000008c500000| Untracked 
| 198|0x000000008c600000, 0x000000008c600000, 0x000000008c700000|  0%| F|  |TAMS 0x000000008c600000, 0x000000008c600000| Untracked 
| 199|0x000000008c700000, 0x000000008c700000, 0x000000008c800000|  0%| F|  |TAMS 0x000000008c700000, 0x000000008c700000| Untracked 
| 200|0x000000008c800000, 0x000000008c800000, 0x000000008c900000|  0%| F|  |TAMS 0x000000008c800000, 0x000000008c800000| Untracked 
| 201|0x000000008c900000, 0x000000008c900000, 0x000000008ca00000|  0%| F|  |TAMS 0x000000008c900000, 0x000000008c900000| Untracked 
| 202|0x000000008ca00000, 0x000000008ca00000, 0x000000008cb00000|  0%| F|  |TAMS 0x000000008ca00000, 0x000000008ca00000| Untracked 
| 203|0x000000008cb00000, 0x000000008cb00000, 0x000000008cc00000|  0%| F|  |TAMS 0x000000008cb00000, 0x000000008cb00000| Untracked 
| 204|0x000000008cc00000, 0x000000008cc00000, 0x000000008cd00000|  0%| F|  |TAMS 0x000000008cc00000, 0x000000008cc00000| Untracked 
| 205|0x000000008cd00000, 0x000000008cd00000, 0x000000008ce00000|  0%| F|  |TAMS 0x000000008cd00000, 0x000000008cd00000| Untracked 
| 206|0x000000008ce00000, 0x000000008ce00000, 0x000000008cf00000|  0%| F|  |TAMS 0x000000008ce00000, 0x000000008ce00000| Untracked 
| 207|0x000000008cf00000, 0x000000008cf00000, 0x000000008d000000|  0%| F|  |TAMS 0x000000008cf00000, 0x000000008cf00000| Untracked 
| 208|0x000000008d000000, 0x000000008d000000, 0x000000008d100000|  0%| F|  |TAMS 0x000000008d000000, 0x000000008d000000| Untracked 
| 209|0x000000008d100000, 0x000000008d100000, 0x000000008d200000|  0%| F|  |TAMS 0x000000008d100000, 0x000000008d100000| Untracked 
| 210|0x000000008d200000, 0x000000008d200000, 0x000000008d300000|  0%| F|  |TAMS 0x000000008d200000, 0x000000008d200000| Untracked 
| 211|0x000000008d300000, 0x000000008d385098, 0x000000008d400000| 51%| S|CS|TAMS 0x000000008d300000, 0x000000008d300000| Complete 
| 212|0x000000008d400000, 0x000000008d500000, 0x000000008d500000|100%| S|CS|TAMS 0x000000008d400000, 0x000000008d400000| Complete 
| 213|0x000000008d500000, 0x000000008d600000, 0x000000008d600000|100%| S|CS|TAMS 0x000000008d500000, 0x000000008d500000| Complete 
| 214|0x000000008d600000, 0x000000008d700000, 0x000000008d700000|100%| S|CS|TAMS 0x000000008d600000, 0x000000008d600000| Complete 
| 215|0x000000008d700000, 0x000000008d800000, 0x000000008d800000|100%| S|CS|TAMS 0x000000008d700000, 0x000000008d700000| Complete 
| 216|0x000000008d800000, 0x000000008d900000, 0x000000008d900000|100%| S|CS|TAMS 0x000000008d800000, 0x000000008d800000| Complete 
| 217|0x000000008d900000, 0x000000008da00000, 0x000000008da00000|100%| S|CS|TAMS 0x000000008d900000, 0x000000008d900000| Complete 
| 218|0x000000008da00000, 0x000000008db00000, 0x000000008db00000|100%| S|CS|TAMS 0x000000008da00000, 0x000000008da00000| Complete 
| 219|0x000000008db00000, 0x000000008dc00000, 0x000000008dc00000|100%| S|CS|TAMS 0x000000008db00000, 0x000000008db00000| Complete 
| 220|0x000000008dc00000, 0x000000008dd00000, 0x000000008dd00000|100%| S|CS|TAMS 0x000000008dc00000, 0x000000008dc00000| Complete 
| 221|0x000000008dd00000, 0x000000008de00000, 0x000000008de00000|100%| S|CS|TAMS 0x000000008dd00000, 0x000000008dd00000| Complete 
| 222|0x000000008de00000, 0x000000008de00000, 0x000000008df00000|  0%| F|  |TAMS 0x000000008de00000, 0x000000008de00000| Untracked 
| 223|0x000000008df00000, 0x000000008df00000, 0x000000008e000000|  0%| F|  |TAMS 0x000000008df00000, 0x000000008df00000| Untracked 
| 224|0x000000008e000000, 0x000000008e000000, 0x000000008e100000|  0%| F|  |TAMS 0x000000008e000000, 0x000000008e000000| Untracked 
| 225|0x000000008e100000, 0x000000008e100000, 0x000000008e200000|  0%| F|  |TAMS 0x000000008e100000, 0x000000008e100000| Untracked 
| 226|0x000000008e200000, 0x000000008e200000, 0x000000008e300000|  0%| F|  |TAMS 0x000000008e200000, 0x000000008e200000| Untracked 
| 227|0x000000008e300000, 0x000000008e300000, 0x000000008e400000|  0%| F|  |TAMS 0x000000008e300000, 0x000000008e300000| Untracked 
| 228|0x000000008e400000, 0x000000008e400000, 0x000000008e500000|  0%| F|  |TAMS 0x000000008e400000, 0x000000008e400000| Untracked 
| 229|0x000000008e500000, 0x000000008e500000, 0x000000008e600000|  0%| F|  |TAMS 0x000000008e500000, 0x000000008e500000| Untracked 
| 230|0x000000008e600000, 0x000000008e600000, 0x000000008e700000|  0%| F|  |TAMS 0x000000008e600000, 0x000000008e600000| Untracked 
| 231|0x000000008e700000, 0x000000008e700000, 0x000000008e800000|  0%| F|  |TAMS 0x000000008e700000, 0x000000008e700000| Untracked 
| 232|0x000000008e800000, 0x000000008e800000, 0x000000008e900000|  0%| F|  |TAMS 0x000000008e800000, 0x000000008e800000| Untracked 
| 233|0x000000008e900000, 0x000000008e900000, 0x000000008ea00000|  0%| F|  |TAMS 0x000000008e900000, 0x000000008e900000| Untracked 
| 234|0x000000008ea00000, 0x000000008ea00000, 0x000000008eb00000|  0%| F|  |TAMS 0x000000008ea00000, 0x000000008ea00000| Untracked 
| 235|0x000000008eb00000, 0x000000008eb00000, 0x000000008ec00000|  0%| F|  |TAMS 0x000000008eb00000, 0x000000008eb00000| Untracked 
| 236|0x000000008ec00000, 0x000000008ec00000, 0x000000008ed00000|  0%| F|  |TAMS 0x000000008ec00000, 0x000000008ec00000| Untracked 
| 237|0x000000008ed00000, 0x000000008ed00000, 0x000000008ee00000|  0%| F|  |TAMS 0x000000008ed00000, 0x000000008ed00000| Untracked 
| 238|0x000000008ee00000, 0x000000008ee00000, 0x000000008ef00000|  0%| F|  |TAMS 0x000000008ee00000, 0x000000008ee00000| Untracked 
| 239|0x000000008ef00000, 0x000000008ef00000, 0x000000008f000000|  0%| F|  |TAMS 0x000000008ef00000, 0x000000008ef00000| Untracked 
| 240|0x000000008f000000, 0x000000008f000000, 0x000000008f100000|  0%| F|  |TAMS 0x000000008f000000, 0x000000008f000000| Untracked 
| 241|0x000000008f100000, 0x000000008f100000, 0x000000008f200000|  0%| F|  |TAMS 0x000000008f100000, 0x000000008f100000| Untracked 
| 242|0x000000008f200000, 0x000000008f200000, 0x000000008f300000|  0%| F|  |TAMS 0x000000008f200000, 0x000000008f200000| Untracked 
| 243|0x000000008f300000, 0x000000008f300000, 0x000000008f400000|  0%| F|  |TAMS 0x000000008f300000, 0x000000008f300000| Untracked 
| 244|0x000000008f400000, 0x000000008f400000, 0x000000008f500000|  0%| F|  |TAMS 0x000000008f400000, 0x000000008f400000| Untracked 
| 245|0x000000008f500000, 0x000000008f500000, 0x000000008f600000|  0%| F|  |TAMS 0x000000008f500000, 0x000000008f500000| Untracked 
| 246|0x000000008f600000, 0x000000008f600000, 0x000000008f700000|  0%| F|  |TAMS 0x000000008f600000, 0x000000008f600000| Untracked 
| 247|0x000000008f700000, 0x000000008f700000, 0x000000008f800000|  0%| F|  |TAMS 0x000000008f700000, 0x000000008f700000| Untracked 
| 248|0x000000008f800000, 0x000000008f800000, 0x000000008f900000|  0%| F|  |TAMS 0x000000008f800000, 0x000000008f800000| Untracked 
| 249|0x000000008f900000, 0x000000008f900000, 0x000000008fa00000|  0%| F|  |TAMS 0x000000008f900000, 0x000000008f900000| Untracked 
| 250|0x000000008fa00000, 0x000000008fa00000, 0x000000008fb00000|  0%| F|  |TAMS 0x000000008fa00000, 0x000000008fa00000| Untracked 
| 251|0x000000008fb00000, 0x000000008fb00000, 0x000000008fc00000|  0%| F|  |TAMS 0x000000008fb00000, 0x000000008fb00000| Untracked 
| 252|0x000000008fc00000, 0x000000008fc00000, 0x000000008fd00000|  0%| F|  |TAMS 0x000000008fc00000, 0x000000008fc00000| Untracked 
| 253|0x000000008fd00000, 0x000000008fd00000, 0x000000008fe00000|  0%| F|  |TAMS 0x000000008fd00000, 0x000000008fd00000| Untracked 
| 254|0x000000008fe00000, 0x000000008fe00000, 0x000000008ff00000|  0%| F|  |TAMS 0x000000008fe00000, 0x000000008fe00000| Untracked 
| 255|0x000000008ff00000, 0x000000008ff00000, 0x0000000090000000|  0%| F|  |TAMS 0x000000008ff00000, 0x000000008ff00000| Untracked 
| 256|0x0000000090000000, 0x0000000090000000, 0x0000000090100000|  0%| F|  |TAMS 0x0000000090000000, 0x0000000090000000| Untracked 
| 257|0x0000000090100000, 0x0000000090100000, 0x0000000090200000|  0%| F|  |TAMS 0x0000000090100000, 0x0000000090100000| Untracked 
| 258|0x0000000090200000, 0x0000000090200000, 0x0000000090300000|  0%| F|  |TAMS 0x0000000090200000, 0x0000000090200000| Untracked 
| 259|0x0000000090300000, 0x0000000090300000, 0x0000000090400000|  0%| F|  |TAMS 0x0000000090300000, 0x0000000090300000| Untracked 
| 260|0x0000000090400000, 0x0000000090400000, 0x0000000090500000|  0%| F|  |TAMS 0x0000000090400000, 0x0000000090400000| Untracked 
| 261|0x0000000090500000, 0x0000000090500000, 0x0000000090600000|  0%| F|  |TAMS 0x0000000090500000, 0x0000000090500000| Untracked 
| 262|0x0000000090600000, 0x0000000090600000, 0x0000000090700000|  0%| F|  |TAMS 0x0000000090600000, 0x0000000090600000| Untracked 
| 263|0x0000000090700000, 0x0000000090700000, 0x0000000090800000|  0%| F|  |TAMS 0x0000000090700000, 0x0000000090700000| Untracked 
| 264|0x0000000090800000, 0x0000000090800000, 0x0000000090900000|  0%| F|  |TAMS 0x0000000090800000, 0x0000000090800000| Untracked 
| 265|0x0000000090900000, 0x0000000090900000, 0x0000000090a00000|  0%| F|  |TAMS 0x0000000090900000, 0x0000000090900000| Untracked 
| 266|0x0000000090a00000, 0x0000000090a00000, 0x0000000090b00000|  0%| F|  |TAMS 0x0000000090a00000, 0x0000000090a00000| Untracked 
| 267|0x0000000090b00000, 0x0000000090b00000, 0x0000000090c00000|  0%| F|  |TAMS 0x0000000090b00000, 0x0000000090b00000| Untracked 
| 268|0x0000000090c00000, 0x0000000090c00000, 0x0000000090d00000|  0%| F|  |TAMS 0x0000000090c00000, 0x0000000090c00000| Untracked 
| 269|0x0000000090d00000, 0x0000000090d00000, 0x0000000090e00000|  0%| F|  |TAMS 0x0000000090d00000, 0x0000000090d00000| Untracked 
| 270|0x0000000090e00000, 0x0000000090e00000, 0x0000000090f00000|  0%| F|  |TAMS 0x0000000090e00000, 0x0000000090e00000| Untracked 
| 271|0x0000000090f00000, 0x0000000090f66520, 0x0000000091000000| 39%| E|  |TAMS 0x0000000090f00000, 0x0000000090f00000| Complete 
| 272|0x0000000091000000, 0x0000000091100000, 0x0000000091100000|100%| E|CS|TAMS 0x0000000091000000, 0x0000000091000000| Complete 
| 273|0x0000000091100000, 0x0000000091200000, 0x0000000091200000|100%| E|CS|TAMS 0x0000000091100000, 0x0000000091100000| Complete 
| 274|0x0000000091200000, 0x0000000091300000, 0x0000000091300000|100%| E|CS|TAMS 0x0000000091200000, 0x0000000091200000| Complete 
| 275|0x0000000091300000, 0x0000000091400000, 0x0000000091400000|100%| E|CS|TAMS 0x0000000091300000, 0x0000000091300000| Complete 
| 276|0x0000000091400000, 0x0000000091500000, 0x0000000091500000|100%| E|CS|TAMS 0x0000000091400000, 0x0000000091400000| Complete 
| 277|0x0000000091500000, 0x0000000091600000, 0x0000000091600000|100%| E|CS|TAMS 0x0000000091500000, 0x0000000091500000| Complete 
| 278|0x0000000091600000, 0x0000000091700000, 0x0000000091700000|100%| E|CS|TAMS 0x0000000091600000, 0x0000000091600000| Complete 
| 279|0x0000000091700000, 0x0000000091800000, 0x0000000091800000|100%| E|CS|TAMS 0x0000000091700000, 0x0000000091700000| Complete 
| 280|0x0000000091800000, 0x0000000091900000, 0x0000000091900000|100%| E|CS|TAMS 0x0000000091800000, 0x0000000091800000| Complete 
| 281|0x0000000091900000, 0x0000000091a00000, 0x0000000091a00000|100%| E|CS|TAMS 0x0000000091900000, 0x0000000091900000| Complete 
| 282|0x0000000091a00000, 0x0000000091b00000, 0x0000000091b00000|100%| E|CS|TAMS 0x0000000091a00000, 0x0000000091a00000| Complete 
| 283|0x0000000091b00000, 0x0000000091c00000, 0x0000000091c00000|100%| E|CS|TAMS 0x0000000091b00000, 0x0000000091b00000| Complete 
| 284|0x0000000091c00000, 0x0000000091d00000, 0x0000000091d00000|100%| E|CS|TAMS 0x0000000091c00000, 0x0000000091c00000| Complete 
| 285|0x0000000091d00000, 0x0000000091e00000, 0x0000000091e00000|100%| E|CS|TAMS 0x0000000091d00000, 0x0000000091d00000| Complete 
| 286|0x0000000091e00000, 0x0000000091f00000, 0x0000000091f00000|100%| E|CS|TAMS 0x0000000091e00000, 0x0000000091e00000| Complete 
| 287|0x0000000091f00000, 0x0000000092000000, 0x0000000092000000|100%| E|CS|TAMS 0x0000000091f00000, 0x0000000091f00000| Complete 
| 288|0x0000000092000000, 0x0000000092100000, 0x0000000092100000|100%| E|CS|TAMS 0x0000000092000000, 0x0000000092000000| Complete 
| 289|0x0000000092100000, 0x0000000092200000, 0x0000000092200000|100%| E|CS|TAMS 0x0000000092100000, 0x0000000092100000| Complete 
| 290|0x0000000092200000, 0x0000000092300000, 0x0000000092300000|100%| E|CS|TAMS 0x0000000092200000, 0x0000000092200000| Complete 
| 291|0x0000000092300000, 0x0000000092400000, 0x0000000092400000|100%| E|CS|TAMS 0x0000000092300000, 0x0000000092300000| Complete 
| 292|0x0000000092400000, 0x0000000092500000, 0x0000000092500000|100%| E|CS|TAMS 0x0000000092400000, 0x0000000092400000| Complete 
| 293|0x0000000092500000, 0x0000000092600000, 0x0000000092600000|100%| E|CS|TAMS 0x0000000092500000, 0x0000000092500000| Complete 
| 294|0x0000000092600000, 0x0000000092700000, 0x0000000092700000|100%| E|CS|TAMS 0x0000000092600000, 0x0000000092600000| Complete 
| 295|0x0000000092700000, 0x0000000092800000, 0x0000000092800000|100%| E|CS|TAMS 0x0000000092700000, 0x0000000092700000| Complete 
| 296|0x0000000092800000, 0x0000000092900000, 0x0000000092900000|100%| E|CS|TAMS 0x0000000092800000, 0x0000000092800000| Complete 
| 297|0x0000000092900000, 0x0000000092a00000, 0x0000000092a00000|100%| E|CS|TAMS 0x0000000092900000, 0x0000000092900000| Complete 
| 298|0x0000000092a00000, 0x0000000092b00000, 0x0000000092b00000|100%| E|CS|TAMS 0x0000000092a00000, 0x0000000092a00000| Complete 
| 299|0x0000000092b00000, 0x0000000092c00000, 0x0000000092c00000|100%| E|CS|TAMS 0x0000000092b00000, 0x0000000092b00000| Complete 
| 300|0x0000000092c00000, 0x0000000092d00000, 0x0000000092d00000|100%| E|CS|TAMS 0x0000000092c00000, 0x0000000092c00000| Complete 
| 301|0x0000000092d00000, 0x0000000092e00000, 0x0000000092e00000|100%| E|CS|TAMS 0x0000000092d00000, 0x0000000092d00000| Complete 
| 302|0x0000000092e00000, 0x0000000092f00000, 0x0000000092f00000|100%| E|CS|TAMS 0x0000000092e00000, 0x0000000092e00000| Complete 
| 303|0x0000000092f00000, 0x0000000093000000, 0x0000000093000000|100%| E|CS|TAMS 0x0000000092f00000, 0x0000000092f00000| Complete 
| 304|0x0000000093000000, 0x0000000093100000, 0x0000000093100000|100%| E|CS|TAMS 0x0000000093000000, 0x0000000093000000| Complete 
| 305|0x0000000093100000, 0x0000000093200000, 0x0000000093200000|100%| E|CS|TAMS 0x0000000093100000, 0x0000000093100000| Complete 
| 306|0x0000000093200000, 0x0000000093300000, 0x0000000093300000|100%| E|CS|TAMS 0x0000000093200000, 0x0000000093200000| Complete 
| 307|0x0000000093300000, 0x0000000093400000, 0x0000000093400000|100%| E|CS|TAMS 0x0000000093300000, 0x0000000093300000| Complete 
| 308|0x0000000093400000, 0x0000000093500000, 0x0000000093500000|100%| E|CS|TAMS 0x0000000093400000, 0x0000000093400000| Complete 
| 309|0x0000000093500000, 0x0000000093600000, 0x0000000093600000|100%| E|CS|TAMS 0x0000000093500000, 0x0000000093500000| Complete 
| 310|0x0000000093600000, 0x0000000093700000, 0x0000000093700000|100%| E|CS|TAMS 0x0000000093600000, 0x0000000093600000| Complete 
| 311|0x0000000093700000, 0x0000000093800000, 0x0000000093800000|100%| E|CS|TAMS 0x0000000093700000, 0x0000000093700000| Complete 
| 312|0x0000000093800000, 0x0000000093900000, 0x0000000093900000|100%| E|CS|TAMS 0x0000000093800000, 0x0000000093800000| Complete 
| 313|0x0000000093900000, 0x0000000093a00000, 0x0000000093a00000|100%| E|CS|TAMS 0x0000000093900000, 0x0000000093900000| Complete 
| 314|0x0000000093a00000, 0x0000000093b00000, 0x0000000093b00000|100%| E|CS|TAMS 0x0000000093a00000, 0x0000000093a00000| Complete 
| 315|0x0000000093b00000, 0x0000000093c00000, 0x0000000093c00000|100%| E|CS|TAMS 0x0000000093b00000, 0x0000000093b00000| Complete 
| 316|0x0000000093c00000, 0x0000000093d00000, 0x0000000093d00000|100%| E|CS|TAMS 0x0000000093c00000, 0x0000000093c00000| Complete 
| 317|0x0000000093d00000, 0x0000000093e00000, 0x0000000093e00000|100%| E|CS|TAMS 0x0000000093d00000, 0x0000000093d00000| Complete 
| 318|0x0000000093e00000, 0x0000000093f00000, 0x0000000093f00000|100%| E|CS|TAMS 0x0000000093e00000, 0x0000000093e00000| Complete 
| 319|0x0000000093f00000, 0x0000000094000000, 0x0000000094000000|100%| E|CS|TAMS 0x0000000093f00000, 0x0000000093f00000| Complete 
| 320|0x0000000094000000, 0x0000000094100000, 0x0000000094100000|100%| E|CS|TAMS 0x0000000094000000, 0x0000000094000000| Complete 
| 321|0x0000000094100000, 0x0000000094200000, 0x0000000094200000|100%| E|CS|TAMS 0x0000000094100000, 0x0000000094100000| Complete 
| 322|0x0000000094200000, 0x0000000094300000, 0x0000000094300000|100%| E|CS|TAMS 0x0000000094200000, 0x0000000094200000| Complete 
| 323|0x0000000094300000, 0x0000000094400000, 0x0000000094400000|100%| E|CS|TAMS 0x0000000094300000, 0x0000000094300000| Complete 
| 324|0x0000000094400000, 0x0000000094500000, 0x0000000094500000|100%| E|CS|TAMS 0x0000000094400000, 0x0000000094400000| Complete 
| 325|0x0000000094500000, 0x0000000094600000, 0x0000000094600000|100%| E|CS|TAMS 0x0000000094500000, 0x0000000094500000| Complete 
| 326|0x0000000094600000, 0x0000000094700000, 0x0000000094700000|100%| E|CS|TAMS 0x0000000094600000, 0x0000000094600000| Complete 
| 327|0x0000000094700000, 0x0000000094800000, 0x0000000094800000|100%| E|CS|TAMS 0x0000000094700000, 0x0000000094700000| Complete 
| 328|0x0000000094800000, 0x0000000094900000, 0x0000000094900000|100%| E|CS|TAMS 0x0000000094800000, 0x0000000094800000| Complete 
| 329|0x0000000094900000, 0x0000000094a00000, 0x0000000094a00000|100%| E|CS|TAMS 0x0000000094900000, 0x0000000094900000| Complete 
| 330|0x0000000094a00000, 0x0000000094b00000, 0x0000000094b00000|100%| E|CS|TAMS 0x0000000094a00000, 0x0000000094a00000| Complete 
| 331|0x0000000094b00000, 0x0000000094c00000, 0x0000000094c00000|100%| E|CS|TAMS 0x0000000094b00000, 0x0000000094b00000| Complete 
| 332|0x0000000094c00000, 0x0000000094d00000, 0x0000000094d00000|100%| E|CS|TAMS 0x0000000094c00000, 0x0000000094c00000| Complete 
| 333|0x0000000094d00000, 0x0000000094e00000, 0x0000000094e00000|100%| E|CS|TAMS 0x0000000094d00000, 0x0000000094d00000| Complete 
| 334|0x0000000094e00000, 0x0000000094f00000, 0x0000000094f00000|100%| E|CS|TAMS 0x0000000094e00000, 0x0000000094e00000| Complete 
| 335|0x0000000094f00000, 0x0000000095000000, 0x0000000095000000|100%| E|CS|TAMS 0x0000000094f00000, 0x0000000094f00000| Complete 
| 336|0x0000000095000000, 0x0000000095100000, 0x0000000095100000|100%| E|CS|TAMS 0x0000000095000000, 0x0000000095000000| Complete 
| 337|0x0000000095100000, 0x0000000095200000, 0x0000000095200000|100%| E|CS|TAMS 0x0000000095100000, 0x0000000095100000| Complete 
| 338|0x0000000095200000, 0x0000000095300000, 0x0000000095300000|100%| E|CS|TAMS 0x0000000095200000, 0x0000000095200000| Complete 
| 339|0x0000000095300000, 0x0000000095400000, 0x0000000095400000|100%| E|CS|TAMS 0x0000000095300000, 0x0000000095300000| Complete 
| 340|0x0000000095400000, 0x0000000095500000, 0x0000000095500000|100%| E|CS|TAMS 0x0000000095400000, 0x0000000095400000| Complete 
| 341|0x0000000095500000, 0x0000000095600000, 0x0000000095600000|100%| E|CS|TAMS 0x0000000095500000, 0x0000000095500000| Complete 
| 342|0x0000000095600000, 0x0000000095700000, 0x0000000095700000|100%| E|CS|TAMS 0x0000000095600000, 0x0000000095600000| Complete 
| 343|0x0000000095700000, 0x0000000095800000, 0x0000000095800000|100%| E|CS|TAMS 0x0000000095700000, 0x0000000095700000| Complete 
| 344|0x0000000095800000, 0x0000000095900000, 0x0000000095900000|100%| E|CS|TAMS 0x0000000095800000, 0x0000000095800000| Complete 
| 345|0x0000000095900000, 0x0000000095a00000, 0x0000000095a00000|100%| E|CS|TAMS 0x0000000095900000, 0x0000000095900000| Complete 
| 346|0x0000000095a00000, 0x0000000095b00000, 0x0000000095b00000|100%| E|CS|TAMS 0x0000000095a00000, 0x0000000095a00000| Complete 
| 347|0x0000000095b00000, 0x0000000095c00000, 0x0000000095c00000|100%| E|CS|TAMS 0x0000000095b00000, 0x0000000095b00000| Complete 
| 348|0x0000000095c00000, 0x0000000095d00000, 0x0000000095d00000|100%| E|CS|TAMS 0x0000000095c00000, 0x0000000095c00000| Complete 
| 349|0x0000000095d00000, 0x0000000095e00000, 0x0000000095e00000|100%| E|CS|TAMS 0x0000000095d00000, 0x0000000095d00000| Complete 
| 350|0x0000000095e00000, 0x0000000095f00000, 0x0000000095f00000|100%| E|CS|TAMS 0x0000000095e00000, 0x0000000095e00000| Complete 
| 351|0x0000000095f00000, 0x0000000096000000, 0x0000000096000000|100%| E|CS|TAMS 0x0000000095f00000, 0x0000000095f00000| Complete 
| 352|0x0000000096000000, 0x0000000096100000, 0x0000000096100000|100%| E|CS|TAMS 0x0000000096000000, 0x0000000096000000| Complete 
| 353|0x0000000096100000, 0x0000000096200000, 0x0000000096200000|100%| E|CS|TAMS 0x0000000096100000, 0x0000000096100000| Complete 
| 354|0x0000000096200000, 0x0000000096300000, 0x0000000096300000|100%| E|CS|TAMS 0x0000000096200000, 0x0000000096200000| Complete 
| 355|0x0000000096300000, 0x0000000096400000, 0x0000000096400000|100%| E|CS|TAMS 0x0000000096300000, 0x0000000096300000| Complete 
| 356|0x0000000096400000, 0x0000000096500000, 0x0000000096500000|100%| E|CS|TAMS 0x0000000096400000, 0x0000000096400000| Complete 
| 357|0x0000000096500000, 0x0000000096600000, 0x0000000096600000|100%| E|CS|TAMS 0x0000000096500000, 0x0000000096500000| Complete 
| 358|0x0000000096600000, 0x0000000096700000, 0x0000000096700000|100%| E|CS|TAMS 0x0000000096600000, 0x0000000096600000| Complete 
| 359|0x0000000096700000, 0x0000000096800000, 0x0000000096800000|100%| E|CS|TAMS 0x0000000096700000, 0x0000000096700000| Complete 
| 360|0x0000000096800000, 0x0000000096900000, 0x0000000096900000|100%| E|CS|TAMS 0x0000000096800000, 0x0000000096800000| Complete 
| 361|0x0000000096900000, 0x0000000096a00000, 0x0000000096a00000|100%| E|CS|TAMS 0x0000000096900000, 0x0000000096900000| Complete 
| 362|0x0000000096a00000, 0x0000000096b00000, 0x0000000096b00000|100%| E|CS|TAMS 0x0000000096a00000, 0x0000000096a00000| Complete 
| 363|0x0000000096b00000, 0x0000000096c00000, 0x0000000096c00000|100%| E|CS|TAMS 0x0000000096b00000, 0x0000000096b00000| Complete 
| 364|0x0000000096c00000, 0x0000000096d00000, 0x0000000096d00000|100%| E|CS|TAMS 0x0000000096c00000, 0x0000000096c00000| Complete 
| 365|0x0000000096d00000, 0x0000000096e00000, 0x0000000096e00000|100%| E|CS|TAMS 0x0000000096d00000, 0x0000000096d00000| Complete 
| 366|0x0000000096e00000, 0x0000000096f00000, 0x0000000096f00000|100%| E|CS|TAMS 0x0000000096e00000, 0x0000000096e00000| Complete 
| 367|0x0000000096f00000, 0x0000000097000000, 0x0000000097000000|100%| E|CS|TAMS 0x0000000096f00000, 0x0000000096f00000| Complete 
| 368|0x0000000097000000, 0x0000000097100000, 0x0000000097100000|100%| E|CS|TAMS 0x0000000097000000, 0x0000000097000000| Complete 
| 369|0x0000000097100000, 0x0000000097200000, 0x0000000097200000|100%| E|CS|TAMS 0x0000000097100000, 0x0000000097100000| Complete 
| 370|0x0000000097200000, 0x0000000097300000, 0x0000000097300000|100%| E|CS|TAMS 0x0000000097200000, 0x0000000097200000| Complete 
| 371|0x0000000097300000, 0x0000000097400000, 0x0000000097400000|100%| E|CS|TAMS 0x0000000097300000, 0x0000000097300000| Complete 
| 372|0x0000000097400000, 0x0000000097500000, 0x0000000097500000|100%| E|CS|TAMS 0x0000000097400000, 0x0000000097400000| Complete 
| 373|0x0000000097500000, 0x0000000097600000, 0x0000000097600000|100%| E|CS|TAMS 0x0000000097500000, 0x0000000097500000| Complete 
| 374|0x0000000097600000, 0x0000000097700000, 0x0000000097700000|100%| E|CS|TAMS 0x0000000097600000, 0x0000000097600000| Complete 
| 375|0x0000000097700000, 0x0000000097800000, 0x0000000097800000|100%| E|CS|TAMS 0x0000000097700000, 0x0000000097700000| Complete 
| 376|0x0000000097800000, 0x0000000097900000, 0x0000000097900000|100%| E|CS|TAMS 0x0000000097800000, 0x0000000097800000| Complete 
| 377|0x0000000097900000, 0x0000000097a00000, 0x0000000097a00000|100%| E|CS|TAMS 0x0000000097900000, 0x0000000097900000| Complete 

Card table byte_map: [0x000001b7f6210000,0x000001b7f6610000] _byte_map_base: 0x000001b7f5e10000

Marking Bits (Prev, Next): (CMBitMap*) 0x000001b7e113dd18, (CMBitMap*) 0x000001b7e113dd50
 Prev Bits: [0x000001b7f6a10000, 0x000001b7f8a10000)
 Next Bits: [0x000001b7f8a10000, 0x000001b7faa10000)

Polling page: 0x000001b7e11e0000

Metaspace:

Usage:
  Non-class:     86.06 MB capacity,    84.62 MB ( 98%) used,     1.15 MB (  1%) free+waste,   297.69 KB ( <1%) overhead. 
      Class:     13.63 MB capacity,    12.70 MB ( 93%) used,   820.75 KB (  6%) free+waste,   134.31 KB ( <1%) overhead. 
       Both:     99.69 MB capacity,    97.32 MB ( 98%) used,     1.95 MB (  2%) free+waste,   432.00 KB ( <1%) overhead. 

Virtual space:
  Non-class space:       88.00 MB reserved,      86.25 MB ( 98%) committed 
      Class space:        1.00 GB reserved,      13.82 MB (  1%) committed 
             Both:        1.09 GB reserved,     100.07 MB (  9%) committed 

Chunk freelists:
   Non-Class:  126.00 KB
       Class:  124.00 KB
        Both:  250.00 KB

MaxMetaspaceSize: 17179869184.00 GB
CompressedClassSpaceSize: 1.00 GB

CodeHeap 'non-profiled nmethods': size=120000Kb used=8082Kb max_used=8082Kb free=111917Kb
 bounds [0x000001b7ede70000, 0x000001b7ee660000, 0x000001b7f53a0000]
CodeHeap 'profiled nmethods': size=120000Kb used=34740Kb max_used=34740Kb free=85259Kb
 bounds [0x000001b7e6940000, 0x000001b7e8b30000, 0x000001b7ede70000]
CodeHeap 'non-nmethods': size=5760Kb used=2310Kb max_used=2386Kb free=3449Kb
 bounds [0x000001b7e63a0000, 0x000001b7e6610000, 0x000001b7e6940000]
 total_blobs=14911 nmethods=13993 adapters=828
 compilation: enabled
              stopped_count=0, restarted_count=0
 full_count=0

Compilation events (20 events):
Event: 17.016 Thread 0x000001b7fdeb3000 nmethod 14653% 0x000001b7e8b19c90 code [0x000001b7e8b19fc0, 0x000001b7e8b1b5d8]
Event: 17.016 Thread 0x000001b7fdeb3000 14654 %     3       com.android.tools.r8.internal.jC::a @ 46 (583 bytes)
Event: 17.028 Thread 0x000001b7fdeb3000 nmethod 14654% 0x000001b7e8b1bb90 code [0x000001b7e8b1c4e0, 0x000001b7e8b225c8]
Event: 17.028 Thread 0x000001b7fdeb3000 14652       3       com.android.tools.r8.internal.R5::a (107 bytes)
Event: 17.031 Thread 0x000001b7fdeb3000 nmethod 14652 0x000001b7e8b24310 code [0x000001b7e8b24620, 0x000001b7e8b25658]
Event: 17.032 Thread 0x000001b7fdeb3000 14634       2       com.android.tools.r8.ir.regalloc.c::a (322 bytes)
Event: 17.037 Thread 0x000001b7fdeb3000 nmethod 14634 0x000001b7e8b25e10 code [0x000001b7e8b26140, 0x000001b7e8b26f58]
Event: 17.037 Thread 0x000001b7fdeb3000 14656       2       com.android.tools.r8.internal.x9::b (42 bytes)
Event: 17.038 Thread 0x000001b7fdeb3000 nmethod 14656 0x000001b7e8b27910 code [0x000001b7e8b27b40, 0x000001b7e8b28108]
Event: 17.038 Thread 0x000001b7fdeb3000 14635       2       com.android.tools.r8.ir.regalloc.d::b (38 bytes)
Event: 17.039 Thread 0x000001b7fdeb3000 nmethod 14635 0x000001b7e8b28390 code [0x000001b7e8b28580, 0x000001b7e8b28818]
Event: 17.039 Thread 0x000001b7fdeb3000 14673       1       com.android.tools.r8.internal.Z1::V0 (2 bytes)
Event: 17.039 Thread 0x000001b7fdeb3000 nmethod 14673 0x000001b7ee653c90 code [0x000001b7ee653e40, 0x000001b7ee653ef8]
Event: 17.039 Thread 0x000001b7fdeb3000 14667   !   2       java.util.AbstractMap::equals (145 bytes)
Event: 17.040 Thread 0x000001b7fdeb3000 nmethod 14667 0x000001b7e8b28990 code [0x000001b7e8b28c00, 0x000001b7e8b29178]
Event: 17.040 Thread 0x000001b7fdeb3000 14638       2       com.android.tools.r8.code.O0::<init> (108 bytes)
Event: 17.041 Thread 0x000001b7fdeb3000 nmethod 14638 0x000001b7e8b29590 code [0x000001b7e8b29740, 0x000001b7e8b29858]
Event: 17.041 Thread 0x000001b7fdeb3000 14683       1       com.android.tools.r8.internal.Z1::W1 (4 bytes)
Event: 17.041 Thread 0x000001b7fdeb3000 nmethod 14683 0x000001b7ee653f90 code [0x000001b7ee654140, 0x000001b7ee6541f8]
Event: 17.041 Thread 0x000001b7fdeb3000 14671       1       com.android.tools.r8.internal.T4::n (2 bytes)

GC Heap History (20 events):
Event: 11.197 GC heap before
{Heap before GC invocations=27 (full 0):
 garbage-first heap   total 279552K, used 151314K [0x0000000080000000, 0x0000000100000000)
  region size 1024K, 13 young (13312K), 7 survivors (7168K)
 Metaspace       used 94109K, capacity 96471K, committed 97100K, reserved 1132544K
  class space    used 12266K, capacity 13200K, committed 13388K, reserved 1048576K
}
Event: 11.215 GC heap after
{Heap after GC invocations=28 (full 0):
 garbage-first heap   total 279552K, used 146108K [0x0000000080000000, 0x0000000100000000)
  region size 1024K, 2 young (2048K), 2 survivors (2048K)
 Metaspace       used 94109K, capacity 96471K, committed 97100K, reserved 1132544K
  class space    used 12266K, capacity 13200K, committed 13388K, reserved 1048576K
}
Event: 11.415 GC heap before
{Heap before GC invocations=28 (full 0):
 garbage-first heap   total 279552K, used 207548K [0x0000000080000000, 0x0000000100000000)
  region size 1024K, 62 young (63488K), 2 survivors (2048K)
 Metaspace       used 95990K, capacity 98560K, committed 98636K, reserved 1134592K
  class space    used 12652K, capacity 13632K, committed 13644K, reserved 1048576K
}
Event: 11.434 GC heap after
{Heap after GC invocations=29 (full 0):
 garbage-first heap   total 279552K, used 156454K [0x0000000080000000, 0x0000000100000000)
  region size 1024K, 8 young (8192K), 8 survivors (8192K)
 Metaspace       used 95990K, capacity 98560K, committed 98636K, reserved 1134592K
  class space    used 12652K, capacity 13632K, committed 13644K, reserved 1048576K
}
Event: 12.109 GC heap before
{Heap before GC invocations=30 (full 0):
 garbage-first heap   total 279552K, used 214822K [0x0000000080000000, 0x0000000100000000)
  region size 1024K, 65 young (66560K), 8 survivors (8192K)
 Metaspace       used 97994K, capacity 100445K, committed 101068K, reserved 1136640K
  class space    used 12885K, capacity 13827K, committed 14028K, reserved 1048576K
}
Event: 12.135 GC heap after
{Heap after GC invocations=31 (full 0):
 garbage-first heap   total 279552K, used 161557K [0x0000000080000000, 0x0000000100000000)
  region size 1024K, 5 young (5120K), 5 survivors (5120K)
 Metaspace       used 97994K, capacity 100445K, committed 101068K, reserved 1136640K
  class space    used 12885K, capacity 13827K, committed 14028K, reserved 1048576K
}
Event: 12.192 GC heap before
{Heap before GC invocations=31 (full 0):
 garbage-first heap   total 279552K, used 169749K [0x0000000080000000, 0x0000000100000000)
  region size 1024K, 13 young (13312K), 5 survivors (5120K)
 Metaspace       used 98113K, capacity 100547K, committed 101068K, reserved 1136640K
  class space    used 12899K, capacity 13860K, committed 14028K, reserved 1048576K
}
Event: 12.212 GC heap after
{Heap after GC invocations=32 (full 0):
 garbage-first heap   total 387072K, used 156777K [0x0000000080000000, 0x0000000100000000)
  region size 1024K, 1 young (1024K), 1 survivors (1024K)
 Metaspace       used 98113K, capacity 100547K, committed 101068K, reserved 1136640K
  class space    used 12899K, capacity 13860K, committed 14028K, reserved 1048576K
}
Event: 12.676 GC heap before
{Heap before GC invocations=32 (full 0):
 garbage-first heap   total 387072K, used 250985K [0x0000000080000000, 0x0000000100000000)
  region size 1024K, 93 young (95232K), 1 survivors (1024K)
 Metaspace       used 98550K, capacity 100994K, committed 101452K, reserved 1136640K
  class space    used 12951K, capacity 13899K, committed 14156K, reserved 1048576K
}
Event: 12.681 GC heap after
{Heap after GC invocations=33 (full 0):
 garbage-first heap   total 387072K, used 158545K [0x0000000080000000, 0x0000000100000000)
  region size 1024K, 3 young (3072K), 3 survivors (3072K)
 Metaspace       used 98550K, capacity 100994K, committed 101452K, reserved 1136640K
  class space    used 12951K, capacity 13899K, committed 14156K, reserved 1048576K
}
Event: 12.946 GC heap before
{Heap before GC invocations=33 (full 0):
 garbage-first heap   total 387072K, used 265041K [0x0000000080000000, 0x0000000100000000)
  region size 1024K, 107 young (109568K), 3 survivors (3072K)
 Metaspace       used 98772K, capacity 101216K, committed 101708K, reserved 1136640K
  class space    used 12964K, capacity 13908K, committed 14156K, reserved 1048576K
}
Event: 12.949 GC heap after
{Heap after GC invocations=34 (full 0):
 garbage-first heap   total 387072K, used 159178K [0x0000000080000000, 0x0000000100000000)
  region size 1024K, 4 young (4096K), 4 survivors (4096K)
 Metaspace       used 98772K, capacity 101216K, committed 101708K, reserved 1136640K
  class space    used 12964K, capacity 13908K, committed 14156K, reserved 1048576K
}
Event: 13.237 GC heap before
{Heap before GC invocations=34 (full 0):
 garbage-first heap   total 387072K, used 278986K [0x0000000080000000, 0x0000000100000000)
  region size 1024K, 121 young (123904K), 4 survivors (4096K)
 Metaspace       used 98797K, capacity 101256K, committed 101708K, reserved 1136640K
  class space    used 12971K, capacity 13943K, committed 14156K, reserved 1048576K
}
Event: 13.242 GC heap after
{Heap after GC invocations=35 (full 0):
 garbage-first heap   total 387072K, used 160479K [0x0000000080000000, 0x0000000100000000)
  region size 1024K, 5 young (5120K), 5 survivors (5120K)
 Metaspace       used 98797K, capacity 101256K, committed 101708K, reserved 1136640K
  class space    used 12971K, capacity 13943K, committed 14156K, reserved 1048576K
}
Event: 13.564 GC heap before
{Heap before GC invocations=35 (full 0):
 garbage-first heap   total 387072K, used 300767K [0x0000000080000000, 0x0000000100000000)
  region size 1024K, 143 young (146432K), 5 survivors (5120K)
 Metaspace       used 98861K, capacity 101343K, committed 101708K, reserved 1136640K
  class space    used 12979K, capacity 13951K, committed 14156K, reserved 1048576K
}
Event: 13.570 GC heap after
{Heap after GC invocations=36 (full 0):
 garbage-first heap   total 387072K, used 162369K [0x0000000080000000, 0x0000000100000000)
  region size 1024K, 7 young (7168K), 7 survivors (7168K)
 Metaspace       used 98861K, capacity 101343K, committed 101708K, reserved 1136640K
  class space    used 12979K, capacity 13951K, committed 14156K, reserved 1048576K
}
Event: 14.093 GC heap before
{Heap before GC invocations=36 (full 0):
 garbage-first heap   total 387072K, used 306753K [0x0000000080000000, 0x0000000100000000)
  region size 1024K, 148 young (151552K), 7 survivors (7168K)
 Metaspace       used 99052K, capacity 101490K, committed 101964K, reserved 1136640K
  class space    used 12993K, capacity 13956K, committed 14156K, reserved 1048576K
}
Event: 14.158 GC heap after
{Heap after GC invocations=37 (full 0):
 garbage-first heap   total 387072K, used 164018K [0x0000000080000000, 0x0000000100000000)
  region size 1024K, 8 young (8192K), 8 survivors (8192K)
 Metaspace       used 99052K, capacity 101490K, committed 101964K, reserved 1136640K
  class space    used 12993K, capacity 13956K, committed 14156K, reserved 1048576K
}
Event: 16.536 GC heap before
{Heap before GC invocations=37 (full 0):
 garbage-first heap   total 387072K, used 315570K [0x0000000080000000, 0x0000000100000000)
  region size 1024K, 156 young (159744K), 8 survivors (8192K)
 Metaspace       used 99534K, capacity 101950K, committed 102476K, reserved 1138688K
  class space    used 12999K, capacity 13956K, committed 14156K, reserved 1048576K
}
Event: 16.604 GC heap after
{Heap after GC invocations=38 (full 0):
 garbage-first heap   total 387072K, used 166598K [0x0000000080000000, 0x0000000100000000)
  region size 1024K, 11 young (11264K), 11 survivors (11264K)
 Metaspace       used 99534K, capacity 101950K, committed 102476K, reserved 1138688K
  class space    used 12999K, capacity 13956K, committed 14156K, reserved 1048576K
}

Deoptimization events (20 events):
Event: 16.491 Thread 0x000001b781269800 DEOPT PACKING pc=0x000001b7e883b497 sp=0x0000009bcedf95a0
Event: 16.492 Thread 0x000001b781269800 DEOPT UNPACKING pc=0x000001b7e63c76ce sp=0x0000009bcedf8b98 mode 0
Event: 16.636 Thread 0x000001b781269800 DEOPT PACKING pc=0x000001b7e881c837 sp=0x0000009bcedf9580
Event: 16.636 Thread 0x000001b781269800 DEOPT UNPACKING pc=0x000001b7e63c76ce sp=0x0000009bcedf8b48 mode 0
Event: 16.745 Thread 0x000001b78126d800 Uncommon trap: trap_request=0xffffff4d fr.pc=0x000001b7ee64e498 relative=0x0000000000000ad8
Event: 16.745 Thread 0x000001b78126d800 Uncommon trap: reason=unstable_if action=reinterpret pc=0x000001b7ee64e498 method=com.android.tools.r8.graph.b1.n0()Z @ 11 c2
Event: 16.745 Thread 0x000001b78126d800 DEOPT PACKING pc=0x000001b7ee64e498 sp=0x0000009bcecf9540
Event: 16.745 Thread 0x000001b78126d800 DEOPT UNPACKING pc=0x000001b7e63c78af sp=0x0000009bcecf9458 mode 2
Event: 16.820 Thread 0x000001b78126b800 DEOPT PACKING pc=0x000001b7e8a4ecda sp=0x0000009bcebf8b60
Event: 16.820 Thread 0x000001b78126b800 DEOPT UNPACKING pc=0x000001b7e63c76ce sp=0x0000009bcebf80b8 mode 0
Event: 16.913 Thread 0x000001b78126d800 DEOPT PACKING pc=0x000001b7e82be6df sp=0x0000009bcecf9110
Event: 16.914 Thread 0x000001b78126d800 DEOPT UNPACKING pc=0x000001b7e63c76ce sp=0x0000009bcecf8730 mode 0
Event: 16.924 Thread 0x000001b781268800 DEOPT PACKING pc=0x000001b7e8965f31 sp=0x0000009bce7f8cb0
Event: 16.924 Thread 0x000001b781268800 DEOPT UNPACKING pc=0x000001b7e63c76ce sp=0x0000009bce7f8238 mode 0
Event: 16.980 Thread 0x000001b78126a000 DEOPT PACKING pc=0x000001b7e8a4ecda sp=0x0000009bceaf8e40
Event: 16.980 Thread 0x000001b78126a000 DEOPT UNPACKING pc=0x000001b7e63c76ce sp=0x0000009bceaf8398 mode 0
Event: 16.988 Thread 0x000001b78126a000 DEOPT PACKING pc=0x000001b7e82be82e sp=0x0000009bceaf8e80
Event: 16.988 Thread 0x000001b78126a000 DEOPT UNPACKING pc=0x000001b7e63c76ce sp=0x0000009bceaf84a8 mode 0
Event: 17.001 Thread 0x000001b78126f000 DEOPT PACKING pc=0x000001b7e83989b8 sp=0x0000009bce9f98d0
Event: 17.001 Thread 0x000001b78126f000 DEOPT UNPACKING pc=0x000001b7e63c76ce sp=0x0000009bce9f8df0 mode 0

Classes redefined (0 events):
No events

Internal exceptions (20 events):
Event: 10.821 Thread 0x000001b78126d800 Exception <a 'java/lang/NoSuchMethodError'{0x000000008d97e5e8}: 'int java.lang.invoke.DirectMethodHandle$Holder.invokeVirtual(java.lang.Object, java.lang.Object, java.lang.Object)'> (0x000000008d97e5e8) thrown at [./src/hotspot/share/interpreter/linkResolver.cpp, line 773]
Event: 11.095 Thread 0x000001b78126f000 Implicit null exception at 0x000001b7ee5096ec to 0x000001b7ee509b50
Event: 11.095 Thread 0x000001b78126d800 Implicit null exception at 0x000001b7ee5096ec to 0x000001b7ee509b50
Event: 11.095 Thread 0x000001b781269800 Implicit null exception at 0x000001b7ee5096ec to 0x000001b7ee509b50
Event: 11.180 Thread 0x000001b781268800 Implicit null exception at 0x000001b7ee50ad28 to 0x000001b7ee50cff0
Event: 11.183 Thread 0x000001b78126f000 Exception <a 'java/lang/NoSuchMethodError'{0x0000000090f2f6a8}: 'java.lang.Object java.lang.invoke.DirectMethodHandle$Holder.invokeStatic(java.lang.Object, int, java.lang.Object, java.lang.Object)'> (0x0000000090f2f6a8) thrown at [./src/hotspot/share/interpreter/linkResolver.cpp, line 773]
Event: 11.262 Thread 0x000001b781269800 Exception <a 'java/lang/NoSuchMethodError'{0x000000008ff141e0}: 'java.lang.Object java.lang.invoke.Invokers$Holder.linkToTargetMethod(java.lang.Object, java.lang.Object, java.lang.Object, java.lang.Object, java.lang.Object, java.lang.Object, java.lang.Object)'> (0x000000008ff141e0) thrown at [./src/hotspot/share/interpreter/linkResolver.cpp, line 773]
Event: 11.262 Thread 0x000001b78126f000 Exception <a 'java/lang/NoSuchMethodError'{0x00000000906fa500}: 'java.lang.Object java.lang.invoke.Invokers$Holder.linkToTargetMethod(java.lang.Object, java.lang.Object, java.lang.Object, java.lang.Object, java.lang.Object, java.lang.Object, java.lang.Object)'> (0x00000000906fa500) thrown at [./src/hotspot/share/interpreter/linkResolver.cpp, line 773]
Event: 11.347 Thread 0x000001b78126f000 Exception <a 'java/lang/NoSuchMethodError'{0x000000008f49dd20}: 'java.lang.Object java.lang.invoke.DirectMethodHandle$Holder.invokeVirtual(java.lang.Object, java.lang.Object, int, java.lang.Object)'> (0x000000008f49dd20) thrown at [./src/hotspot/share/interpreter/linkResolver.cpp, line 773]
Event: 11.347 Thread 0x000001b78126d800 Exception <a 'java/lang/NoSuchMethodError'{0x000000008e5a0a00}: 'java.lang.Object java.lang.invoke.DirectMethodHandle$Holder.invokeVirtual(java.lang.Object, java.lang.Object, int, java.lang.Object)'> (0x000000008e5a0a00) thrown at [./src/hotspot/share/interpreter/linkResolver.cpp, line 773]
Event: 11.347 Thread 0x000001b781269800 Exception <a 'java/lang/NoSuchMethodError'{0x000000008e9e4498}: 'java.lang.Object java.lang.invoke.DirectMethodHandle$Holder.invokeVirtual(java.lang.Object, java.lang.Object, int, java.lang.Object)'> (0x000000008e9e4498) thrown at [./src/hotspot/share/interpreter/linkResolver.cpp, line 773]
Event: 11.347 Thread 0x000001b78126b800 Exception <a 'java/lang/NoSuchMethodError'{0x000000008f2dcdd8}: 'java.lang.Object java.lang.invoke.DirectMethodHandle$Holder.invokeVirtual(java.lang.Object, java.lang.Object, int, java.lang.Object)'> (0x000000008f2dcdd8) thrown at [./src/hotspot/share/interpreter/linkResolver.cpp, line 773]
Event: 11.374 Thread 0x000001b78126b800 Exception <a 'java/lang/NoSuchMethodError'{0x000000008dea1620}: 'void java.lang.invoke.DirectMethodHandle$Holder.invokeVirtual(java.lang.Object, java.lang.Object, int, java.lang.Object)'> (0x000000008dea1620) thrown at [./src/hotspot/share/interpreter/linkResolver.cpp, line 773]
Event: 11.384 Thread 0x000001b78126b800 Exception <a 'java/lang/IncompatibleClassChangeError'{0x000000008db50e30}: Found class java.lang.Object, but interface was expected> (0x000000008db50e30) thrown at [./src/hotspot/share/interpreter/linkResolver.cpp, line 839]
Event: 11.385 Thread 0x000001b78126b800 Exception <a 'java/lang/IncompatibleClassChangeError'{0x000000008db5b870}: Found class java.lang.Object, but interface was expected> (0x000000008db5b870) thrown at [./src/hotspot/share/interpreter/linkResolver.cpp, line 839]
Event: 11.522 Thread 0x000001b78126b800 Exception <a 'java/lang/NoSuchMethodError'{0x000000009103afc8}: 'int java.lang.invoke.DirectMethodHandle$Holder.invokeSpecial(java.lang.Object, java.lang.Object, java.lang.Object, int, java.lang.Object)'> (0x000000009103afc8) thrown at [./src/hotspot/share/interpreter/linkResolver.cpp, line 773]
Event: 11.544 Thread 0x000001b78126b800 Exception <a 'java/lang/NoSuchMethodError'{0x00000000901540d0}: 'java.lang.Object java.lang.invoke.DirectMethodHandle$Holder.newInvokeSpecial(java.lang.Object, int)'> (0x00000000901540d0) thrown at [./src/hotspot/share/interpreter/linkResolver.cpp, line 773]
Event: 11.727 Thread 0x000001b78126d800 Exception <a 'java/lang/NoSuchMethodError'{0x000000008faf3860}: 'java.lang.Object java.lang.invoke.DirectMethodHandle$Holder.invokeInterface(java.lang.Object, java.lang.Object, int)'> (0x000000008faf3860) thrown at [./src/hotspot/share/interpreter/linkResolver.cpp, line 773]
Event: 11.847 Thread 0x000001b781269800 Exception <a 'java/lang/NoSuchMethodError'{0x000000008f0048f0}: 'int java.lang.invoke.DirectMethodHandle$Holder.invokeInterface(java.lang.Object, java.lang.Object, int)'> (0x000000008f0048f0) thrown at [./src/hotspot/share/interpreter/linkResolver.cpp, line 773]
Event: 16.396 Thread 0x000001b781269800 Implicit null exception at 0x000001b7ee643950 to 0x000001b7ee644928

Events (20 events):
Event: 13.792 loading class com/android/tools/r8/code/J0
Event: 13.792 loading class com/android/tools/r8/code/J0 done
Event: 13.829 loading class com/android/tools/r8/origin/Origin
Event: 13.829 loading class com/android/tools/r8/origin/Origin done
Event: 13.829 loading class com/android/tools/r8/origin/Origin
Event: 13.829 loading class com/android/tools/r8/origin/Origin done
Event: 14.091 Executing VM operation: G1CollectForAllocation
Event: 14.158 Executing VM operation: G1CollectForAllocation done
Event: 16.481 loading class com/android/tools/r8/code/U3
Event: 16.481 loading class com/android/tools/r8/code/U3 done
Event: 16.484 loading class com/android/tools/r8/code/X3
Event: 16.484 loading class com/android/tools/r8/code/X3 done
Event: 16.487 loading class com/android/tools/r8/code/W3
Event: 16.487 loading class com/android/tools/r8/code/W3 done
Event: 16.489 loading class com/android/tools/r8/code/Y3
Event: 16.489 loading class com/android/tools/r8/code/Y3 done
Event: 16.491 loading class com/android/tools/r8/code/V3
Event: 16.491 loading class com/android/tools/r8/code/V3 done
Event: 16.534 Executing VM operation: G1CollectForAllocation
Event: 16.604 Executing VM operation: G1CollectForAllocation done


Dynamic libraries:
0x00007ff6df1b0000 - 0x00007ff6df1ba000 	C:\Users\Administrator\Desktop\ThisPC\android-studio-2021.1.1.1-windows\android-studio\jre\bin\java.exe
0x00007ffab9230000 - 0x00007ffab9424000 	C:\Windows\SYSTEM32\ntdll.dll
0x00007ffab7a00000 - 0x00007ffab7abd000 	C:\Windows\System32\KERNEL32.DLL
0x00007ffab6b40000 - 0x00007ffab6e07000 	C:\Windows\System32\KERNELBASE.dll
0x00007ffab6e10000 - 0x00007ffab6f10000 	C:\Windows\System32\ucrtbase.dll
0x00007ffa9cf50000 - 0x00007ffa9cf69000 	C:\Users\Administrator\Desktop\ThisPC\android-studio-2021.1.1.1-windows\android-studio\jre\bin\jli.dll
0x00007ffa8dfb0000 - 0x00007ffa8dfc7000 	C:\Users\Administrator\Desktop\ThisPC\android-studio-2021.1.1.1-windows\android-studio\jre\bin\VCRUNTIME140.dll
0x00007ffab8b00000 - 0x00007ffab8ca0000 	C:\Windows\System32\USER32.dll
0x00007ffab7030000 - 0x00007ffab7052000 	C:\Windows\System32\win32u.dll
0x00007ffab7970000 - 0x00007ffab799a000 	C:\Windows\System32\GDI32.dll
0x00007ffaa59a0000 - 0x00007ffaa5c3a000 	C:\Windows\WinSxS\amd64_microsoft.windows.common-controls_6595b64144ccf1df_6.0.19041.1_none_b555e41d4684ddec\COMCTL32.dll
0x00007ffab69e0000 - 0x00007ffab6ae9000 	C:\Windows\System32\gdi32full.dll
0x00007ffab88c0000 - 0x00007ffab895e000 	C:\Windows\System32\msvcrt.dll
0x00007ffab6f10000 - 0x00007ffab6fad000 	C:\Windows\System32\msvcp_win.dll
0x00007ffab7ad0000 - 0x00007ffab7b00000 	C:\Windows\System32\IMM32.DLL
0x00007ffa8b810000 - 0x00007ffa8b8ad000 	C:\Users\Administrator\Desktop\ThisPC\android-studio-2021.1.1.1-windows\android-studio\jre\bin\msvcp140.dll
0x00007ffa7e400000 - 0x00007ffa7eecf000 	C:\Users\Administrator\Desktop\ThisPC\android-studio-2021.1.1.1-windows\android-studio\jre\bin\server\jvm.dll
0x00007ffab8ca0000 - 0x00007ffab8d4a000 	C:\Windows\System32\ADVAPI32.dll
0x00007ffab7850000 - 0x00007ffab78eb000 	C:\Windows\System32\sechost.dll
0x00007ffab72b0000 - 0x00007ffab73d3000 	C:\Windows\System32\RPCRT4.dll
0x00007ffab8d50000 - 0x00007ffab8d58000 	C:\Windows\System32\PSAPI.DLL
0x00007ffaadeb0000 - 0x00007ffaadeb9000 	C:\Windows\SYSTEM32\WSOCK32.dll
0x00007ffaa9b40000 - 0x00007ffaa9b67000 	C:\Windows\SYSTEM32\WINMM.dll
0x00007ffab8a90000 - 0x00007ffab8afb000 	C:\Windows\System32\WS2_32.dll
0x00007ffaabbb0000 - 0x00007ffaabbba000 	C:\Windows\SYSTEM32\VERSION.dll
0x00007ffab4af0000 - 0x00007ffab4b03000 	C:\Windows\SYSTEM32\kernel.appcore.dll
0x00007ffab0130000 - 0x00007ffab0141000 	C:\Users\Administrator\Desktop\ThisPC\android-studio-2021.1.1.1-windows\android-studio\jre\bin\verify.dll
0x00007ffab16f0000 - 0x00007ffab18d4000 	C:\Windows\SYSTEM32\DBGHELP.DLL
0x00007ffaa6ba0000 - 0x00007ffaa6bcc000 	C:\Windows\SYSTEM32\dbgcore.DLL
0x00007ffab6fb0000 - 0x00007ffab702f000 	C:\Windows\System32\bcryptPrimitives.dll
0x00007ffaa06d0000 - 0x00007ffaa06f9000 	C:\Users\Administrator\Desktop\ThisPC\android-studio-2021.1.1.1-windows\android-studio\jre\bin\java.dll
0x00007ffab02e0000 - 0x00007ffab02eb000 	C:\Users\Administrator\Desktop\ThisPC\android-studio-2021.1.1.1-windows\android-studio\jre\bin\jimage.dll
0x00007ffab0110000 - 0x00007ffab0128000 	C:\Users\Administrator\Desktop\ThisPC\android-studio-2021.1.1.1-windows\android-studio\jre\bin\zip.dll
0x00007ffab7e60000 - 0x00007ffab8591000 	C:\Windows\System32\SHELL32.dll
0x00007ffab4b10000 - 0x00007ffab529a000 	C:\Windows\SYSTEM32\windows.storage.dll
0x00007ffab7b00000 - 0x00007ffab7e54000 	C:\Windows\System32\combase.dll
0x00007ffab6330000 - 0x00007ffab635b000 	C:\Windows\SYSTEM32\Wldp.dll
0x00007ffab75c0000 - 0x00007ffab766e000 	C:\Windows\System32\SHCORE.dll
0x00007ffab79a0000 - 0x00007ffab79f5000 	C:\Windows\System32\shlwapi.dll
0x00007ffab68c0000 - 0x00007ffab68df000 	C:\Windows\SYSTEM32\profapi.dll
0x00007ffaa8690000 - 0x00007ffaa86aa000 	C:\Users\Administrator\Desktop\ThisPC\android-studio-2021.1.1.1-windows\android-studio\jre\bin\net.dll
0x00007ffaae3d0000 - 0x00007ffaae4d0000 	C:\Windows\SYSTEM32\WINHTTP.dll
0x00007ffab60b0000 - 0x00007ffab611a000 	C:\Windows\system32\mswsock.dll
0x00007ffaa5370000 - 0x00007ffaa5384000 	C:\Users\Administrator\Desktop\ThisPC\android-studio-2021.1.1.1-windows\android-studio\jre\bin\nio.dll
0x00007ffa8c570000 - 0x00007ffa8c597000 	C:\Users\Administrator\.gradle\native\49d0259a56938c7f99b2704e745ce422c4f750a7a20b539a32ccef96729676b1\windows-amd64\native-platform.dll
0x00007ffa85200000 - 0x00007ffa85396000 	C:\Users\Administrator\.gradle\native\12488b8bf47d2d4c9fbf2f6322a914ad602e24e48041cd04a747c6da556b65c4\windows-amd64\native-platform-file-events.dll
0x00007ffaadc80000 - 0x00007ffaadc8a000 	C:\Users\Administrator\Desktop\ThisPC\android-studio-2021.1.1.1-windows\android-studio\jre\bin\management.dll
0x00007ffaacb60000 - 0x00007ffaacb6c000 	C:\Users\Administrator\Desktop\ThisPC\android-studio-2021.1.1.1-windows\android-studio\jre\bin\management_ext.dll
0x00007ffab6280000 - 0x00007ffab6298000 	C:\Windows\SYSTEM32\CRYPTSP.dll
0x00007ffab5a40000 - 0x00007ffab5a74000 	C:\Windows\system32\rsaenh.dll
0x00007ffab7060000 - 0x00007ffab7087000 	C:\Windows\System32\bcrypt.dll
0x00007ffab6840000 - 0x00007ffab686e000 	C:\Windows\SYSTEM32\USERENV.dll
0x00007ffab62a0000 - 0x00007ffab62ac000 	C:\Windows\SYSTEM32\CRYPTBASE.dll
0x00007ffab5da0000 - 0x00007ffab5ddb000 	C:\Windows\SYSTEM32\IPHLPAPI.DLL
0x00007ffab72a0000 - 0x00007ffab72a9000 	C:\Windows\System32\NSI.dll
0x00007ffaac330000 - 0x00007ffaac347000 	C:\Windows\SYSTEM32\dhcpcsvc6.DLL
0x00007ffaac2f0000 - 0x00007ffaac30d000 	C:\Windows\SYSTEM32\dhcpcsvc.DLL
0x00007ffab5e30000 - 0x00007ffab5efa000 	C:\Windows\SYSTEM32\DNSAPI.dll

dbghelp: loaded successfully - version: 4.0.5 - missing functions: none
symbol engine: initialized successfully - sym options: 0x614 - pdb path: .;C:\Users\Administrator\Desktop\ThisPC\android-studio-2021.1.1.1-windows\android-studio\jre\bin;C:\Windows\SYSTEM32;C:\Windows\WinSxS\amd64_microsoft.windows.common-controls_6595b64144ccf1df_6.0.19041.1_none_b555e41d4684ddec;C:\Users\Administrator\Desktop\ThisPC\android-studio-2021.1.1.1-windows\android-studio\jre\bin\server;C:\Users\Administrator\.gradle\native\49d0259a56938c7f99b2704e745ce422c4f750a7a20b539a32ccef96729676b1\windows-amd64;C:\Users\Administrator\.gradle\native\12488b8bf47d2d4c9fbf2f6322a914ad602e24e48041cd04a747c6da556b65c4\windows-amd64

VM Arguments:
jvm_args: --add-opens=java.base/java.util=ALL-UNNAMED --add-opens=java.base/java.lang=ALL-UNNAMED --add-opens=java.base/java.lang.invoke=ALL-UNNAMED --add-opens=java.base/java.util=ALL-UNNAMED --add-opens=java.prefs/java.util.prefs=ALL-UNNAMED --add-opens=java.prefs/java.util.prefs=ALL-UNNAMED --add-opens=java.base/java.nio.charset=ALL-UNNAMED --add-opens=java.base/java.net=ALL-UNNAMED --add-opens=java.base/java.util.concurrent.atomic=ALL-UNNAMED -Xmx2048m -Dfile.encoding=UTF-8 -Duser.country=IN -Duser.language=en -Duser.variant 
java_command: org.gradle.launcher.daemon.bootstrap.GradleDaemon 7.0
java_class_path (initial): C:\Users\Administrator\.gradle\wrapper\dists\gradle-7.0-bin\2p9ebqfz6ilrfozi676ogco7n\gradle-7.0\lib\gradle-launcher-7.0.jar
Launcher Type: SUN_STANDARD

[Global flags]
     intx CICompilerCount                          = 4                                         {product} {ergonomic}
     uint ConcGCThreads                            = 2                                         {product} {ergonomic}
     uint G1ConcRefinementThreads                  = 8                                         {product} {ergonomic}
   size_t G1HeapRegionSize                         = 1048576                                   {product} {ergonomic}
    uintx GCDrainStackTargetSize                   = 64                                        {product} {ergonomic}
   size_t InitialHeapSize                          = 134217728                                 {product} {ergonomic}
   size_t MarkStackSize                            = 4194304                                   {product} {ergonomic}
   size_t MaxHeapSize                              = 2147483648                                {product} {command line}
   size_t MaxNewSize                               = 1287651328                                {product} {ergonomic}
   size_t MinHeapDeltaBytes                        = 1048576                                   {product} {ergonomic}
    uintx NonNMethodCodeHeapSize                   = 5836300                                {pd product} {ergonomic}
    uintx NonProfiledCodeHeapSize                  = 122910970                              {pd product} {ergonomic}
    uintx ProfiledCodeHeapSize                     = 122910970                              {pd product} {ergonomic}
    uintx ReservedCodeCacheSize                    = 251658240                              {pd product} {ergonomic}
     bool SegmentedCodeCache                       = true                                      {product} {ergonomic}
     bool UseCompressedClassPointers               = true                                 {lp64_product} {ergonomic}
     bool UseCompressedOops                        = true                                 {lp64_product} {ergonomic}
     bool UseG1GC                                  = true                                      {product} {ergonomic}
     bool UseLargePagesIndividualAllocation        = false                                  {pd product} {ergonomic}

Logging:
Log output configuration:
 #0: stdout all=warning uptime,level,tags
 #1: stderr all=off uptime,level,tags

Environment Variables:
JAVA_HOME=C:\Program Files\Android\Android Studio\jre
PATH=C:\Program Files\Common Files\Oracle\Java\javapath;C:\MinGW\mingw64\bin;C:\Windows\system32;C:\Windows;C:\Windows\System32\Wbem;C:\Windows\System32\WindowsPowerShell\v1.0\;C:\Windows\System32\OpenSSH\;E:\Flutter\bin;C:\Program Files\nodejs\;C:\Program Files\Git\cmd;C:\Program Files\Amazon\AWSCLIV2\;C:\Program Files (x86)\Yarn\bin\;C:\Program Files\PostgreSQL\12\bin;C:\Program Files\dotnet\;C:\Users\Administrator\Downloads\cmder_mini\bin;C:\Users\Administrator\Downloads\cmder_mini\Cmder.exe;C:\Program Files\Sublime Text 3;C:\Program Files\MongoDB\Server\4.0\bin;C:\Program Files\MySQL\MySQL Server 8.0\bin;C:\Program Files\MySQL\MySQL Shell 8.0\bin;C:\Program Files\Git\usr\bin;C:\Users\Administrator\Downloads\chromedriver_win32;C:\Users\Administrator\Downloads\chromedriver_win32\chromedriver.exe;C:\Users\Administrator\Downloads\geckodriver-v0.29.1-win64;C:\Users\Administrator\Downloads\ffmpeg-N-102462-gf8d910e90f-win64-gpl-shared\bin;C:\Users\Administrator\AppData\Local\Programs\Python\Python39\Scripts\;C:\Users\Administrator\AppData\Local\Programs\Python\Python39\;C:\Users\Administrator\AppData\Local\Microsoft\WindowsApps;C:\Users\Administrator\AppData\Local\Programs\Microsoft VS Code\bin;C:\Program Files\heroku\bin;C:\Users\Administrator\Downloads\ffmpeg-N-102462-gf8d910e90f-win64-gpl-shared\binC:\Users\Administrator\Downloads\ffmpeg-N-102462-gf8d910e90f-win64-gpl-shared\bin
USERNAME=Administrator
OS=Windows_NT
PROCESSOR_IDENTIFIER=Intel64 Family 6 Model 142 Stepping 10, GenuineIntel



---------------  S Y S T E M  ---------------

OS: Windows 10 , 64 bit Build 19041 (10.0.19041.207)
OS uptime: 0 days 23:21 hours

CPU:total 8 (initial active 8) (4 cores per cpu, 2 threads per core) family 6 model 142 stepping 10 microcode 0xb4, cmov, cx8, fxsr, mmx, sse, sse2, sse3, ssse3, sse4.1, sse4.2, popcnt, avx, avx2, aes, clmul, erms, 3dnowpref, lzcnt, ht, tsc, tscinvbit, bmi1, bmi2, adx, fma

Memory: 4k page, system-wide physical 8067M (1132M free)
TotalPageFile size 8067M (AvailPageFile size 2M)
current process WorkingSet (physical memory assigned to process): 756M, peak: 756M
current process commit charge ("private bytes"): 837M, peak: 837M

vm_info: OpenJDK 64-Bit Server VM (11.0.10+0-b96-7249189) for windows-amd64 JRE (11.0.10+0-b96-7249189), built on Mar 31 2021 21:44:00 by "builder" with MS VC++ 14.0 (VS2015)

END.
