#
# There is insufficient memory for the Java Runtime Environment to continue.
# Native memory allocation (mmap) failed to map 118489088 bytes for Failed to commit area from 0x0000000095900000 to 0x000000009ca00000 of length 118489088.
# Possible reasons:
#   The system is out of physical RAM or swap space
#   The process is running with CompressedOops enabled, and the Java Heap may be blocking the growth of the native heap
# Possible solutions:
#   Reduce memory load on the system
#   Increase physical memory or swap space
#   Check if swap backing store is full
#   Decrease Java heap size (-Xmx/-Xms)
#   Decrease number of Java threads
#   Decrease Java thread stack sizes (-Xss)
#   Set larger code cache with -XX:ReservedCodeCacheSize=
#   JVM is running with Unscaled Compressed Oops mode in which the Java heap is
#     placed in the first 4GB address space. The Java Heap base address is the
#     maximum limit for the native heap growth. Please use -XX:HeapBaseMinAddress
#     to set the Java Heap base and to place the Java Heap above 4GB virtual address.
# This output file may be truncated or incomplete.
#
#  Out of Memory Error (./src/hotspot/os/windows/os_windows.cpp:3301), pid=12400, tid=10652
#
# JRE version: OpenJDK Runtime Environment (11.0.10) (build 11.0.10+0-b96-7249189)
# Java VM: OpenJDK 64-Bit Server VM (11.0.10+0-b96-7249189, mixed mode, tiered, compressed oops, g1 gc, windows-amd64)
# No core dump will be written. Minidumps are not enabled by default on client versions of Windows
#

---------------  S U M M A R Y ------------

Command Line: --add-opens=java.base/java.util=ALL-UNNAMED --add-opens=java.base/java.lang=ALL-UNNAMED --add-opens=java.base/java.lang.invoke=ALL-UNNAMED --add-opens=java.base/java.util=ALL-UNNAMED --add-opens=java.prefs/java.util.prefs=ALL-UNNAMED --add-opens=java.prefs/java.util.prefs=ALL-UNNAMED --add-opens=java.base/java.nio.charset=ALL-UNNAMED --add-opens=java.base/java.net=ALL-UNNAMED --add-opens=java.base/java.util.concurrent.atomic=ALL-UNNAMED -Xmx2048m -Dfile.encoding=UTF-8 -Duser.country=IN -Duser.language=en -Duser.variant org.gradle.launcher.daemon.bootstrap.GradleDaemon 7.0

Host: Intel(R) Core(TM) i5-8250U CPU @ 1.60GHz, 8 cores, 7G,  Windows 10 , 64 bit Build 19041 (10.0.19041.207)
Time: Sat May 29 21:18:58 2021 India Standard Time elapsed time: 19.400266 seconds (0d 0h 0m 19s)

---------------  T H R E A D  ---------------

Current thread (0x000001843d971000):  VMThread "VM Thread" [stack: 0x00000065f3b00000,0x00000065f3c00000] [id=10652]

Stack: [0x00000065f3b00000,0x00000065f3c00000]
[error occurred during error reporting (printing stack bounds), id 0xc0000005, EXCEPTION_ACCESS_VIOLATION (0xc0000005) at pc=0x0000018426820f2d]

Native frames: (J=compiled Java code, j=interpreted, Vv=VM code, C=native code)
V  [jvm.dll+0x5ecfaa]
V  [jvm.dll+0x722bd5]
V  [jvm.dll+0x72412d]
V  [jvm.dll+0x724745]
V  [jvm.dll+0x7246fb]
V  [jvm.dll+0x5ec348]
V  [jvm.dll+0x5ecad8]
C  [ntdll.dll+0xa00ef]
C  [ntdll.dll+0x4b474]
C  [ntdll.dll+0x9ec1e]
C  0x0000018426820f2d

VM_Operation (0x00000065f6ef8ac0): G1CollectForAllocation, mode: safepoint, requested by thread 0x00000184423fe000


---------------  P R O C E S S  ---------------

Threads class SMR info:
_java_thread_list=0x0000018448d355e0, length=61, elements={
0x0000018422d5a800, 0x000001843d974800, 0x000001843d97e000, 0x000001843d98b000,
0x000001843d98c800, 0x000001843d990000, 0x000001843d995000, 0x000001843d99a800,
0x000001843d99f800, 0x000001843e47b000, 0x000001843fe55000, 0x000001843e95a800,
0x000001843f629000, 0x000001843fb12800, 0x000001843e576000, 0x0000018440dca000,
0x000001843f335000, 0x000001843f69d000, 0x0000018440720800, 0x0000018440d2f800,
0x0000018440d2e800, 0x0000018440d2a000, 0x0000018440d2d000, 0x000001843f0e2800,
0x0000018440d2e000, 0x0000018440d2c000, 0x0000018440d2a800, 0x0000018440d2b800,
0x0000018440d30800, 0x0000018441c08800, 0x00000184423f4000, 0x00000184423f3800,
0x00000184423f5000, 0x00000184423f6800, 0x00000184423f7800, 0x00000184423f8000,
0x00000184423f2800, 0x00000184423fa000, 0x00000184423fa800, 0x00000184423fc800,
0x00000184423fd000, 0x00000184423fb800, 0x00000184423fe000, 0x00000184423ff000,
0x00000184423f9000, 0x00000184423ff800, 0x0000018442400800, 0x000001843f4a3800,
0x000001843f4a5800, 0x000001843f4a6000, 0x000001843f4a2000, 0x000001843f4a7000,
0x000001843f4a7800, 0x000001843f4a4800, 0x000001843f4ac000, 0x000001843f4ac800,
0x000001843f4aa000, 0x000001843f4ab000, 0x000001843f4ad800, 0x000001843f4ae800,
0x000001843f4a8800
}

Java Threads: ( => current thread )
  0x0000018422d5a800 JavaThread "main" [_thread_blocked, id=12392, stack(0x00000065f3500000,0x00000065f3600000)]
  0x000001843d974800 JavaThread "Reference Handler" daemon [_thread_blocked, id=10464, stack(0x00000065f3c00000,0x00000065f3d00000)]
  0x000001843d97e000 JavaThread "Finalizer" daemon [_thread_blocked, id=6436, stack(0x00000065f3d00000,0x00000065f3e00000)]
  0x000001843d98b000 JavaThread "Signal Dispatcher" daemon [_thread_blocked, id=9228, stack(0x00000065f3e00000,0x00000065f3f00000)]
  0x000001843d98c800 JavaThread "Attach Listener" daemon [_thread_blocked, id=4852, stack(0x00000065f3f00000,0x00000065f4000000)]
  0x000001843d990000 JavaThread "Service Thread" daemon [_thread_blocked, id=10224, stack(0x00000065f4000000,0x00000065f4100000)]
  0x000001843d995000 JavaThread "C2 CompilerThread0" daemon [_thread_in_native, id=13136, stack(0x00000065f4100000,0x00000065f4200000)]
  0x000001843d99a800 JavaThread "C1 CompilerThread0" daemon [_thread_blocked, id=9544, stack(0x00000065f4200000,0x00000065f4300000)]
  0x000001843d99f800 JavaThread "Sweeper thread" daemon [_thread_blocked, id=4228, stack(0x00000065f4300000,0x00000065f4400000)]
  0x000001843e47b000 JavaThread "Common-Cleaner" daemon [_thread_blocked, id=2536, stack(0x00000065f4400000,0x00000065f4500000)]
  0x000001843fe55000 JavaThread "Daemon health stats" [_thread_blocked, id=5564, stack(0x00000065f4a00000,0x00000065f4b00000)]
  0x000001843e95a800 JavaThread "Incoming local TCP Connector on port 58812" [_thread_in_native, id=10548, stack(0x00000065f4600000,0x00000065f4700000)]
  0x000001843f629000 JavaThread "Daemon periodic checks" [_thread_blocked, id=10448, stack(0x00000065f4700000,0x00000065f4800000)]
  0x000001843fb12800 JavaThread "Daemon" [_thread_blocked, id=12604, stack(0x00000065f4b00000,0x00000065f4c00000)]
  0x000001843e576000 JavaThread "Handler for socket connection from /127.0.0.1:58812 to /127.0.0.1:58813" [_thread_in_native, id=10964, stack(0x00000065f4c00000,0x00000065f4d00000)]
  0x0000018440dca000 JavaThread "Cancel handler" [_thread_blocked, id=10836, stack(0x00000065f4d00000,0x00000065f4e00000)]
  0x000001843f335000 JavaThread "Daemon worker" [_thread_blocked, id=8612, stack(0x00000065f4e00000,0x00000065f4f00000)]
  0x000001843f69d000 JavaThread "Asynchronous log dispatcher for DefaultDaemonConnection: socket connection from /127.0.0.1:58812 to /127.0.0.1:58813" [_thread_blocked, id=12432, stack(0x00000065f4f00000,0x00000065f5000000)]
  0x0000018440720800 JavaThread "Stdin handler" [_thread_blocked, id=11436, stack(0x00000065f5000000,0x00000065f5100000)]
  0x0000018440d2f800 JavaThread "Daemon client event forwarder" [_thread_blocked, id=12084, stack(0x00000065f5100000,0x00000065f5200000)]
  0x0000018440d2e800 JavaThread "Cache worker for file hash cache (C:\Users\Administrator\.gradle\caches\7.0\fileHashes)" [_thread_blocked, id=6204, stack(0x00000065f5700000,0x00000065f5800000)]
  0x0000018440d2a000 JavaThread "File lock request listener" [_thread_in_native, id=9588, stack(0x00000065f5800000,0x00000065f5900000)]
  0x0000018440d2d000 JavaThread "Cache worker for journal cache (C:\Users\Administrator\.gradle\caches\journal-1)" [_thread_blocked, id=5972, stack(0x00000065f5a00000,0x00000065f5b00000)]
  0x000001843f0e2800 JavaThread "C2 CompilerThread1" daemon [_thread_in_native, id=7208, stack(0x00000065f5b00000,0x00000065f5c00000)]
  0x0000018440d2e000 JavaThread "Cache worker for file hash cache (E:\Focusly\.gradle\7.0\fileHashes)" [_thread_blocked, id=12580, stack(0x00000065f5c00000,0x00000065f5d00000)]
  0x0000018440d2c000 JavaThread "File watcher server" daemon [_thread_blocked, id=6796, stack(0x00000065f5d00000,0x00000065f5e00000)]
  0x0000018440d2a800 JavaThread "File watcher consumer" daemon [_thread_blocked, id=12572, stack(0x00000065f5e00000,0x00000065f5f00000)]
  0x0000018440d2b800 JavaThread "Cache worker for checksums cache (E:\Focusly\.gradle\checksums)" [_thread_blocked, id=11388, stack(0x00000065f5f00000,0x00000065f6000000)]
  0x0000018440d30800 JavaThread "Cache worker for cache directory md-supplier (C:\Users\Administrator\.gradle\caches\7.0\md-supplier)" [_thread_blocked, id=8400, stack(0x00000065f6000000,0x00000065f6100000)]
  0x0000018441c08800 JavaThread "C2 CompilerThread2" daemon [_thread_in_native, id=9552, stack(0x00000065f6100000,0x00000065f6200000)]
  0x00000184423f4000 JavaThread "Cache worker for cache directory md-rule (C:\Users\Administrator\.gradle\caches\7.0\md-rule)" [_thread_blocked, id=14264, stack(0x00000065f6200000,0x00000065f6300000)]
  0x00000184423f3800 JavaThread "Cache worker for execution history cache (C:\Users\Administrator\.gradle\caches\7.0\executionHistory)" [_thread_blocked, id=11372, stack(0x00000065f6300000,0x00000065f6400000)]
  0x00000184423f5000 JavaThread "jar transforms" [_thread_blocked, id=888, stack(0x00000065f6400000,0x00000065f6500000)]
  0x00000184423f6800 JavaThread "jar transforms Thread 2" [_thread_blocked, id=10584, stack(0x00000065f6500000,0x00000065f6600000)]
  0x00000184423f7800 JavaThread "Cache worker for file content cache (C:\Users\Administrator\.gradle\caches\7.0\fileContent)" [_thread_blocked, id=2560, stack(0x00000065f6600000,0x00000065f6700000)]
  0x00000184423f8000 JavaThread "Cache worker for dependencies-accessors (E:\Focusly\.gradle\7.0\dependencies-accessors)" [_thread_blocked, id=3536, stack(0x00000065f6700000,0x00000065f6800000)]
  0x00000184423f2800 JavaThread "jar transforms Thread 3" [_thread_blocked, id=11528, stack(0x00000065f6800000,0x00000065f6900000)]
  0x00000184423fa000 JavaThread "Cache worker for Build Output Cleanup Cache (E:\Focusly\.gradle\buildOutputCleanup)" [_thread_blocked, id=11484, stack(0x00000065f6900000,0x00000065f6a00000)]
  0x00000184423fa800 JavaThread "Build operations" [_thread_blocked, id=2508, stack(0x00000065f6a00000,0x00000065f6b00000)]
  0x00000184423fc800 JavaThread "Build operations Thread 2" [_thread_blocked, id=12228, stack(0x00000065f6b00000,0x00000065f6c00000)]
  0x00000184423fd000 JavaThread "Build operations Thread 3" [_thread_blocked, id=13072, stack(0x00000065f6c00000,0x00000065f6d00000)]
  0x00000184423fb800 JavaThread "Build operations Thread 4" [_thread_blocked, id=3076, stack(0x00000065f6d00000,0x00000065f6e00000)]
  0x00000184423fe000 JavaThread "Build operations Thread 5" [_thread_blocked, id=2156, stack(0x00000065f6e00000,0x00000065f6f00000)]
  0x00000184423ff000 JavaThread "Build operations Thread 6" [_thread_blocked, id=11544, stack(0x00000065f6f00000,0x00000065f7000000)]
  0x00000184423f9000 JavaThread "Build operations Thread 7" [_thread_blocked, id=13988, stack(0x00000065f7000000,0x00000065f7100000)]
  0x00000184423ff800 JavaThread "Build operations Thread 8" [_thread_blocked, id=7660, stack(0x00000065f7100000,0x00000065f7200000)]
  0x0000018442400800 JavaThread "jar transforms Thread 4" [_thread_blocked, id=4284, stack(0x00000065f7200000,0x00000065f7300000)]
  0x000001843f4a3800 JavaThread "jar transforms Thread 5" [_thread_blocked, id=13676, stack(0x00000065f7300000,0x00000065f7400000)]
  0x000001843f4a5800 JavaThread "jar transforms Thread 6" [_thread_blocked, id=14292, stack(0x00000065f7400000,0x00000065f7500000)]
  0x000001843f4a6000 JavaThread "jar transforms Thread 7" [_thread_blocked, id=1276, stack(0x00000065f7500000,0x00000065f7600000)]
  0x000001843f4a2000 JavaThread "jar transforms Thread 8" [_thread_blocked, id=7064, stack(0x00000065f7600000,0x00000065f7700000)]
  0x000001843f4a7000 JavaThread "Memory manager" [_thread_blocked, id=10176, stack(0x00000065f7700000,0x00000065f7800000)]
  0x000001843f4a7800 JavaThread "build event listener" [_thread_blocked, id=12816, stack(0x00000065f7800000,0x00000065f7900000)]
  0x000001843f4a4800 JavaThread "Execution worker for ':'" [_thread_blocked, id=11656, stack(0x00000065f7900000,0x00000065f7a00000)]
  0x000001843f4ac000 JavaThread "Execution worker for ':' Thread 2" [_thread_blocked, id=11812, stack(0x00000065f7a00000,0x00000065f7b00000)]
  0x000001843f4ac800 JavaThread "Execution worker for ':' Thread 3" [_thread_blocked, id=11160, stack(0x00000065f7b00000,0x00000065f7c00000)]
  0x000001843f4aa000 JavaThread "Execution worker for ':' Thread 4" [_thread_blocked, id=1352, stack(0x00000065f7c00000,0x00000065f7d00000)]
  0x000001843f4ab000 JavaThread "Execution worker for ':' Thread 5" [_thread_blocked, id=12856, stack(0x00000065f7d00000,0x00000065f7e00000)]
  0x000001843f4ad800 JavaThread "Execution worker for ':' Thread 6" [_thread_blocked, id=11220, stack(0x00000065f7e00000,0x00000065f7f00000)]
  0x000001843f4ae800 JavaThread "Execution worker for ':' Thread 7" [_thread_blocked, id=11184, stack(0x00000065f7f00000,0x00000065f8000000)]
  0x000001843f4a8800 JavaThread "Cache worker for execution history cache (E:\Focusly\.gradle\7.0\executionHistory)" [_thread_blocked, id=13564, stack(0x00000065f8000000,0x00000065f8100000)]

Other Threads:
=>0x000001843d971000 VMThread "VM Thread" [stack: 0x00000065f3b00000,0x00000065f3c00000] [id=10652]
  0x000001843e482800 WatcherThread [stack: 0x00000065f4500000,0x00000065f4600000] [id=13836]
  0x0000018422d74000 GCTaskThread "GC Thread#0" [stack: 0x00000065f3600000,0x00000065f3700000] [id=5996]
  0x000001843f3b4000 GCTaskThread "GC Thread#1" [stack: 0x00000065f4800000,0x00000065f4900000] [id=9324]
  0x000001843ee6c000 GCTaskThread "GC Thread#2" [stack: 0x00000065f4900000,0x00000065f4a00000] [id=11260]
  0x0000018440301000 GCTaskThread "GC Thread#3" [stack: 0x00000065f5200000,0x00000065f5300000] [id=12944]
  0x0000018440868000 GCTaskThread "GC Thread#4" [stack: 0x00000065f5300000,0x00000065f5400000] [id=9320]
  0x0000018440d98800 GCTaskThread "GC Thread#5" [stack: 0x00000065f5400000,0x00000065f5500000] [id=2400]
  0x000001844056f800 GCTaskThread "GC Thread#6" [stack: 0x00000065f5500000,0x00000065f5600000] [id=6344]
  0x0000018440570000 GCTaskThread "GC Thread#7" [stack: 0x00000065f5600000,0x00000065f5700000] [id=4036]
  0x0000018422da9000 ConcurrentGCThread "G1 Main Marker" [stack: 0x00000065f3700000,0x00000065f3800000] [id=6628]
  0x0000018422dab000 ConcurrentGCThread "G1 Conc#0" [stack: 0x00000065f3800000,0x00000065f3900000] [id=12636]
  0x000001843f7c4800 ConcurrentGCThread "G1 Conc#1" [stack: 0x00000065f5900000,0x00000065f5a00000] [id=2428]
  0x000001843d7c0800 ConcurrentGCThread "G1 Refine#0" [stack: 0x00000065f3900000,0x00000065f3a00000] [id=13732]
  0x0000018422e3a000 ConcurrentGCThread "G1 Young RemSet Sampling" [stack: 0x00000065f3a00000,0x00000065f3b00000] [id=2800]

Threads with active compile tasks:
C2 CompilerThread0  19408 11064 %     4       com.android.tools.r8.internal.A8::a @ 3144 (6044 bytes)
C1 CompilerThread0  19408 15207       2       com.android.tools.r8.internal.Qh::a (57 bytes)
C2 CompilerThread1  19408 14452       4       com.android.tools.r8.internal.u6::a (1161 bytes)
C2 CompilerThread2  19408 13848 %     4       com.android.tools.r8.ir.regalloc.c::a @ 1258 (3985 bytes)

VM state:at safepoint (normal execution)

VM Mutex/Monitor currently owned by a thread:  ([mutex/lock_event])
[0x0000018422d571b0] Threads_lock - owner thread: 0x000001843d971000
[0x0000018422d56310] Heap_lock - owner thread: 0x00000184423fe000

Heap address: 0x0000000080000000, size: 2048 MB, Compressed Oops mode: 32-bit
Narrow klass base: 0x0000000000000000, Narrow klass shift: 3
Compressed class space size: 1073741824 Address: 0x0000000100000000

Heap:
 garbage-first heap   total 468992K, used 161781K [0x0000000080000000, 0x0000000100000000)
  region size 1024K, 11 young (11264K), 11 survivors (11264K)
 Metaspace       used 101453K, capacity 104058K, committed 104396K, reserved 1138688K
  class space    used 13198K, capacity 14197K, committed 14284K, reserved 1048576K
Heap Regions: E=young(eden), S=young(survivor), O=old, HS=humongous(starts), HC=humongous(continues), CS=collection set, F=free, A=archive, TAMS=top-at-mark-start (previous, next)
|   0|0x0000000080000000, 0x0000000080100000, 0x0000000080100000|100%| O|  |TAMS 0x0000000080100000, 0x0000000080000000| Untracked 
|   1|0x0000000080100000, 0x0000000080200000, 0x0000000080200000|100%| O|  |TAMS 0x0000000080200000, 0x0000000080100000| Untracked 
|   2|0x0000000080200000, 0x0000000080300000, 0x0000000080300000|100%| O|  |TAMS 0x0000000080300000, 0x0000000080200000| Untracked 
|   3|0x0000000080300000, 0x0000000080400000, 0x0000000080400000|100%|HS|  |TAMS 0x0000000080400000, 0x0000000080300000| Complete 
|   4|0x0000000080400000, 0x0000000080500000, 0x0000000080500000|100%|HC|  |TAMS 0x0000000080500000, 0x0000000080400000| Complete 
|   5|0x0000000080500000, 0x0000000080600000, 0x0000000080600000|100%|HC|  |TAMS 0x0000000080600000, 0x0000000080500000| Complete 
|   6|0x0000000080600000, 0x0000000080700000, 0x0000000080700000|100%| O|  |TAMS 0x0000000080700000, 0x0000000080600000| Untracked 
|   7|0x0000000080700000, 0x0000000080800000, 0x0000000080800000|100%| O|  |TAMS 0x0000000080800000, 0x0000000080700000| Untracked 
|   8|0x0000000080800000, 0x0000000080900000, 0x0000000080900000|100%| O|  |TAMS 0x0000000080900000, 0x0000000080800000| Untracked 
|   9|0x0000000080900000, 0x0000000080a00000, 0x0000000080a00000|100%| O|  |TAMS 0x0000000080a00000, 0x0000000080900000| Untracked 
|  10|0x0000000080a00000, 0x0000000080b00000, 0x0000000080b00000|100%| O|  |TAMS 0x0000000080b00000, 0x0000000080a00000| Untracked 
|  11|0x0000000080b00000, 0x0000000080c00000, 0x0000000080c00000|100%| O|  |TAMS 0x0000000080c00000, 0x0000000080b00000| Untracked 
|  12|0x0000000080c00000, 0x0000000080d00000, 0x0000000080d00000|100%| O|  |TAMS 0x0000000080d00000, 0x0000000080c00000| Untracked 
|  13|0x0000000080d00000, 0x0000000080e00000, 0x0000000080e00000|100%| O|  |TAMS 0x0000000080e00000, 0x0000000080d00000| Untracked 
|  14|0x0000000080e00000, 0x0000000080f00000, 0x0000000080f00000|100%| O|  |TAMS 0x0000000080f00000, 0x0000000080e00000| Untracked 
|  15|0x0000000080f00000, 0x0000000081000000, 0x0000000081000000|100%| O|  |TAMS 0x0000000081000000, 0x0000000080f00000| Untracked 
|  16|0x0000000081000000, 0x0000000081100000, 0x0000000081100000|100%|HS|  |TAMS 0x0000000081100000, 0x0000000081000000| Complete 
|  17|0x0000000081100000, 0x0000000081200000, 0x0000000081200000|100%| O|  |TAMS 0x0000000081200000, 0x0000000081100000| Untracked 
|  18|0x0000000081200000, 0x0000000081300000, 0x0000000081300000|100%| O|  |TAMS 0x0000000081300000, 0x0000000081200000| Untracked 
|  19|0x0000000081300000, 0x0000000081400000, 0x0000000081400000|100%| O|  |TAMS 0x0000000081400000, 0x0000000081300000| Untracked 
|  20|0x0000000081400000, 0x0000000081500000, 0x0000000081500000|100%| O|  |TAMS 0x0000000081500000, 0x0000000081400000| Untracked 
|  21|0x0000000081500000, 0x0000000081600000, 0x0000000081600000|100%| O|  |TAMS 0x0000000081600000, 0x0000000081500000| Untracked 
|  22|0x0000000081600000, 0x0000000081700000, 0x0000000081700000|100%| O|  |TAMS 0x0000000081700000, 0x0000000081600000| Untracked 
|  23|0x0000000081700000, 0x0000000081800000, 0x0000000081800000|100%| O|  |TAMS 0x0000000081800000, 0x0000000081700000| Untracked 
|  24|0x0000000081800000, 0x0000000081900000, 0x0000000081900000|100%| O|  |TAMS 0x0000000081900000, 0x0000000081800000| Untracked 
|  25|0x0000000081900000, 0x0000000081a00000, 0x0000000081a00000|100%| O|  |TAMS 0x0000000081a00000, 0x0000000081900000| Untracked 
|  26|0x0000000081a00000, 0x0000000081b00000, 0x0000000081b00000|100%| O|  |TAMS 0x0000000081b00000, 0x0000000081a00000| Untracked 
|  27|0x0000000081b00000, 0x0000000081c00000, 0x0000000081c00000|100%|HS|  |TAMS 0x0000000081c00000, 0x0000000081b00000| Complete 
|  28|0x0000000081c00000, 0x0000000081d00000, 0x0000000081d00000|100%|HS|  |TAMS 0x0000000081d00000, 0x0000000081c00000| Complete 
|  29|0x0000000081d00000, 0x0000000081e00000, 0x0000000081e00000|100%|HC|  |TAMS 0x0000000081e00000, 0x0000000081d00000| Complete 
|  30|0x0000000081e00000, 0x0000000081f00000, 0x0000000081f00000|100%|HC|  |TAMS 0x0000000081f00000, 0x0000000081e00000| Complete 
|  31|0x0000000081f00000, 0x0000000082000000, 0x0000000082000000|100%|HS|  |TAMS 0x0000000082000000, 0x0000000081f00000| Complete 
|  32|0x0000000082000000, 0x0000000082100000, 0x0000000082100000|100%|HC|  |TAMS 0x0000000082100000, 0x0000000082000000| Complete 
|  33|0x0000000082100000, 0x0000000082200000, 0x0000000082200000|100%| O|  |TAMS 0x0000000082200000, 0x0000000082100000| Untracked 
|  34|0x0000000082200000, 0x0000000082300000, 0x0000000082300000|100%| O|  |TAMS 0x0000000082300000, 0x0000000082200000| Untracked 
|  35|0x0000000082300000, 0x0000000082400000, 0x0000000082400000|100%| O|  |TAMS 0x0000000082400000, 0x0000000082300000| Untracked 
|  36|0x0000000082400000, 0x0000000082500000, 0x0000000082500000|100%| O|  |TAMS 0x0000000082500000, 0x0000000082400000| Untracked 
|  37|0x0000000082500000, 0x0000000082600000, 0x0000000082600000|100%| O|  |TAMS 0x0000000082600000, 0x0000000082500000| Untracked 
|  38|0x0000000082600000, 0x0000000082700000, 0x0000000082700000|100%| O|  |TAMS 0x0000000082700000, 0x0000000082600000| Untracked 
|  39|0x0000000082700000, 0x0000000082800000, 0x0000000082800000|100%| O|  |TAMS 0x0000000082800000, 0x0000000082700000| Untracked 
|  40|0x0000000082800000, 0x0000000082900000, 0x0000000082900000|100%| O|  |TAMS 0x0000000082900000, 0x0000000082800000| Untracked 
|  41|0x0000000082900000, 0x0000000082a00000, 0x0000000082a00000|100%| O|  |TAMS 0x0000000082a00000, 0x0000000082900000| Untracked 
|  42|0x0000000082a00000, 0x0000000082b00000, 0x0000000082b00000|100%| O|  |TAMS 0x0000000082b00000, 0x0000000082a00000| Untracked 
|  43|0x0000000082b00000, 0x0000000082c00000, 0x0000000082c00000|100%| O|  |TAMS 0x0000000082c00000, 0x0000000082b00000| Untracked 
|  44|0x0000000082c00000, 0x0000000082d00000, 0x0000000082d00000|100%| O|  |TAMS 0x0000000082d00000, 0x0000000082c00000| Untracked 
|  45|0x0000000082d00000, 0x0000000082e00000, 0x0000000082e00000|100%| O|  |TAMS 0x0000000082e00000, 0x0000000082d00000| Untracked 
|  46|0x0000000082e00000, 0x0000000082f00000, 0x0000000082f00000|100%| O|  |TAMS 0x0000000082f00000, 0x0000000082e00000| Untracked 
|  47|0x0000000082f00000, 0x0000000083000000, 0x0000000083000000|100%| O|  |TAMS 0x0000000083000000, 0x0000000082f00000| Untracked 
|  48|0x0000000083000000, 0x0000000083100000, 0x0000000083100000|100%| O|  |TAMS 0x0000000083100000, 0x0000000083000000| Untracked 
|  49|0x0000000083100000, 0x0000000083200000, 0x0000000083200000|100%| O|  |TAMS 0x0000000083200000, 0x0000000083100000| Untracked 
|  50|0x0000000083200000, 0x0000000083300000, 0x0000000083300000|100%| O|  |TAMS 0x0000000083300000, 0x0000000083200000| Untracked 
|  51|0x0000000083300000, 0x0000000083400000, 0x0000000083400000|100%| O|  |TAMS 0x0000000083400000, 0x0000000083300000| Untracked 
|  52|0x0000000083400000, 0x0000000083500000, 0x0000000083500000|100%| O|  |TAMS 0x0000000083500000, 0x0000000083400000| Untracked 
|  53|0x0000000083500000, 0x0000000083600000, 0x0000000083600000|100%| O|  |TAMS 0x0000000083600000, 0x0000000083500000| Untracked 
|  54|0x0000000083600000, 0x0000000083700000, 0x0000000083700000|100%| O|  |TAMS 0x0000000083700000, 0x0000000083600000| Untracked 
|  55|0x0000000083700000, 0x0000000083800000, 0x0000000083800000|100%| O|  |TAMS 0x0000000083800000, 0x0000000083700000| Untracked 
|  56|0x0000000083800000, 0x0000000083900000, 0x0000000083900000|100%| O|  |TAMS 0x0000000083900000, 0x0000000083800000| Untracked 
|  57|0x0000000083900000, 0x0000000083a00000, 0x0000000083a00000|100%| O|  |TAMS 0x0000000083a00000, 0x0000000083900000| Untracked 
|  58|0x0000000083a00000, 0x0000000083b00000, 0x0000000083b00000|100%| O|  |TAMS 0x0000000083b00000, 0x0000000083a00000| Untracked 
|  59|0x0000000083b00000, 0x0000000083c00000, 0x0000000083c00000|100%| O|  |TAMS 0x0000000083c00000, 0x0000000083b00000| Untracked 
|  60|0x0000000083c00000, 0x0000000083d00000, 0x0000000083d00000|100%| O|  |TAMS 0x0000000083d00000, 0x0000000083c00000| Untracked 
|  61|0x0000000083d00000, 0x0000000083e00000, 0x0000000083e00000|100%| O|  |TAMS 0x0000000083e00000, 0x0000000083d00000| Untracked 
|  62|0x0000000083e00000, 0x0000000083f00000, 0x0000000083f00000|100%| O|  |TAMS 0x0000000083f00000, 0x0000000083e00000| Untracked 
|  63|0x0000000083f00000, 0x0000000084000000, 0x0000000084000000|100%| O|  |TAMS 0x0000000084000000, 0x0000000083f00000| Untracked 
|  64|0x0000000084000000, 0x0000000084100000, 0x0000000084100000|100%| O|  |TAMS 0x0000000084100000, 0x0000000084000000| Untracked 
|  65|0x0000000084100000, 0x0000000084200000, 0x0000000084200000|100%| O|  |TAMS 0x0000000084200000, 0x0000000084100000| Untracked 
|  66|0x0000000084200000, 0x0000000084300000, 0x0000000084300000|100%| O|  |TAMS 0x0000000084300000, 0x0000000084200000| Untracked 
|  67|0x0000000084300000, 0x0000000084400000, 0x0000000084400000|100%| O|  |TAMS 0x0000000084400000, 0x0000000084300000| Untracked 
|  68|0x0000000084400000, 0x0000000084500000, 0x0000000084500000|100%| O|  |TAMS 0x0000000084500000, 0x0000000084400000| Untracked 
|  69|0x0000000084500000, 0x0000000084600000, 0x0000000084600000|100%| O|  |TAMS 0x0000000084600000, 0x0000000084500000| Untracked 
|  70|0x0000000084600000, 0x0000000084700000, 0x0000000084700000|100%| O|  |TAMS 0x0000000084700000, 0x0000000084600000| Untracked 
|  71|0x0000000084700000, 0x0000000084800000, 0x0000000084800000|100%| O|  |TAMS 0x0000000084800000, 0x0000000084700000| Untracked 
|  72|0x0000000084800000, 0x0000000084900000, 0x0000000084900000|100%| O|  |TAMS 0x0000000084900000, 0x0000000084800000| Untracked 
|  73|0x0000000084900000, 0x0000000084a00000, 0x0000000084a00000|100%| O|  |TAMS 0x0000000084a00000, 0x0000000084900000| Untracked 
|  74|0x0000000084a00000, 0x0000000084b00000, 0x0000000084b00000|100%| O|  |TAMS 0x0000000084b00000, 0x0000000084a00000| Untracked 
|  75|0x0000000084b00000, 0x0000000084c00000, 0x0000000084c00000|100%| O|  |TAMS 0x0000000084c00000, 0x0000000084b00000| Untracked 
|  76|0x0000000084c00000, 0x0000000084d00000, 0x0000000084d00000|100%| O|  |TAMS 0x0000000084d00000, 0x0000000084c00000| Untracked 
|  77|0x0000000084d00000, 0x0000000084e00000, 0x0000000084e00000|100%| O|  |TAMS 0x0000000084e00000, 0x0000000084d00000| Untracked 
|  78|0x0000000084e00000, 0x0000000084f00000, 0x0000000084f00000|100%| O|  |TAMS 0x0000000084f00000, 0x0000000084e00000| Untracked 
|  79|0x0000000084f00000, 0x0000000085000000, 0x0000000085000000|100%| O|  |TAMS 0x0000000085000000, 0x0000000084f00000| Untracked 
|  80|0x0000000085000000, 0x0000000085100000, 0x0000000085100000|100%| O|  |TAMS 0x0000000085100000, 0x0000000085000000| Untracked 
|  81|0x0000000085100000, 0x0000000085200000, 0x0000000085200000|100%| O|  |TAMS 0x0000000085200000, 0x0000000085100000| Untracked 
|  82|0x0000000085200000, 0x0000000085300000, 0x0000000085300000|100%| O|  |TAMS 0x0000000085300000, 0x0000000085200000| Untracked 
|  83|0x0000000085300000, 0x0000000085400000, 0x0000000085400000|100%| O|  |TAMS 0x0000000085400000, 0x0000000085300000| Untracked 
|  84|0x0000000085400000, 0x0000000085500000, 0x0000000085500000|100%| O|  |TAMS 0x0000000085500000, 0x0000000085400000| Untracked 
|  85|0x0000000085500000, 0x0000000085600000, 0x0000000085600000|100%| O|  |TAMS 0x0000000085600000, 0x0000000085500000| Untracked 
|  86|0x0000000085600000, 0x0000000085700000, 0x0000000085700000|100%| O|  |TAMS 0x0000000085700000, 0x0000000085600000| Untracked 
|  87|0x0000000085700000, 0x0000000085800000, 0x0000000085800000|100%| O|  |TAMS 0x0000000085800000, 0x0000000085700000| Untracked 
|  88|0x0000000085800000, 0x0000000085900000, 0x0000000085900000|100%| O|  |TAMS 0x0000000085900000, 0x0000000085800000| Untracked 
|  89|0x0000000085900000, 0x0000000085a00000, 0x0000000085a00000|100%| O|  |TAMS 0x0000000085a00000, 0x0000000085900000| Untracked 
|  90|0x0000000085a00000, 0x0000000085b00000, 0x0000000085b00000|100%| O|  |TAMS 0x0000000085b00000, 0x0000000085a00000| Untracked 
|  91|0x0000000085b00000, 0x0000000085c00000, 0x0000000085c00000|100%| O|  |TAMS 0x0000000085c00000, 0x0000000085b00000| Untracked 
|  92|0x0000000085c00000, 0x0000000085d00000, 0x0000000085d00000|100%| O|  |TAMS 0x0000000085d00000, 0x0000000085c00000| Untracked 
|  93|0x0000000085d00000, 0x0000000085e00000, 0x0000000085e00000|100%| O|  |TAMS 0x0000000085e00000, 0x0000000085d00000| Untracked 
|  94|0x0000000085e00000, 0x0000000085f00000, 0x0000000085f00000|100%| O|  |TAMS 0x0000000085f00000, 0x0000000085e00000| Untracked 
|  95|0x0000000085f00000, 0x0000000086000000, 0x0000000086000000|100%| O|  |TAMS 0x0000000086000000, 0x0000000085f00000| Untracked 
|  96|0x0000000086000000, 0x0000000086100000, 0x0000000086100000|100%| O|  |TAMS 0x0000000086100000, 0x0000000086000000| Untracked 
|  97|0x0000000086100000, 0x0000000086200000, 0x0000000086200000|100%| O|  |TAMS 0x0000000086200000, 0x0000000086100000| Untracked 
|  98|0x0000000086200000, 0x0000000086300000, 0x0000000086300000|100%| O|  |TAMS 0x0000000086300000, 0x0000000086200000| Untracked 
|  99|0x0000000086300000, 0x0000000086400000, 0x0000000086400000|100%| O|  |TAMS 0x0000000086400000, 0x0000000086300000| Untracked 
| 100|0x0000000086400000, 0x0000000086500000, 0x0000000086500000|100%| O|  |TAMS 0x0000000086500000, 0x0000000086400000| Untracked 
| 101|0x0000000086500000, 0x0000000086600000, 0x0000000086600000|100%| O|  |TAMS 0x0000000086600000, 0x0000000086500000| Untracked 
| 102|0x0000000086600000, 0x0000000086700000, 0x0000000086700000|100%| O|  |TAMS 0x0000000086700000, 0x0000000086600000| Untracked 
| 103|0x0000000086700000, 0x0000000086800000, 0x0000000086800000|100%| O|  |TAMS 0x0000000086800000, 0x0000000086700000| Untracked 
| 104|0x0000000086800000, 0x0000000086900000, 0x0000000086900000|100%| O|  |TAMS 0x0000000086900000, 0x0000000086800000| Untracked 
| 105|0x0000000086900000, 0x0000000086a00000, 0x0000000086a00000|100%| O|  |TAMS 0x0000000086a00000, 0x0000000086900000| Untracked 
| 106|0x0000000086a00000, 0x0000000086b00000, 0x0000000086b00000|100%| O|  |TAMS 0x0000000086b00000, 0x0000000086a00000| Untracked 
| 107|0x0000000086b00000, 0x0000000086c00000, 0x0000000086c00000|100%| O|  |TAMS 0x0000000086c00000, 0x0000000086b00000| Untracked 
| 108|0x0000000086c00000, 0x0000000086d00000, 0x0000000086d00000|100%| O|  |TAMS 0x0000000086d00000, 0x0000000086c00000| Untracked 
| 109|0x0000000086d00000, 0x0000000086e00000, 0x0000000086e00000|100%| O|  |TAMS 0x0000000086e00000, 0x0000000086d00000| Untracked 
| 110|0x0000000086e00000, 0x0000000086f00000, 0x0000000086f00000|100%| O|  |TAMS 0x0000000086f00000, 0x0000000086e00000| Untracked 
| 111|0x0000000086f00000, 0x0000000087000000, 0x0000000087000000|100%| O|  |TAMS 0x0000000087000000, 0x0000000086f00000| Untracked 
| 112|0x0000000087000000, 0x0000000087100000, 0x0000000087100000|100%| O|  |TAMS 0x0000000087100000, 0x0000000087000000| Untracked 
| 113|0x0000000087100000, 0x0000000087200000, 0x0000000087200000|100%| O|  |TAMS 0x0000000087200000, 0x0000000087100000| Untracked 
| 114|0x0000000087200000, 0x0000000087300000, 0x0000000087300000|100%| O|  |TAMS 0x0000000087300000, 0x0000000087200000| Untracked 
| 115|0x0000000087300000, 0x0000000087400000, 0x0000000087400000|100%| O|  |TAMS 0x0000000087400000, 0x0000000087300000| Untracked 
| 116|0x0000000087400000, 0x0000000087500000, 0x0000000087500000|100%| O|  |TAMS 0x0000000087500000, 0x0000000087400000| Untracked 
| 117|0x0000000087500000, 0x0000000087600000, 0x0000000087600000|100%| O|  |TAMS 0x0000000087600000, 0x0000000087500000| Untracked 
| 118|0x0000000087600000, 0x0000000087700000, 0x0000000087700000|100%| O|  |TAMS 0x0000000087700000, 0x0000000087600000| Untracked 
| 119|0x0000000087700000, 0x0000000087800000, 0x0000000087800000|100%| O|  |TAMS 0x0000000087800000, 0x0000000087700000| Untracked 
| 120|0x0000000087800000, 0x0000000087900000, 0x0000000087900000|100%| O|  |TAMS 0x0000000087900000, 0x0000000087800000| Untracked 
| 121|0x0000000087900000, 0x0000000087a00000, 0x0000000087a00000|100%| O|  |TAMS 0x0000000087a00000, 0x0000000087900000| Untracked 
| 122|0x0000000087a00000, 0x0000000087b00000, 0x0000000087b00000|100%| O|  |TAMS 0x0000000087b00000, 0x0000000087a00000| Untracked 
| 123|0x0000000087b00000, 0x0000000087c00000, 0x0000000087c00000|100%| O|  |TAMS 0x0000000087c00000, 0x0000000087b00000| Untracked 
| 124|0x0000000087c00000, 0x0000000087d00000, 0x0000000087d00000|100%| O|  |TAMS 0x0000000087d00000, 0x0000000087c00000| Untracked 
| 125|0x0000000087d00000, 0x0000000087e00000, 0x0000000087e00000|100%| O|  |TAMS 0x0000000087e00000, 0x0000000087d00000| Untracked 
| 126|0x0000000087e00000, 0x0000000087f00000, 0x0000000087f00000|100%| O|  |TAMS 0x0000000087f00000, 0x0000000087e00000| Untracked 
| 127|0x0000000087f00000, 0x0000000088000000, 0x0000000088000000|100%| O|  |TAMS 0x0000000088000000, 0x0000000087f00000| Untracked 
| 128|0x0000000088000000, 0x0000000088100000, 0x0000000088100000|100%| O|  |TAMS 0x0000000088100000, 0x0000000088000000| Untracked 
| 129|0x0000000088100000, 0x0000000088200000, 0x0000000088200000|100%| O|  |TAMS 0x0000000088200000, 0x0000000088100000| Untracked 
| 130|0x0000000088200000, 0x0000000088300000, 0x0000000088300000|100%| O|  |TAMS 0x0000000088300000, 0x0000000088200000| Untracked 
| 131|0x0000000088300000, 0x0000000088400000, 0x0000000088400000|100%| O|  |TAMS 0x0000000088400000, 0x0000000088300000| Untracked 
| 132|0x0000000088400000, 0x0000000088500000, 0x0000000088500000|100%| O|  |TAMS 0x0000000088500000, 0x0000000088400000| Untracked 
| 133|0x0000000088500000, 0x0000000088600000, 0x0000000088600000|100%| O|  |TAMS 0x0000000088600000, 0x0000000088500000| Untracked 
| 134|0x0000000088600000, 0x0000000088700000, 0x0000000088700000|100%| O|  |TAMS 0x0000000088700000, 0x0000000088600000| Untracked 
| 135|0x0000000088700000, 0x0000000088800000, 0x0000000088800000|100%| O|  |TAMS 0x0000000088800000, 0x0000000088700000| Untracked 
| 136|0x0000000088800000, 0x0000000088900000, 0x0000000088900000|100%| O|  |TAMS 0x0000000088900000, 0x0000000088800000| Untracked 
| 137|0x0000000088900000, 0x0000000088a00000, 0x0000000088a00000|100%| O|  |TAMS 0x0000000088900000, 0x0000000088900000| Untracked 
| 138|0x0000000088a00000, 0x0000000088b00000, 0x0000000088b00000|100%| O|  |TAMS 0x0000000088a00000, 0x0000000088a00000| Untracked 
| 139|0x0000000088b00000, 0x0000000088c00000, 0x0000000088c00000|100%| O|  |TAMS 0x0000000088b00000, 0x0000000088b00000| Untracked 
| 140|0x0000000088c00000, 0x0000000088d00000, 0x0000000088d00000|100%| O|  |TAMS 0x0000000088c00000, 0x0000000088c00000| Untracked 
| 141|0x0000000088d00000, 0x0000000088e00000, 0x0000000088e00000|100%| O|  |TAMS 0x0000000088d00000, 0x0000000088d00000| Untracked 
| 142|0x0000000088e00000, 0x0000000088f00000, 0x0000000088f00000|100%| O|  |TAMS 0x0000000088e00000, 0x0000000088e00000| Untracked 
| 143|0x0000000088f00000, 0x0000000089000000, 0x0000000089000000|100%| O|  |TAMS 0x0000000088f00000, 0x0000000088f00000| Untracked 
| 144|0x0000000089000000, 0x0000000089100000, 0x0000000089100000|100%| O|  |TAMS 0x0000000089000000, 0x0000000089000000| Untracked 
| 145|0x0000000089100000, 0x0000000089200000, 0x0000000089200000|100%| O|  |TAMS 0x0000000089100000, 0x0000000089100000| Untracked 
| 146|0x0000000089200000, 0x0000000089300000, 0x0000000089300000|100%| O|  |TAMS 0x0000000089200000, 0x0000000089200000| Untracked 
| 147|0x0000000089300000, 0x0000000089319e00, 0x0000000089400000| 10%| O|  |TAMS 0x0000000089300000, 0x0000000089300000| Untracked 
| 148|0x0000000089400000, 0x0000000089400000, 0x0000000089500000|  0%| F|  |TAMS 0x0000000089400000, 0x0000000089400000| Untracked 
| 149|0x0000000089500000, 0x0000000089500000, 0x0000000089600000|  0%| F|  |TAMS 0x0000000089500000, 0x0000000089500000| Untracked 
| 150|0x0000000089600000, 0x0000000089600000, 0x0000000089700000|  0%| F|  |TAMS 0x0000000089600000, 0x0000000089600000| Untracked 
| 151|0x0000000089700000, 0x0000000089700000, 0x0000000089800000|  0%| F|  |TAMS 0x0000000089700000, 0x0000000089700000| Untracked 
| 152|0x0000000089800000, 0x0000000089800000, 0x0000000089900000|  0%| F|  |TAMS 0x0000000089800000, 0x0000000089800000| Untracked 
| 153|0x0000000089900000, 0x0000000089900000, 0x0000000089a00000|  0%| F|  |TAMS 0x0000000089900000, 0x0000000089900000| Untracked 
| 154|0x0000000089a00000, 0x0000000089a00000, 0x0000000089b00000|  0%| F|  |TAMS 0x0000000089a00000, 0x0000000089a00000| Untracked 
| 155|0x0000000089b00000, 0x0000000089b00000, 0x0000000089c00000|  0%| F|  |TAMS 0x0000000089b00000, 0x0000000089b00000| Untracked 
| 156|0x0000000089c00000, 0x0000000089c00000, 0x0000000089d00000|  0%| F|  |TAMS 0x0000000089c00000, 0x0000000089c00000| Untracked 
| 157|0x0000000089d00000, 0x0000000089d00000, 0x0000000089e00000|  0%| F|  |TAMS 0x0000000089d00000, 0x0000000089d00000| Untracked 
| 158|0x0000000089e00000, 0x0000000089e00000, 0x0000000089f00000|  0%| F|  |TAMS 0x0000000089e00000, 0x0000000089e00000| Untracked 
| 159|0x0000000089f00000, 0x0000000089f00000, 0x000000008a000000|  0%| F|  |TAMS 0x0000000089f00000, 0x0000000089f00000| Untracked 
| 160|0x000000008a000000, 0x000000008a000000, 0x000000008a100000|  0%| F|  |TAMS 0x000000008a000000, 0x000000008a000000| Untracked 
| 161|0x000000008a100000, 0x000000008a100000, 0x000000008a200000|  0%| F|  |TAMS 0x000000008a100000, 0x000000008a100000| Untracked 
| 162|0x000000008a200000, 0x000000008a200000, 0x000000008a300000|  0%| F|  |TAMS 0x000000008a200000, 0x000000008a200000| Untracked 
| 163|0x000000008a300000, 0x000000008a300000, 0x000000008a400000|  0%| F|  |TAMS 0x000000008a300000, 0x000000008a300000| Untracked 
| 164|0x000000008a400000, 0x000000008a400000, 0x000000008a500000|  0%| F|  |TAMS 0x000000008a400000, 0x000000008a400000| Untracked 
| 165|0x000000008a500000, 0x000000008a500000, 0x000000008a600000|  0%| F|  |TAMS 0x000000008a500000, 0x000000008a500000| Untracked 
| 166|0x000000008a600000, 0x000000008a600000, 0x000000008a700000|  0%| F|  |TAMS 0x000000008a600000, 0x000000008a600000| Untracked 
| 167|0x000000008a700000, 0x000000008a700000, 0x000000008a800000|  0%| F|  |TAMS 0x000000008a700000, 0x000000008a700000| Untracked 
| 168|0x000000008a800000, 0x000000008a800000, 0x000000008a900000|  0%| F|  |TAMS 0x000000008a800000, 0x000000008a800000| Untracked 
| 169|0x000000008a900000, 0x000000008a900000, 0x000000008aa00000|  0%| F|  |TAMS 0x000000008a900000, 0x000000008a900000| Untracked 
| 170|0x000000008aa00000, 0x000000008aa00000, 0x000000008ab00000|  0%| F|  |TAMS 0x000000008aa00000, 0x000000008aa00000| Untracked 
| 171|0x000000008ab00000, 0x000000008ab00000, 0x000000008ac00000|  0%| F|  |TAMS 0x000000008ab00000, 0x000000008ab00000| Untracked 
| 172|0x000000008ac00000, 0x000000008ac00000, 0x000000008ad00000|  0%| F|  |TAMS 0x000000008ac00000, 0x000000008ac00000| Untracked 
| 173|0x000000008ad00000, 0x000000008ad00000, 0x000000008ae00000|  0%| F|  |TAMS 0x000000008ad00000, 0x000000008ad00000| Untracked 
| 174|0x000000008ae00000, 0x000000008ae00000, 0x000000008af00000|  0%| F|  |TAMS 0x000000008ae00000, 0x000000008ae00000| Untracked 
| 175|0x000000008af00000, 0x000000008af00000, 0x000000008b000000|  0%| F|  |TAMS 0x000000008af00000, 0x000000008af00000| Untracked 
| 176|0x000000008b000000, 0x000000008b000000, 0x000000008b100000|  0%| F|  |TAMS 0x000000008b000000, 0x000000008b000000| Untracked 
| 177|0x000000008b100000, 0x000000008b100000, 0x000000008b200000|  0%| F|  |TAMS 0x000000008b100000, 0x000000008b100000| Untracked 
| 178|0x000000008b200000, 0x000000008b200000, 0x000000008b300000|  0%| F|  |TAMS 0x000000008b200000, 0x000000008b200000| Untracked 
| 179|0x000000008b300000, 0x000000008b300000, 0x000000008b400000|  0%| F|  |TAMS 0x000000008b300000, 0x000000008b300000| Untracked 
| 180|0x000000008b400000, 0x000000008b400000, 0x000000008b500000|  0%| F|  |TAMS 0x000000008b400000, 0x000000008b400000| Untracked 
| 181|0x000000008b500000, 0x000000008b500000, 0x000000008b600000|  0%| F|  |TAMS 0x000000008b500000, 0x000000008b500000| Untracked 
| 182|0x000000008b600000, 0x000000008b600000, 0x000000008b700000|  0%| F|  |TAMS 0x000000008b600000, 0x000000008b600000| Untracked 
| 183|0x000000008b700000, 0x000000008b700000, 0x000000008b800000|  0%| F|  |TAMS 0x000000008b700000, 0x000000008b700000| Untracked 
| 184|0x000000008b800000, 0x000000008b800000, 0x000000008b900000|  0%| F|  |TAMS 0x000000008b800000, 0x000000008b800000| Untracked 
| 185|0x000000008b900000, 0x000000008b9e36a0, 0x000000008ba00000| 88%| S|CS|TAMS 0x000000008b900000, 0x000000008b900000| Complete 
| 186|0x000000008ba00000, 0x000000008bb00000, 0x000000008bb00000|100%| S|CS|TAMS 0x000000008ba00000, 0x000000008ba00000| Complete 
| 187|0x000000008bb00000, 0x000000008bc00000, 0x000000008bc00000|100%| S|CS|TAMS 0x000000008bb00000, 0x000000008bb00000| Complete 
| 188|0x000000008bc00000, 0x000000008bc00000, 0x000000008bd00000|  0%| F|  |TAMS 0x000000008bc00000, 0x000000008bc00000| Untracked 
| 189|0x000000008bd00000, 0x000000008bd00000, 0x000000008be00000|  0%| F|  |TAMS 0x000000008bd00000, 0x000000008bd00000| Untracked 
| 190|0x000000008be00000, 0x000000008be00000, 0x000000008bf00000|  0%| F|  |TAMS 0x000000008be00000, 0x000000008be00000| Untracked 
| 191|0x000000008bf00000, 0x000000008bf00000, 0x000000008c000000|  0%| F|  |TAMS 0x000000008bf00000, 0x000000008bf00000| Untracked 
| 192|0x000000008c000000, 0x000000008c000000, 0x000000008c100000|  0%| F|  |TAMS 0x000000008c000000, 0x000000008c000000| Untracked 
| 193|0x000000008c100000, 0x000000008c100000, 0x000000008c200000|  0%| F|  |TAMS 0x000000008c100000, 0x000000008c100000| Untracked 
| 194|0x000000008c200000, 0x000000008c300000, 0x000000008c300000|100%| S|CS|TAMS 0x000000008c200000, 0x000000008c200000| Complete 
| 195|0x000000008c300000, 0x000000008c400000, 0x000000008c400000|100%| S|CS|TAMS 0x000000008c300000, 0x000000008c300000| Complete 
| 196|0x000000008c400000, 0x000000008c500000, 0x000000008c500000|100%| S|CS|TAMS 0x000000008c400000, 0x000000008c400000| Complete 
| 197|0x000000008c500000, 0x000000008c600000, 0x000000008c600000|100%| S|CS|TAMS 0x000000008c500000, 0x000000008c500000| Complete 
| 198|0x000000008c600000, 0x000000008c700000, 0x000000008c700000|100%| S|CS|TAMS 0x000000008c600000, 0x000000008c600000| Complete 
| 199|0x000000008c700000, 0x000000008c800000, 0x000000008c800000|100%| S|CS|TAMS 0x000000008c700000, 0x000000008c700000| Complete 
| 200|0x000000008c800000, 0x000000008c800000, 0x000000008c900000|  0%| F|  |TAMS 0x000000008c800000, 0x000000008c800000| Untracked 
| 201|0x000000008c900000, 0x000000008c900000, 0x000000008ca00000|  0%| F|  |TAMS 0x000000008c900000, 0x000000008c900000| Untracked 
| 202|0x000000008ca00000, 0x000000008ca00000, 0x000000008cb00000|  0%| F|  |TAMS 0x000000008ca00000, 0x000000008ca00000| Untracked 
| 203|0x000000008cb00000, 0x000000008cb00000, 0x000000008cc00000|  0%| F|  |TAMS 0x000000008cb00000, 0x000000008cb00000| Untracked 
| 204|0x000000008cc00000, 0x000000008cd00000, 0x000000008cd00000|100%| S|CS|TAMS 0x000000008cc00000, 0x000000008cc00000| Complete 
| 205|0x000000008cd00000, 0x000000008ce00000, 0x000000008ce00000|100%| S|CS|TAMS 0x000000008cd00000, 0x000000008cd00000| Complete 
| 206|0x000000008ce00000, 0x000000008ce00000, 0x000000008cf00000|  0%| F|  |TAMS 0x000000008ce00000, 0x000000008ce00000| Untracked 
| 207|0x000000008cf00000, 0x000000008cf00000, 0x000000008d000000|  0%| F|  |TAMS 0x000000008cf00000, 0x000000008cf00000| Untracked 
| 208|0x000000008d000000, 0x000000008d000000, 0x000000008d100000|  0%| F|  |TAMS 0x000000008d000000, 0x000000008d000000| Untracked 
| 209|0x000000008d100000, 0x000000008d100000, 0x000000008d200000|  0%| F|  |TAMS 0x000000008d100000, 0x000000008d100000| Untracked 
| 210|0x000000008d200000, 0x000000008d200000, 0x000000008d300000|  0%| F|  |TAMS 0x000000008d200000, 0x000000008d200000| Untracked 
| 211|0x000000008d300000, 0x000000008d300000, 0x000000008d400000|  0%| F|  |TAMS 0x000000008d300000, 0x000000008d300000| Untracked 
| 212|0x000000008d400000, 0x000000008d400000, 0x000000008d500000|  0%| F|  |TAMS 0x000000008d400000, 0x000000008d400000| Untracked 
| 213|0x000000008d500000, 0x000000008d500000, 0x000000008d600000|  0%| F|  |TAMS 0x000000008d500000, 0x000000008d500000| Untracked 
| 214|0x000000008d600000, 0x000000008d600000, 0x000000008d700000|  0%| F|  |TAMS 0x000000008d600000, 0x000000008d600000| Untracked 
| 215|0x000000008d700000, 0x000000008d700000, 0x000000008d800000|  0%| F|  |TAMS 0x000000008d700000, 0x000000008d700000| Untracked 
| 216|0x000000008d800000, 0x000000008d800000, 0x000000008d900000|  0%| F|  |TAMS 0x000000008d800000, 0x000000008d800000| Untracked 
| 217|0x000000008d900000, 0x000000008d900000, 0x000000008da00000|  0%| F|  |TAMS 0x000000008d900000, 0x000000008d900000| Untracked 
| 218|0x000000008da00000, 0x000000008da00000, 0x000000008db00000|  0%| F|  |TAMS 0x000000008da00000, 0x000000008da00000| Untracked 
| 219|0x000000008db00000, 0x000000008db00000, 0x000000008dc00000|  0%| F|  |TAMS 0x000000008db00000, 0x000000008db00000| Untracked 
| 220|0x000000008dc00000, 0x000000008dc00000, 0x000000008dd00000|  0%| F|  |TAMS 0x000000008dc00000, 0x000000008dc00000| Untracked 
| 221|0x000000008dd00000, 0x000000008dd00000, 0x000000008de00000|  0%| F|  |TAMS 0x000000008dd00000, 0x000000008dd00000| Untracked 
| 222|0x000000008de00000, 0x000000008de00000, 0x000000008df00000|  0%| F|  |TAMS 0x000000008de00000, 0x000000008de00000| Untracked 
| 223|0x000000008df00000, 0x000000008df00000, 0x000000008e000000|  0%| F|  |TAMS 0x000000008df00000, 0x000000008df00000| Untracked 
| 224|0x000000008e000000, 0x000000008e000000, 0x000000008e100000|  0%| F|  |TAMS 0x000000008e000000, 0x000000008e000000| Untracked 
| 225|0x000000008e100000, 0x000000008e100000, 0x000000008e200000|  0%| F|  |TAMS 0x000000008e100000, 0x000000008e100000| Untracked 
| 226|0x000000008e200000, 0x000000008e200000, 0x000000008e300000|  0%| F|  |TAMS 0x000000008e200000, 0x000000008e200000| Untracked 
| 227|0x000000008e300000, 0x000000008e300000, 0x000000008e400000|  0%| F|  |TAMS 0x000000008e300000, 0x000000008e300000| Untracked 
| 228|0x000000008e400000, 0x000000008e400000, 0x000000008e500000|  0%| F|  |TAMS 0x000000008e400000, 0x000000008e400000| Untracked 
| 229|0x000000008e500000, 0x000000008e500000, 0x000000008e600000|  0%| F|  |TAMS 0x000000008e500000, 0x000000008e500000| Untracked 
| 230|0x000000008e600000, 0x000000008e600000, 0x000000008e700000|  0%| F|  |TAMS 0x000000008e600000, 0x000000008e600000| Untracked 
| 231|0x000000008e700000, 0x000000008e700000, 0x000000008e800000|  0%| F|  |TAMS 0x000000008e700000, 0x000000008e700000| Untracked 
| 232|0x000000008e800000, 0x000000008e800000, 0x000000008e900000|  0%| F|  |TAMS 0x000000008e800000, 0x000000008e800000| Untracked 
| 233|0x000000008e900000, 0x000000008e900000, 0x000000008ea00000|  0%| F|  |TAMS 0x000000008e900000, 0x000000008e900000| Untracked 
| 234|0x000000008ea00000, 0x000000008ea00000, 0x000000008eb00000|  0%| F|  |TAMS 0x000000008ea00000, 0x000000008ea00000| Untracked 
| 235|0x000000008eb00000, 0x000000008eb00000, 0x000000008ec00000|  0%| F|  |TAMS 0x000000008eb00000, 0x000000008eb00000| Untracked 
| 236|0x000000008ec00000, 0x000000008ec00000, 0x000000008ed00000|  0%| F|  |TAMS 0x000000008ec00000, 0x000000008ec00000| Untracked 
| 237|0x000000008ed00000, 0x000000008ed00000, 0x000000008ee00000|  0%| F|  |TAMS 0x000000008ed00000, 0x000000008ed00000| Untracked 
| 238|0x000000008ee00000, 0x000000008ee00000, 0x000000008ef00000|  0%| F|  |TAMS 0x000000008ee00000, 0x000000008ee00000| Untracked 
| 239|0x000000008ef00000, 0x000000008ef00000, 0x000000008f000000|  0%| F|  |TAMS 0x000000008ef00000, 0x000000008ef00000| Untracked 
| 240|0x000000008f000000, 0x000000008f000000, 0x000000008f100000|  0%| F|  |TAMS 0x000000008f000000, 0x000000008f000000| Untracked 
| 241|0x000000008f100000, 0x000000008f100000, 0x000000008f200000|  0%| F|  |TAMS 0x000000008f100000, 0x000000008f100000| Untracked 
| 242|0x000000008f200000, 0x000000008f200000, 0x000000008f300000|  0%| F|  |TAMS 0x000000008f200000, 0x000000008f200000| Untracked 
| 243|0x000000008f300000, 0x000000008f300000, 0x000000008f400000|  0%| F|  |TAMS 0x000000008f300000, 0x000000008f300000| Untracked 
| 244|0x000000008f400000, 0x000000008f400000, 0x000000008f500000|  0%| F|  |TAMS 0x000000008f400000, 0x000000008f400000| Untracked 
| 245|0x000000008f500000, 0x000000008f500000, 0x000000008f600000|  0%| F|  |TAMS 0x000000008f500000, 0x000000008f500000| Untracked 
| 246|0x000000008f600000, 0x000000008f600000, 0x000000008f700000|  0%| F|  |TAMS 0x000000008f600000, 0x000000008f600000| Untracked 
| 247|0x000000008f700000, 0x000000008f700000, 0x000000008f800000|  0%| F|  |TAMS 0x000000008f700000, 0x000000008f700000| Untracked 
| 248|0x000000008f800000, 0x000000008f800000, 0x000000008f900000|  0%| F|  |TAMS 0x000000008f800000, 0x000000008f800000| Untracked 
| 249|0x000000008f900000, 0x000000008f900000, 0x000000008fa00000|  0%| F|  |TAMS 0x000000008f900000, 0x000000008f900000| Untracked 
| 250|0x000000008fa00000, 0x000000008fa00000, 0x000000008fb00000|  0%| F|  |TAMS 0x000000008fa00000, 0x000000008fa00000| Untracked 
| 251|0x000000008fb00000, 0x000000008fb00000, 0x000000008fc00000|  0%| F|  |TAMS 0x000000008fb00000, 0x000000008fb00000| Untracked 
| 252|0x000000008fc00000, 0x000000008fc00000, 0x000000008fd00000|  0%| F|  |TAMS 0x000000008fc00000, 0x000000008fc00000| Untracked 
| 253|0x000000008fd00000, 0x000000008fd00000, 0x000000008fe00000|  0%| F|  |TAMS 0x000000008fd00000, 0x000000008fd00000| Untracked 
| 254|0x000000008fe00000, 0x000000008fe00000, 0x000000008ff00000|  0%| F|  |TAMS 0x000000008fe00000, 0x000000008fe00000| Untracked 
| 255|0x000000008ff00000, 0x000000008ff00000, 0x0000000090000000|  0%| F|  |TAMS 0x000000008ff00000, 0x000000008ff00000| Untracked 
| 256|0x0000000090000000, 0x0000000090000000, 0x0000000090100000|  0%| F|  |TAMS 0x0000000090000000, 0x0000000090000000| Untracked 
| 257|0x0000000090100000, 0x0000000090100000, 0x0000000090200000|  0%| F|  |TAMS 0x0000000090100000, 0x0000000090100000| Untracked 
| 258|0x0000000090200000, 0x0000000090200000, 0x0000000090300000|  0%| F|  |TAMS 0x0000000090200000, 0x0000000090200000| Untracked 
| 259|0x0000000090300000, 0x0000000090300000, 0x0000000090400000|  0%| F|  |TAMS 0x0000000090300000, 0x0000000090300000| Untracked 
| 260|0x0000000090400000, 0x0000000090400000, 0x0000000090500000|  0%| F|  |TAMS 0x0000000090400000, 0x0000000090400000| Untracked 
| 261|0x0000000090500000, 0x0000000090500000, 0x0000000090600000|  0%| F|  |TAMS 0x0000000090500000, 0x0000000090500000| Untracked 
| 262|0x0000000090600000, 0x0000000090600000, 0x0000000090700000|  0%| F|  |TAMS 0x0000000090600000, 0x0000000090600000| Untracked 
| 263|0x0000000090700000, 0x0000000090700000, 0x0000000090800000|  0%| F|  |TAMS 0x0000000090700000, 0x0000000090700000| Untracked 
| 264|0x0000000090800000, 0x0000000090800000, 0x0000000090900000|  0%| F|  |TAMS 0x0000000090800000, 0x0000000090800000| Untracked 
| 265|0x0000000090900000, 0x0000000090900000, 0x0000000090a00000|  0%| F|  |TAMS 0x0000000090900000, 0x0000000090900000| Untracked 
| 266|0x0000000090a00000, 0x0000000090a00000, 0x0000000090b00000|  0%| F|  |TAMS 0x0000000090a00000, 0x0000000090a00000| Untracked 
| 267|0x0000000090b00000, 0x0000000090b00000, 0x0000000090c00000|  0%| F|  |TAMS 0x0000000090b00000, 0x0000000090b00000| Untracked 
| 268|0x0000000090c00000, 0x0000000090c00000, 0x0000000090d00000|  0%| F|  |TAMS 0x0000000090c00000, 0x0000000090c00000| Untracked 
| 269|0x0000000090d00000, 0x0000000090d00000, 0x0000000090e00000|  0%| F|  |TAMS 0x0000000090d00000, 0x0000000090d00000| Untracked 
| 270|0x0000000090e00000, 0x0000000090e00000, 0x0000000090f00000|  0%| F|  |TAMS 0x0000000090e00000, 0x0000000090e00000| Untracked 
| 271|0x0000000090f00000, 0x0000000090f00000, 0x0000000091000000|  0%| F|  |TAMS 0x0000000090f00000, 0x0000000090f00000| Untracked 
| 272|0x0000000091000000, 0x0000000091000000, 0x0000000091100000|  0%| F|  |TAMS 0x0000000091000000, 0x0000000091000000| Untracked 
| 273|0x0000000091100000, 0x0000000091100000, 0x0000000091200000|  0%| F|  |TAMS 0x0000000091100000, 0x0000000091100000| Untracked 
| 274|0x0000000091200000, 0x0000000091200000, 0x0000000091300000|  0%| F|  |TAMS 0x0000000091200000, 0x0000000091200000| Untracked 
| 275|0x0000000091300000, 0x0000000091300000, 0x0000000091400000|  0%| F|  |TAMS 0x0000000091300000, 0x0000000091300000| Untracked 
| 276|0x0000000091400000, 0x0000000091400000, 0x0000000091500000|  0%| F|  |TAMS 0x0000000091400000, 0x0000000091400000| Untracked 
| 277|0x0000000091500000, 0x0000000091500000, 0x0000000091600000|  0%| F|  |TAMS 0x0000000091500000, 0x0000000091500000| Untracked 
| 278|0x0000000091600000, 0x0000000091600000, 0x0000000091700000|  0%| F|  |TAMS 0x0000000091600000, 0x0000000091600000| Untracked 
| 279|0x0000000091700000, 0x0000000091700000, 0x0000000091800000|  0%| F|  |TAMS 0x0000000091700000, 0x0000000091700000| Untracked 
| 280|0x0000000091800000, 0x0000000091800000, 0x0000000091900000|  0%| F|  |TAMS 0x0000000091800000, 0x0000000091800000| Untracked 
| 281|0x0000000091900000, 0x0000000091900000, 0x0000000091a00000|  0%| F|  |TAMS 0x0000000091900000, 0x0000000091900000| Untracked 
| 282|0x0000000091a00000, 0x0000000091a00000, 0x0000000091b00000|  0%| F|  |TAMS 0x0000000091a00000, 0x0000000091a00000| Untracked 
| 283|0x0000000091b00000, 0x0000000091b00000, 0x0000000091c00000|  0%| F|  |TAMS 0x0000000091b00000, 0x0000000091b00000| Untracked 
| 284|0x0000000091c00000, 0x0000000091c00000, 0x0000000091d00000|  0%| F|  |TAMS 0x0000000091c00000, 0x0000000091c00000| Untracked 
| 285|0x0000000091d00000, 0x0000000091d00000, 0x0000000091e00000|  0%| F|  |TAMS 0x0000000091d00000, 0x0000000091d00000| Untracked 
| 286|0x0000000091e00000, 0x0000000091e00000, 0x0000000091f00000|  0%| F|  |TAMS 0x0000000091e00000, 0x0000000091e00000| Untracked 
| 287|0x0000000091f00000, 0x0000000091f00000, 0x0000000092000000|  0%| F|  |TAMS 0x0000000091f00000, 0x0000000091f00000| Untracked 
| 288|0x0000000092000000, 0x0000000092000000, 0x0000000092100000|  0%| F|  |TAMS 0x0000000092000000, 0x0000000092000000| Untracked 
| 289|0x0000000092100000, 0x0000000092100000, 0x0000000092200000|  0%| F|  |TAMS 0x0000000092100000, 0x0000000092100000| Untracked 
| 290|0x0000000092200000, 0x0000000092200000, 0x0000000092300000|  0%| F|  |TAMS 0x0000000092200000, 0x0000000092200000| Untracked 
| 291|0x0000000092300000, 0x0000000092300000, 0x0000000092400000|  0%| F|  |TAMS 0x0000000092300000, 0x0000000092300000| Untracked 
| 292|0x0000000092400000, 0x0000000092400000, 0x0000000092500000|  0%| F|  |TAMS 0x0000000092400000, 0x0000000092400000| Untracked 
| 293|0x0000000092500000, 0x0000000092500000, 0x0000000092600000|  0%| F|  |TAMS 0x0000000092500000, 0x0000000092500000| Untracked 
| 294|0x0000000092600000, 0x0000000092600000, 0x0000000092700000|  0%| F|  |TAMS 0x0000000092600000, 0x0000000092600000| Untracked 
| 295|0x0000000092700000, 0x0000000092700000, 0x0000000092800000|  0%| F|  |TAMS 0x0000000092700000, 0x0000000092700000| Untracked 
| 296|0x0000000092800000, 0x0000000092800000, 0x0000000092900000|  0%| F|  |TAMS 0x0000000092800000, 0x0000000092800000| Untracked 
| 297|0x0000000092900000, 0x0000000092900000, 0x0000000092a00000|  0%| F|  |TAMS 0x0000000092900000, 0x0000000092900000| Untracked 
| 298|0x0000000092a00000, 0x0000000092a00000, 0x0000000092b00000|  0%| F|  |TAMS 0x0000000092a00000, 0x0000000092a00000| Untracked 
| 299|0x0000000092b00000, 0x0000000092b00000, 0x0000000092c00000|  0%| F|  |TAMS 0x0000000092b00000, 0x0000000092b00000| Untracked 
| 300|0x0000000092c00000, 0x0000000092c00000, 0x0000000092d00000|  0%| F|  |TAMS 0x0000000092c00000, 0x0000000092c00000| Untracked 
| 301|0x0000000092d00000, 0x0000000092d00000, 0x0000000092e00000|  0%| F|  |TAMS 0x0000000092d00000, 0x0000000092d00000| Untracked 
| 302|0x0000000092e00000, 0x0000000092e00000, 0x0000000092f00000|  0%| F|  |TAMS 0x0000000092e00000, 0x0000000092e00000| Untracked 
| 303|0x0000000092f00000, 0x0000000092f00000, 0x0000000093000000|  0%| F|  |TAMS 0x0000000092f00000, 0x0000000092f00000| Untracked 
| 304|0x0000000093000000, 0x0000000093000000, 0x0000000093100000|  0%| F|  |TAMS 0x0000000093000000, 0x0000000093000000| Untracked 
| 305|0x0000000093100000, 0x0000000093100000, 0x0000000093200000|  0%| F|  |TAMS 0x0000000093100000, 0x0000000093100000| Untracked 
| 306|0x0000000093200000, 0x0000000093200000, 0x0000000093300000|  0%| F|  |TAMS 0x0000000093200000, 0x0000000093200000| Untracked 
| 307|0x0000000093300000, 0x0000000093300000, 0x0000000093400000|  0%| F|  |TAMS 0x0000000093300000, 0x0000000093300000| Untracked 
| 308|0x0000000093400000, 0x0000000093400000, 0x0000000093500000|  0%| F|  |TAMS 0x0000000093400000, 0x0000000093400000| Untracked 
| 309|0x0000000093500000, 0x0000000093500000, 0x0000000093600000|  0%| F|  |TAMS 0x0000000093500000, 0x0000000093500000| Untracked 
| 310|0x0000000093600000, 0x0000000093600000, 0x0000000093700000|  0%| F|  |TAMS 0x0000000093600000, 0x0000000093600000| Untracked 
| 311|0x0000000093700000, 0x0000000093700000, 0x0000000093800000|  0%| F|  |TAMS 0x0000000093700000, 0x0000000093700000| Untracked 
| 312|0x0000000093800000, 0x0000000093800000, 0x0000000093900000|  0%| F|  |TAMS 0x0000000093800000, 0x0000000093800000| Untracked 
| 313|0x0000000093900000, 0x0000000093900000, 0x0000000093a00000|  0%| F|  |TAMS 0x0000000093900000, 0x0000000093900000| Untracked 
| 314|0x0000000093a00000, 0x0000000093a00000, 0x0000000093b00000|  0%| F|  |TAMS 0x0000000093a00000, 0x0000000093a00000| Untracked 
| 315|0x0000000093b00000, 0x0000000093b00000, 0x0000000093c00000|  0%| F|  |TAMS 0x0000000093b00000, 0x0000000093b00000| Untracked 
| 316|0x0000000093c00000, 0x0000000093c00000, 0x0000000093d00000|  0%| F|  |TAMS 0x0000000093c00000, 0x0000000093c00000| Untracked 
| 317|0x0000000093d00000, 0x0000000093d00000, 0x0000000093e00000|  0%| F|  |TAMS 0x0000000093d00000, 0x0000000093d00000| Untracked 
| 318|0x0000000093e00000, 0x0000000093e00000, 0x0000000093f00000|  0%| F|  |TAMS 0x0000000093e00000, 0x0000000093e00000| Untracked 
| 319|0x0000000093f00000, 0x0000000093f00000, 0x0000000094000000|  0%| F|  |TAMS 0x0000000093f00000, 0x0000000093f00000| Untracked 
| 320|0x0000000094000000, 0x0000000094000000, 0x0000000094100000|  0%| F|  |TAMS 0x0000000094000000, 0x0000000094000000| Untracked 
| 321|0x0000000094100000, 0x0000000094100000, 0x0000000094200000|  0%| F|  |TAMS 0x0000000094100000, 0x0000000094100000| Untracked 
| 322|0x0000000094200000, 0x0000000094200000, 0x0000000094300000|  0%| F|  |TAMS 0x0000000094200000, 0x0000000094200000| Untracked 
| 323|0x0000000094300000, 0x0000000094300000, 0x0000000094400000|  0%| F|  |TAMS 0x0000000094300000, 0x0000000094300000| Untracked 
| 324|0x0000000094400000, 0x0000000094400000, 0x0000000094500000|  0%| F|  |TAMS 0x0000000094400000, 0x0000000094400000| Untracked 
| 325|0x0000000094500000, 0x0000000094500000, 0x0000000094600000|  0%| F|  |TAMS 0x0000000094500000, 0x0000000094500000| Untracked 
| 326|0x0000000094600000, 0x0000000094600000, 0x0000000094700000|  0%| F|  |TAMS 0x0000000094600000, 0x0000000094600000| Untracked 
| 327|0x0000000094700000, 0x0000000094700000, 0x0000000094800000|  0%| F|  |TAMS 0x0000000094700000, 0x0000000094700000| Untracked 
| 328|0x0000000094800000, 0x0000000094800000, 0x0000000094900000|  0%| F|  |TAMS 0x0000000094800000, 0x0000000094800000| Untracked 
| 329|0x0000000094900000, 0x0000000094900000, 0x0000000094a00000|  0%| F|  |TAMS 0x0000000094900000, 0x0000000094900000| Untracked 
| 330|0x0000000094a00000, 0x0000000094a00000, 0x0000000094b00000|  0%| F|  |TAMS 0x0000000094a00000, 0x0000000094a00000| Untracked 
| 331|0x0000000094b00000, 0x0000000094b00000, 0x0000000094c00000|  0%| F|  |TAMS 0x0000000094b00000, 0x0000000094b00000| Untracked 
| 332|0x0000000094c00000, 0x0000000094c00000, 0x0000000094d00000|  0%| F|  |TAMS 0x0000000094c00000, 0x0000000094c00000| Untracked 
| 333|0x0000000094d00000, 0x0000000094d00000, 0x0000000094e00000|  0%| F|  |TAMS 0x0000000094d00000, 0x0000000094d00000| Untracked 
| 334|0x0000000094e00000, 0x0000000094e00000, 0x0000000094f00000|  0%| F|  |TAMS 0x0000000094e00000, 0x0000000094e00000| Untracked 
| 335|0x0000000094f00000, 0x0000000094f00000, 0x0000000095000000|  0%| F|  |TAMS 0x0000000094f00000, 0x0000000094f00000| Untracked 
| 336|0x0000000095000000, 0x0000000095000000, 0x0000000095100000|  0%| F|  |TAMS 0x0000000095000000, 0x0000000095000000| Untracked 
| 337|0x0000000095100000, 0x0000000095100000, 0x0000000095200000|  0%| F|  |TAMS 0x0000000095100000, 0x0000000095100000| Untracked 
| 338|0x0000000095200000, 0x0000000095200000, 0x0000000095300000|  0%| F|  |TAMS 0x0000000095200000, 0x0000000095200000| Untracked 
| 339|0x0000000095300000, 0x0000000095300000, 0x0000000095400000|  0%| F|  |TAMS 0x0000000095300000, 0x0000000095300000| Untracked 
| 340|0x0000000095400000, 0x0000000095400000, 0x0000000095500000|  0%| F|  |TAMS 0x0000000095400000, 0x0000000095400000| Untracked 
| 341|0x0000000095500000, 0x0000000095500000, 0x0000000095600000|  0%| F|  |TAMS 0x0000000095500000, 0x0000000095500000| Untracked 
| 342|0x0000000095600000, 0x0000000095600000, 0x0000000095700000|  0%| F|  |TAMS 0x0000000095600000, 0x0000000095600000| Untracked 
| 343|0x0000000095700000, 0x0000000095700000, 0x0000000095800000|  0%| F|  |TAMS 0x0000000095700000, 0x0000000095700000| Untracked 
| 344|0x0000000095800000, 0x0000000095800000, 0x0000000095900000|  0%| F|  |TAMS 0x0000000095800000, 0x0000000095800000| Untracked 

Card table byte_map: [0x00000184366a0000,0x0000018436aa0000] _byte_map_base: 0x00000184362a0000

Marking Bits (Prev, Next): (CMBitMap*) 0x0000018422d9ffc0, (CMBitMap*) 0x0000018422d9ff88
 Prev Bits: [0x0000018438ea0000, 0x000001843aea0000)
 Next Bits: [0x0000018436ea0000, 0x0000018438ea0000)

Polling page: 0x0000018421570000

Metaspace:

Usage:
  Non-class:     87.75 MB capacity,    86.19 MB ( 98%) used,     1.26 MB (  1%) free+waste,   318.50 KB ( <1%) overhead. 
      Class:     13.86 MB capacity,    12.89 MB ( 93%) used,   857.05 KB (  6%) free+waste,   141.63 KB ( <1%) overhead. 
       Both:    101.62 MB capacity,    99.08 MB ( 97%) used,     2.09 MB (  2%) free+waste,   460.13 KB ( <1%) overhead. 

Virtual space:
  Non-class space:       88.00 MB reserved,      88.00 MB (100%) committed 
      Class space:        1.00 GB reserved,      13.95 MB (  1%) committed 
             Both:        1.09 GB reserved,     101.95 MB (  9%) committed 

Chunk freelists:
   Non-Class:  59.00 KB
       Class:  0 bytes
        Both:  59.00 KB

MaxMetaspaceSize: 17179869184.00 GB
CompressedClassSpaceSize: 1.00 GB

CodeHeap 'non-profiled nmethods': size=120000Kb used=7980Kb max_used=7980Kb free=112019Kb
 bounds [0x000001842e2f0000, 0x000001842eac0000, 0x0000018435820000]
CodeHeap 'profiled nmethods': size=120000Kb used=34608Kb max_used=34608Kb free=85391Kb
 bounds [0x0000018426dc0000, 0x0000018428f90000, 0x000001842e2f0000]
CodeHeap 'non-nmethods': size=5760Kb used=2311Kb max_used=2378Kb free=3448Kb
 bounds [0x0000018426820000, 0x0000018426a90000, 0x0000018426dc0000]
 total_blobs=15605 nmethods=14684 adapters=831
 compilation: enabled
              stopped_count=0, restarted_count=0
 full_count=0

Compilation events (20 events):
Event: 19.351 Thread 0x000001843d99a800 nmethod 15196 0x0000018428f81310 code [0x0000018428f814c0, 0x0000018428f81648]
Event: 19.351 Thread 0x000001843d99a800 15197       2       com.android.tools.r8.internal.O8::a (17 bytes)
Event: 19.351 Thread 0x000001843d99a800 nmethod 15197 0x0000018428f81710 code [0x0000018428f818c0, 0x0000018428f819e8]
Event: 19.354 Thread 0x000001843d99a800 15198 %     3       com.android.tools.r8.internal.i3::a @ 31 (63 bytes)
Event: 19.355 Thread 0x000001843d99a800 nmethod 15198% 0x0000018428f81a90 code [0x0000018428f81d20, 0x0000018428f82c38]
Event: 19.362 Thread 0x000001843d99a800 15199       2       com.android.tools.r8.internal.eP::a (133 bytes)
Event: 19.363 Thread 0x000001843d99a800 nmethod 15199 0x0000018428f82f90 code [0x0000018428f83140, 0x0000018428f83278]
Event: 19.364 Thread 0x000001843d99a800 15201 % !   3       java.util.concurrent.ConcurrentHashMap::putVal @ 212 (432 bytes)
Event: 19.367 Thread 0x000001843d99a800 nmethod 15201% 0x0000018428f83310 code [0x0000018428f836a0, 0x0000018428f85b78]
Event: 19.373 Thread 0x000001843d99a800 15202       2       com.android.tools.r8.internal.SO::c2 (14 bytes)
Event: 19.373 Thread 0x000001843d99a800 nmethod 15202 0x0000018428f86710 code [0x0000018428f868c0, 0x0000018428f86a28]
Event: 19.376 Thread 0x000001843d99a800 15203       2       com.android.tools.r8.internal.wm::remove (141 bytes)
Event: 19.377 Thread 0x000001843d99a800 nmethod 15203 0x0000018428f86b10 code [0x0000018428f86d00, 0x0000018428f87088]
Event: 19.377 Thread 0x000001843d99a800 15204       2       com.android.tools.r8.internal.BB::b (10 bytes)
Event: 19.377 Thread 0x000001843d99a800 nmethod 15204 0x0000018428f87290 code [0x0000018428f87440, 0x0000018428f875c8]
Event: 19.377 Thread 0x000001843d99a800 15206 %     3       com.android.tools.r8.graph.c0::a @ 64 (277 bytes)
Event: 19.380 Thread 0x000001843d99a800 nmethod 15206% 0x0000018428f87690 code [0x0000018428f87ba0, 0x0000018428f8ae08]
Event: 19.380 Thread 0x000001843d99a800 15205       2       com.android.tools.r8.code.L2::<init> (7 bytes)
Event: 19.380 Thread 0x000001843d99a800 nmethod 15205 0x0000018428f8bd90 code [0x0000018428f8bf40, 0x0000018428f8c048]
Event: 19.380 Thread 0x000001843d99a800 15207       2       com.android.tools.r8.internal.Qh::a (57 bytes)

GC Heap History (20 events):
Event: 15.944 GC heap after
{Heap after GC invocations=31 (full 0):
 garbage-first heap   total 353280K, used 142806K [0x0000000080000000, 0x0000000100000000)
  region size 1024K, 3 young (3072K), 3 survivors (3072K)
 Metaspace       used 98259K, capacity 100719K, committed 101068K, reserved 1136640K
  class space    used 12974K, capacity 13916K, committed 14028K, reserved 1048576K
}
Event: 16.440 GC heap before
{Heap before GC invocations=32 (full 0):
 garbage-first heap   total 353280K, used 243158K [0x0000000080000000, 0x0000000100000000)
  region size 1024K, 101 young (103424K), 3 survivors (3072K)
 Metaspace       used 98653K, capacity 101046K, committed 101580K, reserved 1136640K
  class space    used 12935K, capacity 13856K, committed 14028K, reserved 1048576K
}
Event: 16.447 GC heap after
{Heap after GC invocations=33 (full 0):
 garbage-first heap   total 353280K, used 143329K [0x0000000080000000, 0x0000000100000000)
  region size 1024K, 3 young (3072K), 3 survivors (3072K)
 Metaspace       used 98653K, capacity 101046K, committed 101580K, reserved 1136640K
  class space    used 12935K, capacity 13856K, committed 14028K, reserved 1048576K
}
Event: 16.728 GC heap before
{Heap before GC invocations=33 (full 0):
 garbage-first heap   total 353280K, used 277473K [0x0000000080000000, 0x0000000100000000)
  region size 1024K, 134 young (137216K), 3 survivors (3072K)
 Metaspace       used 98997K, capacity 101398K, committed 101836K, reserved 1136640K
  class space    used 12968K, capacity 13908K, committed 14028K, reserved 1048576K
}
Event: 16.736 GC heap after
{Heap after GC invocations=34 (full 0):
 garbage-first heap   total 353280K, used 145191K [0x0000000080000000, 0x0000000100000000)
  region size 1024K, 5 young (5120K), 5 survivors (5120K)
 Metaspace       used 98997K, capacity 101398K, committed 101836K, reserved 1136640K
  class space    used 12968K, capacity 13908K, committed 14028K, reserved 1048576K
}
Event: 17.040 GC heap before
{Heap before GC invocations=34 (full 0):
 garbage-first heap   total 353280K, used 280359K [0x0000000080000000, 0x0000000100000000)
  region size 1024K, 138 young (141312K), 5 survivors (5120K)
 Metaspace       used 100162K, capacity 102703K, committed 102732K, reserved 1138688K
  class space    used 13156K, capacity 14134K, committed 14156K, reserved 1048576K
}
Event: 17.047 GC heap after
{Heap after GC invocations=35 (full 0):
 garbage-first heap   total 353280K, used 147025K [0x0000000080000000, 0x0000000100000000)
  region size 1024K, 7 young (7168K), 7 survivors (7168K)
 Metaspace       used 100162K, capacity 102703K, committed 102732K, reserved 1138688K
  class space    used 13156K, capacity 14134K, committed 14156K, reserved 1048576K
}
Event: 17.380 GC heap before
{Heap before GC invocations=35 (full 0):
 garbage-first heap   total 353280K, used 286289K [0x0000000080000000, 0x0000000100000000)
  region size 1024K, 143 young (146432K), 7 survivors (7168K)
 Metaspace       used 100440K, capacity 103024K, committed 103372K, reserved 1138688K
  class space    used 13178K, capacity 14175K, committed 14284K, reserved 1048576K
}
Event: 17.398 GC heap after
{Heap after GC invocations=36 (full 0):
 garbage-first heap   total 353280K, used 153538K [0x0000000080000000, 0x0000000100000000)
  region size 1024K, 13 young (13312K), 13 survivors (13312K)
 Metaspace       used 100440K, capacity 103024K, committed 103372K, reserved 1138688K
  class space    used 13178K, capacity 14175K, committed 14284K, reserved 1048576K
}
Event: 17.891 GC heap before
{Heap before GC invocations=36 (full 0):
 garbage-first heap   total 353280K, used 291778K [0x0000000080000000, 0x0000000100000000)
  region size 1024K, 148 young (151552K), 13 survivors (13312K)
 Metaspace       used 100764K, capacity 103302K, committed 103628K, reserved 1138688K
  class space    used 13185K, capacity 14179K, committed 14284K, reserved 1048576K
}
Event: 17.918 GC heap after
{Heap after GC invocations=37 (full 0):
 garbage-first heap   total 353280K, used 156289K [0x0000000080000000, 0x0000000100000000)
  region size 1024K, 13 young (13312K), 13 survivors (13312K)
 Metaspace       used 100764K, capacity 103302K, committed 103628K, reserved 1138688K
  class space    used 13185K, capacity 14179K, committed 14284K, reserved 1048576K
}
Event: 18.337 GC heap before
{Heap before GC invocations=37 (full 0):
 garbage-first heap   total 353280K, used 293505K [0x0000000080000000, 0x0000000100000000)
  region size 1024K, 147 young (150528K), 13 survivors (13312K)
 Metaspace       used 100960K, capacity 103521K, committed 103628K, reserved 1138688K
  class space    used 13191K, capacity 14185K, committed 14284K, reserved 1048576K
}
Event: 18.356 GC heap after
{Heap after GC invocations=38 (full 0):
 garbage-first heap   total 353280K, used 157114K [0x0000000080000000, 0x0000000100000000)
  region size 1024K, 11 young (11264K), 11 survivors (11264K)
 Metaspace       used 100960K, capacity 103521K, committed 103628K, reserved 1138688K
  class space    used 13191K, capacity 14185K, committed 14284K, reserved 1048576K
}
Event: 18.847 GC heap before
{Heap before GC invocations=38 (full 0):
 garbage-first heap   total 353280K, used 296378K [0x0000000080000000, 0x0000000100000000)
  region size 1024K, 147 young (150528K), 11 survivors (11264K)
 Metaspace       used 101330K, capacity 103919K, committed 104140K, reserved 1138688K
  class space    used 13197K, capacity 14196K, committed 14284K, reserved 1048576K
}
Event: 18.856 GC heap after
{Heap after GC invocations=39 (full 0):
 garbage-first heap   total 353280K, used 158308K [0x0000000080000000, 0x0000000100000000)
  region size 1024K, 8 young (8192K), 8 survivors (8192K)
 Metaspace       used 101330K, capacity 103919K, committed 104140K, reserved 1138688K
  class space    used 13197K, capacity 14196K, committed 14284K, reserved 1048576K
}
Event: 19.021 GC heap before
{Heap before GC invocations=39 (full 0):
 garbage-first heap   total 353280K, used 297572K [0x0000000080000000, 0x0000000100000000)
  region size 1024K, 144 young (147456K), 8 survivors (8192K)
 Metaspace       used 101412K, capacity 103992K, committed 104140K, reserved 1138688K
  class space    used 13198K, capacity 14197K, committed 14284K, reserved 1048576K
}
Event: 19.028 GC heap after
{Heap after GC invocations=40 (full 0):
 garbage-first heap   total 353280K, used 159013K [0x0000000080000000, 0x0000000100000000)
  region size 1024K, 9 young (9216K), 9 survivors (9216K)
 Metaspace       used 101412K, capacity 103992K, committed 104140K, reserved 1138688K
  class space    used 13198K, capacity 14197K, committed 14284K, reserved 1048576K
}
Event: 19.204 GC heap before
{Heap before GC invocations=40 (full 0):
 garbage-first heap   total 353280K, used 300325K [0x0000000080000000, 0x0000000100000000)
  region size 1024K, 147 young (150528K), 9 survivors (9216K)
 Metaspace       used 101446K, capacity 104058K, committed 104396K, reserved 1138688K
  class space    used 13198K, capacity 14197K, committed 14284K, reserved 1048576K
}
Event: 19.214 GC heap after
{Heap after GC invocations=41 (full 0):
 garbage-first heap   total 353280K, used 160817K [0x0000000080000000, 0x0000000100000000)
  region size 1024K, 10 young (10240K), 10 survivors (10240K)
 Metaspace       used 101446K, capacity 104058K, committed 104396K, reserved 1138688K
  class space    used 13198K, capacity 14197K, committed 14284K, reserved 1048576K
}
Event: 19.381 GC heap before
{Heap before GC invocations=41 (full 0):
 garbage-first heap   total 353280K, used 303153K [0x0000000080000000, 0x0000000100000000)
  region size 1024K, 149 young (152576K), 10 survivors (10240K)
 Metaspace       used 101453K, capacity 104058K, committed 104396K, reserved 1138688K
  class space    used 13198K, capacity 14197K, committed 14284K, reserved 1048576K
}

Deoptimization events (20 events):
Event: 18.794 Thread 0x00000184423fc800 DEOPT PACKING pc=0x0000018428e5f71e sp=0x00000065f6bf8c70
Event: 18.794 Thread 0x00000184423fc800 DEOPT UNPACKING pc=0x00000184268476ce sp=0x00000065f6bf80d8 mode 0
Event: 18.795 Thread 0x00000184423f9000 DEOPT PACKING pc=0x0000018428e5f71e sp=0x00000065f70f8a70
Event: 18.795 Thread 0x00000184423f9000 DEOPT UNPACKING pc=0x00000184268476ce sp=0x00000065f70f7ed8 mode 0
Event: 18.831 Thread 0x00000184423fc800 DEOPT PACKING pc=0x0000018428686d6b sp=0x00000065f6bf94d0
Event: 18.831 Thread 0x00000184423fc800 DEOPT UNPACKING pc=0x00000184268476ce sp=0x00000065f6bf8918 mode 0
Event: 18.898 Thread 0x00000184423fa800 DEOPT PACKING pc=0x0000018428c60a57 sp=0x00000065f6af90e0
Event: 18.898 Thread 0x00000184423fa800 DEOPT UNPACKING pc=0x00000184268476ce sp=0x00000065f6af87e0 mode 0
Event: 19.033 Thread 0x00000184423f9000 Uncommon trap: trap_request=0xffffffde fr.pc=0x000001842ea27af0 relative=0x00000000000014b0
Event: 19.033 Thread 0x00000184423f9000 Uncommon trap: reason=class_check action=maybe_recompile pc=0x000001842ea27af0 method=com.android.tools.r8.internal.s6.a(ILjava/util/List;Lcom/android/tools/r8/internal/aH;)Lcom/android/tools/r8/internal/s6; @ 10 c2
Event: 19.033 Thread 0x00000184423f9000 DEOPT PACKING pc=0x000001842ea27af0 sp=0x00000065f70f9310
Event: 19.033 Thread 0x00000184423f9000 DEOPT UNPACKING pc=0x00000184268478af sp=0x00000065f70f9318 mode 2
Event: 19.170 Thread 0x00000184423fb800 DEOPT PACKING pc=0x0000018428bc1183 sp=0x00000065f6df8ab0
Event: 19.170 Thread 0x00000184423fb800 DEOPT UNPACKING pc=0x00000184268476ce sp=0x00000065f6df8068 mode 0
Event: 19.221 Thread 0x00000184423fc800 Uncommon trap: trap_request=0xffffff4d fr.pc=0x000001842e433dec relative=0x000000000000022c
Event: 19.221 Thread 0x00000184423fc800 Uncommon trap: reason=unstable_if action=reinterpret pc=0x000001842e433dec method=java.util.HashMap.getNode(ILjava/lang/Object;)Ljava/util/HashMap$Node; @ 84 c2
Event: 19.221 Thread 0x00000184423fc800 DEOPT PACKING pc=0x000001842e433dec sp=0x00000065f6bf9860
Event: 19.221 Thread 0x00000184423fc800 DEOPT UNPACKING pc=0x00000184268478af sp=0x00000065f6bf9760 mode 2
Event: 19.340 Thread 0x00000184423fb800 DEOPT PACKING pc=0x0000018428c72895 sp=0x00000065f6df91e0
Event: 19.340 Thread 0x00000184423fb800 DEOPT UNPACKING pc=0x00000184268476ce sp=0x00000065f6df8680 mode 0

Classes redefined (0 events):
No events

Internal exceptions (20 events):
Event: 14.998 Thread 0x00000184423fb800 Exception <a 'java/lang/IncompatibleClassChangeError'{0x000000008d8ca2d0}: Found class java.lang.Object, but interface was expected> (0x000000008d8ca2d0) thrown at [./src/hotspot/share/interpreter/linkResolver.cpp, line 839]
Event: 15.028 Thread 0x00000184423fd000 Exception <a 'sun/nio/fs/WindowsException'{0x000000008cf86070}> (0x000000008cf86070) thrown at [./src/hotspot/share/prims/jni.cpp, line 615]
Event: 15.084 Thread 0x00000184423fc800 Exception <a 'java/lang/NoSuchMethodError'{0x000000008c3f9ea0}: 'int java.lang.invoke.DirectMethodHandle$Holder.invokeSpecial(java.lang.Object, java.lang.Object, java.lang.Object, int, java.lang.Object)'> (0x000000008c3f9ea0) thrown at [./src/hotspot/share/interpreter/linkResolver.cpp, line 773]
Event: 15.106 Thread 0x00000184423fa800 Exception <a 'java/lang/NoSuchMethodError'{0x000000008be92a58}: 'java.lang.Object java.lang.invoke.DirectMethodHandle$Holder.newInvokeSpecial(java.lang.Object, int)'> (0x000000008be92a58) thrown at [./src/hotspot/share/interpreter/linkResolver.cpp, line 773]
Event: 15.106 Thread 0x00000184423ff000 Exception <a 'java/lang/NoSuchMethodError'{0x000000008c0f0180}: 'java.lang.Object java.lang.invoke.DirectMethodHandle$Holder.newInvokeSpecial(java.lang.Object, int)'> (0x000000008c0f0180) thrown at [./src/hotspot/share/interpreter/linkResolver.cpp, line 773]
Event: 15.106 Thread 0x00000184423fb800 Exception <a 'java/lang/NoSuchMethodError'{0x000000008bc76368}: 'java.lang.Object java.lang.invoke.DirectMethodHandle$Holder.newInvokeSpecial(java.lang.Object, int)'> (0x000000008bc76368) thrown at [./src/hotspot/share/interpreter/linkResolver.cpp, line 773]
Event: 15.107 Thread 0x00000184423f9000 Exception <a 'java/lang/NoSuchMethodError'{0x000000008c1dd378}: 'java.lang.Object java.lang.invoke.DirectMethodHandle$Holder.newInvokeSpecial(java.lang.Object, int)'> (0x000000008c1dd378) thrown at [./src/hotspot/share/interpreter/linkResolver.cpp, line 773]
Event: 15.490 Thread 0x00000184423ff800 Exception <a 'java/lang/NoSuchMethodError'{0x000000008e30c920}: 'java.lang.Object java.lang.invoke.DirectMethodHandle$Holder.invokeInterface(java.lang.Object, java.lang.Object, int)'> (0x000000008e30c920) thrown at [./src/hotspot/share/interpreter/linkResolver.cpp, line 773]
Event: 15.541 Thread 0x00000184423fa800 Exception <a 'java/lang/NoSuchMethodError'{0x000000008df44228}: 'int java.lang.invoke.DirectMethodHandle$Holder.invokeInterface(java.lang.Object, java.lang.Object, int)'> (0x000000008df44228) thrown at [./src/hotspot/share/interpreter/linkResolver.cpp, line 773]
Event: 16.450 Thread 0x00000184423fb800 Implicit null exception at 0x000001842ea49348 to 0x000001842ea4a020
Event: 16.750 Thread 0x00000184423fb800 Exception <a 'java/lang/NoSuchMethodError'{0x00000000953c7668}: 'java.lang.Object java.lang.invoke.Invokers$Holder.linkToTargetMethod(java.lang.Object, int, java.lang.Object, java.lang.Object, java.lang.Object, java.lang.Object)'> (0x00000000953c7668) thrown at [./src/hotspot/share/interpreter/linkResolver.cpp, line 773]
Event: 16.754 Thread 0x00000184423ff000 Exception <a 'java/lang/NoSuchMethodError'{0x0000000095024d60}: 'void java.lang.invoke.DirectMethodHandle$Holder.invokeStatic(java.lang.Object, java.lang.Object, java.lang.Object, java.lang.Object, java.lang.Object, java.lang.Object, java.lang.Object, java.lang.Object)'> (0x0000000095024d60) thrown at [./src/hotspot/share/interpreter/linkResolver.cpp, line 773]
Event: 16.863 Thread 0x00000184423ff000 Exception <a 'java/lang/IncompatibleClassChangeError'{0x0000000092fd9740}: Found class java.lang.Object, but interface was expected> (0x0000000092fd9740) thrown at [./src/hotspot/share/interpreter/linkResolver.cpp, line 839]
Event: 16.981 Thread 0x00000184423fb800 Exception <a 'java/lang/NoSuchMethodError'{0x000000008e962168}: 'void java.lang.invoke.DirectMethodHandle$Holder.invokeVirtual(java.lang.Object, java.lang.Object, int)'> (0x000000008e962168) thrown at [./src/hotspot/share/interpreter/linkResolver.cpp, line 773]
Event: 17.025 Thread 0x00000184423ff000 Exception <a 'sun/nio/fs/WindowsException'{0x000000008da4d680}> (0x000000008da4d680) thrown at [./src/hotspot/share/prims/jni.cpp, line 615]
Event: 17.025 Thread 0x00000184423fb800 Exception <a 'sun/nio/fs/WindowsException'{0x000000008dde05e8}> (0x000000008dde05e8) thrown at [./src/hotspot/share/prims/jni.cpp, line 615]
Event: 17.081 Thread 0x00000184423ff000 Exception <a 'java/lang/NoSuchMethodError'{0x00000000948cf760}: 'void java.lang.invoke.DirectMethodHandle$Holder.invokeStatic(java.lang.Object, java.lang.Object, java.lang.Object, java.lang.Object, java.lang.Object, java.lang.Object, java.lang.Object)'> (0x00000000948cf760) thrown at [./src/hotspot/share/interpreter/linkResolver.cpp, line 773]
Event: 17.279 Thread 0x00000184423fb800 Exception <a 'sun/nio/fs/WindowsException'{0x000000008f878518}> (0x000000008f878518) thrown at [./src/hotspot/share/prims/jni.cpp, line 615]
Event: 18.480 Thread 0x00000184423fe000 Implicit null exception at 0x000001842ea98e59 to 0x000001842ea9a61d
Event: 18.784 Thread 0x00000184423fd000 Exception <a 'sun/nio/fs/WindowsException'{0x00000000909cc788}> (0x00000000909cc788) thrown at [./src/hotspot/share/prims/jni.cpp, line 615]

Events (20 events):
Event: 18.684 loading class com/android/tools/r8/code/O0
Event: 18.684 loading class com/android/tools/r8/code/O0 done
Event: 18.684 loading class com/android/tools/r8/code/O0
Event: 18.684 loading class com/android/tools/r8/code/O0 done
Event: 18.684 loading class com/android/tools/r8/code/O0
Event: 18.684 loading class com/android/tools/r8/code/O0 done
Event: 18.685 loading class com/android/tools/r8/code/O0
Event: 18.685 loading class com/android/tools/r8/code/O0 done
Event: 18.793 Loaded shared library C:\Users\Administrator\Desktop\ThisPC\android-studio-2021.1.1.1-windows\android-studio\jre\bin\zip.dll
Event: 18.847 Executing VM operation: G1CollectForAllocation
Event: 18.856 Executing VM operation: G1CollectForAllocation done
Event: 18.921 loading class com/android/tools/r8/code/F0
Event: 18.921 loading class com/android/tools/r8/code/F0 done
Event: 18.921 loading class com/android/tools/r8/code/F0
Event: 18.921 loading class com/android/tools/r8/code/F0 done
Event: 19.020 Executing VM operation: G1CollectForAllocation
Event: 19.028 Executing VM operation: G1CollectForAllocation done
Event: 19.203 Executing VM operation: G1CollectForAllocation
Event: 19.214 Executing VM operation: G1CollectForAllocation done
Event: 19.380 Executing VM operation: G1CollectForAllocation


Dynamic libraries:
0x00007ff6df1b0000 - 0x00007ff6df1ba000 	C:\Users\Administrator\Desktop\ThisPC\android-studio-2021.1.1.1-windows\android-studio\jre\bin\java.exe
0x00007ffab9230000 - 0x00007ffab9424000 	C:\Windows\SYSTEM32\ntdll.dll
0x00007ffab7a00000 - 0x00007ffab7abd000 	C:\Windows\System32\KERNEL32.DLL
0x00007ffab6b40000 - 0x00007ffab6e07000 	C:\Windows\System32\KERNELBASE.dll
0x00007ffab6e10000 - 0x00007ffab6f10000 	C:\Windows\System32\ucrtbase.dll
0x00007ffa9cf50000 - 0x00007ffa9cf69000 	C:\Users\Administrator\Desktop\ThisPC\android-studio-2021.1.1.1-windows\android-studio\jre\bin\jli.dll
0x00007ffa8dfb0000 - 0x00007ffa8dfc7000 	C:\Users\Administrator\Desktop\ThisPC\android-studio-2021.1.1.1-windows\android-studio\jre\bin\VCRUNTIME140.dll
0x00007ffab8b00000 - 0x00007ffab8ca0000 	C:\Windows\System32\USER32.dll
0x00007ffab7030000 - 0x00007ffab7052000 	C:\Windows\System32\win32u.dll
0x00007ffaa59a0000 - 0x00007ffaa5c3a000 	C:\Windows\WinSxS\amd64_microsoft.windows.common-controls_6595b64144ccf1df_6.0.19041.1_none_b555e41d4684ddec\COMCTL32.dll
0x00007ffab7970000 - 0x00007ffab799a000 	C:\Windows\System32\GDI32.dll
0x00007ffab88c0000 - 0x00007ffab895e000 	C:\Windows\System32\msvcrt.dll
0x00007ffab69e0000 - 0x00007ffab6ae9000 	C:\Windows\System32\gdi32full.dll
0x00007ffab6f10000 - 0x00007ffab6fad000 	C:\Windows\System32\msvcp_win.dll
0x00007ffab7ad0000 - 0x00007ffab7b00000 	C:\Windows\System32\IMM32.DLL
0x00007ffa8b810000 - 0x00007ffa8b8ad000 	C:\Users\Administrator\Desktop\ThisPC\android-studio-2021.1.1.1-windows\android-studio\jre\bin\msvcp140.dll
0x00007ffa7e400000 - 0x00007ffa7eecf000 	C:\Users\Administrator\Desktop\ThisPC\android-studio-2021.1.1.1-windows\android-studio\jre\bin\server\jvm.dll
0x00007ffab8ca0000 - 0x00007ffab8d4a000 	C:\Windows\System32\ADVAPI32.dll
0x00007ffab7850000 - 0x00007ffab78eb000 	C:\Windows\System32\sechost.dll
0x00007ffab72b0000 - 0x00007ffab73d3000 	C:\Windows\System32\RPCRT4.dll
0x00007ffab8d50000 - 0x00007ffab8d58000 	C:\Windows\System32\PSAPI.DLL
0x00007ffaadeb0000 - 0x00007ffaadeb9000 	C:\Windows\SYSTEM32\WSOCK32.dll
0x00007ffaa9b40000 - 0x00007ffaa9b67000 	C:\Windows\SYSTEM32\WINMM.dll
0x00007ffab8a90000 - 0x00007ffab8afb000 	C:\Windows\System32\WS2_32.dll
0x00007ffaabbb0000 - 0x00007ffaabbba000 	C:\Windows\SYSTEM32\VERSION.dll
0x00007ffab4af0000 - 0x00007ffab4b03000 	C:\Windows\SYSTEM32\kernel.appcore.dll
0x00007ffab0130000 - 0x00007ffab0141000 	C:\Users\Administrator\Desktop\ThisPC\android-studio-2021.1.1.1-windows\android-studio\jre\bin\verify.dll
0x00007ffab16f0000 - 0x00007ffab18d4000 	C:\Windows\SYSTEM32\DBGHELP.DLL
0x00007ffaa6ba0000 - 0x00007ffaa6bcc000 	C:\Windows\SYSTEM32\dbgcore.DLL
0x00007ffab6fb0000 - 0x00007ffab702f000 	C:\Windows\System32\bcryptPrimitives.dll
0x00007ffaa06d0000 - 0x00007ffaa06f9000 	C:\Users\Administrator\Desktop\ThisPC\android-studio-2021.1.1.1-windows\android-studio\jre\bin\java.dll
0x00007ffab02e0000 - 0x00007ffab02eb000 	C:\Users\Administrator\Desktop\ThisPC\android-studio-2021.1.1.1-windows\android-studio\jre\bin\jimage.dll
0x00007ffab0110000 - 0x00007ffab0128000 	C:\Users\Administrator\Desktop\ThisPC\android-studio-2021.1.1.1-windows\android-studio\jre\bin\zip.dll
0x00007ffab7e60000 - 0x00007ffab8591000 	C:\Windows\System32\SHELL32.dll
0x00007ffab4b10000 - 0x00007ffab529a000 	C:\Windows\SYSTEM32\windows.storage.dll
0x00007ffab7b00000 - 0x00007ffab7e54000 	C:\Windows\System32\combase.dll
0x00007ffab6330000 - 0x00007ffab635b000 	C:\Windows\SYSTEM32\Wldp.dll
0x00007ffab75c0000 - 0x00007ffab766e000 	C:\Windows\System32\SHCORE.dll
0x00007ffab79a0000 - 0x00007ffab79f5000 	C:\Windows\System32\shlwapi.dll
0x00007ffab68c0000 - 0x00007ffab68df000 	C:\Windows\SYSTEM32\profapi.dll
0x00007ffaa8690000 - 0x00007ffaa86aa000 	C:\Users\Administrator\Desktop\ThisPC\android-studio-2021.1.1.1-windows\android-studio\jre\bin\net.dll
0x00007ffaae3d0000 - 0x00007ffaae4d0000 	C:\Windows\SYSTEM32\WINHTTP.dll
0x00007ffab60b0000 - 0x00007ffab611a000 	C:\Windows\system32\mswsock.dll
0x00007ffaa5370000 - 0x00007ffaa5384000 	C:\Users\Administrator\Desktop\ThisPC\android-studio-2021.1.1.1-windows\android-studio\jre\bin\nio.dll
0x00007ffa8c570000 - 0x00007ffa8c597000 	C:\Users\Administrator\.gradle\native\49d0259a56938c7f99b2704e745ce422c4f750a7a20b539a32ccef96729676b1\windows-amd64\native-platform.dll
0x00007ffa85200000 - 0x00007ffa85396000 	C:\Users\Administrator\.gradle\native\12488b8bf47d2d4c9fbf2f6322a914ad602e24e48041cd04a747c6da556b65c4\windows-amd64\native-platform-file-events.dll
0x00007ffaadc80000 - 0x00007ffaadc8a000 	C:\Users\Administrator\Desktop\ThisPC\android-studio-2021.1.1.1-windows\android-studio\jre\bin\management.dll
0x00007ffaacb60000 - 0x00007ffaacb6c000 	C:\Users\Administrator\Desktop\ThisPC\android-studio-2021.1.1.1-windows\android-studio\jre\bin\management_ext.dll
0x00007ffab6280000 - 0x00007ffab6298000 	C:\Windows\SYSTEM32\CRYPTSP.dll
0x00007ffab5a40000 - 0x00007ffab5a74000 	C:\Windows\system32\rsaenh.dll
0x00007ffab7060000 - 0x00007ffab7087000 	C:\Windows\System32\bcrypt.dll
0x00007ffab6840000 - 0x00007ffab686e000 	C:\Windows\SYSTEM32\USERENV.dll
0x00007ffab62a0000 - 0x00007ffab62ac000 	C:\Windows\SYSTEM32\CRYPTBASE.dll
0x00007ffab5da0000 - 0x00007ffab5ddb000 	C:\Windows\SYSTEM32\IPHLPAPI.DLL
0x00007ffab72a0000 - 0x00007ffab72a9000 	C:\Windows\System32\NSI.dll
0x00007ffaac330000 - 0x00007ffaac347000 	C:\Windows\SYSTEM32\dhcpcsvc6.DLL
0x00007ffaac2f0000 - 0x00007ffaac30d000 	C:\Windows\SYSTEM32\dhcpcsvc.DLL
0x00007ffab5e30000 - 0x00007ffab5efa000 	C:\Windows\SYSTEM32\DNSAPI.dll

dbghelp: loaded successfully - version: 4.0.5 - missing functions: none
symbol engine: initialized successfully - sym options: 0x614 - pdb path: .;C:\Users\Administrator\Desktop\ThisPC\android-studio-2021.1.1.1-windows\android-studio\jre\bin;C:\Windows\SYSTEM32;C:\Windows\WinSxS\amd64_microsoft.windows.common-controls_6595b64144ccf1df_6.0.19041.1_none_b555e41d4684ddec;C:\Users\Administrator\Desktop\ThisPC\android-studio-2021.1.1.1-windows\android-studio\jre\bin\server;C:\Users\Administrator\.gradle\native\49d0259a56938c7f99b2704e745ce422c4f750a7a20b539a32ccef96729676b1\windows-amd64;C:\Users\Administrator\.gradle\native\12488b8bf47d2d4c9fbf2f6322a914ad602e24e48041cd04a747c6da556b65c4\windows-amd64

VM Arguments:
jvm_args: --add-opens=java.base/java.util=ALL-UNNAMED --add-opens=java.base/java.lang=ALL-UNNAMED --add-opens=java.base/java.lang.invoke=ALL-UNNAMED --add-opens=java.base/java.util=ALL-UNNAMED --add-opens=java.prefs/java.util.prefs=ALL-UNNAMED --add-opens=java.prefs/java.util.prefs=ALL-UNNAMED --add-opens=java.base/java.nio.charset=ALL-UNNAMED --add-opens=java.base/java.net=ALL-UNNAMED --add-opens=java.base/java.util.concurrent.atomic=ALL-UNNAMED -Xmx2048m -Dfile.encoding=UTF-8 -Duser.country=IN -Duser.language=en -Duser.variant 
java_command: org.gradle.launcher.daemon.bootstrap.GradleDaemon 7.0
java_class_path (initial): C:\Users\Administrator\.gradle\wrapper\dists\gradle-7.0-bin\2p9ebqfz6ilrfozi676ogco7n\gradle-7.0\lib\gradle-launcher-7.0.jar
Launcher Type: SUN_STANDARD

[Global flags]
     intx CICompilerCount                          = 4                                         {product} {ergonomic}
     uint ConcGCThreads                            = 2                                         {product} {ergonomic}
     uint G1ConcRefinementThreads                  = 8                                         {product} {ergonomic}
   size_t G1HeapRegionSize                         = 1048576                                   {product} {ergonomic}
    uintx GCDrainStackTargetSize                   = 64                                        {product} {ergonomic}
   size_t InitialHeapSize                          = 134217728                                 {product} {ergonomic}
   size_t MarkStackSize                            = 4194304                                   {product} {ergonomic}
   size_t MaxHeapSize                              = 2147483648                                {product} {command line}
   size_t MaxNewSize                               = 1287651328                                {product} {ergonomic}
   size_t MinHeapDeltaBytes                        = 1048576                                   {product} {ergonomic}
    uintx NonNMethodCodeHeapSize                   = 5836300                                {pd product} {ergonomic}
    uintx NonProfiledCodeHeapSize                  = 122910970                              {pd product} {ergonomic}
    uintx ProfiledCodeHeapSize                     = 122910970                              {pd product} {ergonomic}
    uintx ReservedCodeCacheSize                    = 251658240                              {pd product} {ergonomic}
     bool SegmentedCodeCache                       = true                                      {product} {ergonomic}
     bool UseCompressedClassPointers               = true                                 {lp64_product} {ergonomic}
     bool UseCompressedOops                        = true                                 {lp64_product} {ergonomic}
     bool UseG1GC                                  = true                                      {product} {ergonomic}
     bool UseLargePagesIndividualAllocation        = false                                  {pd product} {ergonomic}

Logging:
Log output configuration:
 #0: stdout all=warning uptime,level,tags
 #1: stderr all=off uptime,level,tags

Environment Variables:
JAVA_HOME=C:\Program Files\Android\Android Studio\jre
PATH=C:\Program Files\Common Files\Oracle\Java\javapath;C:\MinGW\mingw64\bin;C:\Windows\system32;C:\Windows;C:\Windows\System32\Wbem;C:\Windows\System32\WindowsPowerShell\v1.0\;C:\Windows\System32\OpenSSH\;E:\Flutter\bin;C:\Program Files\nodejs\;C:\Program Files\Git\cmd;C:\Program Files\Amazon\AWSCLIV2\;C:\Program Files (x86)\Yarn\bin\;C:\Program Files\PostgreSQL\12\bin;C:\Program Files\dotnet\;C:\Users\Administrator\Downloads\cmder_mini\bin;C:\Users\Administrator\Downloads\cmder_mini\Cmder.exe;C:\Program Files\Sublime Text 3;C:\Program Files\MongoDB\Server\4.0\bin;C:\Program Files\MySQL\MySQL Server 8.0\bin;C:\Program Files\MySQL\MySQL Shell 8.0\bin;C:\Program Files\Git\usr\bin;C:\Users\Administrator\Downloads\chromedriver_win32;C:\Users\Administrator\Downloads\chromedriver_win32\chromedriver.exe;C:\Users\Administrator\Downloads\geckodriver-v0.29.1-win64;C:\Users\Administrator\Downloads\ffmpeg-N-102462-gf8d910e90f-win64-gpl-shared\bin;C:\Users\Administrator\AppData\Local\Programs\Python\Python39\Scripts\;C:\Users\Administrator\AppData\Local\Programs\Python\Python39\;C:\Users\Administrator\AppData\Local\Microsoft\WindowsApps;C:\Users\Administrator\AppData\Local\Programs\Microsoft VS Code\bin;C:\Program Files\heroku\bin;C:\Users\Administrator\Downloads\ffmpeg-N-102462-gf8d910e90f-win64-gpl-shared\binC:\Users\Administrator\Downloads\ffmpeg-N-102462-gf8d910e90f-win64-gpl-shared\bin
USERNAME=Administrator
OS=Windows_NT
PROCESSOR_IDENTIFIER=Intel64 Family 6 Model 142 Stepping 10, GenuineIntel



---------------  S Y S T E M  ---------------

OS: Windows 10 , 64 bit Build 19041 (10.0.19041.207)
OS uptime: 0 days 23:17 hours

CPU:total 8 (initial active 8) (4 cores per cpu, 2 threads per core) family 6 model 142 stepping 10 microcode 0xb4, cmov, cx8, fxsr, mmx, sse, sse2, sse3, ssse3, sse4.1, sse4.2, popcnt, avx, avx2, aes, clmul, erms, 3dnowpref, lzcnt, ht, tsc, tscinvbit, bmi1, bmi2, adx, fma

Memory: 4k page, system-wide physical 8067M (1167M free)
TotalPageFile size 8067M (AvailPageFile size 53M)
current process WorkingSet (physical memory assigned to process): 756M, peak: 760M
current process commit charge ("private bytes"): 822M, peak: 935M

vm_info: OpenJDK 64-Bit Server VM (11.0.10+0-b96-7249189) for windows-amd64 JRE (11.0.10+0-b96-7249189), built on Mar 31 2021 21:44:00 by "builder" with MS VC++ 14.0 (VS2015)

END.
